# Settings
#-----------------------------

setoption "sound provider" "Miles Fast 2D Positional Audio"
setoption "sound volume2d" "90"
setoption "sound volume3d" "100"
setoption "sound environmental" "false"
setoption "sound environmental level" "80"
setoption "sound music" "25"
setoption "sound reverse" "false"
setoption "sound play music" "true"
setoption "sound sanctuary" "true"
setoption "sound shuttle" "true"
setoption "sound soi" "true"
setoption "sound soi warning" "true"
setoption "sound soi combat" "true"
setoption "sound temperate" "true"
setoption "sound desert" "true"
setoption "sound arctic" "true"
setoption "sound volcanic" "true"
setoption "sound temperate combat" "true"
setoption "sound desert combat" "true"
setoption "sound arctic combat" "true"
setoption "sound volcanic combat" "true"
setoption "sound victory" "true"
setoption "sound loss" "true"
setoption "sound promotion" "true"
setoption "sound cavern general" "true"
setoption "sound cavern combat" "true"
setoption "sound cavern module" "true"
setoption "voice inlevel" "100"
setoption "voice outlevel" "100"
setoption "voice device" "default"
setoption "voice miclevel" "100"
setoption "voice micboost" "true"
setoption "voice activation" "false"
setoption "voice activationlevel" "100"
setoption "voice loopback" "false"
setoption "voice remote" "false"
setoption "voice ip" "127.0.0.1"
setoption "voice port" "37000"
setoption "voice codec" "3"
setoption "game always run" "true"
setoption "game head bob" "true"
setoption "game ejected casings" "true"
setoption "game name display type" "0"
setoption "game exclamationhelp" "true"
setoption "game cullwatermark" "1"
setoption "game chat colors" "true"
setoption "game hideui" "true"
setoption "game radar auto" "true"
setoption "game radar indoor" "0"
setoption "game radar outdoor" "2"
setoption "game radar courtyard" "1"
setoption "game radar rotate" "false"
setoption "game one squad per line" "true"
setoption "game squad list overlap" "false"
setoption "game outfit benefit text" "1"
setoption "game outfit benefit ping" "1"
setoption "game show squad home base waypoint" "true"
setoption "game show squad experience waypoints" "true"
setoption "game invertMapMousewheelZoom" "false"
setoption "game showDamageIndicator" "true"
setoption "mouse freelook" "true"
setoption "mouse invert" "false"
setoption "mouse smooth" "false"
setoption "mouse steer" "false"
setoption "mouse reverse pilot" "true"
setoption "mouse sensitivity" "2.998000"
setoption "mouse steeringsensitivity" "0.200000"
setoption "mouse steeringautocenterregion" "0.20000"
setoption "joystick0 ground vehicle x axis sensitivity" "0.333333"
setoption "joystick0 ground vehicle x axis curvature" "0.500000"
setoption "joystick0 ground vehicle x axis dead zone" "0.100000"
setoption "joystick0 ground vehicle x axis saturation" "1.000000"
setoption "joystick0 ground vehicle x axis reverse" "false"
setoption "joystick0 ground vehicle y axis sensitivity" "0.333333"
setoption "joystick0 ground vehicle y axis curvature" "0.500000"
setoption "joystick0 ground vehicle y axis dead zone" "0.100000"
setoption "joystick0 ground vehicle y axis saturation" "1.000000"
setoption "joystick0 ground vehicle y axis reverse" "false"
setoption "joystick0 ground vehicle z axis sensitivity" "0.333333"
setoption "joystick0 ground vehicle z axis curvature" "0.500000"
setoption "joystick0 ground vehicle z axis dead zone" "0.100000"
setoption "joystick0 ground vehicle z axis saturation" "1.000000"
setoption "joystick0 ground vehicle z axis reverse" "false"
setoption "joystick0 ground vehicle x rotation sensitivity" "0.333333"
setoption "joystick0 ground vehicle x rotation curvature" "0.500000"
setoption "joystick0 ground vehicle x rotation dead zone" "0.100000"
setoption "joystick0 ground vehicle x rotation saturation" "1.000000"
setoption "joystick0 ground vehicle x rotation reverse" "false"
setoption "joystick0 ground vehicle y rotation sensitivity" "0.333333"
setoption "joystick0 ground vehicle y rotation curvature" "0.500000"
setoption "joystick0 ground vehicle y rotation dead zone" "0.100000"
setoption "joystick0 ground vehicle y rotation saturation" "1.000000"
setoption "joystick0 ground vehicle y rotation reverse" "false"
setoption "joystick0 ground vehicle z rotation sensitivity" "0.333333"
setoption "joystick0 ground vehicle z rotation curvature" "0.500000"
setoption "joystick0 ground vehicle z rotation dead zone" "0.100000"
setoption "joystick0 ground vehicle z rotation saturation" "1.000000"
setoption "joystick0 ground vehicle z rotation reverse" "false"
setoption "joystick0 ground vehicle slider1 dead zone" "0.100000"
setoption "joystick0 ground vehicle slider1 center point" "-0.800000"
setoption "joystick0 ground vehicle slider1 reverse" "false"
setoption "joystick0 ground vehicle slider2 dead zone" "0.100000"
setoption "joystick0 ground vehicle slider2 center point" "-0.800000"
setoption "joystick0 ground vehicle slider2 reverse" "false"
setoption "joystick0 ground vehicle turn" "x axis"
setoption "joystick0 ground vehicle viewpoint attitude" "y axis"
setoption "joystick0 ground vehicle viewpoint turn" "z rotation"
setoption "joystick0 ground vehicle throttle" "slider1"
setoption "joystick0 hover vehicle x axis sensitivity" "0.333333"
setoption "joystick0 hover vehicle x axis curvature" "0.500000"
setoption "joystick0 hover vehicle x axis dead zone" "0.100000"
setoption "joystick0 hover vehicle x axis saturation" "1.000000"
setoption "joystick0 hover vehicle x axis reverse" "false"
setoption "joystick0 hover vehicle y axis sensitivity" "0.333333"
setoption "joystick0 hover vehicle y axis curvature" "0.500000"
setoption "joystick0 hover vehicle y axis dead zone" "0.100000"
setoption "joystick0 hover vehicle y axis saturation" "1.000000"
setoption "joystick0 hover vehicle y axis reverse" "false"
setoption "joystick0 hover vehicle z axis sensitivity" "0.333333"
setoption "joystick0 hover vehicle z axis curvature" "0.500000"
setoption "joystick0 hover vehicle z axis dead zone" "0.100000"
setoption "joystick0 hover vehicle z axis saturation" "1.000000"
setoption "joystick0 hover vehicle z axis reverse" "false"
setoption "joystick0 hover vehicle x rotation sensitivity" "0.333333"
setoption "joystick0 hover vehicle x rotation curvature" "0.500000"
setoption "joystick0 hover vehicle x rotation dead zone" "0.100000"
setoption "joystick0 hover vehicle x rotation saturation" "1.000000"
setoption "joystick0 hover vehicle x rotation reverse" "false"
setoption "joystick0 hover vehicle y rotation sensitivity" "0.333333"
setoption "joystick0 hover vehicle y rotation curvature" "0.500000"
setoption "joystick0 hover vehicle y rotation dead zone" "0.100000"
setoption "joystick0 hover vehicle y rotation saturation" "1.000000"
setoption "joystick0 hover vehicle y rotation reverse" "false"
setoption "joystick0 hover vehicle z rotation sensitivity" "0.333333"
setoption "joystick0 hover vehicle z rotation curvature" "0.500000"
setoption "joystick0 hover vehicle z rotation dead zone" "0.100000"
setoption "joystick0 hover vehicle z rotation saturation" "1.000000"
setoption "joystick0 hover vehicle z rotation reverse" "false"
setoption "joystick0 hover vehicle slider1 dead zone" "0.100000"
setoption "joystick0 hover vehicle slider1 center point" "-0.800000"
setoption "joystick0 hover vehicle slider1 reverse" "false"
setoption "joystick0 hover vehicle slider2 dead zone" "0.100000"
setoption "joystick0 hover vehicle slider2 center point" "-0.800000"
setoption "joystick0 hover vehicle slider2 reverse" "false"
setoption "joystick0 hover vehicle strafe" "z rotation"
setoption "joystick0 hover vehicle turn" "x axis"
setoption "joystick0 hover vehicle viewpoint attitude" "y axis"
setoption "joystick0 hover vehicle throttle" "slider1"
setoption "joystick0 flight vehicle x axis sensitivity" "0.333333"
setoption "joystick0 flight vehicle x axis curvature" "0.500000"
setoption "joystick0 flight vehicle x axis dead zone" "0.100000"
setoption "joystick0 flight vehicle x axis saturation" "1.000000"
setoption "joystick0 flight vehicle x axis reverse" "false"
setoption "joystick0 flight vehicle y axis sensitivity" "0.333333"
setoption "joystick0 flight vehicle y axis curvature" "0.500000"
setoption "joystick0 flight vehicle y axis dead zone" "0.100000"
setoption "joystick0 flight vehicle y axis saturation" "1.000000"
setoption "joystick0 flight vehicle y axis reverse" "false"
setoption "joystick0 flight vehicle z axis sensitivity" "0.333333"
setoption "joystick0 flight vehicle z axis curvature" "0.500000"
setoption "joystick0 flight vehicle z axis dead zone" "0.100000"
setoption "joystick0 flight vehicle z axis saturation" "1.000000"
setoption "joystick0 flight vehicle z axis reverse" "false"
setoption "joystick0 flight vehicle x rotation sensitivity" "0.333333"
setoption "joystick0 flight vehicle x rotation curvature" "0.500000"
setoption "joystick0 flight vehicle x rotation dead zone" "0.100000"
setoption "joystick0 flight vehicle x rotation saturation" "1.000000"
setoption "joystick0 flight vehicle x rotation reverse" "false"
setoption "joystick0 flight vehicle y rotation sensitivity" "0.333333"
setoption "joystick0 flight vehicle y rotation curvature" "0.500000"
setoption "joystick0 flight vehicle y rotation dead zone" "0.100000"
setoption "joystick0 flight vehicle y rotation saturation" "1.000000"
setoption "joystick0 flight vehicle y rotation reverse" "false"
setoption "joystick0 flight vehicle z rotation sensitivity" "0.333333"
setoption "joystick0 flight vehicle z rotation curvature" "0.500000"
setoption "joystick0 flight vehicle z rotation dead zone" "0.100000"
setoption "joystick0 flight vehicle z rotation saturation" "1.000000"
setoption "joystick0 flight vehicle z rotation reverse" "false"
setoption "joystick0 flight vehicle slider1 dead zone" "0.100000"
setoption "joystick0 flight vehicle slider1 center point" "-0.800000"
setoption "joystick0 flight vehicle slider1 reverse" "false"
setoption "joystick0 flight vehicle slider2 dead zone" "0.100000"
setoption "joystick0 flight vehicle slider2 center point" "-0.800000"
setoption "joystick0 flight vehicle slider2 reverse" "false"
setoption "joystick0 flight vehicle yaw" "x axis"
setoption "joystick0 flight vehicle pitch" "y axis"
setoption "joystick0 flight vehicle strafe" "z rotation"
setoption "joystick0 flight vehicle throttle" "slider1"
setoption "joystick0 lightning x axis sensitivity" "0.333333"
setoption "joystick0 lightning x axis curvature" "0.500000"
setoption "joystick0 lightning x axis dead zone" "0.100000"
setoption "joystick0 lightning x axis saturation" "1.000000"
setoption "joystick0 lightning x axis reverse" "false"
setoption "joystick0 lightning y axis sensitivity" "0.333333"
setoption "joystick0 lightning y axis curvature" "0.500000"
setoption "joystick0 lightning y axis dead zone" "0.100000"
setoption "joystick0 lightning y axis saturation" "1.000000"
setoption "joystick0 lightning y axis reverse" "false"
setoption "joystick0 lightning z axis sensitivity" "0.333333"
setoption "joystick0 lightning z axis curvature" "0.500000"
setoption "joystick0 lightning z axis dead zone" "0.100000"
setoption "joystick0 lightning z axis saturation" "1.000000"
setoption "joystick0 lightning z axis reverse" "false"
setoption "joystick0 lightning x rotation sensitivity" "0.333333"
setoption "joystick0 lightning x rotation curvature" "0.500000"
setoption "joystick0 lightning x rotation dead zone" "0.100000"
setoption "joystick0 lightning x rotation saturation" "1.000000"
setoption "joystick0 lightning x rotation reverse" "false"
setoption "joystick0 lightning y rotation sensitivity" "0.333333"
setoption "joystick0 lightning y rotation curvature" "0.500000"
setoption "joystick0 lightning y rotation dead zone" "0.100000"
setoption "joystick0 lightning y rotation saturation" "1.000000"
setoption "joystick0 lightning y rotation reverse" "false"
setoption "joystick0 lightning z rotation sensitivity" "0.333333"
setoption "joystick0 lightning z rotation curvature" "0.500000"
setoption "joystick0 lightning z rotation dead zone" "0.100000"
setoption "joystick0 lightning z rotation saturation" "1.000000"
setoption "joystick0 lightning z rotation reverse" "false"
setoption "joystick0 lightning slider1 dead zone" "0.100000"
setoption "joystick0 lightning slider1 center point" "-0.800000"
setoption "joystick0 lightning slider1 reverse" "false"
setoption "joystick0 lightning slider2 dead zone" "0.100000"
setoption "joystick0 lightning slider2 center point" "-0.800000"
setoption "joystick0 lightning slider2 reverse" "false"
setoption "joystick0 lightning turn" "z rotation"
setoption "joystick0 lightning viewpoint attitude" "y axis"
setoption "joystick0 lightning viewpoint turn" "x axis"
setoption "joystick0 lightning throttle" "slider1"
setoption "joystick0 soldier x axis sensitivity" "0.333333"
setoption "joystick0 soldier x axis curvature" "0.500000"
setoption "joystick0 soldier x axis dead zone" "0.100000"
setoption "joystick0 soldier x axis saturation" "1.000000"
setoption "joystick0 soldier x axis reverse" "false"
setoption "joystick0 soldier y axis sensitivity" "0.333333"
setoption "joystick0 soldier y axis curvature" "0.500000"
setoption "joystick0 soldier y axis dead zone" "0.100000"
setoption "joystick0 soldier y axis saturation" "1.000000"
setoption "joystick0 soldier y axis reverse" "false"
setoption "joystick0 soldier z axis sensitivity" "0.333333"
setoption "joystick0 soldier z axis curvature" "0.500000"
setoption "joystick0 soldier z axis dead zone" "0.100000"
setoption "joystick0 soldier z axis saturation" "1.000000"
setoption "joystick0 soldier z axis reverse" "false"
setoption "joystick0 soldier x rotation sensitivity" "0.333333"
setoption "joystick0 soldier x rotation curvature" "0.500000"
setoption "joystick0 soldier x rotation dead zone" "0.100000"
setoption "joystick0 soldier x rotation saturation" "1.000000"
setoption "joystick0 soldier x rotation reverse" "false"
setoption "joystick0 soldier y rotation sensitivity" "0.333333"
setoption "joystick0 soldier y rotation curvature" "0.500000"
setoption "joystick0 soldier y rotation dead zone" "0.100000"
setoption "joystick0 soldier y rotation saturation" "1.000000"
setoption "joystick0 soldier y rotation reverse" "false"
setoption "joystick0 soldier z rotation sensitivity" "0.333333"
setoption "joystick0 soldier z rotation curvature" "0.500000"
setoption "joystick0 soldier z rotation dead zone" "0.100000"
setoption "joystick0 soldier z rotation saturation" "1.000000"
setoption "joystick0 soldier z rotation reverse" "false"
setoption "joystick0 soldier slider1 dead zone" "0.100000"
setoption "joystick0 soldier slider1 center point" "-0.800000"
setoption "joystick0 soldier slider1 reverse" "false"
setoption "joystick0 soldier slider2 dead zone" "0.100000"
setoption "joystick0 soldier slider2 center point" "-0.800000"
setoption "joystick0 soldier slider2 reverse" "false"
setoption "joystick0 soldier strafe" "z rotation"
setoption "joystick0 soldier viewpoint attitude" "y axis"
setoption "joystick0 soldier viewpoint turn" "x axis"
setoption "joystick0 guided missile x axis sensitivity" "0.333333"
setoption "joystick0 guided missile x axis curvature" "0.500000"
setoption "joystick0 guided missile x axis dead zone" "0.100000"
setoption "joystick0 guided missile x axis saturation" "1.000000"
setoption "joystick0 guided missile x axis reverse" "false"
setoption "joystick0 guided missile y axis sensitivity" "0.333333"
setoption "joystick0 guided missile y axis curvature" "0.500000"
setoption "joystick0 guided missile y axis dead zone" "0.100000"
setoption "joystick0 guided missile y axis saturation" "1.000000"
setoption "joystick0 guided missile y axis reverse" "false"
setoption "joystick0 guided missile z axis sensitivity" "0.333333"
setoption "joystick0 guided missile z axis curvature" "0.500000"
setoption "joystick0 guided missile z axis dead zone" "0.100000"
setoption "joystick0 guided missile z axis saturation" "1.000000"
setoption "joystick0 guided missile z axis reverse" "false"
setoption "joystick0 guided missile x rotation sensitivity" "0.333333"
setoption "joystick0 guided missile x rotation curvature" "0.500000"
setoption "joystick0 guided missile x rotation dead zone" "0.100000"
setoption "joystick0 guided missile x rotation saturation" "1.000000"
setoption "joystick0 guided missile x rotation reverse" "false"
setoption "joystick0 guided missile y rotation sensitivity" "0.333333"
setoption "joystick0 guided missile y rotation curvature" "0.500000"
setoption "joystick0 guided missile y rotation dead zone" "0.100000"
setoption "joystick0 guided missile y rotation saturation" "1.000000"
setoption "joystick0 guided missile y rotation reverse" "false"
setoption "joystick0 guided missile z rotation sensitivity" "0.333333"
setoption "joystick0 guided missile z rotation curvature" "0.500000"
setoption "joystick0 guided missile z rotation dead zone" "0.100000"
setoption "joystick0 guided missile z rotation saturation" "1.000000"
setoption "joystick0 guided missile z rotation reverse" "false"
setoption "joystick0 guided missile slider1 dead zone" "0.100000"
setoption "joystick0 guided missile slider1 center point" "-0.800000"
setoption "joystick0 guided missile slider1 reverse" "false"
setoption "joystick0 guided missile slider2 dead zone" "0.100000"
setoption "joystick0 guided missile slider2 center point" "-0.800000"
setoption "joystick0 guided missile slider2 reverse" "false"
setoption "joystick0 guided missile yaw" "x axis"
setoption "joystick0 guided missile pitch" "y axis"
setoption "joystick0 gunner weapon x axis sensitivity" "0.333333"
setoption "joystick0 gunner weapon x axis curvature" "0.500000"
setoption "joystick0 gunner weapon x axis dead zone" "0.100000"
setoption "joystick0 gunner weapon x axis saturation" "1.000000"
setoption "joystick0 gunner weapon x axis reverse" "false"
setoption "joystick0 gunner weapon y axis sensitivity" "0.333333"
setoption "joystick0 gunner weapon y axis curvature" "0.500000"
setoption "joystick0 gunner weapon y axis dead zone" "0.100000"
setoption "joystick0 gunner weapon y axis saturation" "1.000000"
setoption "joystick0 gunner weapon y axis reverse" "false"
setoption "joystick0 gunner weapon z axis sensitivity" "0.333333"
setoption "joystick0 gunner weapon z axis curvature" "0.500000"
setoption "joystick0 gunner weapon z axis dead zone" "0.100000"
setoption "joystick0 gunner weapon z axis saturation" "1.000000"
setoption "joystick0 gunner weapon z axis reverse" "false"
setoption "joystick0 gunner weapon x rotation sensitivity" "0.333333"
setoption "joystick0 gunner weapon x rotation curvature" "0.500000"
setoption "joystick0 gunner weapon x rotation dead zone" "0.100000"
setoption "joystick0 gunner weapon x rotation saturation" "1.000000"
setoption "joystick0 gunner weapon x rotation reverse" "false"
setoption "joystick0 gunner weapon y rotation sensitivity" "0.333333"
setoption "joystick0 gunner weapon y rotation curvature" "0.500000"
setoption "joystick0 gunner weapon y rotation dead zone" "0.100000"
setoption "joystick0 gunner weapon y rotation saturation" "1.000000"
setoption "joystick0 gunner weapon y rotation reverse" "false"
setoption "joystick0 gunner weapon z rotation sensitivity" "0.333333"
setoption "joystick0 gunner weapon z rotation curvature" "0.500000"
setoption "joystick0 gunner weapon z rotation dead zone" "0.100000"
setoption "joystick0 gunner weapon z rotation saturation" "1.000000"
setoption "joystick0 gunner weapon z rotation reverse" "false"
setoption "joystick0 gunner weapon slider1 dead zone" "0.100000"
setoption "joystick0 gunner weapon slider1 center point" "-0.800000"
setoption "joystick0 gunner weapon slider1 reverse" "false"
setoption "joystick0 gunner weapon slider2 dead zone" "0.100000"
setoption "joystick0 gunner weapon slider2 center point" "-0.800000"
setoption "joystick0 gunner weapon slider2 reverse" "false"
setoption "joystick0 gunner weapon viewpoint attitude" "y axis"
setoption "joystick0 gunner weapon viewpoint turn" "x axis"
setoption "joystick0 bfr x axis sensitivity" "0.333333"
setoption "joystick0 bfr x axis curvature" "0.500000"
setoption "joystick0 bfr x axis dead zone" "0.100000"
setoption "joystick0 bfr x axis saturation" "1.000000"
setoption "joystick0 bfr x axis reverse" "false"
setoption "joystick0 bfr y axis sensitivity" "0.333333"
setoption "joystick0 bfr y axis curvature" "0.500000"
setoption "joystick0 bfr y axis dead zone" "0.100000"
setoption "joystick0 bfr y axis saturation" "1.000000"
setoption "joystick0 bfr y axis reverse" "false"
setoption "joystick0 bfr z axis sensitivity" "0.333333"
setoption "joystick0 bfr z axis curvature" "0.500000"
setoption "joystick0 bfr z axis dead zone" "0.100000"
setoption "joystick0 bfr z axis saturation" "1.000000"
setoption "joystick0 bfr z axis reverse" "false"
setoption "joystick0 bfr x rotation sensitivity" "0.333333"
setoption "joystick0 bfr x rotation curvature" "0.500000"
setoption "joystick0 bfr x rotation dead zone" "0.100000"
setoption "joystick0 bfr x rotation saturation" "1.000000"
setoption "joystick0 bfr x rotation reverse" "false"
setoption "joystick0 bfr y rotation sensitivity" "0.333333"
setoption "joystick0 bfr y rotation curvature" "0.500000"
setoption "joystick0 bfr y rotation dead zone" "0.100000"
setoption "joystick0 bfr y rotation saturation" "1.000000"
setoption "joystick0 bfr y rotation reverse" "false"
setoption "joystick0 bfr z rotation sensitivity" "0.333333"
setoption "joystick0 bfr z rotation curvature" "0.500000"
setoption "joystick0 bfr z rotation dead zone" "0.100000"
setoption "joystick0 bfr z rotation saturation" "1.000000"
setoption "joystick0 bfr z rotation reverse" "false"
setoption "joystick0 bfr slider1 dead zone" "0.100000"
setoption "joystick0 bfr slider1 center point" "-0.800000"
setoption "joystick0 bfr slider1 reverse" "false"
setoption "joystick0 bfr slider2 dead zone" "0.100000"
setoption "joystick0 bfr slider2 center point" "-0.800000"
setoption "joystick0 bfr slider2 reverse" "false"
setoption "joystick0 bfr strafe" "none"
setoption "joystick0 bfr turn" "z rotation"
setoption "joystick0 bfr viewpoint attitude" "y axis"
setoption "joystick0 bfr viewpoint turn" "x axis"
setoption "joystick1 ground vehicle x axis sensitivity" "0.333333"
setoption "joystick1 ground vehicle x axis curvature" "0.500000"
setoption "joystick1 ground vehicle x axis dead zone" "0.100000"
setoption "joystick1 ground vehicle x axis saturation" "1.000000"
setoption "joystick1 ground vehicle x axis reverse" "false"
setoption "joystick1 ground vehicle y axis sensitivity" "0.333333"
setoption "joystick1 ground vehicle y axis curvature" "0.500000"
setoption "joystick1 ground vehicle y axis dead zone" "0.100000"
setoption "joystick1 ground vehicle y axis saturation" "1.000000"
setoption "joystick1 ground vehicle y axis reverse" "false"
setoption "joystick1 ground vehicle z axis sensitivity" "0.333333"
setoption "joystick1 ground vehicle z axis curvature" "0.500000"
setoption "joystick1 ground vehicle z axis dead zone" "0.100000"
setoption "joystick1 ground vehicle z axis saturation" "1.000000"
setoption "joystick1 ground vehicle z axis reverse" "false"
setoption "joystick1 ground vehicle x rotation sensitivity" "0.333333"
setoption "joystick1 ground vehicle x rotation curvature" "0.500000"
setoption "joystick1 ground vehicle x rotation dead zone" "0.100000"
setoption "joystick1 ground vehicle x rotation saturation" "1.000000"
setoption "joystick1 ground vehicle x rotation reverse" "false"
setoption "joystick1 ground vehicle y rotation sensitivity" "0.333333"
setoption "joystick1 ground vehicle y rotation curvature" "0.500000"
setoption "joystick1 ground vehicle y rotation dead zone" "0.100000"
setoption "joystick1 ground vehicle y rotation saturation" "1.000000"
setoption "joystick1 ground vehicle y rotation reverse" "false"
setoption "joystick1 ground vehicle z rotation sensitivity" "0.333333"
setoption "joystick1 ground vehicle z rotation curvature" "0.500000"
setoption "joystick1 ground vehicle z rotation dead zone" "0.100000"
setoption "joystick1 ground vehicle z rotation saturation" "1.000000"
setoption "joystick1 ground vehicle z rotation reverse" "false"
setoption "joystick1 ground vehicle slider1 dead zone" "0.100000"
setoption "joystick1 ground vehicle slider1 center point" "-0.800000"
setoption "joystick1 ground vehicle slider1 reverse" "false"
setoption "joystick1 ground vehicle slider2 dead zone" "0.100000"
setoption "joystick1 ground vehicle slider2 center point" "-0.800000"
setoption "joystick1 ground vehicle slider2 reverse" "false"
setoption "joystick1 ground vehicle turn" "x axis"
setoption "joystick1 ground vehicle viewpoint attitude" "y axis"
setoption "joystick1 ground vehicle viewpoint turn" "z rotation"
setoption "joystick1 ground vehicle throttle" "slider1"
setoption "joystick1 hover vehicle x axis sensitivity" "0.333333"
setoption "joystick1 hover vehicle x axis curvature" "0.500000"
setoption "joystick1 hover vehicle x axis dead zone" "0.100000"
setoption "joystick1 hover vehicle x axis saturation" "1.000000"
setoption "joystick1 hover vehicle x axis reverse" "false"
setoption "joystick1 hover vehicle y axis sensitivity" "0.333333"
setoption "joystick1 hover vehicle y axis curvature" "0.500000"
setoption "joystick1 hover vehicle y axis dead zone" "0.100000"
setoption "joystick1 hover vehicle y axis saturation" "1.000000"
setoption "joystick1 hover vehicle y axis reverse" "false"
setoption "joystick1 hover vehicle z axis sensitivity" "0.333333"
setoption "joystick1 hover vehicle z axis curvature" "0.500000"
setoption "joystick1 hover vehicle z axis dead zone" "0.100000"
setoption "joystick1 hover vehicle z axis saturation" "1.000000"
setoption "joystick1 hover vehicle z axis reverse" "false"
setoption "joystick1 hover vehicle x rotation sensitivity" "0.333333"
setoption "joystick1 hover vehicle x rotation curvature" "0.500000"
setoption "joystick1 hover vehicle x rotation dead zone" "0.100000"
setoption "joystick1 hover vehicle x rotation saturation" "1.000000"
setoption "joystick1 hover vehicle x rotation reverse" "false"
setoption "joystick1 hover vehicle y rotation sensitivity" "0.333333"
setoption "joystick1 hover vehicle y rotation curvature" "0.500000"
setoption "joystick1 hover vehicle y rotation dead zone" "0.100000"
setoption "joystick1 hover vehicle y rotation saturation" "1.000000"
setoption "joystick1 hover vehicle y rotation reverse" "false"
setoption "joystick1 hover vehicle z rotation sensitivity" "0.333333"
setoption "joystick1 hover vehicle z rotation curvature" "0.500000"
setoption "joystick1 hover vehicle z rotation dead zone" "0.100000"
setoption "joystick1 hover vehicle z rotation saturation" "1.000000"
setoption "joystick1 hover vehicle z rotation reverse" "false"
setoption "joystick1 hover vehicle slider1 dead zone" "0.100000"
setoption "joystick1 hover vehicle slider1 center point" "-0.800000"
setoption "joystick1 hover vehicle slider1 reverse" "false"
setoption "joystick1 hover vehicle slider2 dead zone" "0.100000"
setoption "joystick1 hover vehicle slider2 center point" "-0.800000"
setoption "joystick1 hover vehicle slider2 reverse" "false"
setoption "joystick1 hover vehicle strafe" "z rotation"
setoption "joystick1 hover vehicle turn" "x axis"
setoption "joystick1 hover vehicle viewpoint attitude" "y axis"
setoption "joystick1 hover vehicle throttle" "slider1"
setoption "joystick1 flight vehicle x axis sensitivity" "0.333333"
setoption "joystick1 flight vehicle x axis curvature" "0.500000"
setoption "joystick1 flight vehicle x axis dead zone" "0.100000"
setoption "joystick1 flight vehicle x axis saturation" "1.000000"
setoption "joystick1 flight vehicle x axis reverse" "false"
setoption "joystick1 flight vehicle y axis sensitivity" "0.333333"
setoption "joystick1 flight vehicle y axis curvature" "0.500000"
setoption "joystick1 flight vehicle y axis dead zone" "0.100000"
setoption "joystick1 flight vehicle y axis saturation" "1.000000"
setoption "joystick1 flight vehicle y axis reverse" "false"
setoption "joystick1 flight vehicle z axis sensitivity" "0.333333"
setoption "joystick1 flight vehicle z axis curvature" "0.500000"
setoption "joystick1 flight vehicle z axis dead zone" "0.100000"
setoption "joystick1 flight vehicle z axis saturation" "1.000000"
setoption "joystick1 flight vehicle z axis reverse" "false"
setoption "joystick1 flight vehicle x rotation sensitivity" "0.333333"
setoption "joystick1 flight vehicle x rotation curvature" "0.500000"
setoption "joystick1 flight vehicle x rotation dead zone" "0.100000"
setoption "joystick1 flight vehicle x rotation saturation" "1.000000"
setoption "joystick1 flight vehicle x rotation reverse" "false"
setoption "joystick1 flight vehicle y rotation sensitivity" "0.333333"
setoption "joystick1 flight vehicle y rotation curvature" "0.500000"
setoption "joystick1 flight vehicle y rotation dead zone" "0.100000"
setoption "joystick1 flight vehicle y rotation saturation" "1.000000"
setoption "joystick1 flight vehicle y rotation reverse" "false"
setoption "joystick1 flight vehicle z rotation sensitivity" "0.333333"
setoption "joystick1 flight vehicle z rotation curvature" "0.500000"
setoption "joystick1 flight vehicle z rotation dead zone" "0.100000"
setoption "joystick1 flight vehicle z rotation saturation" "1.000000"
setoption "joystick1 flight vehicle z rotation reverse" "false"
setoption "joystick1 flight vehicle slider1 dead zone" "0.100000"
setoption "joystick1 flight vehicle slider1 center point" "-0.800000"
setoption "joystick1 flight vehicle slider1 reverse" "false"
setoption "joystick1 flight vehicle slider2 dead zone" "0.100000"
setoption "joystick1 flight vehicle slider2 center point" "-0.800000"
setoption "joystick1 flight vehicle slider2 reverse" "false"
setoption "joystick1 flight vehicle yaw" "x axis"
setoption "joystick1 flight vehicle pitch" "y axis"
setoption "joystick1 flight vehicle strafe" "z rotation"
setoption "joystick1 flight vehicle throttle" "slider1"
setoption "joystick1 lightning x axis sensitivity" "0.333333"
setoption "joystick1 lightning x axis curvature" "0.500000"
setoption "joystick1 lightning x axis dead zone" "0.100000"
setoption "joystick1 lightning x axis saturation" "1.000000"
setoption "joystick1 lightning x axis reverse" "false"
setoption "joystick1 lightning y axis sensitivity" "0.333333"
setoption "joystick1 lightning y axis curvature" "0.500000"
setoption "joystick1 lightning y axis dead zone" "0.100000"
setoption "joystick1 lightning y axis saturation" "1.000000"
setoption "joystick1 lightning y axis reverse" "false"
setoption "joystick1 lightning z axis sensitivity" "0.333333"
setoption "joystick1 lightning z axis curvature" "0.500000"
setoption "joystick1 lightning z axis dead zone" "0.100000"
setoption "joystick1 lightning z axis saturation" "1.000000"
setoption "joystick1 lightning z axis reverse" "false"
setoption "joystick1 lightning x rotation sensitivity" "0.333333"
setoption "joystick1 lightning x rotation curvature" "0.500000"
setoption "joystick1 lightning x rotation dead zone" "0.100000"
setoption "joystick1 lightning x rotation saturation" "1.000000"
setoption "joystick1 lightning x rotation reverse" "false"
setoption "joystick1 lightning y rotation sensitivity" "0.333333"
setoption "joystick1 lightning y rotation curvature" "0.500000"
setoption "joystick1 lightning y rotation dead zone" "0.100000"
setoption "joystick1 lightning y rotation saturation" "1.000000"
setoption "joystick1 lightning y rotation reverse" "false"
setoption "joystick1 lightning z rotation sensitivity" "0.333333"
setoption "joystick1 lightning z rotation curvature" "0.500000"
setoption "joystick1 lightning z rotation dead zone" "0.100000"
setoption "joystick1 lightning z rotation saturation" "1.000000"
setoption "joystick1 lightning z rotation reverse" "false"
setoption "joystick1 lightning slider1 dead zone" "0.100000"
setoption "joystick1 lightning slider1 center point" "-0.800000"
setoption "joystick1 lightning slider1 reverse" "false"
setoption "joystick1 lightning slider2 dead zone" "0.100000"
setoption "joystick1 lightning slider2 center point" "-0.800000"
setoption "joystick1 lightning slider2 reverse" "false"
setoption "joystick1 lightning turn" "z rotation"
setoption "joystick1 lightning viewpoint attitude" "y axis"
setoption "joystick1 lightning viewpoint turn" "x axis"
setoption "joystick1 lightning throttle" "slider1"
setoption "joystick1 soldier x axis sensitivity" "0.333333"
setoption "joystick1 soldier x axis curvature" "0.500000"
setoption "joystick1 soldier x axis dead zone" "0.100000"
setoption "joystick1 soldier x axis saturation" "1.000000"
setoption "joystick1 soldier x axis reverse" "false"
setoption "joystick1 soldier y axis sensitivity" "0.333333"
setoption "joystick1 soldier y axis curvature" "0.500000"
setoption "joystick1 soldier y axis dead zone" "0.100000"
setoption "joystick1 soldier y axis saturation" "1.000000"
setoption "joystick1 soldier y axis reverse" "false"
setoption "joystick1 soldier z axis sensitivity" "0.333333"
setoption "joystick1 soldier z axis curvature" "0.500000"
setoption "joystick1 soldier z axis dead zone" "0.100000"
setoption "joystick1 soldier z axis saturation" "1.000000"
setoption "joystick1 soldier z axis reverse" "false"
setoption "joystick1 soldier x rotation sensitivity" "0.333333"
setoption "joystick1 soldier x rotation curvature" "0.500000"
setoption "joystick1 soldier x rotation dead zone" "0.100000"
setoption "joystick1 soldier x rotation saturation" "1.000000"
setoption "joystick1 soldier x rotation reverse" "false"
setoption "joystick1 soldier y rotation sensitivity" "0.333333"
setoption "joystick1 soldier y rotation curvature" "0.500000"
setoption "joystick1 soldier y rotation dead zone" "0.100000"
setoption "joystick1 soldier y rotation saturation" "1.000000"
setoption "joystick1 soldier y rotation reverse" "false"
setoption "joystick1 soldier z rotation sensitivity" "0.333333"
setoption "joystick1 soldier z rotation curvature" "0.500000"
setoption "joystick1 soldier z rotation dead zone" "0.100000"
setoption "joystick1 soldier z rotation saturation" "1.000000"
setoption "joystick1 soldier z rotation reverse" "false"
setoption "joystick1 soldier slider1 dead zone" "0.100000"
setoption "joystick1 soldier slider1 center point" "-0.800000"
setoption "joystick1 soldier slider1 reverse" "false"
setoption "joystick1 soldier slider2 dead zone" "0.100000"
setoption "joystick1 soldier slider2 center point" "-0.800000"
setoption "joystick1 soldier slider2 reverse" "false"
setoption "joystick1 soldier strafe" "z rotation"
setoption "joystick1 soldier viewpoint attitude" "y axis"
setoption "joystick1 soldier viewpoint turn" "x axis"
setoption "joystick1 guided missile x axis sensitivity" "0.333333"
setoption "joystick1 guided missile x axis curvature" "0.500000"
setoption "joystick1 guided missile x axis dead zone" "0.100000"
setoption "joystick1 guided missile x axis saturation" "1.000000"
setoption "joystick1 guided missile x axis reverse" "false"
setoption "joystick1 guided missile y axis sensitivity" "0.333333"
setoption "joystick1 guided missile y axis curvature" "0.500000"
setoption "joystick1 guided missile y axis dead zone" "0.100000"
setoption "joystick1 guided missile y axis saturation" "1.000000"
setoption "joystick1 guided missile y axis reverse" "false"
setoption "joystick1 guided missile z axis sensitivity" "0.333333"
setoption "joystick1 guided missile z axis curvature" "0.500000"
setoption "joystick1 guided missile z axis dead zone" "0.100000"
setoption "joystick1 guided missile z axis saturation" "1.000000"
setoption "joystick1 guided missile z axis reverse" "false"
setoption "joystick1 guided missile x rotation sensitivity" "0.333333"
setoption "joystick1 guided missile x rotation curvature" "0.500000"
setoption "joystick1 guided missile x rotation dead zone" "0.100000"
setoption "joystick1 guided missile x rotation saturation" "1.000000"
setoption "joystick1 guided missile x rotation reverse" "false"
setoption "joystick1 guided missile y rotation sensitivity" "0.333333"
setoption "joystick1 guided missile y rotation curvature" "0.500000"
setoption "joystick1 guided missile y rotation dead zone" "0.100000"
setoption "joystick1 guided missile y rotation saturation" "1.000000"
setoption "joystick1 guided missile y rotation reverse" "false"
setoption "joystick1 guided missile z rotation sensitivity" "0.333333"
setoption "joystick1 guided missile z rotation curvature" "0.500000"
setoption "joystick1 guided missile z rotation dead zone" "0.100000"
setoption "joystick1 guided missile z rotation saturation" "1.000000"
setoption "joystick1 guided missile z rotation reverse" "false"
setoption "joystick1 guided missile slider1 dead zone" "0.100000"
setoption "joystick1 guided missile slider1 center point" "-0.800000"
setoption "joystick1 guided missile slider1 reverse" "false"
setoption "joystick1 guided missile slider2 dead zone" "0.100000"
setoption "joystick1 guided missile slider2 center point" "-0.800000"
setoption "joystick1 guided missile slider2 reverse" "false"
setoption "joystick1 guided missile yaw" "x axis"
setoption "joystick1 guided missile pitch" "y axis"
setoption "joystick1 gunner weapon x axis sensitivity" "0.333333"
setoption "joystick1 gunner weapon x axis curvature" "0.500000"
setoption "joystick1 gunner weapon x axis dead zone" "0.100000"
setoption "joystick1 gunner weapon x axis saturation" "1.000000"
setoption "joystick1 gunner weapon x axis reverse" "false"
setoption "joystick1 gunner weapon y axis sensitivity" "0.333333"
setoption "joystick1 gunner weapon y axis curvature" "0.500000"
setoption "joystick1 gunner weapon y axis dead zone" "0.100000"
setoption "joystick1 gunner weapon y axis saturation" "1.000000"
setoption "joystick1 gunner weapon y axis reverse" "false"
setoption "joystick1 gunner weapon z axis sensitivity" "0.333333"
setoption "joystick1 gunner weapon z axis curvature" "0.500000"
setoption "joystick1 gunner weapon z axis dead zone" "0.100000"
setoption "joystick1 gunner weapon z axis saturation" "1.000000"
setoption "joystick1 gunner weapon z axis reverse" "false"
setoption "joystick1 gunner weapon x rotation sensitivity" "0.333333"
setoption "joystick1 gunner weapon x rotation curvature" "0.500000"
setoption "joystick1 gunner weapon x rotation dead zone" "0.100000"
setoption "joystick1 gunner weapon x rotation saturation" "1.000000"
setoption "joystick1 gunner weapon x rotation reverse" "false"
setoption "joystick1 gunner weapon y rotation sensitivity" "0.333333"
setoption "joystick1 gunner weapon y rotation curvature" "0.500000"
setoption "joystick1 gunner weapon y rotation dead zone" "0.100000"
setoption "joystick1 gunner weapon y rotation saturation" "1.000000"
setoption "joystick1 gunner weapon y rotation reverse" "false"
setoption "joystick1 gunner weapon z rotation sensitivity" "0.333333"
setoption "joystick1 gunner weapon z rotation curvature" "0.500000"
setoption "joystick1 gunner weapon z rotation dead zone" "0.100000"
setoption "joystick1 gunner weapon z rotation saturation" "1.000000"
setoption "joystick1 gunner weapon z rotation reverse" "false"
setoption "joystick1 gunner weapon slider1 dead zone" "0.100000"
setoption "joystick1 gunner weapon slider1 center point" "-0.800000"
setoption "joystick1 gunner weapon slider1 reverse" "false"
setoption "joystick1 gunner weapon slider2 dead zone" "0.100000"
setoption "joystick1 gunner weapon slider2 center point" "-0.800000"
setoption "joystick1 gunner weapon slider2 reverse" "false"
setoption "joystick1 gunner weapon viewpoint attitude" "y axis"
setoption "joystick1 gunner weapon viewpoint turn" "x axis"
setoption "joystick1 bfr x axis sensitivity" "0.333333"
setoption "joystick1 bfr x axis curvature" "0.500000"
setoption "joystick1 bfr x axis dead zone" "0.100000"
setoption "joystick1 bfr x axis saturation" "1.000000"
setoption "joystick1 bfr x axis reverse" "false"
setoption "joystick1 bfr y axis sensitivity" "0.333333"
setoption "joystick1 bfr y axis curvature" "0.500000"
setoption "joystick1 bfr y axis dead zone" "0.100000"
setoption "joystick1 bfr y axis saturation" "1.000000"
setoption "joystick1 bfr y axis reverse" "false"
setoption "joystick1 bfr z axis sensitivity" "0.333333"
setoption "joystick1 bfr z axis curvature" "0.500000"
setoption "joystick1 bfr z axis dead zone" "0.100000"
setoption "joystick1 bfr z axis saturation" "1.000000"
setoption "joystick1 bfr z axis reverse" "false"
setoption "joystick1 bfr x rotation sensitivity" "0.333333"
setoption "joystick1 bfr x rotation curvature" "0.500000"
setoption "joystick1 bfr x rotation dead zone" "0.100000"
setoption "joystick1 bfr x rotation saturation" "1.000000"
setoption "joystick1 bfr x rotation reverse" "false"
setoption "joystick1 bfr y rotation sensitivity" "0.333333"
setoption "joystick1 bfr y rotation curvature" "0.500000"
setoption "joystick1 bfr y rotation dead zone" "0.100000"
setoption "joystick1 bfr y rotation saturation" "1.000000"
setoption "joystick1 bfr y rotation reverse" "false"
setoption "joystick1 bfr z rotation sensitivity" "0.333333"
setoption "joystick1 bfr z rotation curvature" "0.500000"
setoption "joystick1 bfr z rotation dead zone" "0.100000"
setoption "joystick1 bfr z rotation saturation" "1.000000"
setoption "joystick1 bfr z rotation reverse" "false"
setoption "joystick1 bfr slider1 dead zone" "0.100000"
setoption "joystick1 bfr slider1 center point" "-0.800000"
setoption "joystick1 bfr slider1 reverse" "false"
setoption "joystick1 bfr slider2 dead zone" "0.100000"
setoption "joystick1 bfr slider2 center point" "-0.800000"
setoption "joystick1 bfr slider2 reverse" "false"
setoption "joystick1 bfr strafe" "none"
setoption "joystick1 bfr turn" "z rotation"
setoption "joystick1 bfr viewpoint attitude" "y axis"
setoption "joystick1 bfr viewpoint turn" "x axis"
setoption "joystick2 ground vehicle x axis sensitivity" "0.333333"
setoption "joystick2 ground vehicle x axis curvature" "0.500000"
setoption "joystick2 ground vehicle x axis dead zone" "0.100000"
setoption "joystick2 ground vehicle x axis saturation" "1.000000"
setoption "joystick2 ground vehicle x axis reverse" "false"
setoption "joystick2 ground vehicle y axis sensitivity" "0.333333"
setoption "joystick2 ground vehicle y axis curvature" "0.500000"
setoption "joystick2 ground vehicle y axis dead zone" "0.100000"
setoption "joystick2 ground vehicle y axis saturation" "1.000000"
setoption "joystick2 ground vehicle y axis reverse" "false"
setoption "joystick2 ground vehicle z axis sensitivity" "0.333333"
setoption "joystick2 ground vehicle z axis curvature" "0.500000"
setoption "joystick2 ground vehicle z axis dead zone" "0.100000"
setoption "joystick2 ground vehicle z axis saturation" "1.000000"
setoption "joystick2 ground vehicle z axis reverse" "false"
setoption "joystick2 ground vehicle x rotation sensitivity" "0.333333"
setoption "joystick2 ground vehicle x rotation curvature" "0.500000"
setoption "joystick2 ground vehicle x rotation dead zone" "0.100000"
setoption "joystick2 ground vehicle x rotation saturation" "1.000000"
setoption "joystick2 ground vehicle x rotation reverse" "false"
setoption "joystick2 ground vehicle y rotation sensitivity" "0.333333"
setoption "joystick2 ground vehicle y rotation curvature" "0.500000"
setoption "joystick2 ground vehicle y rotation dead zone" "0.100000"
setoption "joystick2 ground vehicle y rotation saturation" "1.000000"
setoption "joystick2 ground vehicle y rotation reverse" "false"
setoption "joystick2 ground vehicle z rotation sensitivity" "0.333333"
setoption "joystick2 ground vehicle z rotation curvature" "0.500000"
setoption "joystick2 ground vehicle z rotation dead zone" "0.100000"
setoption "joystick2 ground vehicle z rotation saturation" "1.000000"
setoption "joystick2 ground vehicle z rotation reverse" "false"
setoption "joystick2 ground vehicle slider1 dead zone" "0.100000"
setoption "joystick2 ground vehicle slider1 center point" "-0.800000"
setoption "joystick2 ground vehicle slider1 reverse" "false"
setoption "joystick2 ground vehicle slider2 dead zone" "0.100000"
setoption "joystick2 ground vehicle slider2 center point" "-0.800000"
setoption "joystick2 ground vehicle slider2 reverse" "false"
setoption "joystick2 ground vehicle turn" "x axis"
setoption "joystick2 ground vehicle viewpoint attitude" "y axis"
setoption "joystick2 ground vehicle viewpoint turn" "z rotation"
setoption "joystick2 ground vehicle throttle" "slider1"
setoption "joystick2 hover vehicle x axis sensitivity" "0.333333"
setoption "joystick2 hover vehicle x axis curvature" "0.500000"
setoption "joystick2 hover vehicle x axis dead zone" "0.100000"
setoption "joystick2 hover vehicle x axis saturation" "1.000000"
setoption "joystick2 hover vehicle x axis reverse" "false"
setoption "joystick2 hover vehicle y axis sensitivity" "0.333333"
setoption "joystick2 hover vehicle y axis curvature" "0.500000"
setoption "joystick2 hover vehicle y axis dead zone" "0.100000"
setoption "joystick2 hover vehicle y axis saturation" "1.000000"
setoption "joystick2 hover vehicle y axis reverse" "false"
setoption "joystick2 hover vehicle z axis sensitivity" "0.333333"
setoption "joystick2 hover vehicle z axis curvature" "0.500000"
setoption "joystick2 hover vehicle z axis dead zone" "0.100000"
setoption "joystick2 hover vehicle z axis saturation" "1.000000"
setoption "joystick2 hover vehicle z axis reverse" "false"
setoption "joystick2 hover vehicle x rotation sensitivity" "0.333333"
setoption "joystick2 hover vehicle x rotation curvature" "0.500000"
setoption "joystick2 hover vehicle x rotation dead zone" "0.100000"
setoption "joystick2 hover vehicle x rotation saturation" "1.000000"
setoption "joystick2 hover vehicle x rotation reverse" "false"
setoption "joystick2 hover vehicle y rotation sensitivity" "0.333333"
setoption "joystick2 hover vehicle y rotation curvature" "0.500000"
setoption "joystick2 hover vehicle y rotation dead zone" "0.100000"
setoption "joystick2 hover vehicle y rotation saturation" "1.000000"
setoption "joystick2 hover vehicle y rotation reverse" "false"
setoption "joystick2 hover vehicle z rotation sensitivity" "0.333333"
setoption "joystick2 hover vehicle z rotation curvature" "0.500000"
setoption "joystick2 hover vehicle z rotation dead zone" "0.100000"
setoption "joystick2 hover vehicle z rotation saturation" "1.000000"
setoption "joystick2 hover vehicle z rotation reverse" "false"
setoption "joystick2 hover vehicle slider1 dead zone" "0.100000"
setoption "joystick2 hover vehicle slider1 center point" "-0.800000"
setoption "joystick2 hover vehicle slider1 reverse" "false"
setoption "joystick2 hover vehicle slider2 dead zone" "0.100000"
setoption "joystick2 hover vehicle slider2 center point" "-0.800000"
setoption "joystick2 hover vehicle slider2 reverse" "false"
setoption "joystick2 hover vehicle strafe" "z rotation"
setoption "joystick2 hover vehicle turn" "x axis"
setoption "joystick2 hover vehicle viewpoint attitude" "y axis"
setoption "joystick2 hover vehicle throttle" "slider1"
setoption "joystick2 flight vehicle x axis sensitivity" "0.333333"
setoption "joystick2 flight vehicle x axis curvature" "0.500000"
setoption "joystick2 flight vehicle x axis dead zone" "0.100000"
setoption "joystick2 flight vehicle x axis saturation" "1.000000"
setoption "joystick2 flight vehicle x axis reverse" "false"
setoption "joystick2 flight vehicle y axis sensitivity" "0.333333"
setoption "joystick2 flight vehicle y axis curvature" "0.500000"
setoption "joystick2 flight vehicle y axis dead zone" "0.100000"
setoption "joystick2 flight vehicle y axis saturation" "1.000000"
setoption "joystick2 flight vehicle y axis reverse" "false"
setoption "joystick2 flight vehicle z axis sensitivity" "0.333333"
setoption "joystick2 flight vehicle z axis curvature" "0.500000"
setoption "joystick2 flight vehicle z axis dead zone" "0.100000"
setoption "joystick2 flight vehicle z axis saturation" "1.000000"
setoption "joystick2 flight vehicle z axis reverse" "false"
setoption "joystick2 flight vehicle x rotation sensitivity" "0.333333"
setoption "joystick2 flight vehicle x rotation curvature" "0.500000"
setoption "joystick2 flight vehicle x rotation dead zone" "0.100000"
setoption "joystick2 flight vehicle x rotation saturation" "1.000000"
setoption "joystick2 flight vehicle x rotation reverse" "false"
setoption "joystick2 flight vehicle y rotation sensitivity" "0.333333"
setoption "joystick2 flight vehicle y rotation curvature" "0.500000"
setoption "joystick2 flight vehicle y rotation dead zone" "0.100000"
setoption "joystick2 flight vehicle y rotation saturation" "1.000000"
setoption "joystick2 flight vehicle y rotation reverse" "false"
setoption "joystick2 flight vehicle z rotation sensitivity" "0.333333"
setoption "joystick2 flight vehicle z rotation curvature" "0.500000"
setoption "joystick2 flight vehicle z rotation dead zone" "0.100000"
setoption "joystick2 flight vehicle z rotation saturation" "1.000000"
setoption "joystick2 flight vehicle z rotation reverse" "false"
setoption "joystick2 flight vehicle slider1 dead zone" "0.100000"
setoption "joystick2 flight vehicle slider1 center point" "-0.800000"
setoption "joystick2 flight vehicle slider1 reverse" "false"
setoption "joystick2 flight vehicle slider2 dead zone" "0.100000"
setoption "joystick2 flight vehicle slider2 center point" "-0.800000"
setoption "joystick2 flight vehicle slider2 reverse" "false"
setoption "joystick2 flight vehicle yaw" "x axis"
setoption "joystick2 flight vehicle pitch" "y axis"
setoption "joystick2 flight vehicle strafe" "z rotation"
setoption "joystick2 flight vehicle throttle" "slider1"
setoption "joystick2 lightning x axis sensitivity" "0.333333"
setoption "joystick2 lightning x axis curvature" "0.500000"
setoption "joystick2 lightning x axis dead zone" "0.100000"
setoption "joystick2 lightning x axis saturation" "1.000000"
setoption "joystick2 lightning x axis reverse" "false"
setoption "joystick2 lightning y axis sensitivity" "0.333333"
setoption "joystick2 lightning y axis curvature" "0.500000"
setoption "joystick2 lightning y axis dead zone" "0.100000"
setoption "joystick2 lightning y axis saturation" "1.000000"
setoption "joystick2 lightning y axis reverse" "false"
setoption "joystick2 lightning z axis sensitivity" "0.333333"
setoption "joystick2 lightning z axis curvature" "0.500000"
setoption "joystick2 lightning z axis dead zone" "0.100000"
setoption "joystick2 lightning z axis saturation" "1.000000"
setoption "joystick2 lightning z axis reverse" "false"
setoption "joystick2 lightning x rotation sensitivity" "0.333333"
setoption "joystick2 lightning x rotation curvature" "0.500000"
setoption "joystick2 lightning x rotation dead zone" "0.100000"
setoption "joystick2 lightning x rotation saturation" "1.000000"
setoption "joystick2 lightning x rotation reverse" "false"
setoption "joystick2 lightning y rotation sensitivity" "0.333333"
setoption "joystick2 lightning y rotation curvature" "0.500000"
setoption "joystick2 lightning y rotation dead zone" "0.100000"
setoption "joystick2 lightning y rotation saturation" "1.000000"
setoption "joystick2 lightning y rotation reverse" "false"
setoption "joystick2 lightning z rotation sensitivity" "0.333333"
setoption "joystick2 lightning z rotation curvature" "0.500000"
setoption "joystick2 lightning z rotation dead zone" "0.100000"
setoption "joystick2 lightning z rotation saturation" "1.000000"
setoption "joystick2 lightning z rotation reverse" "false"
setoption "joystick2 lightning slider1 dead zone" "0.100000"
setoption "joystick2 lightning slider1 center point" "-0.800000"
setoption "joystick2 lightning slider1 reverse" "false"
setoption "joystick2 lightning slider2 dead zone" "0.100000"
setoption "joystick2 lightning slider2 center point" "-0.800000"
setoption "joystick2 lightning slider2 reverse" "false"
setoption "joystick2 lightning turn" "z rotation"
setoption "joystick2 lightning viewpoint attitude" "y axis"
setoption "joystick2 lightning viewpoint turn" "x axis"
setoption "joystick2 lightning throttle" "slider1"
setoption "joystick2 soldier x axis sensitivity" "0.333333"
setoption "joystick2 soldier x axis curvature" "0.500000"
setoption "joystick2 soldier x axis dead zone" "0.100000"
setoption "joystick2 soldier x axis saturation" "1.000000"
setoption "joystick2 soldier x axis reverse" "false"
setoption "joystick2 soldier y axis sensitivity" "0.333333"
setoption "joystick2 soldier y axis curvature" "0.500000"
setoption "joystick2 soldier y axis dead zone" "0.100000"
setoption "joystick2 soldier y axis saturation" "1.000000"
setoption "joystick2 soldier y axis reverse" "false"
setoption "joystick2 soldier z axis sensitivity" "0.333333"
setoption "joystick2 soldier z axis curvature" "0.500000"
setoption "joystick2 soldier z axis dead zone" "0.100000"
setoption "joystick2 soldier z axis saturation" "1.000000"
setoption "joystick2 soldier z axis reverse" "false"
setoption "joystick2 soldier x rotation sensitivity" "0.333333"
setoption "joystick2 soldier x rotation curvature" "0.500000"
setoption "joystick2 soldier x rotation dead zone" "0.100000"
setoption "joystick2 soldier x rotation saturation" "1.000000"
setoption "joystick2 soldier x rotation reverse" "false"
setoption "joystick2 soldier y rotation sensitivity" "0.333333"
setoption "joystick2 soldier y rotation curvature" "0.500000"
setoption "joystick2 soldier y rotation dead zone" "0.100000"
setoption "joystick2 soldier y rotation saturation" "1.000000"
setoption "joystick2 soldier y rotation reverse" "false"
setoption "joystick2 soldier z rotation sensitivity" "0.333333"
setoption "joystick2 soldier z rotation curvature" "0.500000"
setoption "joystick2 soldier z rotation dead zone" "0.100000"
setoption "joystick2 soldier z rotation saturation" "1.000000"
setoption "joystick2 soldier z rotation reverse" "false"
setoption "joystick2 soldier slider1 dead zone" "0.100000"
setoption "joystick2 soldier slider1 center point" "-0.800000"
setoption "joystick2 soldier slider1 reverse" "false"
setoption "joystick2 soldier slider2 dead zone" "0.100000"
setoption "joystick2 soldier slider2 center point" "-0.800000"
setoption "joystick2 soldier slider2 reverse" "false"
setoption "joystick2 soldier strafe" "z rotation"
setoption "joystick2 soldier viewpoint attitude" "y axis"
setoption "joystick2 soldier viewpoint turn" "x axis"
setoption "joystick2 guided missile x axis sensitivity" "0.333333"
setoption "joystick2 guided missile x axis curvature" "0.500000"
setoption "joystick2 guided missile x axis dead zone" "0.100000"
setoption "joystick2 guided missile x axis saturation" "1.000000"
setoption "joystick2 guided missile x axis reverse" "false"
setoption "joystick2 guided missile y axis sensitivity" "0.333333"
setoption "joystick2 guided missile y axis curvature" "0.500000"
setoption "joystick2 guided missile y axis dead zone" "0.100000"
setoption "joystick2 guided missile y axis saturation" "1.000000"
setoption "joystick2 guided missile y axis reverse" "false"
setoption "joystick2 guided missile z axis sensitivity" "0.333333"
setoption "joystick2 guided missile z axis curvature" "0.500000"
setoption "joystick2 guided missile z axis dead zone" "0.100000"
setoption "joystick2 guided missile z axis saturation" "1.000000"
setoption "joystick2 guided missile z axis reverse" "false"
setoption "joystick2 guided missile x rotation sensitivity" "0.333333"
setoption "joystick2 guided missile x rotation curvature" "0.500000"
setoption "joystick2 guided missile x rotation dead zone" "0.100000"
setoption "joystick2 guided missile x rotation saturation" "1.000000"
setoption "joystick2 guided missile x rotation reverse" "false"
setoption "joystick2 guided missile y rotation sensitivity" "0.333333"
setoption "joystick2 guided missile y rotation curvature" "0.500000"
setoption "joystick2 guided missile y rotation dead zone" "0.100000"
setoption "joystick2 guided missile y rotation saturation" "1.000000"
setoption "joystick2 guided missile y rotation reverse" "false"
setoption "joystick2 guided missile z rotation sensitivity" "0.333333"
setoption "joystick2 guided missile z rotation curvature" "0.500000"
setoption "joystick2 guided missile z rotation dead zone" "0.100000"
setoption "joystick2 guided missile z rotation saturation" "1.000000"
setoption "joystick2 guided missile z rotation reverse" "false"
setoption "joystick2 guided missile slider1 dead zone" "0.100000"
setoption "joystick2 guided missile slider1 center point" "-0.800000"
setoption "joystick2 guided missile slider1 reverse" "false"
setoption "joystick2 guided missile slider2 dead zone" "0.100000"
setoption "joystick2 guided missile slider2 center point" "-0.800000"
setoption "joystick2 guided missile slider2 reverse" "false"
setoption "joystick2 guided missile yaw" "x axis"
setoption "joystick2 guided missile pitch" "y axis"
setoption "joystick2 gunner weapon x axis sensitivity" "0.333333"
setoption "joystick2 gunner weapon x axis curvature" "0.500000"
setoption "joystick2 gunner weapon x axis dead zone" "0.100000"
setoption "joystick2 gunner weapon x axis saturation" "1.000000"
setoption "joystick2 gunner weapon x axis reverse" "false"
setoption "joystick2 gunner weapon y axis sensitivity" "0.333333"
setoption "joystick2 gunner weapon y axis curvature" "0.500000"
setoption "joystick2 gunner weapon y axis dead zone" "0.100000"
setoption "joystick2 gunner weapon y axis saturation" "1.000000"
setoption "joystick2 gunner weapon y axis reverse" "false"
setoption "joystick2 gunner weapon z axis sensitivity" "0.333333"
setoption "joystick2 gunner weapon z axis curvature" "0.500000"
setoption "joystick2 gunner weapon z axis dead zone" "0.100000"
setoption "joystick2 gunner weapon z axis saturation" "1.000000"
setoption "joystick2 gunner weapon z axis reverse" "false"
setoption "joystick2 gunner weapon x rotation sensitivity" "0.333333"
setoption "joystick2 gunner weapon x rotation curvature" "0.500000"
setoption "joystick2 gunner weapon x rotation dead zone" "0.100000"
setoption "joystick2 gunner weapon x rotation saturation" "1.000000"
setoption "joystick2 gunner weapon x rotation reverse" "false"
setoption "joystick2 gunner weapon y rotation sensitivity" "0.333333"
setoption "joystick2 gunner weapon y rotation curvature" "0.500000"
setoption "joystick2 gunner weapon y rotation dead zone" "0.100000"
setoption "joystick2 gunner weapon y rotation saturation" "1.000000"
setoption "joystick2 gunner weapon y rotation reverse" "false"
setoption "joystick2 gunner weapon z rotation sensitivity" "0.333333"
setoption "joystick2 gunner weapon z rotation curvature" "0.500000"
setoption "joystick2 gunner weapon z rotation dead zone" "0.100000"
setoption "joystick2 gunner weapon z rotation saturation" "1.000000"
setoption "joystick2 gunner weapon z rotation reverse" "false"
setoption "joystick2 gunner weapon slider1 dead zone" "0.100000"
setoption "joystick2 gunner weapon slider1 center point" "-0.800000"
setoption "joystick2 gunner weapon slider1 reverse" "false"
setoption "joystick2 gunner weapon slider2 dead zone" "0.100000"
setoption "joystick2 gunner weapon slider2 center point" "-0.800000"
setoption "joystick2 gunner weapon slider2 reverse" "false"
setoption "joystick2 gunner weapon viewpoint attitude" "y axis"
setoption "joystick2 gunner weapon viewpoint turn" "x axis"
setoption "joystick2 bfr x axis sensitivity" "0.333333"
setoption "joystick2 bfr x axis curvature" "0.500000"
setoption "joystick2 bfr x axis dead zone" "0.100000"
setoption "joystick2 bfr x axis saturation" "1.000000"
setoption "joystick2 bfr x axis reverse" "false"
setoption "joystick2 bfr y axis sensitivity" "0.333333"
setoption "joystick2 bfr y axis curvature" "0.500000"
setoption "joystick2 bfr y axis dead zone" "0.100000"
setoption "joystick2 bfr y axis saturation" "1.000000"
setoption "joystick2 bfr y axis reverse" "false"
setoption "joystick2 bfr z axis sensitivity" "0.333333"
setoption "joystick2 bfr z axis curvature" "0.500000"
setoption "joystick2 bfr z axis dead zone" "0.100000"
setoption "joystick2 bfr z axis saturation" "1.000000"
setoption "joystick2 bfr z axis reverse" "false"
setoption "joystick2 bfr x rotation sensitivity" "0.333333"
setoption "joystick2 bfr x rotation curvature" "0.500000"
setoption "joystick2 bfr x rotation dead zone" "0.100000"
setoption "joystick2 bfr x rotation saturation" "1.000000"
setoption "joystick2 bfr x rotation reverse" "false"
setoption "joystick2 bfr y rotation sensitivity" "0.333333"
setoption "joystick2 bfr y rotation curvature" "0.500000"
setoption "joystick2 bfr y rotation dead zone" "0.100000"
setoption "joystick2 bfr y rotation saturation" "1.000000"
setoption "joystick2 bfr y rotation reverse" "false"
setoption "joystick2 bfr z rotation sensitivity" "0.333333"
setoption "joystick2 bfr z rotation curvature" "0.500000"
setoption "joystick2 bfr z rotation dead zone" "0.100000"
setoption "joystick2 bfr z rotation saturation" "1.000000"
setoption "joystick2 bfr z rotation reverse" "false"
setoption "joystick2 bfr slider1 dead zone" "0.100000"
setoption "joystick2 bfr slider1 center point" "-0.800000"
setoption "joystick2 bfr slider1 reverse" "false"
setoption "joystick2 bfr slider2 dead zone" "0.100000"
setoption "joystick2 bfr slider2 center point" "-0.800000"
setoption "joystick2 bfr slider2 reverse" "false"
setoption "joystick2 bfr strafe" "none"
setoption "joystick2 bfr turn" "z rotation"
setoption "joystick2 bfr viewpoint attitude" "y axis"
setoption "joystick2 bfr viewpoint turn" "x axis"
setoption "banner scroll speed" "70.000000"
setoption "use mount delay" "false"
setoption "mount delay" "2.000000"
setoption "offshore vehicle check" "true"
setoption "nice level" "0.000000"
setoption "color chat default" "#FFFFFF"
setoption "color chat open" "#FFFFFF"
setoption "color chat broadcast" "#C0C0FF"
setoption "color chat tell" "#66CCFF"
setoption "color chat squad" "#FFDC00"
setoption "color chat outfit" "#40FF40"
setoption "color chat command" "#80FFD4"
setoption "color chat platoon" "#FF8A00"
setoption "color chat platoonleader" "#CC967A"
setoption "color chat gm" "#FF8080"
