km_addbinding "Tab" "Toggle Mouse Look"
km_addbinding "Q" "Autorun"
km_addbinding "R" "Reload"
km_addbinding "T" "Toggle Third Person Camera"
km_addbinding "I" "Toggle Inventory"
km_addbinding "O" "Toggle Character Pane"
km_addbinding "P" "Toggle Player Pane"
km_addbinding "[" "Radar Decrease"
km_addbinding "]" "Radar Increase"
km_addbinding "F" "Drop Item"
km_addbinding "G" "Use Item"
km_addbinding "K" "Toggle Stealth Suit"
km_addbinding "Z" "Zoom"
km_addbinding "X" "Change Ammunition"
km_addbinding "F1" "Use Quickslot 1"
km_addbinding "F2" "Use Quickslot 2"
km_addbinding "F3" "Use Quickslot 3"
km_addbinding "F4" "Use Quickslot 4"
km_addbinding "F5" "Use Quickslot 5"
km_addbinding "F6" "Use Quickslot 6"
km_addbinding "F7" "Use Quickslot 7"
km_addbinding "F8" "Use Quickslot 8"
km_addbinding "Joystick Button 2" "Change Fire Mode"
km_addbinding "Joystick Button 3" "Reload"
km_addbinding "Mouse Button 2" "Change Fire Mode"
km_addbinding "Shift+R" "Toggle Proximity Map"
km_addbinding "Shift+O" "Toggle Outfit Pane"
km_addbinding "Shift+P" "Toggle Help"
km_addbinding "Shift+Z" "Smooth Zoom"
km_addbinding "Shift+C" "Toggle Chat Pane"
km_addbinding "Shift+V" "Toggle Vehicle Pane"
km_addbinding "Shift+M" "Toggle Management Pane"
km_addbinding "Alt+N" "Cycle Character Names"
km_addbinding "Num Pad 9" "Raise Camera"
km_addbinding "Num Pad -" "Move Camera Out"
km_addbinding "Num Pad 4" "Pan Camera Left"
km_addbinding "Num Pad 6" "Pan Camera Right"
km_addbinding "Num Pad +" "Move Camera In"
km_addbinding "Num Pad 3" "Lower Camera"
km_addbinding "Home" "Raise Camera"
km_addbinding "End" "Lower Camera"
km_addbinding "Joystick Button 1" "Weapon Fire"
km_addbinding "Left Mouse Button" "Weapon Fire"
