setoption "voice device" "SB PCI512 Wave Device"
setoption "voice micvolume" "100"
setoption "voice micboost" "true"
setoption "voice activation" "false"
setoption "voice activationlevel" "100"
setoption "voice loopback" "false"
setoption "voice remote" "false"
setoption "voice ip" "127.0.0.1"
setoption "voice port" "37000"
setoption "voice codec" "3"
setoption "sound provider" "DirectSound3D Software Emulation"
setoption "sound volume2d" "77"
setoption "sound volume3d" "76"
setoption "sound music" "22"
setoption "voice inlevel" "69"
setoption "voice outlevel" "66"
setoption "sound reverse" "false"
setoption "sound sanctuary" "false"
setoption "sound shuttle" "false"
setoption "sound soi" "false"
setoption "sound soi warning" "false"
setoption "sound soi combat" "false"
setoption "sound temperate" "false"
setoption "sound desert" "false"
setoption "sound arctic" "false"
setoption "sound volcanic" "false"
setoption "sound temperate combat" "false"
setoption "sound desert combat" "false"
setoption "sound arctic combat" "false"
setoption "sound volcanic combat" "false"
setoption "sound victory" "false"
setoption "sound loss" "false"
setoption "sound promotion" "false"
setoption "sound cavern general" "true"
setoption "sound cavern combat" "true"
setoption "sound cavern module" "true"
setoption "game always run" "true"
setoption "game head bob" "true"
setoption "game ejected casings" "true"
setoption "game name display type" "0"
setoption "game exclamationhelp" "true"
setoption "game radar auto" "true"
setoption "game cullwatermark" "1"
setoption "game chat colors" "true"
setoption "mouse freelook" "true"
setoption "mouse invert" "false"
setoption "mouse smooth" "false"
setoption "mouse steer" "false"
setoption "mouse reverse pilot" "false"
setoption "mouse sensitivity" "0.916800"
setoption "mouse steeringsensitivity" "0.115360"
setoption "mouse steeringautocenterregion" "0.115360"
setoption "joystick0 reverse pilot" "false"
setoption "joystick0 sensitivity" "0.920000"
setoption "joystick1 reverse pilot" "false"
setoption "joystick1 sensitivity" "0.920000"
setoption "joystick2 reverse pilot" "false"
setoption "joystick2 sensitivity" "0.920000"
setoption "color chat default" "#FFFFFF"
setoption "color chat open" "#FFFFFF"
setoption "color chat broadcast" "#C0C0FF"
setoption "color chat tell" "#66CCFF"
setoption "color chat squad" "#FFDC00"
setoption "color chat outfit" "#40FF40"
setoption "color chat command" "#80FFD4"
setoption "color chat platoon" "#805540"
setoption "color chat platoonleader" "#CC967A"
setoption "color chat gm" "#FF8080"
setoption "banner scroll speed" "70.000000"
setoption "use mount delay" "false"
setoption "mount delay" "2.000000"
setoption "show latency" "true"
setoption "show stats" "true"
setoption "nice level" "0.000000"
