pse_exactobject  vanu_core                                 10000    1028.80    1012.78     165.78 1.00 1.00 1.00      0      0      0 "Drugaskan Core Complex"
pse_exactobject  vanu_control_point                        10001     899.15     874.23      93.26 1.00 1.00 1.00      0      0  15475 "Stasis South"
pse_exactobject  vanu_control_point                        10002    1149.27    1132.96     107.22 1.00 1.00 1.00      0      0  10748 "Stasis North"
pse_exactobject  ground_bldg_b                             10003     985.91     922.10      92.93 1.00 1.00 1.00      0      0    227 "S1"
pse_exactobject  ground_bldg_b                             10004    1006.48    1145.29      91.97 1.00 1.00 1.00      0      0  10312 "N3"
pse_exactobject  ground_bldg_f                             10005    1005.11     857.17      96.40 1.00 1.00 1.00      0      0  11379 "S4"
pse_exactobject  ground_bldg_j                             10006    1062.19     885.69      92.65 1.00 1.00 1.00      0      0  15020 "S2"
pse_exactobject  ceiling_bldg_d                            10007    1196.16     965.32     165.44 1.00 1.00 1.00      0      0   1626 "E3"
pse_exactobject  ceiling_bldg_h                            10008     904.92     964.10     173.54 1.00 1.00 1.00      0      0      0 "W1"
pse_exactobject  ceiling_bldg_i                            10009     971.61    1193.75     179.41 1.00 1.00 1.00      0      0   8575 "N5"
pse_exactobject  ground_bldg_a                             10010    1349.99    1151.14      89.94 1.00 1.00 1.00      0      0  15475 "E8"
pse_exactobject  vanu_block_ramp_simple                    10011    1136.28     772.95      63.17 1.00 1.00 1.00      0      0   1137
pse_exactobject  vanu_block_ramp_soldier                   10012    1106.67     629.12      71.97 1.00 1.00 1.00      0      0  10240
pse_exactobject  vanu_block_ramp_soldier                   10013     919.01     946.69      78.07 1.00 1.00 1.00      0      0  10469
pse_exactobject  vanu_block_ramp_narrow                    10014     911.78     952.27      70.87 1.00 1.00 1.00      0      0   9330
pse_exactobject  vanu_block_ramp_soldier                   10015    1149.41     711.27      71.97 1.00 1.00 1.00      0      0   2729
pse_exactobject  vanu_block_ramp_soldier                   10016    1118.08     748.97      67.67 1.00 1.00 1.00      0      0   7735
pse_exactobject  ground_bldg_e                             10017    1033.29     654.74      94.57 1.00 1.00 1.00      0      0  10923 "S6"
pse_exactobject  vanu_block_ramp_soldier                   10018     945.39     774.38      67.67 1.00 1.00 1.00      0      0  10469
pse_exactobject  vanu_wall_ramp                            10019    1106.07     840.97      80.89 1.00 1.00 1.00      0      0   8190
pse_exactobject  vanu_wall_vehicle                         10020    1128.37     840.19      80.79 1.00 1.00 1.00      0      0   4096
pse_exactobject  vanu_wall_ramp                            10021    1150.39     839.80      80.89 1.00 1.00 1.00      0      0      0
pse_exactobject  vanu_wall_vehicle                         10022    1208.26     757.08      78.24 1.00 1.00 1.00      0      0  14337
pse_exactobject  vanu_wall                                 10023    1198.22     744.81      78.24 1.00 1.00 1.00      0      0  14337
pse_exactobject  vanu_wall                                 10024    1219.62     767.48      78.24 1.00 1.00 1.00      0      0   6144
pse_exactobject  vanu_block_ramp_simple                    10025    1151.79     795.24      63.37 1.00 1.00 1.00      0      0  14109
pse_exactobject  vanu_block_ramp_narrow                    10026    1125.14     999.74      75.27 1.00 1.00 1.00      0      0    909
pse_exactobject  vanu_wall_ramp                            10027    1159.84    1030.24      89.89 1.00 1.00 1.00      0      0   6370
pse_exactobject  vanu_wall_vehicle                         10028    1176.42    1015.31      89.79 1.00 1.00 1.00      0      0   2275
pse_exactobject  vanu_wall_ramp                            10029    1193.04    1000.86      89.89 1.00 1.00 1.00      0      0  14564
pse_exactobject  vanu_block_ramp_simple                    10030    1155.04     961.59      71.77 1.00 1.00 1.00      0      0  13199
pse_exactobject  vanu_wall_vehicle                         10031    1300.69     926.42      79.86 1.00 1.00 1.00      0      0    910
pse_exactobject  vanu_wall_ramp                            10032    1307.86     905.60      79.96 1.00 1.00 1.00      0      0  13199
pse_exactobject  vanu_wall_ramp                            10033    1293.80     947.65      79.96 1.00 1.00 1.00      0      0   5005
pse_exactobject  vanu_block_ramp_soldier                   10034    1118.29     916.18      67.57 1.00 1.00 1.00      0      0   2917
pse_exactobject  ground_bldg_g                             10035    1263.21    1006.27      98.33 1.00 1.00 1.00      0      0      0 "E6"
pse_exactobject  vanu_block_ramp_soldier                   10036    1240.65     949.64      72.97 1.00 1.00 1.00      0      0   9034
pse_exactobject  vanu_block_ramp_soldier                   10037    1277.96     720.48      67.37 1.00 1.00 1.00      0      0  13017
pse_exactobject  vanu_block_ramp_soldier                   10038    1375.71     876.00      68.47 1.00 1.00 1.00      0      0  16021
pse_exactobject  ground_bldg_c                             10039     825.03    1055.17      89.45 1.00 1.00 1.00      0      0    848 "W4"
pse_exactobject  ground_bldg_i                             10040     781.48    1112.31      97.55 1.00 1.00 1.00      0      0   9482 "W6"
pse_exactobject  ground_bldg_j                             10041     853.90    1131.82      87.35 1.00 1.00 1.00      0      0   3549 "W5"
pse_exactobject  vanu_block_ramp_soldier                   10042    1101.13    1170.40      93.17 1.00 1.00 1.00      0      0   4070
pse_exactobject  vanu_block_ramp_soldier                   10043    1108.11    1176.50      92.97 1.00 1.00 1.00      0      0   8932
pse_exactobject  vanu_block_ramp_soldier                   10044     978.66    1190.46      66.27 1.00 1.00 1.00      0      0  10189
pse_exactobject  vanu_block_ramp_soldier                   10045     995.45    1198.86      73.77 1.00 1.00 1.00      0      0   4988
pse_exactobject  vanu_block_ramp_soldier                   10046     960.65    1102.02      73.67 1.00 1.00 1.00      0      0   8498
pse_exactobject  vanu_block_ramp_soldier                   10047     924.98    1294.43      67.37 1.00 1.00 1.00      0      0   3732
pse_exactobject  vanu_block_ramp_soldier                   10048     866.57    1368.48      66.07 1.00 1.00 1.00      0      0   1815
pse_exactobject  vanu_block_ramp_soldier                   10049     812.35    1379.62      66.07 1.00 1.00 1.00      0      0   5356
pse_exactobject  vanu_block_ramp                           10050    1027.98     764.56      63.07 1.00 1.00 1.00      0      0   8278
pse_exactobject  vanu_block_ramp                           10051    1237.59     705.90      59.97 1.00 1.00 1.00      0      0  13490
pse_exactobject  vanu_block_ramp                           10052    1367.06     920.50      62.77 1.00 1.00 1.00      0      0  15496
pse_exactobject  vanu_block_ramp                           10053    1240.08    1074.57      71.87 1.00 1.00 1.00      0      0   1876
pse_exactobject  vanu_block_ramp_soldier                   10054    1299.65    1056.30      73.27 1.00 1.00 1.00      0      0   3472
pse_exactobject  vanu_block_ramp_soldier                   10055    1119.42    1038.02      77.27 1.00 1.00 1.00      0      0  13558
pse_exactobject  vanu_block_ramp_soldier                   10056     815.93    1019.68      65.92 1.00 1.00 1.00      0      0  10469
pse_exactobject  vanu_block_ramp                           10057    1427.44     820.84      64.87 1.00 1.00 1.00      0      0   4336
pse_exactobject  vanu_block_ramp                           10058    1397.28     697.36      64.67 1.00 1.00 1.00      0      0  11114
pse_exactobject  vanu_block_ramp                           10059     658.88    1376.34      64.97 1.00 1.00 1.00      0      0   3007
pse_exactobject  vanu_block_ramp                           10060     620.78    1211.85      65.27 1.00 1.00 1.00      0      0  11707
pse_exactobject  vanu_carport                              10061     786.64     852.60      76.80 1.00 1.00 1.00      0      0  15348
pse_exactobject  vanu_carport_cave                         10062    1183.76    1274.63      76.07 1.00 1.00 1.00      0      0   7263
pse_exactobject  vanu_cluster_2way                         10063     777.98     989.00      76.50 1.00 1.00 1.00      0      0      0
pse_exactobject  vanu_cluster_aframe                       10064    1052.11    1129.04      95.41 1.00 1.00 1.00      0      0  10197
pse_exactobject  vanu_cluster_palm                         10065    1125.93     793.50      74.18 1.00 1.00 1.00      0      0    625
pse_exactobject  vanu_cluster_pinwheel                     10066     979.97    1286.44      72.26 1.00 1.00 1.00      0      0      0
pse_exactobject  vanu_cluster_small                        10067     898.40    1112.72      89.71 1.00 1.00 1.00      0      0      0
pse_exactobject  vanu_tanktrap_heavy                       10068     920.57    1177.19      72.87 1.00 1.00 1.00      0      0  12252
pse_exactobject  vanu_tanktrap_light                       10069     879.95     987.55      73.05 1.00 1.00 1.00      0      0      0
pse_exactobject  vanu_tower_heavy                          10070    1103.00    1029.03      88.88 1.00 1.00 1.00      0      0      0
pse_exactobject  vanu_tower_light                          10071     941.01     944.79      87.46 1.00 1.00 1.00      0      0   1755
pse_exactobject  vanu_carport                              10072    1291.79    1168.91      76.75 1.00 1.00 1.00      0      0  12639
pse_exactobject  vanu_carport                              10073    1341.90     691.19      76.58 1.00 1.00 1.00      0      0    683
pse_exactobject  vanu_tanktrap_heavy                       10074     664.72     892.70      73.29 1.00 1.00 1.00      0      0  12496
pse_exactobject  vanu_cluster_pinwheel                     10075     878.38     675.58      72.14 1.00 1.00 1.00      0      0   8293
pse_exactobject  vanu_cluster_palm                         10076    1423.04     759.71      77.09 1.00 1.00 1.00      0      0      0
pse_exactobject  vanu_tanktrap_heavy                       10077    1370.92     639.03      73.37 1.00 1.00 1.00      0      0  12496
pse_exactobject  vanu_tanktrap_light                       10078    1416.95    1285.01      73.07 1.00 1.00 1.00      0      0   1695
pse_exactobject  vanu_cluster_aframe                       10079    1302.43    1097.76      76.49 1.00 1.00 1.00      0      0  15609
pse_exactobject  vanu_cluster_2way                         10080    1230.63    1283.85      76.74 1.00 1.00 1.00      0      0      0
pse_exactobject  vanu_cluster_aframe                       10081    1143.85     603.12      76.47 1.00 1.00 1.00      0      0   9318
pse_exactobject  vanu_carport                              10082     806.13    1402.19      76.57 1.00 1.00 1.00      0      0   6172
pse_exactobject  vanu_cluster_2way                         10083     626.41    1284.33      83.43 1.00 1.00 1.00      0      0  12961
pse_exactobject  vanu_cluster_small                        10084     945.04     914.31      96.28 1.00 1.00 1.00      0      0      0
pse_exactobject  vanu_cluster_aframe                       10085    1226.49     929.78      80.45 1.00 1.00 1.00      0      0   7102
pse_exactobject  vanu_cluster_pinwheel                     10086    1126.43     944.73      76.73 1.00 1.00 1.00      0      0  15770
pse_exactobject  vanu_cluster_aframe                       10087     977.51     806.16      84.45 1.00 1.00 1.00      0      0   7102
pse_exactobject  vanu_carport                              10088    1102.40     752.76      80.11 1.00 1.00 1.00      0      0   7924
pse_exactobject  vanu_cluster_2way                         10089    1268.03     853.64      96.45 1.00 1.00 1.00      0      0      0
pse_exactobject  vanu_tanktrap_light                       10090    1262.64     778.94      81.95 1.00 1.00 1.00      0      0   1269
pse_exactobject  vanu_cluster_small                        10091    1338.29     871.50      86.69 1.00 1.00 1.00      0      0   1794
pse_exactobject  vanu_cluster_aframe                       10092    1323.42     724.24      87.98 1.00 1.00 1.00      0      0   7102
pse_exactobject  vanu_cluster_small                        10093    1163.20     729.38      85.22 1.00 1.00 1.00      0      0   6199
pse_exactobject  vanu_cluster_aframe                       10094     799.90    1065.98      92.28 1.00 1.00 1.00      0      0  10197
pse_exactobject  vanu_cluster_palm                         10095     793.36    1245.65      89.43 1.00 1.00 1.00      0      0      0
pse_exactobject  vanu_cluster_pinwheel                     10096     747.64    1183.50      91.78 1.00 1.00 1.00      0      0      0
pse_exactobject  vanu_carport                              10097     936.45    1125.97      76.04 1.00 1.00 1.00      0      0  12848
pse_exactobject  vanu_cluster_small                        10098     776.62    1281.07      84.72 1.00 1.00 1.00      0      0  13479
pse_exactobject  vanu_tower_light                          10099    1303.08     965.25      79.83 1.00 1.00 1.00      0      0   7575
pse_exactobject  vanu_tower_heavy                          10100    1378.83    1192.41      86.36 1.00 1.00 1.00      0      0      0
pse_exactobject  ceiling_bldg_a                            10101    1260.11    1049.16     170.44 1.00 1.00 1.00      0      0   9600 "E7"
pse_exactobject  ceiling_bldg_g                            10102     828.34    1023.68     163.71 1.00 1.00 1.00      0      0      0 "W3"
pse_exactobject  ceiling_bldg_b                            10103    1014.06     873.97     162.94 1.00 1.00 1.00      0      0   3865 "S3"
pse_exactobject  ceiling_bldg_f                            10104    1059.44    1115.66     174.49 1.00 1.00 1.00      0      0   5258 "N2"
pse_exactobject  ceiling_bldg_e                            10105    1128.06     914.38     179.45 1.00 1.00 1.00      0      0   2024 "E1"
pse_exactobject  vanu_vehicle_station                      10106     739.86    1264.38      82.37 1.00 1.00 1.00      0      0  14989 "AT Plant North"
pse_exactobject  ground_bldg_z                             10107    1207.32     852.88      95.64 1.00 1.00 1.00      0      0   8192 "E4"
pse_exactobject  vanu_block_ramp_soldier                   10108     899.22    1042.40      65.97 1.00 1.00 1.00      0      0  16157
pse_exactobject  vanu_block_ramp_soldier                   10109     949.37     720.96      72.27 1.00 1.00 1.00      0      0   9103
pse_exactobject  vanu_block_ramp_soldier                   10110    1083.68     799.83      67.47 1.00 1.00 1.00      0      0    683
pse_exactobject  vanu_block_ramp_soldier                   10111    1198.07     914.39      71.07 1.00 1.00 1.00      0      0  14523
pse_exactobject  vanu_block_ramp_soldier                   10112     840.56    1176.56      63.17 1.00 1.00 1.00      0      0   3863
pse_exactobject  vanu_block_ramp_soldier                   10113     682.55    1325.72      66.17 1.00 1.00 1.00      0      0   7959
pse_exactobject  vanu_block_ramp_soldier                   10114     655.68    1221.18      68.60 1.00 1.00 1.00      0      0   7959
pse_exactobject  ground_bldg_d                             10115    1055.42    1072.41     100.30 1.00 1.00 1.00      0      0   8631 "N1"
pse_exactobject  ground_bldg_d                             10116     975.70     689.58      94.32 1.00 1.00 1.00      0      0  10505 "S5"
pse_exactobject  vanu_carport                              10117    1299.39    1391.60      76.63 1.00 1.00 1.00      0      0   7554
pse_exactobject  vanu_carport                              10118     640.41     976.57      76.32 1.00 1.00 1.00      0      0  12443
pse_exactobject  vanu_carport                              10119     964.61     640.64      76.38 1.00 1.00 1.00      0      0  13955
pse_exactobject  vanu_carport_cave                         10120    1400.31     975.36      76.00 1.00 1.00 1.00      0      0   4943
pse_exactobject  vanu_carport_cave                         10121    1407.23    1182.74      76.75 1.00 1.00 1.00      0      0   5630
pse_exactobject  vanu_tanktrap_heavy                       10122    1020.33    1001.64     115.39 1.00 1.00 1.00      0      0      0
pse_exactobject  vanu_cluster_small                        10123    1016.20    1203.96      94.94 1.00 1.00 1.00      0      0   2975
pse_exactobject  vanu_sentry_turret                        10124    1045.77    1094.90     100.30 1.00 1.00 1.00      0      0   4751
pse_exactobject  vanu_sentry_turret                        10125     989.24    1112.19      97.47 1.00 1.00 1.00      0      0   8846
pse_exactobject  vanu_sentry_turret                        10126    1143.93    1173.62     137.22 1.00 1.00 1.00      0      0   6225
pse_exactobject  vanu_sentry_turret                        10127    1106.40    1091.20     115.81 1.00 1.00 1.00      0      0  10323
pse_exactobject  vanu_block_ramp_soldier                   10128     906.07    1214.21      63.49 1.00 1.00 1.00      0      0  12125
pse_exactobject  vanu_sentry_turret                        10129     980.25    1277.41      81.61 1.00 1.00 1.00      0      0  11142
pse_exactobject  vanu_cluster_palm                         10130     885.51    1331.67      87.21 1.00 1.00 1.00      0      0      0
pse_exactobject  vanu_sentry_turret                        10131     740.28    1248.13     102.29 1.00 1.00 1.00      0      0  13927
pse_exactobject  vanu_vehicle_station                      10132    1304.12     799.11      82.67 1.00 1.00 1.00      0      0   6464 "AT Plant South"
pse_exactobject  vanu_sentry_turret                        10133     902.72    1114.55      95.42 1.00 1.00 1.00      0      0    163
pse_exactobject  vanu_sentry_turret                        10134    1015.66    1207.81     100.65 1.00 1.00 1.00      0      0   4751
pse_exactobject  vanu_cluster_small                        10135     931.42    1263.98      85.50 1.00 1.00 1.00      0      0   3276
pse_exactobject  vanu_cluster_palm                         10136     889.83    1210.83      76.74 1.00 1.00 1.00      0      0   8357
pse_exactobject  vanu_cluster_aframe                       10137     989.53    1166.18      90.60 1.00 1.00 1.00      0      0  10814
pse_exactobject  vanu_cluster_aframe                       10138     827.94    1261.20      96.10 1.00 1.00 1.00      0      0  15401
pse_exactobject  vanu_sentry_turret                        10139     809.59    1107.17     106.13 1.00 1.00 1.00      0      0  16221
pse_exactobject  vanu_sentry_turret                        10140     882.78    1056.81      89.36 1.00 1.00 1.00      0      0  12780
pse_exactobject  vanu_sentry_turret                        10141     883.18     900.09     123.26 1.00 1.00 1.00      0      0   3934
pse_exactobject  vanu_cluster_pinwheel                     10142     852.16    1026.80      79.70 1.00 1.00 1.00      0      0   1802
pse_exactobject  vanu_sentry_turret                        10143     933.25     896.94     108.78 1.00 1.00 1.00      0      0   1146
pse_exactobject  vanu_sentry_turret                        10144    1020.39     934.87      98.43 1.00 1.00 1.00      0      0  16057
pse_exactobject  vanu_cluster_aframe                       10145     903.42     938.16      87.46 1.00 1.00 1.00      0      0   9503
pse_exactobject  vanu_block_ramp_simple                    10146     956.21    1055.66      77.07 1.00 1.00 1.00      0      0   9189
pse_exactobject  vanu_cluster_aframe                       10147    1023.37     893.98      87.00 1.00 1.00 1.00      0      0   4500
pse_exactobject  vanu_tanktrap_heavy                       10148    1068.05     823.44      81.20 1.00 1.00 1.00      0      0  11798
pse_exactobject  vanu_cluster_small                        10149    1097.61     887.39      84.60 1.00 1.00 1.00      0      0   3760
pse_exactobject  vanu_sentry_turret                        10150    1025.30     832.79     109.90 1.00 1.00 1.00      0      0  14255
pse_exactobject  vanu_sentry_turret                        10151    1181.47     838.23     101.14 1.00 1.00 1.00      0      0   7372
pse_exactobject  vanu_sentry_turret                        10152    1239.40     851.24      95.64 1.00 1.00 1.00      0      0  13599
pse_exactobject  vanu_sentry_turret                        10153    1158.52     731.05      90.93 1.00 1.00 1.00      0      0   5242
pse_exactobject  vanu_sentry_turret                        10154    1338.97     750.30     102.59 1.00 1.00 1.00      0      0  12125
pse_exactobject  vanu_sentry_turret                        10155    1340.08     875.21      92.40 1.00 1.00 1.00      0      0   2129
pse_exactobject  vanu_sentry_turret                        10156    1212.43     868.94     120.92 1.00 1.00 1.00      0      0   5242
pse_exactobject  vanu_cluster_small                        10157    1219.14     997.71      96.55 1.00 1.00 1.00      0      0  11297
pse_exactobject  vanu_sentry_turret                        10158    1219.12     993.40     102.26 1.00 1.00 1.00      0      0  11305
pse_exactobject !vanu_equipment_term                      200000    1050.16     654.59      94.56 1.00 1.00 1.00      0      0   8684
pse_exactobject !vanu_equipment_term                      200001    1015.53     643.92      94.56 1.00 1.00 1.00      0      0   4587
pse_exactobject !vanu_equipment_term                      200002    1048.62     890.34      92.65 1.00 1.00 1.00      0      0   6717
pse_exactobject !vanu_equipment_term                      200003    1075.73     880.84      92.65 1.00 1.00 1.00      0      0  14911
pse_exactobject !vanu_equipment_term                      200004    1263.08     997.75     100.83 1.00 1.00 1.00      0      0   8191
pse_exactobject !vanu_equipment_term                      200005    1263.42    1014.84     100.83 1.00 1.00 1.00      0      0      0
pse_exactobject !vanu_equipment_term                      200006     901.33     949.30     176.04 1.00 1.00 1.00      0      0   8191
pse_exactobject !vanu_equipment_term                      200007     919.88     968.41     176.04 1.00 1.00 1.00      0      0  12289
pse_exactobject !vanu_equipment_term                      200008     867.18    1080.28      89.45 1.00 1.00 1.00      0      0    819
pse_exactobject !vanu_equipment_term                      200009     871.23    1068.00      89.45 1.00 1.00 1.00      0      0   9012
pse_exactobject !vanu_equipment_term                      200010    1007.58    1125.96      91.97 1.00 1.00 1.00      0      0   8191
pse_exactobject !vanu_equipment_term                      200011     996.15    1132.13      97.47 1.00 1.00 1.00      0      0   2129
pse_exactobject !vanu_equipment_term                      200012     968.73    1210.66     179.41 1.00 1.00 1.00      0      0    491
pse_exactobject !vanu_equipment_term                      200013     974.72    1169.48     179.41 1.00 1.00 1.00      0      0   8520
pse_exactobject !crystals_health_a                        200014     978.10     685.44      96.28 1.00 1.00 1.00      0      0      0
pse_exactobject !crystals_energy_a                        200015     973.29     693.69      96.28 1.00 1.00 1.00      0      0      0
pse_exactobject !crystals_energy_b                        200016     981.16     852.34     101.40 1.00 1.00 1.00      0      0      0
pse_exactobject !crystals_repair_b                        200017     989.85     856.29      96.40 1.00 1.00 1.00      0      0      0
pse_exactobject !crystals_repair_b                        200018    1009.39     891.04     168.44 1.00 1.00 1.00      0      0      0
pse_exactobject !crystals_health_a                        200019     997.47     936.40      98.43 1.00 1.00 1.00      0      0      0
pse_exactobject !crystals_energy_a                        200020     997.71     937.30      92.93 1.00 1.00 1.00      0      0      0
pse_exactobject !crystals_health_a                        200021    1207.19     849.69     106.62 1.00 1.00 1.00      0      0      0
pse_exactobject !crystals_repair_a                        200022    1207.37     855.28     106.62 1.00 1.00 1.00      0      0      0
pse_exactobject !crystals_energy_b                        200023    1214.79     841.47     101.14 1.00 1.00 1.00      0      0      0
pse_exactobject !crystals_energy_a                        200024    1136.86     934.16     179.44 1.00 1.00 1.00      0      0      0
pse_exactobject !crystals_health_a                        200025    1144.78     920.28     179.44 1.00 1.00 1.00      0      0      0
pse_exactobject !crystals_health_a                        200026    1256.20    1050.93     170.44 1.00 1.00 1.00      0      0      0
pse_exactobject !crystals_repair_a                        200027    1242.13    1056.84     170.44 1.00 1.00 1.00      0      0      0
pse_exactobject !crystals_health_a                        200028    1350.98    1147.12      89.94 1.00 1.00 1.00      0      0      0
pse_exactobject !crystals_repair_a                        200029    1355.19    1132.17      89.94 1.00 1.00 1.00      0      0      0
pse_exactobject !crystals_health_b                        200030    1055.56    1071.61     102.26 1.00 1.00 1.00      0      0      0
pse_exactobject !crystals_health_b                        200031    1069.99    1127.29     174.49 1.00 1.00 1.00      0      0      0
pse_exactobject !crystals_energy_a                        200032    1072.72    1136.35     179.49 1.00 1.00 1.00      0      0      0
pse_exactobject !crystals_health_b                        200033     828.19    1024.07     166.21 1.00 1.00 1.00      0      0      0
pse_exactobject !crystals_health_a                        200034     857.28    1126.68      87.35 1.00 1.00 1.00      0      0      0
pse_exactobject !crystals_energy_a                        200035     850.37    1137.01      87.35 1.00 1.00 1.00      0      0      0
pse_exactobject !crystals_repair_b                        200036     784.21    1114.95      97.55 1.00 1.00 1.00      0      0      0
pse_exactobject !crystals_energy_b                        200037     780.95    1102.97      97.55 1.00 1.00 1.00      0      0      0
pse_exactobject  crystals_health_a                         10159    1172.58     709.80      81.40 1.00 1.00 1.00      0      0      0
pse_exactobject  crystals_repair_a                         10160    1147.85     721.21      81.40 1.00 1.00 1.00      0      0      0
pse_exactobject  crystals_vehicle_b                        10161    1085.74     796.48      77.00 1.00 1.00 1.00      0      0      0
pse_exactobject  crystals_vehicle_a                        10162     981.45     618.72      72.29 1.00 1.00 1.00      0      0      0
pse_exactobject  crystals_vehicle_b                        10163    1261.36     704.71      72.29 1.00 1.00 1.00      0      0      0
pse_exactobject  crystals_vehicle_a                        10164     662.22     702.47      72.29 1.00 1.00 1.00      0      0      0
pse_exactobject  crystals_vehicle_a                        10165     634.69    1183.22      72.29 1.00 1.00 1.00      0      0      0
pse_exactobject  crystals_vehicle_b                        10166     887.93    1169.19      72.29 1.00 1.00 1.00      0      0      0
pse_exactobject  crystals_vehicle_a                        10167     822.91    1012.26      72.29 1.00 1.00 1.00      0      0      0
pse_exactobject  crystals_vehicle_a                        10168    1076.02    1292.78      72.29 1.00 1.00 1.00      0      0      0
pse_exactobject  crystals_vehicle_b                        10169    1126.04    1010.65      85.60 1.00 1.00 1.00      0      0      0
pse_exactobject  crystals_vehicle_a                        10170    1380.89    1277.35      72.29 1.00 1.00 1.00      0      0      0
pse_exactobject  Oshur_soldierA                            10171      64.00    -128.00       5.00 1.00 1.00 1.00      0      0      0
pse_exactobject  Oshur_soldierB                            10172      64.00    -128.00       5.00 1.00 1.00 1.00      0      0      0
pse_exactobject  Oshur_soldierC                            10173      64.00    -128.00       5.00 1.00 1.00 1.00      0      0      0
pse_exactobject  Oshur_soldierD                            10174      64.00    -128.00       5.00 1.00 1.00 1.00      0      0      0
pse_exactobject  vanu_wall_ramp                            10175    1181.83     730.08      78.14 1.00 1.00 1.00      0      0  10240
pse_exactobject  vanu_wall_ramp                            10176    1236.06     781.78      78.14 1.00 1.00 1.00      0      0   2047
pse_exactobject  tunnel_dead_end                           10177     288.00     896.00      72.50 1.00 1.00 1.00      0      0   8193
pse_exactobject  tunnel_dead_end                           10178    1072.00     192.00     112.50 1.00 1.00 1.00      0      0  12288
pse_exactobject  tunnel_dead_end                           10179    1792.00    1088.00      32.50 1.00 1.00 1.00      0      0      0
pse_exactobject  tunnel_dead_end                           10180     960.00    2080.00      92.50 1.00 1.00 1.00      0      0   4096
pse_exactobject  tunnelsuspensionbeam                      10181     288.00     736.00      72.50 1.00 1.00 1.00      0      0      0
pse_exactobject  tunnelsuspensionbeam                      10182     288.00     800.00      72.50 1.00 1.00 1.00      0      0      0
pse_exactobject  tunnelsuspensionbeam                      10183     384.00     672.00      72.50 1.00 1.00 1.00      0      0  12288
pse_exactobject  tunnelsuspensionbeam                      10184     320.00     864.00      72.50 1.00 1.00 1.00      0      0      0
pse_exactobject  tunnelsuspensionbeam                      10185     352.00     896.00      72.50 1.00 1.00 1.00      0      0  12288
pse_exactobject  tunnelsuspensionbeam                      10186     416.00     864.00      72.50 1.00 1.00 1.00      0      0  12288
pse_exactobject  tunnelsuspensionbeam                      10187     416.00     928.00      72.50 1.00 1.00 1.00      0      0  12288
pse_exactobject  tunnelsuspensionbeam                      10188     480.00     960.00      72.50 1.00 1.00 1.00      0      0  12288
pse_exactobject  tunnelsuspensionbeam                      10189     544.00     960.00      72.50 1.00 1.00 1.00      0      0  12288
pse_exactobject  tunnelsuspensionbeam                      10190     480.00     896.00      72.50 1.00 1.00 1.00      0      0  12288
pse_exactobject  tunnelsuspensionbeam                      10191     480.00     832.00      72.50 1.00 1.00 1.00      0      0  12288
pse_exactobject  tunnelsuspensionbeam                      10192     512.00     864.00      72.50 1.00 1.00 1.00      0      0   8191
pse_exactobject  tunnelsuspensionbeam                      10193     672.00     512.00      72.50 1.00 1.00 1.00      0      0   8191
pse_exactobject  tunnelsuspensionbeam                      10194     704.00     448.00      72.50 1.00 1.00 1.00      0      0   8191
pse_exactobject  tunnelsuspensionbeam                      10195     736.00     416.00      72.50 1.00 1.00 1.00      0      0   4095
pse_exactobject  tunnelsuspensionbeam                      10196     768.00     384.00      72.50 1.00 1.00 1.00      0      0      0
pse_exactobject  tunnelsuspensionbeam                      10197     800.00     352.00      72.50 1.00 1.00 1.00      0      0  12288
pse_exactobject  tunnelsuspensionbeam                      10198     864.00     352.00      72.50 1.00 1.00 1.00      0      0  12288
pse_exactobject  tunnelsuspensionbeam                      10199     896.00     320.00      72.50 1.00 1.00 1.00      0      0   8191
pse_exactobject  tunnelsuspensionbeam                      10200     960.00     320.00      72.50 1.00 1.00 1.00      0      0   8191
pse_exactobject  tunnelsuspensionbeam                      10201     960.00     384.00      72.50 1.00 1.00 1.00      0      0   8191
pse_exactobject  tunnelsuspensionbeam                      10202     992.00     448.00      72.50 1.00 1.00 1.00      0      0   8191
pse_exactobject  tunnelsuspensionbeam                      10203     928.00     288.00      72.50 1.00 1.00 1.00      0      0   4095
pse_exactobject  tunnelsuspensionbeam                      10204     928.00     288.00      72.50 1.00 1.00 1.00      0      0   4095
pse_exactobject  tunnelsuspensionbeam                      10205     896.00     256.00      72.50 1.00 1.00 1.00      0      0      0
pse_exactobject  tunnelsuspensionbeam                      10206     928.00     224.00      72.50 1.00 1.00 1.00      0      0  12288
pse_exactobject  tunnelsuspensionbeam                      10207    1120.00     224.00     112.50 1.00 1.00 1.00      0      0  12288
pse_exactobject  tunnelsuspensionbeam                      10208    1184.00     320.00     112.50 1.00 1.00 1.00      0      0   8191
pse_exactobject  tunnelsuspensionbeam                      10209    1216.00     384.00     112.50 1.00 1.00 1.00      0      0   8191
pse_exactobject  tunnelsuspensionbeam                      10210    1248.00     416.00     112.50 1.00 1.00 1.00      0      0   4095
pse_exactobject  tunnelsuspensionbeam                      10211    1312.00     416.00      92.50 1.00 1.00 1.00      0      0   4095
pse_exactobject  tunnelsuspensionbeam                      10212    1376.00     416.00      72.50 1.00 1.00 1.00      0      0   4095
pse_exactobject  tunnelsuspensionbeam                      10213    1408.00     448.00      72.50 1.00 1.00 1.00      0      0      0
pse_exactobject  tunnelsuspensionbeam                      10214    1408.00     512.00      72.50 1.00 1.00 1.00      0      0      0
pse_exactobject  tunnelsuspensionbeam                      10215    1536.00    1184.00      72.50 1.00 1.00 1.00      0      0  12288
pse_exactobject  tunnelsuspensionbeam                      10216    1600.00    1216.00      72.50 1.00 1.00 1.00      0      0  12288
pse_exactobject  tunnelsuspensionbeam                      10217    1664.00    1216.00      72.50 1.00 1.00 1.00      0      0  12288
pse_exactobject  tunnelsuspensionbeam                      10218    1728.00    1216.00      52.50 1.00 1.00 1.00      0      0  12288
pse_exactobject  tunnelsuspensionbeam                      10219    1760.00    1184.00      52.50 1.00 1.00 1.00      0      0   8191
pse_exactobject  tunnelsuspensionbeam                      10220    1760.00    1056.00      32.50 1.00 1.00 1.00      0      0   8191
pse_exactobject  tunnelsuspensionbeam                      10221    1728.00     992.00      32.50 1.00 1.00 1.00      0      0   8191
pse_exactobject  tunnelsuspensionbeam                      10222    1792.00     992.00      32.50 1.00 1.00 1.00      0      0   8191
pse_exactobject  tunnelsuspensionbeam                      10223    1760.00     896.00      52.50 1.00 1.00 1.00      0      0   4095
pse_exactobject  tunnelsuspensionbeam                      10224    1728.00     928.00      52.50 1.00 1.00 1.00      0      0      0
pse_exactobject  tunnelsuspensionbeam                      10225    1824.00     896.00      32.50 1.00 1.00 1.00      0      0  12288
pse_exactobject  tunnelsuspensionbeam                      10226    1824.00     960.00      32.50 1.00 1.00 1.00      0      0  12288
pse_exactobject  tunnelsuspensionbeam                      10227    1824.00     960.00      32.50 1.00 1.00 1.00      0      0  12288
pse_exactobject  tunnelsuspensionbeam                      10228    1888.00     928.00      32.50 1.00 1.00 1.00      0      0  12288
pse_exactobject  tunnelsuspensionbeam                      10229    1952.00    1024.00      32.50 1.00 1.00 1.00      0      0   8191
pse_exactobject  tunnelsuspensionbeam                      10230    1248.00    1472.00      72.50 1.00 1.00 1.00      0      0   8191
pse_exactobject  tunnelsuspensionbeam                      10231    1216.00    1536.00      72.50 1.00 1.00 1.00      0      0   8191
pse_exactobject  tunnelsuspensionbeam                      10232    1280.00    1536.00      72.50 1.00 1.00 1.00      0      0   8191
pse_exactobject  tunnelsuspensionbeam                      10233    1312.00    1600.00      72.50 1.00 1.00 1.00      0      0   8191
pse_exactobject  tunnelsuspensionbeam                      10234    1152.00    1600.00      72.50 1.00 1.00 1.00      0      0   8191
pse_exactobject  tunnelsuspensionbeam                      10235    1184.00    1568.00      72.50 1.00 1.00 1.00      0      0   4095
pse_exactobject  tunnelsuspensionbeam                      10236    1312.00    1664.00      92.50 1.00 1.00 1.00      0      0   8191
pse_exactobject  tunnelsuspensionbeam                      10237    1344.00    1696.00      92.50 1.00 1.00 1.00      0      0   4095
pse_exactobject  tunnelsuspensionbeam                      10238    1376.00    1728.00      92.50 1.00 1.00 1.00      0      0      0
pse_exactobject  tunnelsuspensionbeam                      10239    1376.00    1792.00      92.50 1.00 1.00 1.00      0      0      0
pse_exactobject  tunnelsuspensionbeam                      10240    1408.00    1856.00      92.50 1.00 1.00 1.00      0      0      0
pse_exactobject  tunnelsuspensionbeam                      10241    1408.00    1920.00      72.50 1.00 1.00 1.00      0      0      0
pse_exactobject  tunnelsuspensionbeam                      10242    1376.00    1952.00      72.50 1.00 1.00 1.00      0      0  12288
pse_exactobject  tunnelsuspensionbeam                      10243    1312.00    1952.00      92.50 1.00 1.00 1.00      0      0  12288
pse_exactobject  tunnelsuspensionbeam                      10244    1312.00    1952.00      92.50 1.00 1.00 1.00      0      0  12288
pse_exactobject  tunnelsuspensionbeam                      10245    1248.00    1952.00     112.50 1.00 1.00 1.00      0      0  12288
pse_exactobject  tunnelsuspensionbeam                      10246    1184.00    1952.00      92.50 1.00 1.00 1.00      0      0  12288
pse_exactobject  tunnelsuspensionbeam                      10247    1120.00    1952.00      92.50 1.00 1.00 1.00      0      0  12288
pse_exactobject  tunnelsuspensionbeam                      10248    1088.00    1984.00      92.50 1.00 1.00 1.00      0      0   8191
pse_exactobject  tunnelsuspensionbeam                      10249    1088.00    1920.00      92.50 1.00 1.00 1.00      0      0   8191
pse_exactobject  tunnelsuspensionbeam                      10250    1088.00    1856.00      72.50 1.00 1.00 1.00      0      0   8191
pse_exactobject  tunnelsuspensionbeam                      10251    1120.00    1824.00      72.50 1.00 1.00 1.00      0      0   4095
pse_exactobject  tunnelsuspensionbeam                      10252    1184.00    1824.00      92.50 1.00 1.00 1.00      0      0   4095
pse_exactobject  tunnelsuspensionbeam                      10253    1216.00    1792.00      92.50 1.00 1.00 1.00      0      0      0
pse_exactobject  tunnelsuspensionbeam                      10254    1184.00    1760.00      92.50 1.00 1.00 1.00      0      0  12288
pse_exactobject  tunnelsuspensionbeam                      10255    1152.00    1728.00      92.50 1.00 1.00 1.00      0      0   8191
pse_exactobject  tunnelsuspensionbeam                      10256    1152.00    1664.00      92.50 1.00 1.00 1.00      0      0   8191
pse_exactobject  tunnelsuspensionbeam                      10257     992.00    2048.00      92.50 1.00 1.00 1.00      0      0   4095
pse_exactobject  tunnelsuspensionbeam                      10258     928.00    2048.00      92.50 1.00 1.00 1.00      0      0   4095
pse_exactobject  tunnelsuspensionbeam                      10259     864.00    2016.00      92.50 1.00 1.00 1.00      0      0   4095
pse_exactobject  tunnelsuspensionbeam                      10260     832.00    1984.00      92.50 1.00 1.00 1.00      0      0      0
pse_exactobject  tunnelsuspensionbeam                      10261     800.00    1920.00      92.50 1.00 1.00 1.00      0      0      0
pse_exactobject  tunnelsuspensionbeam                      10262     768.00    1856.00      92.50 1.00 1.00 1.00      0      0      0
pse_exactobject  tunnelsuspensionbeam                      10263     736.00    1792.00      92.50 1.00 1.00 1.00      0      0      0
pse_exactobject  tunnelsuspensionbeam                      10264     800.00    1792.00      92.50 1.00 1.00 1.00      0      0      0
pse_exactobject  tunnelsuspensionbeam                      10265     832.00    1728.00      92.50 1.00 1.00 1.00      0      0      0
pse_exactobject  tunnelsuspensionbeam                      10266     704.00    1728.00      92.50 1.00 1.00 1.00      0      0      0
pse_exactobject  tunnelsuspensionbeam                      10267     736.00    1696.00      92.50 1.00 1.00 1.00      0      0  12288
pse_exactobject  tunnelsuspensionbeam                      10268     800.00    1696.00      92.50 1.00 1.00 1.00      0      0  12288
pse_exactobject  tunnelsuspensionbeam                      10269     832.00    1664.00      92.50 1.00 1.00 1.00      0      0   8191
pse_exactobject  tunnelsuspensionbeam                      10270     800.00    1600.00      92.50 1.00 1.00 1.00      0      0   8191
pse_exactobject  tunnelsuspensionbeam                      10271     800.00    1536.00      72.50 1.00 1.00 1.00      0      0   8191
pse_exactobject  tunnelsuspensionbeam                      10272     768.00    1472.00      72.50 1.00 1.00 1.00      0      0   8191
pse_exactobject  warpgate_cavern                           10273    1093.93    2082.30      80.82 1.00 1.00 1.00      0      0      0 "GW_Cavern6_N"
pse_exactobject  warpgate_cavern                           10274     281.98     637.77      60.83 1.00 1.00 1.00      0      0      0 "GW_Cavern6_W"
pse_exactobject  warpgate_cavern                           10275    1218.27     218.05     100.82 1.00 1.00 1.00      0      0      0 "GW_Cavern6_S"
pse_exactobject  warpgate_cavern                           10276    1986.27     922.08      20.82 1.00 1.00 1.00      0      0      0 "GW_Cavern6_E"
pse_exactobject  vanu_sentry_turret                        10277    1306.63     814.39     102.59 1.00 1.00 1.00      0      0   6225
pse_exactobject  vanu_sentry_turret                        10278    1103.21     909.09      81.32 1.00 1.00 1.00      0      0   1147
pse_exactobject !vanu_equipment_term                      200038    1198.76     961.62     167.40 1.00 1.00 1.00      0      0   9829
pse_exactobject !vanu_equipment_term                      200039    1193.54     969.01     167.40 1.00 1.00 1.00      0      0   1638
pse_exactobject  ground_bldg_z                             10279     875.59    1275.13      89.54 1.00 1.00 1.00      0      0  13654 "N6"
pse_exactobject  vanu_carport_cave                         10280     678.60    1094.28      76.80 1.00 1.00 1.00      0      0  13427
pse_exactobject  vanu_carport_cave                         10281     683.74     762.80      76.62 1.00 1.00 1.00      0      0  10233
pse_exactobject  vanu_carport                              10282     736.61     654.97      76.76 1.00 1.00 1.00      0      0    811
pse_exactobject  vanu_carport_cave                         10283     800.34    1015.53      75.41 1.00 1.00 1.00      0      0    683
pse_exactobject  vanu_carport_cave                         10284     827.59     737.20      76.62 1.00 1.00 1.00      0      0   5752
pse_exactobject  vanu_block_ramp_soldier                   10285    1021.13     738.89      72.27 1.00 1.00 1.00      0      0    520
pse_exactobject  vanu_carport_cave                         10286    1019.87    1398.61      76.64 1.00 1.00 1.00      0      0   8887
pse_exactobject  vanu_carport_cave                         10287    1163.73     644.55      76.69 1.00 1.00 1.00      0      0   2038
pse_exactobject  vanu_carport_cave                         10288    1188.36     968.90      80.84 1.00 1.00 1.00      0      0  15763
pse_exactobject  ceiling_bldg_z                            10289     925.94    1113.67     188.72 1.00 1.00 1.00      0      0  10136 "W2"
pse_exactobject !crystals_energy_b                        200040     908.36    1092.51     183.92 1.00 1.00 1.00      0      0      0
pse_exactobject !crystals_repair_b                        200041     942.13    1123.50     183.92 1.00 1.00 1.00      0      0      0
pse_exactobject  vanu_sentry_turret                        10290     901.13    1260.92      95.04 1.00 1.00 1.00      0      0  13598
pse_exactobject  vanu_sentry_turret                        10291     850.20    1289.34      95.04 1.00 1.00 1.00      0      0   5242
pse_exactobject !crystals_energy_b                        200042     865.70    1262.73     100.52 1.00 1.00 1.00      0      0      0
pse_exactobject !crystals_repair_b                        200043     863.94    1268.32     110.54 1.00 1.00 1.00      0      0      0
pse_exactobject !crystals_health_b                        200044     887.15    1281.71     110.54 1.00 1.00 1.00      0      0      0
pse_exactobject  ceiling_bldg_c                            10292    1125.87    1035.29     171.46 1.00 1.00 1.00      0      0    986 "E2"
pse_exactobject !crystals_energy_a                        200045    1166.34    1055.68     171.46 1.00 1.00 1.00      0      0      0
pse_exactobject !crystals_repair_b                        200046    1150.52    1049.52     171.46 1.00 1.00 1.00      0      0      0
pse_exactobject  zipline                                   10293     628.23     918.32     117.38 1.00 1.00 1.00      0    119   2129
pse_exactobject  zipline                                   10294     782.59    1082.64     107.03 1.00 1.00 1.00      0    119   2129
pse_exactobject !stationaryteleportpad                    200047     701.07    1230.82      84.92 1.00 1.00 1.00      0      0  10835
pse_exactobject !stationaryteleportpad                    200048     696.22    1223.04     102.35 1.00 1.00 1.00      0      0  10835
pse_exactobject !stationaryteleportpad                    200049     736.48    1292.55     102.35 1.00 1.00 1.00      0      0  11333
pse_exactobject !stationaryteleportpad                    200050     733.30    1284.24      84.92 1.00 1.00 1.00      0      0  11335
pse_exactobject  zipline                                   10295     766.60    1101.09     107.03 1.00 1.00 1.00      0  16272  10461
pse_exactobject  zipline                                   10296     614.32     920.66     117.20 1.00 1.00 1.00      0  16272  10461
pse_exactobject  zipline                                   10297     797.26    1095.98     107.03 1.00 1.00 1.00      0  15019  13496
pse_exactobject  zipline                                   10298     821.79    1046.85     163.71 1.00 1.00 1.00      0  15019  13496
pse_exactobject  zipline                                   10299     830.32    1048.31     163.71 1.00 1.00 1.00      0  16143   2443
pse_exactobject  zipline                                   10300     930.35    1184.38     179.41 1.00 1.00 1.00      0  16143   2443
pse_exactobject  zipline                                   10301     831.27    1000.38     163.71 1.00 1.00 1.00      0  15941  14781
pse_exactobject  zipline                                   10302     878.28     967.18     173.59 1.00 1.00 1.00      0  15941  14781
pse_exactobject  zipline                                   10303     850.91    1030.28     163.96 1.00 1.00 1.00      0   1365   3777
pse_exactobject  zipline                                   10304     862.52    1124.98      96.34 1.00 1.00 1.00      0   1365   3777
pse_exactobject !stationaryteleportpad                    200051     872.54    1280.26     106.09 1.00 1.00 1.00      0      0   1834
pse_exactobject !stationaryteleportpad                    200052     873.17    1280.79     100.57 1.00 1.00 1.00      0      0   1834
pse_exactobject  zipline                                   10305     877.18     991.85     174.85 1.00 1.00 1.00      0    487   5843
pse_exactobject  zipline                                   10306     851.87    1023.79     167.14 1.00 1.00 1.00      0    487   5843
pse_exactobject !stationaryteleportpad                    200053     877.48    1269.25     100.57 1.00 1.00 1.00      0      0  15478
pse_exactobject !stationaryteleportpad                    200054     879.57    1268.49     106.09 1.00 1.00 1.00      0      0  15478
pse_exactobject  zipline                                   10307     888.37     938.96     173.22 1.00 1.00 1.00      0    219  14887
pse_exactobject  zipline                                   10308     990.56     872.86     162.95 1.00 1.00 1.00      0    219  14887
pse_exactobject  zipline                                   10309     890.76    1249.27     106.04 1.00 1.00 1.00      0  15019  13833
pse_exactobject  zipline                                   10310     930.98    1189.48     179.41 1.00 1.00 1.00      0  15019  13833
pse_exactobject  zipline                                   10311     906.22     993.37     173.51 1.00 1.00 1.00      0  15937   4151
pse_exactobject  zipline                                   10312     904.34    1081.13     188.72 1.00 1.00 1.00      0  15937   4151
pse_exactobject  zipline                                   10313     897.30    1088.55     188.72 1.00 1.00 1.00      0    830   9765
pse_exactobject  zipline                                   10314     834.80    1045.52     163.71 1.00 1.00 1.00      0    830   9765
pse_exactobject  zipline                                   10315     919.03     892.66     123.26 1.00 1.00 1.00      0    266   2759
pse_exactobject  zipline                                   10316     946.68     941.79     117.47 1.00 1.00 1.00      0    266   2759
pse_exactobject  zipline                                   10317     935.45    1097.10     177.26 1.00 1.00 1.00      0    163  13665
pse_exactobject  zipline                                   10318     987.27    1008.20     170.78 1.00 1.00 1.00      0    163  13665
pse_exactobject  zipline                                   10319     931.49    1179.55     179.41 1.00 1.00 1.00      0  15879  13099
pse_exactobject  zipline                                   10320     946.00    1134.39     188.72 1.00 1.00 1.00      0  15879  13099
pse_exactobject  zipline                                   10321     935.57     942.41     117.47 1.00 1.00 1.00      0  16115  10920
pse_exactobject  zipline                                   10322     907.58     894.06     123.26 1.00 1.00 1.00      0  16115  10920
pse_exactobject  zipline                                   10323     941.35     952.90     117.45 1.00 1.00 1.00      0     86   1284
pse_exactobject  zipline                                   10324     997.19     982.88     115.34 1.00 1.00 1.00      0     86   1284
pse_exactobject !stationaryteleportpad                    200055     979.74     928.34      92.97 1.00 1.00 1.00  16383  16376   8886
pse_exactobject !stationaryteleportpad                    200056     979.44     928.26      98.48 1.00 1.00 1.00      0  16383   8886
pse_exactobject  zipline                                   10325     988.07     993.86     170.75 1.00 1.00 1.00      0  16275   8707
pse_exactobject  zipline                                   10326     930.18     982.28     173.22 1.00 1.00 1.00      0  16275   8707
pse_exactobject  zipline                                   10327     992.54     893.13     162.95 1.00 1.00 1.00      0  16009   6285
pse_exactobject  zipline                                   10328     925.30     953.45     176.04 1.00 1.00 1.00      0  16009   6285
pse_exactobject  zipline                                   10329    1003.96     971.90     115.34 1.00 1.00 1.00      0  16295   9436
pse_exactobject  zipline                                   10330     948.74     943.36     117.47 1.00 1.00 1.00      0  16295   9436
pse_exactobject  zipline                                   10331    1004.14     905.18     163.09 1.00 1.00 1.00      0  16052   3595
pse_exactobject  zipline                                   10332    1015.49     963.55     170.72 1.00 1.00 1.00      0  16052   3595
pse_exactobject  zipline                                   10333    1005.40    1400.08     122.16 1.00 1.00 1.00      0    243   9791
pse_exactobject  zipline                                   10334     864.79    1301.18     106.04 1.00 1.00 1.00      0    243   9791
pse_exactobject !stationaryteleportpad                    200057    1006.21    1018.30     175.83 1.00 1.00 1.00      0      0  15134
pse_exactobject !stationaryteleportpad                    200058    1006.33    1018.24     180.83 1.00 1.00 1.00      0      0  15132
pse_exactobject !stationaryteleportpad                    200059    1006.30     869.10     162.98 1.00 1.00 1.00      0  16376  11904
pse_exactobject !stationaryteleportpad                    200060    1006.26     868.83     168.49 1.00 1.00 1.00      0  16383  11904
pse_exactobject !stationaryteleportpad                    200061    1007.40     983.65     170.83 1.00 1.00 1.00      0      0    828
pse_exactobject !stationaryteleportpad                    200062    1007.46     983.67     175.83 1.00 1.00 1.00      0      0    828
pse_exactobject !stationaryteleportpad                    200063    1008.93    1018.17     165.83 1.00 1.00 1.00      0      0   9502
pse_exactobject !stationaryteleportpad                    200064    1008.89    1018.15     170.83 1.00 1.00 1.00      0      0   9502
pse_exactobject  zipline                                   10335    1010.16     834.84     110.59 1.00 1.00 1.00      0  15275   5898
pse_exactobject  zipline                                   10336     918.12     946.10     176.04 1.00 1.00 1.00      0  15275   5898
pse_exactobject  zipline                                   10337    1012.99    1201.24     179.41 1.00 1.00 1.00      0    720   4004
pse_exactobject  zipline                                   10338    1020.02    1402.67     122.21 1.00 1.00 1.00      0    720   4004
pse_exactobject  zipline                                   10339    1014.40    1192.40     179.41 1.00 1.00 1.00      0    177  12642
pse_exactobject  zipline                                   10340    1024.25    1120.21     174.45 1.00 1.00 1.00      0    177  12642
pse_exactobject !stationaryteleportpad                    200065    1015.77    1144.39      92.01 1.00 1.00 1.00  16376      0   6020
pse_exactobject !stationaryteleportpad                    200066    1015.30    1144.91      97.52 1.00 1.00 1.00  16383      0   6020
pse_exactobject  zipline                                   10341    1018.08     962.35     175.78 1.00 1.00 1.00      0   1365   9743
pse_exactobject  zipline                                   10342     948.20     915.09     101.99 1.00 1.00 1.00      0   1365   9743
pse_exactobject  zipline                                   10343    1019.60    1038.77     180.75 1.00 1.00 1.00      0    247   3816
pse_exactobject  zipline                                   10344    1026.67    1104.45     174.45 1.00 1.00 1.00      0    247   3816
pse_exactobject  zipline                                   10345    1019.60    1108.07     174.45 1.00 1.00 1.00      0  15853   7378
pse_exactobject  zipline                                   10346     953.85    1129.27     188.72 1.00 1.00 1.00      0  15853   7378
pse_exactobject  zipline                                   10347    1028.22    1036.73     175.78 1.00 1.00 1.00      0   1365   4459
pse_exactobject  zipline                                   10348    1014.17    1136.95     111.65 1.00 1.00 1.00      0   1365   4459
pse_exactobject  zipline                                   10349    1029.71     964.59     175.78 1.00 1.00 1.00      0   1365  13388
pse_exactobject  zipline                                   10350    1062.96     890.47     101.64 1.00 1.00 1.00      0   1365  13388
pse_exactobject  zipline                                   10351    1030.36     963.63     170.72 1.00 1.00 1.00      0  15899  15641
pse_exactobject  zipline                                   10352    1102.77     942.40     184.94 1.00 1.00 1.00      0  15899  15641
pse_exactobject !stationaryteleportpad                    200067    1041.41    1017.87     175.83 1.00 1.00 1.00      0      0   1899
pse_exactobject !stationaryteleportpad                    200068    1041.58    1018.02     165.83 1.00 1.00 1.00      0      0   1899
pse_exactobject !stationaryteleportpad                    200069    1042.55     983.34     180.83 1.00 1.00 1.00      0      0  15199
pse_exactobject !stationaryteleportpad                    200070    1042.78     983.23     175.83 1.00 1.00 1.00      0      0  15199
pse_exactobject !stationaryteleportpad                    200071    1042.97     984.25     170.83 1.00 1.00 1.00      0      0  13924
pse_exactobject !stationaryteleportpad                    200072    1043.03     984.17     165.83 1.00 1.00 1.00      0      0  13926
pse_exactobject  zipline                                   10353    1047.05    1122.06     106.26 1.00 1.00 1.00      0  15464  10382
pse_exactobject  zipline                                   10354     925.74     986.79     173.22 1.00 1.00 1.00      0  15464  10382
pse_exactobject  zipline                                   10355    1050.18     996.47     115.34 1.00 1.00 1.00      0  16227   1364
pse_exactobject  zipline                                   10356    1100.71    1025.61     118.88 1.00 1.00 1.00      0  16227   1364
pse_exactobject  zipline                                   10357    1062.23    1012.16     180.90 1.00 1.00 1.00      0    495    927
pse_exactobject  zipline                                   10358    1108.19    1029.23     171.46 1.00 1.00 1.00      0    495    927
pse_exactobject  zipline                                   10359    1064.67     626.33     101.20 1.00 1.00 1.00      0  16210  15831
pse_exactobject  zipline                                   10360    1150.82     607.77     107.10 1.00 1.00 1.00      0  16210  15831
pse_exactobject  zipline                                   10361    1080.84    1098.01     174.46 1.00 1.00 1.00      0  16162  10486
pse_exactobject  zipline                                   10362    1033.70    1041.05     180.79 1.00 1.00 1.00      0  16162  10486
pse_exactobject  zipline                                   10363    1094.15    1103.92     174.48 1.00 1.00 1.00      0    292  14392
pse_exactobject  zipline                                   10364    1131.29    1068.32     168.68 1.00 1.00 1.00      0    292  14392
pse_exactobject  zipline                                   10365    1100.57    1029.48     118.88 1.00 1.00 1.00      0    159   8199
pse_exactobject  zipline                                   10366    1042.66    1029.33     115.34 1.00 1.00 1.00      0    159   8199
pse_exactobject  zipline                                   10367    1100.78     938.99     184.94 1.00 1.00 1.00      0    611   9579
pse_exactobject  zipline                                   10368    1021.23     892.21     162.89 1.00 1.00 1.00      0    611   9579
pse_exactobject  zipline                                   10369    1103.72    1034.32     118.88 1.00 1.00 1.00      0  15890   3412
pse_exactobject  zipline                                   10370    1128.49    1126.62     137.22 1.00 1.00 1.00      0  15890   3412
pse_exactobject  zipline                                   10371    1111.65    1051.98     171.46 1.00 1.00 1.00      0  16241   5356
pse_exactobject  zipline                                   10372    1086.38    1100.13     174.47 1.00 1.00 1.00      0  16241   5356
pse_exactobject  zipline                                   10373    1119.84     953.53     179.68 1.00 1.00 1.00      0  16344   6599
pse_exactobject  zipline                                   10374    1064.10     992.54     180.73 1.00 1.00 1.00      0  16344   6599
pse_exactobject  zipline                                   10375    1122.09    1126.96     137.22 1.00 1.00 1.00      0    497  11680
pse_exactobject  zipline                                   10376    1100.12    1034.58     118.88 1.00 1.00 1.00      0    497  11680
pse_exactobject  zipline                                   10377    1133.08     903.81     179.45 1.00 1.00 1.00      0    227  16034
pse_exactobject  zipline                                   10378    1242.36     889.02     170.16 1.00 1.00 1.00      0    227  16034
pse_exactobject  zipline                                   10379    1154.56     615.22     107.12 1.00 1.00 1.00      0    305   6898
pse_exactobject  zipline                                   10380    1060.82     665.93      94.57 1.00 1.00 1.00      0    305   6898
pse_exactobject  zipline                                   10381    1173.53     947.86     165.42 1.00 1.00 1.00      0  15019   8926
pse_exactobject  zipline                                   10382    1145.15     939.66     184.94 1.00 1.00 1.00      0  15019   8926
pse_exactobject  zipline                                   10383    1177.35     857.50     112.14 1.00 1.00 1.00      0  15019   6488
pse_exactobject  zipline                                   10384    1122.30     899.62     179.45 1.00 1.00 1.00      0  15019   6488
pse_exactobject  zipline                                   10385    1176.80    1039.92     171.46 1.00 1.00 1.00      0     43  16154
pse_exactobject  zipline                                   10386    1239.27    1034.40     170.42 1.00 1.00 1.00      0     43  16154
pse_exactobject  zipline                                   10387    1177.82     984.92     165.43 1.00 1.00 1.00      0  16062   4428
pse_exactobject  zipline                                   10388    1171.66    1033.01     171.46 1.00 1.00 1.00      0  16062   4428
pse_exactobject !stationaryteleportpad                    200073    1202.17     852.92     112.19 1.00 1.00 1.00      0      0   5393
pse_exactobject !stationaryteleportpad                    200074    1201.18     854.74     106.67 1.00 1.00 1.00      0      0   5395
pse_exactobject !stationaryteleportpad                    200075    1213.36     851.26     106.67 1.00 1.00 1.00      0      0   5048
pse_exactobject !stationaryteleportpad                    200076    1212.82     852.66     112.19 1.00 1.00 1.00      0      0   5050
pse_exactobject  zipline                                   10389    1213.70     680.90     132.76 1.00 1.00 1.00      0    821  10734
pse_exactobject  zipline                                   10390    1169.53     615.81     107.14 1.00 1.00 1.00      0    821  10734
pse_exactobject  zipline                                   10391    1224.86     696.31     132.08 1.00 1.00 1.00      0    337   3887
pse_exactobject  zipline                                   10392    1237.09     848.84     112.14 1.00 1.00 1.00      0    337   3887
pse_exactobject  zipline                                   10393    1231.32     872.48     101.14 1.00 1.00 1.00      0  16177   2420
pse_exactobject  zipline                                   10394    1296.62     959.71     109.82 1.00 1.00 1.00      0  16177   2420
pse_exactobject  zipline                                   10395    1251.86    1025.85     175.94 1.00 1.00 1.00      0    564  10510
pse_exactobject  zipline                                   10396    1221.81     988.86     165.46 1.00 1.00 1.00      0    564  10510
pse_exactobject  zipline                                   10397    1280.51    1055.38     170.44 1.00 1.00 1.00      0    824   2479
pse_exactobject  zipline                                   10398    1376.51    1189.92     116.36 1.00 1.00 1.00      0    824   2479
pse_exactobject  zipline                                   10399    1299.49     972.02     109.84 1.00 1.00 1.00      0    639   7790
pse_exactobject  zipline                                   10400    1254.09     979.07      98.34 1.00 1.00 1.00      0    639   7790
pse_exactobject !stationaryteleportpad                    200077    1304.14     770.52     102.65 1.00 1.00 1.00      0      0   2849
pse_exactobject !stationaryteleportpad                    200078    1307.89     777.75      85.22 1.00 1.00 1.00      0      0   2849
pse_exactobject  zipline                                   10401    1307.03     962.56     109.83 1.00 1.00 1.00      0  15019   8700
pse_exactobject  zipline                                   10402    1212.93     944.00     165.45 1.00 1.00 1.00      0  15019   8700
pse_exactobject !stationaryteleportpad                    200079    1346.96     827.54      85.22 1.00 1.00 1.00      0      0   2534
pse_exactobject !stationaryteleportpad                    200080    1351.63     834.39     102.65 1.00 1.00 1.00      0      0   2536
pse_exactobject  zipline                                   10403    1356.84     753.65     110.23 1.00 1.00 1.00      0  15964   9408
pse_exactobject  zipline                                   10404    1235.67     692.67     132.29 1.00 1.00 1.00      0  15964   9408
pse_exactobject  stationaryteleportpad                     10405    1374.00    1180.75      83.40 1.00 1.00 1.00      0      0   3681
pse_exactobject  stationaryteleportpad                     10406    1376.64    1197.21     116.41 1.00 1.00 1.00      0      0   3679
pse_exactobject  zipline                                   10407    1376.10    1104.82     107.19 1.00 1.00 1.00      0  15052   9084
pse_exactobject  zipline                                   10408    1269.79    1067.00     170.44 1.00 1.00 1.00      0  15052   9084
pse_exactobject  stationaryteleportpad                     10409    1381.24    1195.83     116.41 1.00 1.00 1.00      0      0  12811
pse_exactobject  stationaryteleportpad                     10410    1384.16    1181.39      83.40 1.00 1.00 1.00      0      0  12811
pse_exactobject  zipline                                   10411    1381.50    1187.47     116.36 1.00 1.00 1.00      0    319  12583
pse_exactobject  zipline                                   10412    1389.99    1112.66     107.09 1.00 1.00 1.00      0    319  12583
pse_exactobject  ground_bldg_h                             10413    1063.36    1197.96     104.38 1.00 1.00 1.00      0      0   8638 "N4"
pse_exactobject !crystals_repair_a                        200081    1069.50    1193.65     106.88 1.00 1.00 1.00      0      0      0
pse_exactobject !crystals_energy_b                        200082    1057.16    1202.37     106.88 1.00 1.00 1.00      0      0      0
pse_exactobject  tunnelsuspensionbeam                      10414     992.00     224.00      92.30 1.00 1.00 1.00      0      0  12288
pse_exactobject  tunnelsuspensionbeam                      10415    1056.00     224.00     112.10 1.00 1.00 1.00      0      0  12288
pse_exactobject  tunnelsuspensionbeam                      10416    1760.00    1120.00      32.20 1.00 1.00 1.00      0      0   8191
