pse_exactobject  vanu_core                                 10000    1093.35     991.55     292.73 1.00 1.00 1.00      0      0      0 "Annwn Core Complex"
pse_exactobject  ground_bldg_d                             10001    1193.17    1133.19     320.03 1.00 1.00 1.00      0      0      0
pse_exactobject  ceiling_bldg_b                            10002    1192.36    1130.14     256.99 1.00 1.00 1.00      0      0      0
pse_exactobject  vanu_control_point                        10003    1232.73     922.42     322.62 1.00 1.00 1.00      0      0  10172
pse_exactobject  ceiling_bldg_d                            10004    1208.22     913.48     275.19 1.00 1.00 1.00      0      0   8414
pse_exactobject  ground_bldg_b                             10005    1113.49     784.48     241.05 1.00 1.00 1.00      0      0   1795
pse_exactobject  ground_bldg_c                             10006    1260.71    1059.42     379.18 1.00 1.00 1.00      0      0   8741
pse_exactobject  ground_bldg_f                             10007    1090.77     844.07     321.32 1.00 1.00 1.00      0      0  14784
pse_exactobject  vanu_tower_light                          10008    1081.81     869.56     315.97 1.00 1.00 1.00      0      0   2931
pse_exactobject  ceiling_bldg_z                            10009    1068.84     852.69     258.04 1.00 1.00 1.00      0      0  14407
pse_exactobject  vanu_cluster_pinwheel                     10010    1240.41     940.17     394.52 1.00 1.00 1.00      0      0      0
pse_exactobject  vanu_cluster_2way                         10011    1360.39    1102.43     304.41 1.00 1.00 1.00      0      0   6687
pse_exactobject  vanu_control_point                        10012     995.33    1106.69     329.62 1.00 1.00 1.00      0      0  10107
pse_exactobject  ceiling_bldg_i                            10013     989.84    1093.24     286.02 1.00 1.00 1.00      0      0      0
pse_exactobject  ground_bldg_c                             10014     996.82     984.32     310.70 1.00 1.00 1.00      0      0   8741
pse_exactobject  ceiling_bldg_b                            10015     978.80     980.41     242.69 1.00 1.00 1.00      0      0  14446
pse_exactobject  vanu_cluster_pinwheel                     10016     962.72     957.81     270.64 1.00 1.00 1.00   8191      0   1229
pse_exactobject  vanu_cluster_2way                         10017    1189.90    1097.93     293.97 1.00 1.00 1.00   8192      0  11066
pse_exactobject  vanu_cluster_palm                         10018    1159.85    1119.56     291.51 1.00 1.00 1.00   8190      0   1148
pse_exactobject  vanu_carport                              10019    1182.14    1033.70     355.96 1.00 1.00 1.00      0      0  12827
pse_exactobject  vanu_cluster_palm                         10020    1254.47    1061.58     336.09 1.00 1.00 1.00   7939      0      0
pse_exactobject  ground_bldg_e                             10021     978.04     851.77     235.98 1.00 1.00 1.00      0      0      0
pse_exactobject  vanu_tower_light                          10022     986.44     907.78     259.91 1.00 1.00 1.00      0      0   1094
pse_exactobject  ground_bldg_f                             10023    1123.70    1147.15     234.98 1.00 1.00 1.00      0      0  15727
pse_exactobject  vanu_tanktrap_light                       10024    1123.16    1142.40     209.73 1.00 1.00 1.00   8501      0      0
pse_exactobject  vanu_cluster_small                        10025    1121.34    1171.86     209.43 1.00 1.00 1.00   7976    327   2579
pse_exactobject  ground_bldg_i                             10026    1218.75    1051.94     287.43 1.00 1.00 1.00      0      0   1094
pse_exactobject  vanu_tower_heavy                          10027     940.62    1041.59     267.98 1.00 1.00 1.00      0      0   1622
pse_exactobject  vanu_cluster_2way                         10028     891.76    1025.97     268.50 1.00 1.00 1.00      0      0   7697
pse_exactobject  vanu_cluster_small                        10029     904.60    1074.83     269.90 1.00 1.00 1.00      0      0   2760
pse_exactobject  vanu_cluster_palm                         10030     890.33    1056.58     251.51 1.00 1.00 1.00   8346      0   8193
pse_exactobject  vanu_cluster_2way                         10031    1193.45    1186.74     248.11 1.00 1.00 1.00   8693      0      0
pse_exactobject  vanu_cluster_aframe                       10032    1190.09    1195.31     259.27 1.00 1.00 1.00    137      0      0
pse_exactobject  ceiling_bldg_z                            10033    1193.06    1036.80     234.92 1.00 1.00 1.00      0      0      0
pse_exactobject  vanu_cluster_aframe                       10034    1027.29     935.89     374.60 1.00 1.00 1.00    137      0      0
pse_exactobject  vanu_cluster_2way                         10035    1030.65     927.33     363.45 1.00 1.00 1.00   8693      0      0
pse_exactobject  vanu_tower_light                          10036    1092.83    1085.44     342.48 1.00 1.00 1.00   8192      0      0
pse_exactobject  vanu_tanktrap_heavy                       10037    1087.61    1085.20     355.35 1.00 1.00 1.00      0      0      0
pse_exactobject  ceiling_bldg_g                            10038    1142.28     928.25     402.85 1.00 1.00 1.00      0      0      0
pse_exactobject  ceiling_bldg_z                            10039    1015.45    1060.53     401.85 1.00 1.00 1.00      0      0      0
pse_exactobject  ground_bldg_a                             10040    1235.85    1129.52     189.73 1.00 1.00 1.00      0      0   2449
pse_exactobject  ground_bldg_z                             10041     954.47     849.74     178.40 1.00 1.00 1.00      0      0  13315
pse_exactobject  vanu_tower_light                          10042    1144.27     966.93     145.43 1.00 1.00 1.00      0      0   3046
pse_exactobject  vanu_tower_light                          10043    1019.40    1023.84     145.43 1.00 1.00 1.00      0      0  15784
pse_exactobject  vanu_tower_heavy                          10044    1116.52    1050.51     146.43 1.00 1.00 1.00      0      0      0
pse_exactobject  vanu_tower_heavy                          10045    1067.85     938.43     146.43 1.00 1.00 1.00      0      0  12793
pse_exactobject  vanu_vehicle_station                      10046     930.30    1141.53     164.95 1.00 1.00 1.00      0      0   3737
pse_exactobject  vanu_block_ramp                           10047    1211.93     955.07     143.10 1.00 1.00 1.00      0      0   4498
pse_exactobject  vanu_block_ramp                           10048    1038.97     808.96     154.21 1.00 1.00 1.00      0      0  15330
pse_exactobject  vanu_block_ramp_soldier                   10049     997.09     775.45     154.21 1.00 1.00 1.00      0      0  15336
pse_exactobject  vanu_block_ramp_soldier                   10050     862.30     913.01     154.21 1.00 1.00 1.00      0      0   5587
pse_exactobject  vanu_block_ramp                           10051     999.37     903.51     154.25 1.00 1.00 1.00      0      0   2097
pse_exactobject  vanu_block_ramp                           10052    1050.77     907.48     146.62 1.00 1.00 1.00      0      0  15461
pse_exactobject  vanu_block_ramp                           10053     880.40     952.77     154.21 1.00 1.00 1.00      0      0   7083
pse_exactobject  vanu_block_ramp                           10054     907.21    1010.02     149.10 1.00 1.00 1.00      0      0  10873
pse_exactobject  vanu_block_ramp                           10055     986.55    1025.24     149.06 1.00 1.00 1.00      0      0  14085
pse_exactobject  vanu_block_ramp                           10056    1001.66    1001.18     142.42 1.00 1.00 1.00      0      0  12776
pse_exactobject  vanu_block_ramp_simple                    10057    1045.87    1147.73     149.10 1.00 1.00 1.00      0      0   1789
pse_exactobject  vanu_block_ramp_soldier                   10058    1107.03    1121.44     144.78 1.00 1.00 1.00      0      0   7287
pse_exactobject  vanu_block_ramp_soldier                   10059    1175.76    1183.91     157.92 1.00 1.00 1.00      0      0   4928
pse_exactobject  vanu_block_ramp                           10060    1192.88    1205.14     157.92 1.00 1.00 1.00      0      0   7218
pse_exactobject  vanu_block_ramp                           10061    1301.65    1032.83     157.92 1.00 1.00 1.00      0      0  13229
pse_exactobject  vanu_block_ramp_simple                    10062    1092.04     895.18     135.88 1.00 1.00 1.00      0      0   9246
pse_exactobject  vanu_block_ramp_simple                    10063     969.19     944.55     154.21 1.00 1.00 1.00      0      0  15819
pse_exactobject  vanu_block_ramp_soldier                   10064    1040.30    1085.39     149.10 1.00 1.00 1.00      0      0  11090
pse_exactobject  vanu_block_ramp_soldier                   10065    1097.45    1055.76     136.58 1.00 1.00 1.00      0      0   2434
pse_exactobject  vanu_block_ramp_soldier                   10066    1055.31     967.10     136.58 1.00 1.00 1.00      0      0  13154
pse_exactobject  vanu_block_ramp_soldier                   10067    1107.09     967.66     138.68 1.00 1.00 1.00      0      0  13785
pse_exactobject  vanu_block_ramp_simple                    10068    1083.61    1027.82     139.35 1.00 1.00 1.00      0      0   5736
pse_exactobject  vanu_block_ramp_simple                    10069    1154.24     990.88     136.58 1.00 1.00 1.00      0      0  15813
pse_exactobject  vanu_block_ramp_soldier                   10070    1060.05     980.71     138.67 1.00 1.00 1.00      0      0   9008
pse_exactobject  vanu_cluster_aframe                       10071    1051.99    1215.32     281.49 1.00 1.00 1.00    125  16174  10888
pse_exactobject  vanu_cluster_2way                         10072    1048.07    1239.41     282.41 1.00 1.00 1.00      0      0  11846
pse_exactobject  vanu_cluster_pinwheel                     10073     840.32     945.23     287.50 1.00 1.00 1.00      0      0      0
pse_exactobject  vanu_tanktrap_light                       10074    1167.48     755.36     283.33 1.00 1.00 1.00      0      0   2117
pse_exactobject  vanu_cluster_small                        10075    1150.10     755.61     284.98 1.00 1.00 1.00      0      0   1023
pse_exactobject  vanu_wall_vehicle                         10076    1105.72    1096.84     148.43 1.00 1.00 1.00      0      0  13861
pse_exactobject  vanu_cluster_small                        10077    1107.62     953.11     153.93 1.00 1.00 1.00      0      0      0
pse_exactobject  vanu_tanktrap_light                       10078    1050.22     767.92     165.43 1.00 1.00 1.00      0      0      0
pse_exactobject  vanu_cluster_pinwheel                     10079    1175.11     809.30     158.31 1.00 1.00 1.00      0      0      0
pse_exactobject  vanu_cluster_small                        10080    1332.63    1019.15     336.42 1.00 1.00 1.00      0      0   1378
pse_exactobject !crystals_energy_a                        200000     942.18     829.50     184.04 1.00 1.00 1.00      0      0      0
pse_exactobject !vanu_equipment_term                      200001     966.38     869.59     183.81 1.00 1.00 1.00      0      0  15074
pse_exactobject !crystals_health_b                        200002     951.89     848.70     189.55 1.00 1.00 1.00      0      0   2785
pse_exactobject  vanu_equipment_term                       10081    1116.21     795.99     196.92 1.00 1.00 1.00      0      0   4096
pse_exactobject  vanu_equipment_term                       10082    1145.85     795.98     196.95 1.00 1.00 1.00      0      0  12287
pse_exactobject !crystals_energy_b                        200003    1208.18     913.62     277.35 1.00 1.00 1.00      0      0   4587
pse_exactobject  vanu_cluster_aframe                       10083    1124.84     767.07     238.07 1.00 1.00 1.00      0      0      0
pse_exactobject  vanu_sentry_turret                        10084    1016.37    1093.24     162.83 1.00 1.00 1.00      0      0      0
pse_exactobject  vanu_sentry_turret                        10085     903.84    1038.79     162.83 1.00 1.00 1.00      0      0      0
pse_exactobject  vanu_sentry_turret                        10086     972.24     908.83     167.96 1.00 1.00 1.00      0      0      0
pse_exactobject  vanu_cluster_pinwheel                     10087     915.16     904.49     168.94 1.00 1.00 1.00      0      0      0
pse_exactobject  vanu_sentry_turret                        10088    1025.41     863.67     167.94 1.00 1.00 1.00      0      0      0
pse_exactobject  vanu_sentry_turret                        10089    1114.24     862.02     156.83 1.00 1.00 1.00      0      0      0
pse_exactobject  vanu_sentry_turret                        10090    1191.93     930.74     156.83 1.00 1.00 1.00      0      0      0
pse_exactobject  vanu_tanktrap_light                       10091    1276.10     912.89     158.57 1.00 1.00 1.00      0      0      0
pse_exactobject  vanu_cluster_aframe                       10092     999.57     827.50     230.25 1.00 1.00 1.00      0      0      0
pse_exactobject  vanu_cluster_aframe                       10093     858.03     913.02     283.56 1.00 1.00 1.00      0      0   3276
pse_exactobject  vanu_cluster_aframe                       10094    1069.56    1144.56     226.72 1.00 1.00 1.00      0      0   3439
pse_exactobject  vanu_tanktrap_light                       10095    1172.36    1033.88     274.83 1.00 1.00 1.00      0      0      0
pse_exactobject  vanu_cluster_small                        10096    1046.02     861.97     315.55 1.00 1.00 1.00      0      0      0
pse_exactobject  vanu_cluster_small                        10097     947.66     943.09     288.11 1.00 1.00 1.00      0      0      0
pse_exactobject  vanu_cluster_palm                         10098     916.06    1041.57     262.33 1.00 1.00 1.00      0      0   3440
pse_exactobject  vanu_cluster_aframe                       10099     935.33    1012.89     263.37 1.00 1.00 1.00      0      0   3276
pse_exactobject  vanu_sentry_turret                        10100    1048.02     893.23     313.55 1.00 1.00 1.00      0      0      0
pse_exactobject  vanu_sentry_turret                        10101    1221.90    1003.16     357.58 1.00 1.00 1.00      0      0      0
pse_exactobject  vanu_sentry_turret                        10102    1342.12    1076.58     301.56 1.00 1.00 1.00      0      0      0
pse_exactobject  vanu_sentry_turret                        10103    1155.55     768.04     281.56 1.00 1.00 1.00      0      0      0
pse_exactobject  vanu_sentry_turret                        10104    1176.74    1075.21     158.51 1.00 1.00 1.00      0      0      0
pse_exactobject  vanu_sentry_turret                        10105    1273.43    1033.94     171.65 1.00 1.00 1.00      0      0      0
pse_exactobject  vanu_sentry_turret                        10106    1118.88    1017.24     150.31 1.00 1.00 1.00      0      0      0
pse_exactobject  vanu_sentry_turret                        10107    1078.71     970.70     150.32 1.00 1.00 1.00      0      0      0
pse_exactobject  vanu_sentry_turret                        10108    1158.30    1129.89     226.72 1.00 1.00 1.00      0      0      0
pse_exactobject  vanu_cluster_palm                         10109    1069.11    1144.05     327.30 1.00 1.00 1.00      0      0      0
pse_exactobject  warpgate_cavern                           10110     253.29    1123.65     220.95 1.00 1.00 1.00      0      0      0 "GW_Cavern5_W"
pse_exactobject  warpgate_cavern                           10111    1018.63     190.66     230.90 1.00 1.00 1.00      0      0      0 "GW_Cavern5_S"
pse_exactobject  warpgate_cavern                           10112    1860.20     893.34     231.08 1.00 1.00 1.00      0      0      0 "GW_Cavern5_E"
pse_exactobject  warpgate_cavern                           10113    1217.45    1790.01     231.29 1.00 1.00 1.00      0      0      0 "GW_Cavern5_N"
pse_exactobject  vanu_sentry_turret                        10114    1148.99    1139.10     309.56 1.00 1.00 1.00      0      0  14582
pse_exactobject  vanu_sentry_turret                        10115    1220.76    1109.93     309.56 1.00 1.00 1.00      0      0  14910
pse_exactobject  vanu_sentry_turret                        10116     917.33    1096.84     328.62 1.00 1.00 1.00      0      0      0
pse_exactobject  vanu_sentry_turret                        10117     941.49    1065.67     265.85 1.00 1.00 1.00      0      0      0
pse_exactobject  vanu_sentry_turret                        10118    1090.27    1143.01     328.62 1.00 1.00 1.00      0      0  16221
pse_exactobject  vanu_sentry_turret                        10119    1006.95    1040.83     328.62 1.00 1.00 1.00      0      0  12944
pse_exactobject  ceiling_bldg_j                            10120    1048.57    1135.38     275.22 1.00 1.00 1.00      0      0   5729
pse_exactobject  ceiling_bldg_j                            10121    1128.81     798.93     197.93 1.00 1.00 1.00      0      0      0
pse_exactobject  ceiling_bldg_a                            10122    1287.36     953.39     272.03 1.00 1.00 1.00      0      0  12707
pse_exactobject  ceiling_bldg_j                            10123    1013.22    1222.50     246.40 1.00 1.00 1.00      0      0   4891
pse_exactobject  vanu_cluster_palm                         10124     999.41    1216.51     279.36 1.00 1.00 1.00  16264    295    132
pse_exactobject  vanu_cluster_small                        10125    1172.19     891.82     322.58 1.00 1.00 1.00      0      0   7863
pse_exactobject  vanu_sentry_turret                        10126    1157.01     907.45     321.58 1.00 1.00 1.00      0      0      0
pse_exactobject  vanu_sentry_turret                        10127    1272.36     985.48     321.58 1.00 1.00 1.00      0      0      0
pse_exactobject  vanu_block                                10128    1317.21     948.40     303.07 1.00 1.00 1.00   8518      0  13108
pse_exactobject  vanu_cluster_2way                         10129    1348.40    1069.30     281.84 1.00 1.00 1.00   8192      0      0
pse_exactobject  vanu_tanktrap_light                       10130    1299.21     954.17     322.30 1.00 1.00 1.00      0      0      0
pse_exactobject  vanu_block_ramp_narrow                    10131    1159.54    1116.75     157.72 1.00 1.00 1.00      0      0  10225
pse_exactobject  vanu_block_ramp_narrow                    10132    1192.82    1030.43     144.48 1.00 1.00 1.00      0      0  10665
pse_exactobject  vanu_sentry_turret                        10133     987.05     936.85     289.22 1.00 1.00 1.00      0      0   1474
pse_exactobject  Forseral_soldierA                         10134       0.00       0.00       0.00 1.00 1.00 1.00      0      0      0
pse_exactobject  Forseral_soldierB                         10135       0.00       0.00       0.00 1.00 1.00 1.00      0      0      0
pse_exactobject  tunnelsuspensionbeam                      10136     736.00    1024.00     172.50 1.00 1.00 1.00      0      0  12288
pse_exactobject  tunnelsuspensionbeam                      10137     672.00    1056.00     172.50 1.00 1.00 1.00      0      0  12288
pse_exactobject  tunnelsuspensionbeam                      10138     608.00    1056.00     192.50 1.00 1.00 1.00      0      0  12288
pse_exactobject  tunnelsuspensionbeam                      10139     544.00    1056.00     212.50 1.00 1.00 1.00      0      0  12288
pse_exactobject  tunnelsuspensionbeam                      10140     480.00    1088.00     212.50 1.00 1.00 1.00      0      0  12288
pse_exactobject  tunnelsuspensionbeam                      10141     416.00    1088.00     232.50 1.00 1.00 1.00      0      0  12288
pse_exactobject  tunnelsuspensionbeam                      10142     352.00    1120.00     232.50 1.00 1.00 1.00      0      0  12288
pse_exactobject  tunnelsuspensionbeam                      10143     288.00    1024.00     232.50 1.00 1.00 1.00      0      0   8191
pse_exactobject  tunnelsuspensionbeam                      10144     320.00     960.00     232.50 1.00 1.00 1.00      0      0   8191
pse_exactobject  tunnelsuspensionbeam                      10145     352.00     928.00     232.50 1.00 1.00 1.00      0      0   4095
pse_exactobject  tunnelsuspensionbeam                      10146     416.00     896.00     232.50 1.00 1.00 1.00      0      0   4095
pse_exactobject  tunnelsuspensionbeam                      10147     480.00     896.00     252.50 1.00 1.00 1.00      0      0   4095
pse_exactobject  tunnelsuspensionbeam                      10148     544.00     896.00     272.50 1.00 1.00 1.00      0      0   4095
pse_exactobject  tunnelsuspensionbeam                      10149     608.00     928.00     272.50 1.00 1.00 1.00      0      0   4095
pse_exactobject  tunnelsuspensionbeam                      10150     672.00     928.00     272.50 1.00 1.00 1.00      0      0   4095
pse_exactobject  tunnelsuspensionbeam                      10151     736.00     928.00     292.50 1.00 1.00 1.00      0      0   4095
pse_exactobject  tunnelsuspensionbeam                      10152    1088.00     672.00     182.50 1.00 1.00 1.00      0      0      0
pse_exactobject  tunnelsuspensionbeam                      10153    1056.00     608.00     182.50 1.00 1.00 1.00      0      0      0
pse_exactobject  tunnelsuspensionbeam                      10154    1056.00     544.00     202.50 1.00 1.00 1.00      0      0      0
pse_exactobject  tunnelsuspensionbeam                      10155    1056.00     480.00     222.50 1.00 1.00 1.00      0      0      0
pse_exactobject  tunnelsuspensionbeam                      10156    1056.00     416.00     222.50 1.00 1.00 1.00      0      0      0
pse_exactobject  tunnelsuspensionbeam                      10157    1056.00     352.00     242.50 1.00 1.00 1.00      0      0      0
pse_exactobject  tunnelsuspensionbeam                      10158    1024.00     288.00     242.50 1.00 1.00 1.00      0      0      0
pse_exactobject  tunnelsuspensionbeam                      10159    1120.00     224.00     242.50 1.00 1.00 1.00      0      0  12288
pse_exactobject  tunnelsuspensionbeam                      10160    1184.00     256.00     242.50 1.00 1.00 1.00      0      0  12288
pse_exactobject  tunnelsuspensionbeam                      10161    1216.00     288.00     242.50 1.00 1.00 1.00      0      0   8191
pse_exactobject  tunnelsuspensionbeam                      10162    1216.00     352.00     242.50 1.00 1.00 1.00      0      0   8191
pse_exactobject  tunnelsuspensionbeam                      10163    1216.00     416.00     262.50 1.00 1.00 1.00      0      0   8191
pse_exactobject  tunnelsuspensionbeam                      10164    1216.00     480.00     282.50 1.00 1.00 1.00      0      0   8191
pse_exactobject  tunnelsuspensionbeam                      10165    1184.00     544.00     282.50 1.00 1.00 1.00      0      0   8191
pse_exactobject  tunnelsuspensionbeam                      10166    1184.00     608.00     282.50 1.00 1.00 1.00      0      0   8191
pse_exactobject  tunnelsuspensionbeam                      10167    1152.00     672.00     282.50 1.00 1.00 1.00      0      0   8191
pse_exactobject  tunnelsuspensionbeam                      10168    1440.00     960.00     182.50 1.00 1.00 1.00      0      0   4095
pse_exactobject  tunnelsuspensionbeam                      10169    1504.00     960.00     202.50 1.00 1.00 1.00      0      0   4095
pse_exactobject  tunnelsuspensionbeam                      10170    1568.00     960.00     222.50 1.00 1.00 1.00      0      0   4095
pse_exactobject  tunnelsuspensionbeam                      10171    1632.00     928.00     222.50 1.00 1.00 1.00      0      0   4095
pse_exactobject  tunnelsuspensionbeam                      10172    1696.00     928.00     242.50 1.00 1.00 1.00      0      0   4095
pse_exactobject  tunnelsuspensionbeam                      10173    1760.00     896.00     242.50 1.00 1.00 1.00      0      0   4095
pse_exactobject  tunnelsuspensionbeam                      10174    1824.00     992.00     242.50 1.00 1.00 1.00      0      0      0
pse_exactobject  tunnelsuspensionbeam                      10175    1792.00    1056.00     242.50 1.00 1.00 1.00      0      0      0
pse_exactobject  tunnelsuspensionbeam                      10176    1760.00    1088.00     242.50 1.00 1.00 1.00      0      0  12288
pse_exactobject  tunnelsuspensionbeam                      10177    1696.00    1120.00     242.50 1.00 1.00 1.00      0      0  12288
pse_exactobject  tunnelsuspensionbeam                      10178    1632.00    1120.00     262.50 1.00 1.00 1.00      0      0  12288
pse_exactobject  tunnelsuspensionbeam                      10179    1568.00    1120.00     282.50 1.00 1.00 1.00      0      0  12288
pse_exactobject  tunnelsuspensionbeam                      10180    1504.00    1088.00     282.50 1.00 1.00 1.00      0      0  12288
pse_exactobject  tunnelsuspensionbeam                      10181    1440.00    1088.00     302.50 1.00 1.00 1.00      0      0  12288
pse_exactobject  tunnelsuspensionbeam                      10182    1152.00    1312.00     182.50 1.00 1.00 1.00      0      0   8191
pse_exactobject  tunnelsuspensionbeam                      10183    1152.00    1376.00     202.50 1.00 1.00 1.00      0      0   8191
pse_exactobject  tunnelsuspensionbeam                      10184    1152.00    1440.00     222.50 1.00 1.00 1.00      0      0   8191
pse_exactobject  tunnelsuspensionbeam                      10185    1184.00    1504.00     222.50 1.00 1.00 1.00      0      0   8191
pse_exactobject  tunnelsuspensionbeam                      10186    1184.00    1568.00     222.50 1.00 1.00 1.00      0      0   8191
pse_exactobject  tunnelsuspensionbeam                      10187    1184.00    1632.00     242.50 1.00 1.00 1.00      0      0   8191
pse_exactobject  tunnelsuspensionbeam                      10188    1216.00    1696.00     242.50 1.00 1.00 1.00      0      0   8191
pse_exactobject  tunnelsuspensionbeam                      10189    1120.00    1760.00     242.50 1.00 1.00 1.00      0      0   4095
pse_exactobject  tunnelsuspensionbeam                      10190    1056.00    1728.00     242.50 1.00 1.00 1.00      0      0   4095
pse_exactobject  tunnelsuspensionbeam                      10191    1024.00    1696.00     242.50 1.00 1.00 1.00      0      0      0
pse_exactobject  tunnelsuspensionbeam                      10192     992.00    1632.00     242.50 1.00 1.00 1.00      0      0      0
pse_exactobject  tunnelsuspensionbeam                      10193     992.00    1568.00     262.50 1.00 1.00 1.00      0      0      0
pse_exactobject  tunnelsuspensionbeam                      10194     992.00    1504.00     282.50 1.00 1.00 1.00      0      0      0
pse_exactobject  tunnelsuspensionbeam                      10195    1024.00    1440.00     282.50 1.00 1.00 1.00      0      0      0
pse_exactobject  tunnelsuspensionbeam                      10196    1024.00    1376.00     282.50 1.00 1.00 1.00      0      0      0
pse_exactobject  tunnelsuspensionbeam                      10197    1024.00    1312.00     282.50 1.00 1.00 1.00      0      0      0
pse_exactobject  vanu_block_ramp_narrow                    10198    1145.99     896.55     142.80 1.00 1.00 1.00      0      0   6391
pse_exactobject  vanu_tanktrap_heavy                       10199    1299.14     942.87     164.43 1.00 1.00 1.00      0      0      0
pse_exactobject  vanu_tanktrap_light                       10200    1212.01     921.50     394.26 1.00 1.00 1.00     50    110  13737
pse_exactobject  vanu_tanktrap_heavy                       10201    1223.73    1025.07     339.04 1.00 1.00 1.00   8328    327      0
pse_exactobject  vanu_sentry_turret                        10202    1251.81    1016.94     273.16 1.00 1.00 1.00      0      0   4423
pse_exactobject  vanu_sentry_turret                        10203    1151.31    1053.73     272.84 1.00 1.00 1.00      0      0   7207
pse_exactobject  vanu_vehicle_station                      10204    1244.82     841.97     159.95 1.00 1.00 1.00      0      0  12457
pse_exactobject  crystals_vehicle_b                        10205    1082.83     979.32     152.80 1.00 1.00 1.00      0      0      0
pse_exactobject  crystals_vehicle_b                        10206    1108.98    1002.55     152.70 1.00 1.00 1.00      0      0      0
pse_exactobject  crystals_energy_b                         10207    1076.05     995.54     152.50 1.00 1.00 1.00      0      0      0
pse_exactobject  crystals_health_b                         10208    1111.91     984.81     150.41 1.00 1.00 1.00      0      0      0
pse_exactobject  tunnel_dead_end                           10209    1248.00     320.00     242.50 1.00 1.00 1.00      0      0      0
pse_exactobject  tunnel_dead_end                           10210     288.00     944.00     232.50 1.00 1.00 1.00      0      0   8193
pse_exactobject  tunnel_dead_end                           10211     992.00    1728.00     242.50 1.00 1.00 1.00      0      0   8193
pse_exactobject  tunnel_dead_end                           10212    1792.00    1120.00     242.50 1.00 1.00 1.00      0      0   4096
pse_exactobject !vanu_equipment_term                      200004    1008.85    1236.36     246.40 1.00 1.00 1.00      0      0    818
pse_exactobject !crystals_repair_a                        200005     987.74    1099.55     286.13 1.00 1.00 1.00      0      0      0
pse_exactobject !crystals_energy_a                        200006     992.62    1094.34     286.09 1.00 1.00 1.00      0      0      0
pse_exactobject !crystals_energy_b                        200007     979.00     989.33     248.29 1.00 1.00 1.00      0      0   3768
pse_exactobject !crystals_repair_b                        200008    1186.45    1136.76     262.58 1.00 1.00 1.00      0      0   6881
pse_exactobject  zipline                                   10213     836.54     971.68     283.68 1.00 1.00 1.00      0    169   2620
pse_exactobject  zipline                                   10214     903.14    1076.54     275.61 1.00 1.00 1.00      0    169   2620
pse_exactobject  zipline                                   10215     891.20     996.75     332.42 1.00 1.00 1.00      0    107   2802
pse_exactobject  zipline                                   10216     934.89    1077.50     328.62 1.00 1.00 1.00      0    107   2802
pse_exactobject  zipline                                   10217     914.98    1087.15     328.62 1.00 1.00 1.00      0  16280  11532
pse_exactobject  zipline                                   10218     887.84     996.25     332.42 1.00 1.00 1.00      0  16280  11532
pse_exactobject  zipline                                   10219     933.65     971.33     167.94 1.00 1.00 1.00      0    198   3908
pse_exactobject  zipline                                   10220     938.45    1037.99     162.83 1.00 1.00 1.00      0    198   3908
pse_exactobject  zipline                                   10221     934.92    1077.72     265.85 1.00 1.00 1.00      0    358   2678
pse_exactobject  zipline                                   10222    1007.71    1198.14     246.40 1.00 1.00 1.00      0    358   2678
pse_exactobject  zipline                                   10223     938.36     988.20     310.61 1.00 1.00 1.00      0  15078   8536
pse_exactobject  zipline                                   10224     898.88     982.96     332.42 1.00 1.00 1.00      0  15078   8536
pse_exactobject  stationaryteleportpad                     10225     939.93    1041.65     265.90 1.00 1.00 1.00      0      0  15991
pse_exactobject  stationaryteleportpad                     10226     940.90    1041.50     298.03 1.00 1.00 1.00      0      0  15989
pse_exactobject  zipline                                   10227     943.88    1038.00     297.98 1.00 1.00 1.00      0    601  12892
pse_exactobject  zipline                                   10228     952.43    1001.71     289.22 1.00 1.00 1.00      0    601  12892
pse_exactobject !stationaryteleportpad                    200009     954.38     849.78     183.95 1.00 1.00 1.00      0      0  12797
pse_exactobject !stationaryteleportpad                    200010     955.58     843.71     189.43 1.00 1.00 1.00      0      0  12797
pse_exactobject  zipline                                   10229     963.21    1070.36     194.94 1.00 1.00 1.00      0    403  12596
pse_exactobject  zipline                                   10230     982.90     904.31     168.85 1.00 1.00 1.00      0    403  12596
pse_exactobject  zipline                                   10231     966.38     981.99     160.35 1.00 1.00 1.00      0    319    725
pse_exactobject  zipline                                   10232    1044.66    1004.35     150.31 1.00 1.00 1.00      0    319    725
pse_exactobject  zipline                                   10233     974.46     889.41     241.47 1.00 1.00 1.00      0  16344   3605
pse_exactobject  zipline                                   10234     988.78     964.53     242.65 1.00 1.00 1.00      0  16344   3605
pse_exactobject  zipline                                   10235     977.06     975.91     242.70 1.00 1.00 1.00      0  15226   6895
pse_exactobject  zipline                                   10236     934.32     999.11     265.85 1.00 1.00 1.00      0  15226   6895
pse_exactobject  zipline                                   10237     978.29     856.17     189.40 1.00 1.00 1.00      0  15929   2015
pse_exactobject  zipline                                   10238    1162.99    1036.37     234.92 1.00 1.00 1.00      0  15929   2015
pse_exactobject  zipline                                   10239     979.63     833.33     183.90 1.00 1.00 1.00      0  16137  15405
pse_exactobject  zipline                                   10240    1116.94     779.19     197.93 1.00 1.00 1.00      0  16137  15405
pse_exactobject  zipline                                   10241     985.90    1139.88     184.87 1.00 1.00 1.00      0    146    611
pse_exactobject  zipline                                   10242    1199.62    1190.93     172.52 1.00 1.00 1.00      0    146    611
pse_exactobject  zipline                                   10243     990.86     893.13     242.61 1.00 1.00 1.00      0  16300   2752
pse_exactobject  zipline                                   10244    1112.96    1108.74     250.61 1.00 1.00 1.00      0  16300   2752
pse_exactobject  zipline                                   10245     993.03    1140.51     162.83 1.00 1.00 1.00      0     77  16283
pse_exactobject  zipline                                   10246    1138.86    1134.84     158.51 1.00 1.00 1.00      0     77  16283
pse_exactobject  zipline                                   10247     995.57     812.40     229.33 1.00 1.00 1.00      0  16164  15295
pse_exactobject  zipline                                   10248    1087.89     771.41     237.90 1.00 1.00 1.00      0  16164  15295
pse_exactobject  zipline                                   10249     992.18    1215.78     246.40 1.00 1.00 1.00      0    931  10629
pse_exactobject  zipline                                   10250     914.90    1111.17     197.83 1.00 1.00 1.00      0    931  10629
pse_exactobject  stationaryteleportpad                     10251    1008.64    1065.18     390.44 1.00 1.00 1.00      0      0   9487
pse_exactobject !stationaryteleportpad                    200011    1007.73    1064.69     397.10 1.00 1.00 1.00      0      0   9487
pse_exactobject  zipline                                   10252    1012.55     945.37     373.44 1.00 1.00 1.00      0  15965   3938
pse_exactobject  zipline                                   10253    1018.85    1049.75     390.39 1.00 1.00 1.00      0  15965   3938
pse_exactobject  stationaryteleportpad                     10254    1013.88    1025.02     142.24 1.00 1.00 1.00     35     83  15709
pse_exactobject  stationaryteleportpad                     10255    1020.30    1023.32     175.48 1.00 1.00 1.00  16381      0  15710
pse_exactobject  zipline                                   10256    1016.79     976.96     289.22 1.00 1.00 1.00      0  15801    719
pse_exactobject  zipline                                   10257    1052.80     987.15     297.74 1.00 1.00 1.00      0  15801    719
pse_exactobject !stationaryteleportpad                    200012    1017.55    1209.06     246.45 1.00 1.00 1.00      0      0  15343
pse_exactobject  stationaryteleportpad                     10258    1026.88    1205.12     278.69 1.00 1.00 1.00      0      0  15343
pse_exactobject  stationaryteleportpad                     10259    1028.89    1103.33     286.07 1.00 1.00 1.00      1      0   1834
pse_exactobject !stationaryteleportpad                    200013    1055.50    1125.92     275.27 1.00 1.00 1.00      0      0   1836
pse_exactobject  zipline                                   10260    1029.81     887.35     313.79 1.00 1.00 1.00      0   1011   5666
pse_exactobject  zipline                                   10261     995.73     936.91     289.22 1.00 1.00 1.00      0   1011   5666
pse_exactobject  zipline                                   10262    1036.00     936.68     385.51 1.00 1.00 1.00      0  15916  15610
pse_exactobject  zipline                                   10263    1127.30     908.72     402.85 1.00 1.00 1.00      0  15916  15610
pse_exactobject  zipline                                   10264    1037.59    1219.44     246.40 1.00 1.00 1.00      0  16176  15766
pse_exactobject  zipline                                   10265    1172.32    1186.85     257.50 1.00 1.00 1.00      0  16176  15766
pse_exactobject  zipline                                   10266    1046.51    1118.95     328.62 1.00 1.00 1.00      0  15019  14824
pse_exactobject  zipline                                   10267    1074.61    1099.79     352.90 1.00 1.00 1.00      0  15019  14824
pse_exactobject  zipline                                   10268    1047.27     876.83     258.04 1.00 1.00 1.00      0    408   5298
pse_exactobject  zipline                                   10269    1004.23     963.46     242.75 1.00 1.00 1.00      0    408   5298
pse_exactobject  zipline                                   10270    1056.12    1209.81     278.64 1.00 1.00 1.00      0    446  16227
pse_exactobject  zipline                                   10271    1178.24    1202.42     257.50 1.00 1.00 1.00      0    446  16227
pse_exactobject  zipline                                   10272    1052.42    1061.78     401.85 1.00 1.00 1.00      0   1143  14731
pse_exactobject  zipline                                   10273    1190.35     960.32     321.58 1.00 1.00 1.00      0   1143  14731
pse_exactobject  zipline                                   10274    1055.90    1160.68     275.22 1.00 1.00 1.00      0   1302   5619
pse_exactobject  zipline                                   10275    1026.77    1204.72     246.40 1.00 1.00 1.00      0   1302   5619
pse_exactobject  zipline                                   10276    1064.23     937.49     176.43 1.00 1.00 1.00      0  16346   9371
pse_exactobject  zipline                                   10277     945.52     879.87     178.40 1.00 1.00 1.00      0  16346   9371
pse_exactobject  stationaryteleportpad                     10278    1065.92     938.66     141.50 1.00 1.00 1.00  16311     52    763
pse_exactobject  stationaryteleportpad                     10279    1067.13     939.03     176.48 1.00 1.00 1.00      0      0    762
pse_exactobject  zipline                                   10280    1073.00     941.22     176.43 1.00 1.00 1.00      0  15019  15769
pse_exactobject  zipline                                   10281    1174.79     916.74     275.21 1.00 1.00 1.00      0  15019  15769
pse_exactobject  stationaryteleportpad                     10282    1074.57     852.86     245.74 1.00 1.00 1.00  16381    481  14388
pse_exactobject !stationaryteleportpad                    200014    1082.74     845.00     253.29 1.00 1.00 1.00      0      0  14389
pse_exactobject  zipline                                   10283    1079.84     944.45     297.68 1.00 1.00 1.00      0   1365  10973
pse_exactobject  zipline                                   10284    1047.42     885.72     258.74 1.00 1.00 1.00      0   1365  10973
pse_exactobject  zipline                                   10285    1079.37     865.47     313.79 1.00 1.00 1.00      0  15019   3091
pse_exactobject  zipline                                   10286    1080.59     868.47     345.97 1.00 1.00 1.00      0  15019   3091
pse_exactobject  zipline                                   10287    1084.52    1069.97     352.90 1.00 1.00 1.00      0  15968  11237
pse_exactobject  zipline                                   10288    1034.51     952.68     373.44 1.00 1.00 1.00      0  15968  11237
pse_exactobject  zipline                                   10289    1085.07    1117.05     328.62 1.00 1.00 1.00      0  15782  14904
pse_exactobject  zipline                                   10290    1190.04    1050.10     357.91 1.00 1.00 1.00      0  15782  14904
pse_exactobject  zipline                                   10291    1098.34    1019.15     302.73 1.00 1.00 1.00      0  16221   2387
pse_exactobject  zipline                                   10292    1164.18    1104.81     309.52 1.00 1.00 1.00      0  16221   2387
pse_exactobject  zipline                                   10293    1105.74     792.05     197.93 1.00 1.00 1.00      0  15503   6314
pse_exactobject  zipline                                   10294    1038.57     850.95     229.33 1.00 1.00 1.00      0  15503   6314
pse_exactobject  stationaryteleportpad                     10295    1116.13    1100.88     144.36 1.00 1.00 1.00  16099    129   8534
pse_exactobject  stationaryteleportpad                     10296    1110.41    1100.11     158.55 1.00 1.00 1.00     65  16243   8539
pse_exactobject !stationaryteleportpad                    200015    1114.44     979.81     292.78 1.00 1.00 1.00      0      0  11498
pse_exactobject !stationaryteleportpad                    200016    1109.11     962.79     307.78 1.00 1.00 1.00      0      0  11498
pse_exactobject  stationaryteleportpad                     10297    1116.15    1049.33     141.71 1.00 1.00 1.00  16306  16337   6098
pse_exactobject  stationaryteleportpad                     10298    1115.71    1049.78     176.48 1.00 1.00 1.00      0      0   6098
pse_exactobject  zipline                                   10299    1117.34    1055.88     176.43 1.00 1.00 1.00      0  15019   7264
pse_exactobject  zipline                                   10300    1027.69    1089.17     286.02 1.00 1.00 1.00      0  15019   7264
pse_exactobject  zipline                                   10301    1122.14     828.50     237.90 1.00 1.00 1.00      0    115   4078
pse_exactobject  zipline                                   10302    1123.90    1095.32     226.10 1.00 1.00 1.00      0    115   4078
pse_exactobject  zipline                                   10303    1134.04     816.86     246.55 1.00 1.00 1.00      0  16027   3174
pse_exactobject  zipline                                   10304    1200.80     997.94     273.14 1.00 1.00 1.00      0  16027   3174
pse_exactobject  zipline                                   10305    1139.77     957.72     175.43 1.00 1.00 1.00      0  15978  11846
pse_exactobject  zipline                                   10306    1115.54     816.45     197.93 1.00 1.00 1.00      0  15978  11846
pse_exactobject  stationaryteleportpad                     10307    1142.06     961.71     141.65 1.00 1.00 1.00  16316     59   4719
pse_exactobject  stationaryteleportpad                     10308    1141.83     962.65     175.48 1.00 1.00 1.00  16381      2   4719
pse_exactobject  zipline                                   10309    1145.25     912.24     321.56 1.00 1.00 1.00      0  15180   7497
pse_exactobject  zipline                                   10310    1044.75     939.66     373.44 1.00 1.00 1.00      0  15180   7497
pse_exactobject  zipline                                   10311    1146.63    1086.09     158.51 1.00 1.00 1.00      0    302  11561
pse_exactobject  zipline                                   10312    1127.27    1018.49     150.31 1.00 1.00 1.00      0    302  11561
pse_exactobject  zipline                                   10313    1147.43     952.50     402.85 1.00 1.00 1.00      0    626   2033
pse_exactobject  zipline                                   10314    1217.43    1021.72     378.75 1.00 1.00 1.00      0    626   2033
pse_exactobject  zipline                                   10315    1146.09    1104.10     226.10 1.00 1.00 1.00      0  16007  12713
pse_exactobject  zipline                                   10316    1155.67    1045.72     235.57 1.00 1.00 1.00      0  16007  12713
pse_exactobject  zipline                                   10317    1155.91     799.63     197.93 1.00 1.00 1.00      0    947   2083
pse_exactobject  zipline                                   10318    1189.04     833.68     179.87 1.00 1.00 1.00      0    947   2083
pse_exactobject  zipline                                   10319    1166.64    1138.42     171.65 1.00 1.00 1.00      0  16351   7914
pse_exactobject  zipline                                   10320     963.98    1160.06     174.30 1.00 1.00 1.00      0  16351   7914
pse_exactobject  zipline                                   10321    1174.08     905.84     275.21 1.00 1.00 1.00      0    739   9352
pse_exactobject  zipline                                   10322    1085.38     863.56     246.58 1.00 1.00 1.00      0    739   9352
pse_exactobject  zipline                                   10323    1187.23    1047.42     287.43 1.00 1.00 1.00      0    243   8256
pse_exactobject  zipline                                   10324     957.30    1041.78     265.85 1.00 1.00 1.00      0    243   8256
pse_exactobject  stationaryteleportpad                     10325    1195.87    1024.64     357.96 1.00 1.00 1.00      0      0   2233
pse_exactobject  stationaryteleportpad                     10326    1196.55    1025.43     364.40 1.00 1.00 1.00      0      0   2233
pse_exactobject  zipline                                   10327    1202.28    1065.20     379.09 1.00 1.00 1.00      0    942   6774
pse_exactobject  zipline                                   10328    1087.98    1134.26     328.62 1.00 1.00 1.00      0    942   6774
pse_exactobject  zipline                                   10329    1217.73     984.92     319.83 1.00 1.00 1.00      0  15833   6247
pse_exactobject  zipline                                   10330    1104.51    1089.52     352.90 1.00 1.00 1.00      0  15833   6247
pse_exactobject  zipline                                   10331    1205.97     885.66     275.19 1.00 1.00 1.00      0    990  10329
pse_exactobject  zipline                                   10332    1142.23     817.41     237.90 1.00 1.00 1.00      0    990  10329
pse_exactobject  zipline                                   10333    1209.14    1025.93     379.14 1.00 1.00 1.00      0    559   7114
pse_exactobject  zipline                                   10334    1098.91    1074.25     352.90 1.00 1.00 1.00      0    559   7114
pse_exactobject  zipline                                   10335    1210.97    1035.86     158.51 1.00 1.00 1.00      0     47  12801
pse_exactobject  zipline                                   10336    1229.13     944.65     156.83 1.00 1.00 1.00      0     47  12801
pse_exactobject  zipline                                   10337    1211.43     918.99     192.44 1.00 1.00 1.00      0    473   8556
pse_exactobject  zipline                                   10338    1038.28     894.71     160.35 1.00 1.00 1.00      0    473   8556
pse_exactobject  zipline                                   10339    1212.95    1184.48     257.50 1.00 1.00 1.00      0  15391  13844
pse_exactobject  zipline                                   10340    1318.70    1028.73     332.88 1.00 1.00 1.00      0  15391  13844
pse_exactobject  zipline                                   10341    1223.23    1112.94     189.73 1.00 1.00 1.00      0    117  12723
pse_exactobject  zipline                                   10342    1259.36     898.06     179.87 1.00 1.00 1.00      0    117  12723
pse_exactobject  zipline                                   10343    1230.11    1045.13     234.92 1.00 1.00 1.00      0  16342   3374
pse_exactobject  zipline                                   10344    1264.23    1165.31     236.96 1.00 1.00 1.00      0  16342   3374
pse_exactobject  zipline                                   10345    1231.00    1035.87     234.92 1.00 1.00 1.00      0  15243  13704
pse_exactobject  zipline                                   10346    1271.93     968.00     272.03 1.00 1.00 1.00      0  15243  13704
pse_exactobject  zipline                                   10347    1234.91     912.66     157.12 1.00 1.00 1.00      0  16054   3261
pse_exactobject  zipline                                   10348    1270.75    1020.86     171.65 1.00 1.00 1.00      0  16054   3261
pse_exactobject  zipline                                   10349    1255.48    1182.81     237.10 1.00 1.00 1.00      0  16279   7587
pse_exactobject  zipline                                   10350    1032.81    1235.40     246.40 1.00 1.00 1.00      0  16279   7587
pse_exactobject  stationaryteleportpad                     10351    1265.48     927.82     279.18 1.00 1.00 1.00      0      0   8499
pse_exactobject  stationaryteleportpad                     10352    1239.73     924.79     275.22 1.00 1.00 1.00      0      0   8499
pse_exactobject  zipline                                   10353    1313.49    1015.42     332.88 1.00 1.00 1.00      0    379   9155
pse_exactobject  zipline                                   10354    1241.58     987.60     321.58 1.00 1.00 1.00      0    379   9155
pse_exactobject  stationaryteleportpad                     10355     845.66     953.94     283.73 1.00 1.00 1.00      0      0  10620
pse_exactobject  stationaryteleportpad                     10356     833.71     937.90     283.73 1.00 1.00 1.00      0      0  10620
pse_exactobject  zipline                                   10357    1101.11    1092.32     158.43 1.00 1.00 1.00      0  16275   9265
pse_exactobject  zipline                                   10358     986.69    1042.42     163.66 1.00 1.00 1.00      0  16275   9265
pse_exactobject  zipline                                   10359    1053.64     972.17     297.71 1.00 1.00 1.00      0    236  10057
pse_exactobject  zipline                                   10360     988.78     915.86     289.90 1.00 1.00 1.00      0    236  10057
pse_exactobject !stationaryteleportpad                    200017    1074.66     994.09     302.78 1.00 1.00 1.00      0      0   5663
pse_exactobject !stationaryteleportpad                    200018    1074.23     994.71     307.78 1.00 1.00 1.00      0      0   5663
pse_exactobject !stationaryteleportpad                    200019    1104.43     964.52     297.78 1.00 1.00 1.00      0      0  12543
pse_exactobject !stationaryteleportpad                    200020    1104.44     964.41     302.78 1.00 1.00 1.00      0      0  12543
pse_exactobject  zipline                                   10361    1208.00     939.60     275.19 1.00 1.00 1.00      0    116   4015
pse_exactobject  zipline                                   10362    1209.43     985.57     273.14 1.00 1.00 1.00      0    116   4015
pse_exactobject  zipline                                   10363    1179.91    1003.14     273.14 1.00 1.00 1.00      0  15019   9174
pse_exactobject  zipline                                   10364    1127.23     982.31     307.77 1.00 1.00 1.00      0  15019   9174
pse_exactobject  zipline                                   10365    1127.07     968.87     307.65 1.00 1.00 1.00      0  16158  12080
pse_exactobject  zipline                                   10366    1121.44     898.66     313.79 1.00 1.00 1.00      0  16158  12080
pse_exactobject  zipline                                   10367    1046.51     915.22     313.79 1.00 1.00 1.00      0     98   5573
pse_exactobject  zipline                                   10368    1002.59     984.25     310.70 1.00 1.00 1.00      0     98   5573
pse_exactobject  zipline                                   10369    1096.24     942.80     297.67 1.00 1.00 1.00      0   1257  13164
pse_exactobject  zipline                                   10370    1133.88     834.99     237.90 1.00 1.00 1.00      0   1257  13164
pse_exactobject  zipline                                   10371    1097.66     942.46     302.73 1.00 1.00 1.00      0  15638  14632
pse_exactobject  zipline                                   10372    1147.79     902.57     321.58 1.00 1.00 1.00      0  15638  14632
pse_exactobject  zipline                                   10373    1082.53    1018.23     302.73 1.00 1.00 1.00      0    672   4497
pse_exactobject  zipline                                   10374    1066.51    1121.36     275.22 1.00 1.00 1.00      0    672   4497
pse_exactobject  zipline                                   10375    1098.41    1019.64     307.74 1.00 1.00 1.00      0   1064   1565
pse_exactobject  zipline                                   10376    1164.41    1064.83     273.14 1.00 1.00 1.00      0   1064   1565
pse_exactobject  zipline                                   10377    1178.96     772.23     281.60 1.00 1.00 1.00      0  15353   2596
pse_exactobject  zipline                                   10378    1231.03     852.57     321.58 1.00 1.00 1.00      0  15353   2596
pse_exactobject  zipline                                   10379    1112.74     751.13     281.60 1.00 1.00 1.00      0    614   7688
pse_exactobject  zipline                                   10380     951.40     782.68     242.14 1.00 1.00 1.00      0    614   7688
pse_exactobject  zipline                                   10381     943.42     797.73     242.39 1.00 1.00 1.00      0  15602   5652
pse_exactobject  zipline                                   10382     868.45     908.07     283.68 1.00 1.00 1.00      0  15602   5652
pse_exactobject  zipline                                   10383     879.92     943.05     283.68 1.00 1.00 1.00      0  16087    791
pse_exactobject  zipline                                   10384     926.02     957.48     289.22 1.00 1.00 1.00      0  16087    791
pse_exactobject  zipline                                   10385    1315.47     956.81     321.58 1.00 1.00 1.00      0    534   3215
pse_exactobject  zipline                                   10386    1347.13    1047.02     301.69 1.00 1.00 1.00      0    534   3215
pse_exactobject  zipline                                   10387    1319.35    1102.72     301.69 1.00 1.00 1.00      0  16180   7030
pse_exactobject  zipline                                   10388    1229.52    1145.62     309.52 1.00 1.00 1.00      0  16180   7030
pse_exactobject  zipline                                   10389    1174.17    1166.81     309.52 1.00 1.00 1.00      0    646   6876
pse_exactobject  zipline                                   10390    1067.27    1225.83     278.61 1.00 1.00 1.00      0    646   6876
pse_exactobject  zipline                                   10391     975.45    1215.11     278.64 1.00 1.00 1.00      0    233  10995
pse_exactobject  zipline                                   10392     907.55    1089.65     265.85 1.00 1.00 1.00      0    233  10995
pse_exactobject  zipline                                   10393    1310.14    1087.26     301.69 1.00 1.00 1.00      0    548   8820
pse_exactobject  zipline                                   10394    1245.28    1071.35     287.43 1.00 1.00 1.00      0    548   8820
pse_exactobject  stationaryteleportpad                     10395     837.96     950.53     283.73 1.00 1.00 1.00      0      0  12594
pse_exactobject  stationaryteleportpad                     10396     839.50     937.42     296.90 1.00 1.00 1.00  16379  16382  12594
pse_exactobject  zipline                                   10397    1107.19     867.40     156.83 1.00 1.00 1.00      0  15997   8242
pse_exactobject  zipline                                   10398    1033.00     865.99     167.94 1.00 1.00 1.00      0  15997   8242
pse_exactobject  zipline                                   10399    1034.19    1151.24     275.22 1.00 1.00 1.00      0  16149   5092
pse_exactobject  zipline                                   10400    1020.12    1186.26     278.64 1.00 1.00 1.00      0  16149   5092
pse_exactobject  zipline                                   10401    1182.34    1165.26     257.50 1.00 1.00 1.00      0     93  12218
pse_exactobject  zipline                                   10402    1181.96    1151.28     257.00 1.00 1.00 1.00      0     93  12218
pse_exactobject  zipline                                   10403    1188.74    1150.28     226.10 1.00 1.00 1.00      0   1365  12612
pse_exactobject  zipline                                   10404    1200.62    1055.09     158.51 1.00 1.00 1.00      0   1365  12612
pse_exactobject  stationaryteleportpad                     10405     845.98     940.03     283.73 1.00 1.00 1.00      0      0    166
pse_exactobject  stationaryteleportpad                     10406     857.81     940.78     283.73 1.00 1.00 1.00      0      0    167
pse_exactobject !stationaryteleportpad                    200021     913.22    1126.67     167.50 1.00 1.00 1.00      0      0   7463
pse_exactobject !stationaryteleportpad                    200022     905.95    1128.76     184.93 1.00 1.00 1.00      0      0   7463
pse_exactobject !stationaryteleportpad                    200023     985.06    1117.28     184.93 1.00 1.00 1.00      0      0   7544
pse_exactobject !stationaryteleportpad                    200024     977.38    1119.22     167.50 1.00 1.00 1.00      0      0   7544
pse_exactobject !stationaryteleportpad                    200025    1194.76     855.43     162.50 1.00 1.00 1.00      0      0   8199
pse_exactobject !stationaryteleportpad                    200026    1186.75     855.41     179.93 1.00 1.00 1.00      0      0   8197
pse_exactobject !stationaryteleportpad                    200027    1266.08     858.24     179.93 1.00 1.00 1.00      0      0   7835
pse_exactobject !stationaryteleportpad                    200028    1258.22     859.33     162.50 1.00 1.00 1.00      0      0   7835
pse_exactobject  zipline                                   10407    1022.70    1016.76     175.44 1.00 1.00 1.00      0    442  14431
pse_exactobject  zipline                                   10408    1133.15     914.05     149.61 1.00 1.00 1.00      0    442  14431
pse_exactobject !stationaryteleportpad                    200029     999.06     970.35     242.73 1.00 1.00 1.00      0      8   6225
pse_exactobject !stationaryteleportpad                    200030     992.96     976.09     248.23 1.00 1.00 1.00  16381      2   6224
pse_exactobject !stationaryteleportpad                    200031    1213.98    1136.82     257.03 1.00 1.00 1.00      0      8   8474
pse_exactobject !stationaryteleportpad                    200032    1205.28    1135.87     262.53 1.00 1.00 1.00  16382      2   8474
pse_exactobject  zipline                                   10409    1195.13    1025.82     223.46 1.00 1.00 1.00      0   1365  12496
pse_exactobject  zipline                                   10410    1202.63     931.79     156.83 1.00 1.00 1.00      0   1365  12496
pse_exactobject  zipline                                   10411    1195.14    1055.61     223.46 1.00 1.00 1.00      0  16292   5091
pse_exactobject  zipline                                   10412    1167.58    1124.24     226.10 1.00 1.00 1.00      0  16292   5091
pse_exactobject  stationaryteleportpad                     10413    1187.10    1041.72     223.51 1.00 1.00 1.00      0      0  12265
pse_exactobject !stationaryteleportpad                    200033    1187.00    1030.27     230.17 1.00 1.00 1.00      0      0  12267
