pse_exactobject  vanu_tower_light                          10000    1231.95    1276.66      89.52 1.00 1.00 1.00      0      0      0
pse_exactobject  ground_bldg_f                             10001    1315.30    1276.75      76.67 1.00 1.00 1.00      0      0   6047 "E12"
pse_exactobject  ground_bldg_f                             10002     689.69     665.37      76.67 1.00 1.00 1.00      0      0  15147 "W10"
pse_exactobject  ground_bldg_c                             10003     750.69     808.58      91.29 1.00 1.00 1.00      0      0   6934 "W7"
pse_exactobject  ground_bldg_i                             10004     641.60     811.71      80.39 1.00 1.00 1.00      0      0    862 "W8"
pse_exactobject  vanu_control_point                        10005     662.53     731.92      71.25 1.00 1.00 1.00      0      0   9100 "Stasis West"
pse_exactobject  vanu_tower_light                          10006     796.82     752.92      91.49 1.00 1.00 1.00      0      0   6666
pse_exactobject  vanu_vehicle_station                      10007    1352.53     780.12      43.78 1.00 1.00 1.00      0      0  13994 "AT Plant East"
pse_exactobject  vanu_cluster_pinwheel                     10008    1002.93     715.55      67.35 1.00 1.00 1.00      0      0      0
pse_exactobject  vanu_cluster_pinwheel                     10009    1031.37    1281.64      66.03 1.00 1.00 1.00      0      0   5598
pse_exactobject  vanu_tanktrap_heavy                       10010     788.05    1112.05      63.27 1.00 1.00 1.00      0      0  14940
pse_exactobject  ceiling_bldg_b                            10011    1328.95    1247.90     111.73 1.00 1.00 1.00      0      0      0 "E13"
pse_exactobject  vanu_core                                 10012    1026.95    1013.73      97.73 1.00 1.00 1.00      0      0      0 "Adlivun Core Complex"
pse_exactobject  ground_bldg_a                             10013     933.13     698.34      81.85 1.00 1.00 1.00      0      0  14246 "S4"
pse_exactobject  ceiling_bldg_j                            10014    1255.30    1091.51     109.62 1.00 1.00 1.00      0      0      0 "E5"
pse_exactobject  ceiling_bldg_h                            10015    1385.18    1124.38     120.28 1.00 1.00 1.00      0      0      0 "E7"
pse_exactobject  ceiling_bldg_g                            10016    1249.74    1307.40      94.99 1.00 1.00 1.00      0      0  14424 "E11"
pse_exactobject  ceiling_bldg_h                            10017    1246.32     775.32      92.82 1.00 1.00 1.00      0      0   9074 "E1"
pse_exactobject  vanu_tower_light                          10018    1371.01     681.15      61.78 1.00 1.00 1.00      0      0  14042
pse_exactobject  ceiling_bldg_b                            10019     677.51     874.30     101.68 1.00 1.00 1.00      0      0  11969 "W6"
pse_exactobject  ceiling_bldg_a                            10020     845.85     782.72     106.07 1.00 1.00 1.00      0      0  13827 "W11"
pse_exactobject  ceiling_bldg_g                            10021    1349.23     652.87      88.19 1.00 1.00 1.00      0      0      0 "E4"
pse_exactobject  vanu_tower_heavy                          10022    1199.21     685.64      69.93 1.00 1.00 1.00      0      0      0
pse_exactobject  ceiling_bldg_h                            10023     899.77    1249.92     103.44 1.00 1.00 1.00      0      0   2648 "N5"
pse_exactobject  ceiling_bldg_g                            10024     705.96    1266.02      88.19 1.00 1.00 1.00      0      0   9959 "W7"
pse_exactobject  ceiling_bldg_j                            10025     744.75    1147.08      98.87 1.00 1.00 1.00      0      0   9959 "W4"
pse_exactobject  ceiling_bldg_g                            10026     780.44    1084.53      99.81 1.00 1.00 1.00      0      0      0 "W2"
pse_exactobject  ceiling_bldg_z                            10027     916.61     913.02     110.84 1.00 1.00 1.00      0      0      0 "W1"
pse_exactobject  ceiling_bldg_a                            10028    1089.56    1080.75     112.69 1.00 1.00 1.00      0      0  14928 "N1"
pse_exactobject  ceiling_bldg_b                            10029    1006.55    1224.66     101.59 1.00 1.00 1.00      0      0    778 "N2"
pse_exactobject  ceiling_bldg_h                            10030    1133.55     738.99     104.66 1.00 1.00 1.00      0      0      0 "S1"
pse_exactobject  vanu_tower_light                          10031     652.33    1216.93      62.30 1.00 1.00 1.00      0      0      0
pse_exactobject  vanu_tower_light                          10032     882.94    1208.27      71.15 1.00 1.00 1.00      0      0  14955
pse_exactobject  vanu_tower_light                          10033    1075.44    1179.42      68.78 1.00 1.00 1.00      0      0  14955
pse_exactobject  vanu_tower_light                          10034    1362.02     892.78      63.40 1.00 1.00 1.00      0      0  14955
pse_exactobject  vanu_tower_light                          10035    1020.28     765.34      64.57 1.00 1.00 1.00      0      0  10102
pse_exactobject  vanu_tower_heavy                          10036     949.88    1088.21      66.00 1.00 1.00 1.00      0      0      0
pse_exactobject  vanu_tower_heavy                          10037     719.20     629.48      73.75 1.00 1.00 1.00      0      0      0
pse_exactobject  vanu_tower_heavy                          10038     776.61    1385.68      62.82 1.00 1.00 1.00      0      0      0
pse_exactobject  vanu_tanktrap_light                       10039     845.68    1406.37      45.00 1.00 1.00 1.00      0      0  12499
pse_exactobject  vanu_tanktrap_light                       10040    1186.08     977.95      44.00 1.00 1.00 1.00      0      0  16040
pse_exactobject  vanu_tanktrap_light                       10041    1193.57     643.24      44.00 1.00 1.00 1.00      0      0  16040
pse_exactobject  vanu_tanktrap_heavy                       10042     904.70     814.19      45.00 1.00 1.00 1.00      0      0      0
pse_exactobject  vanu_tanktrap_heavy                       10043    1180.56    1326.48      45.00 1.00 1.00 1.00      0      0  15857
pse_exactobject  vanu_cluster_pinwheel                     10044     770.93     594.90      45.00 1.00 1.00 1.00      0      0      0
pse_exactobject  vanu_cluster_pinwheel                     10045    1139.77     841.26      45.00 1.00 1.00 1.00      0      0      0
pse_exactobject  vanu_cluster_2way                         10046    1203.80     776.41      44.00 1.00 1.00 1.00      0      0      0
pse_exactobject  vanu_wall_ramp                            10047     886.83     870.86      44.48 1.00 1.00 1.00      0      0  11216
pse_exactobject  vanu_block_ramp_simple                    10048     868.83     932.53      40.35 1.00 1.00 1.00      0      0   5967
pse_exactobject  vanu_block_ramp_simple                    10049     894.86    1003.48      48.11 1.00 1.00 1.00      0      0   7171
pse_exactobject  vanu_block_ramp                           10050     860.50    1009.43      40.75 1.00 1.00 1.00      0      0   7929
pse_exactobject  vanu_block_ramp_soldier                   10051     889.73    1013.34      47.61 1.00 1.00 1.00      0      0  10945
pse_exactobject  vanu_block_ramp_soldier                   10052     952.20    1113.54      47.91 1.00 1.00 1.00      0      0   2561
pse_exactobject  vanu_block_ramp_simple                    10053    1145.65     998.61      48.21 1.00 1.00 1.00      0      0    584
pse_exactobject  vanu_block_ramp                           10054    1169.62    1030.64      40.75 1.00 1.00 1.00      0      0   3073
pse_exactobject  vanu_block_ramp_soldier                   10055    1170.91     969.21      40.35 1.00 1.00 1.00      0      0  14617
pse_exactobject  vanu_block_ramp_soldier                   10056    1177.28     942.54      47.91 1.00 1.00 1.00      0      0  14952
pse_exactobject  vanu_block_ramp                           10057    1208.43     919.62      40.65 1.00 1.00 1.00      0      0  16065
pse_exactobject  vanu_block_ramp_narrow                    10058    1045.27     860.12      47.81 1.00 1.00 1.00      0      0  13655
pse_exactobject  vanu_tower_light                          10059     946.49     880.98      65.78 1.00 1.00 1.00      0      0   1356
pse_exactobject  vanu_block_ramp_simple                    10060     955.46    1121.62      47.91 1.00 1.00 1.00      0      0   6616
pse_exactobject  vanu_block_ramp                           10061     736.21    1023.91      36.37 1.00 1.00 1.00      0      0    836
pse_exactobject  vanu_block_ramp_soldier                   10062     678.50     953.19      36.67 1.00 1.00 1.00      0      0  12082
pse_exactobject  ground_bldg_f                             10063     991.58    1312.88      67.64 1.00 1.00 1.00      0      0   8905 "N4"
pse_exactobject  vanu_block_ramp                           10064     943.09    1247.85      38.19 1.00 1.00 1.00      0      0   7097
pse_exactobject  vanu_block_ramp_simple                    10065     984.53    1240.57      51.19 1.00 1.00 1.00      0      0   7833
pse_exactobject  vanu_block_ramp_soldier                   10066     982.73    1264.04      50.99 1.00 1.00 1.00      0      0   8304
pse_exactobject  vanu_block_ramp_narrow                    10067     996.20    1186.71      51.29 1.00 1.00 1.00      0      0   9662
pse_exactobject  vanu_block_ramp_simple                    10068     967.48    1176.98      38.60 1.00 1.00 1.00      0      0   8686
pse_exactobject  vanu_tanktrap_light                       10069    1044.09    1196.96      64.42 1.00 1.00 1.00      0      0   8115
pse_exactobject  vanu_block_ramp_soldier                   10070    1045.64    1154.85      38.59 1.00 1.00 1.00      0      0  15336
pse_exactobject  vanu_block_ramp_simple                    10071    1087.20    1267.61      50.89 1.00 1.00 1.00      0      0   4254
pse_exactobject  vanu_wall_ramp                            10072    1125.83    1332.35      53.18 1.00 1.00 1.00      0      0   3676
pse_exactobject  vanu_block_ramp                           10073    1145.13    1362.36      38.59 1.00 1.00 1.00      0      0   1647
pse_exactobject  vanu_block_ramp_soldier                   10074    1082.84    1363.50      38.19 1.00 1.00 1.00      0      0   6503
pse_exactobject  vanu_block_ramp_simple                    10075    1022.40    1331.20      48.95 1.00 1.00 1.00      0      0   4806
pse_exactobject  ground_bldg_d                             10076    1054.39    1246.85      72.94 1.00 1.00 1.00      0      0      0 "N3"
pse_exactobject  ground_bldg_j                             10077    1060.18    1311.97      73.40 1.00 1.00 1.00      0      0  15604 "N6"
pse_exactobject  vanu_block_ramp_soldier                   10078    1121.86    1278.28      38.19 1.00 1.00 1.00      0      0  12017
pse_exactobject  vanu_block_ramp                           10079    1275.13    1337.55      55.96 1.00 1.00 1.00      0      0   5765
pse_exactobject  vanu_block_ramp_simple                    10080    1290.35    1391.86      41.25 1.00 1.00 1.00      0      0   3144
pse_exactobject  vanu_block_ramp_simple                    10081    1228.39    1372.79      41.29 1.00 1.00 1.00      0      0   6745
pse_exactobject  vanu_block_ramp_soldier                   10082    1197.74    1317.28      41.25 1.00 1.00 1.00      0      0  10114
pse_exactobject  vanu_block_ramp_narrow                    10083    1222.00    1317.14      55.46 1.00 1.00 1.00      0      0   4349
pse_exactobject  vanu_block_ramp_simple                    10084    1174.17    1163.25      55.96 1.00 1.00 1.00      0      0   6694
pse_exactobject  vanu_block_ramp_simple                    10085    1132.12    1178.14      40.55 1.00 1.00 1.00      0      0   7845
pse_exactobject  vanu_block_ramp_soldier                   10086    1179.75    1101.25      40.55 1.00 1.00 1.00      0      0  12211
pse_exactobject  ceiling_bldg_d                            10087    1186.20    1198.95     111.11 1.00 1.00 1.00      0      0      0 "E9"
pse_exactobject  vanu_block_ramp_narrow                    10088    1207.73    1187.41      71.55 1.00 1.00 1.00      0      0  10928
pse_exactobject  vanu_block_ramp_soldier                   10089    1184.57    1260.50      72.65 1.00 1.00 1.00      0      0   5493
pse_exactobject  vanu_tanktrap_heavy                       10090    1245.39    1200.53      74.16 1.00 1.00 1.00      0      0  14551
pse_exactobject  vanu_sentry_turret                        10091    1265.56    1152.95      69.59 1.00 1.00 1.00      0      0      0
pse_exactobject  vanu_sentry_turret                        10092    1334.21    1161.61      69.59 1.00 1.00 1.00      0      0      0
pse_exactobject  vanu_cluster_small                        10093    1400.20    1108.25      67.75 1.00 1.00 1.00      0      0   1146
pse_exactobject  vanu_cluster_palm                         10094    1397.72    1123.02      67.45 1.00 1.00 1.00      0      0      0
pse_exactobject  vanu_block_ramp_simple                    10095    1301.82    1071.89      55.56 1.00 1.00 1.00      0      0  15355
pse_exactobject  vanu_cluster_aframe                       10096    1264.50    1114.71      69.89 1.00 1.00 1.00      0      0      0
pse_exactobject  vanu_cluster_pinwheel                     10097    1220.30    1071.16      69.09 1.00 1.00 1.00      0      0      0
pse_exactobject  vanu_cluster_small                        10098    1215.35    1094.78      71.89 1.00 1.00 1.00    327      0      0
pse_exactobject  vanu_wall_soldier                         10099    1235.19    1094.74      68.39 1.00 1.00 1.00      0      0      0
pse_exactobject  vanu_cluster_2way                         10100    1257.44    1091.50      69.59 1.00 1.00 1.00      0      0      0
pse_exactobject  vanu_cluster_aframe                       10101    1237.07    1112.39      67.59 1.00 1.00 1.00      0      0      0
pse_exactobject  vanu_block_ramp                           10102    1252.30    1041.81      55.96 1.00 1.00 1.00      0      0  12241
pse_exactobject  vanu_wall_ramp                            10103    1234.91     998.81      44.98 1.00 1.00 1.00      0      0  11371
pse_exactobject  vanu_block_ramp_soldier                   10104    1191.77    1057.05      41.18 1.00 1.00 1.00      0      0   6423
pse_exactobject  vanu_carport_cave                         10105     904.38    1017.19      62.94 1.00 1.00 1.00      0      0  13435
pse_exactobject  vanu_cluster_pinwheel                     10106     922.75    1048.90      62.74 1.00 1.00 1.00  16221      0      0
pse_exactobject  vanu_cluster_small                        10107     932.81    1028.35      62.24 1.00 1.00 1.00    327      0  11633
pse_exactobject  vanu_cluster_small                        10108     950.16    1067.87      64.64 1.00 1.00 1.00    327      0  10814
pse_exactobject  vanu_cluster_palm                         10109     996.36    1101.47      63.54 1.00 1.00 1.00  16221      0      0
pse_exactobject  vanu_cluster_2way                         10110    1021.03    1097.33      62.04 1.00 1.00 1.00      0      0      0
pse_exactobject  vanu_cluster_2way                         10111    1079.95    1091.12      63.24 1.00 1.00 1.00      0      0   2293
pse_exactobject  vanu_cluster_2way                         10112    1119.04     947.13      64.84 1.00 1.00 1.00      0      0   2293
pse_exactobject  vanu_cluster_2way                         10113     948.03     922.53      61.24 1.00 1.00 1.00      0      0   2293
pse_exactobject  vanu_cluster_2way                         10114     893.43     964.35      63.14 1.00 1.00 1.00      0      0   2293
pse_exactobject  vanu_cluster_aframe                       10115    1085.01    1055.34      62.04 1.00 1.00 1.00      0      0      0
pse_exactobject  vanu_cluster_aframe                       10116    1043.53     890.48      60.64 1.00 1.00 1.00  16221    327      0
pse_exactobject  vanu_cluster_aframe                       10117     968.06     905.06      60.24 1.00 1.00 1.00  16221    327      0
pse_exactobject  vanu_cluster_small                        10118    1017.03     883.27      63.14 1.00 1.00 1.00      0      0   2621
pse_exactobject  vanu_cluster_small                        10119    1134.88     896.38      63.54 1.00 1.00 1.00      0      0  13107
pse_exactobject  vanu_tanktrap_heavy                       10120    1077.49    1036.72      63.64 1.00 1.00 1.00      0      0      0
pse_exactobject  vanu_tanktrap_heavy                       10121    1028.80     915.40      62.44 1.00 1.00 1.00      0      0      0
pse_exactobject  vanu_tanktrap_light                       10122    1109.76    1015.58      65.54 1.00 1.00 1.00      0      0      0
pse_exactobject  vanu_cluster_aframe                       10123    1130.41    1019.31      60.24 1.00 1.00 1.00    163  16221  14910
pse_exactobject  vanu_cluster_aframe                       10124    1136.33     963.04      58.04 1.00 1.00 1.00    163  16221  14910
pse_exactobject  vanu_tanktrap_light                       10125    1081.15     914.79      65.84 1.00 1.00 1.00      0      0      0
pse_exactobject  vanu_cluster_aframe                       10126     922.15     956.57      61.44 1.00 1.00 1.00   1310    164      0
pse_exactobject  vanu_cluster_aframe                       10127     801.65     832.31      44.16 1.00 1.00 1.00      0      0   6880
pse_exactobject  vanu_cluster_aframe                       10128     876.97     890.89      36.59 1.00 1.00 1.00      0      0    163
pse_exactobject  vanu_block_ramp_simple                    10129     898.97     899.01      47.71 1.00 1.00 1.00      0      0   8256
pse_exactobject  vanu_tanktrap_light                       10130     737.07     922.73      43.30 1.00 1.00 1.00      0      0   4690
pse_exactobject  vanu_tanktrap_light                       10131    1046.91    1060.19      60.94 1.00 1.00 1.00      0      0   4690
pse_exactobject  vanu_cluster_small                        10132     920.49     881.92      65.34 1.00 1.00 1.00      0      0   5570
pse_exactobject  vanu_wall_ramp                            10133    1112.99     826.10      41.92 1.00 1.00 1.00      0      0   6418
pse_exactobject  vanu_wall_ramp                            10134    1138.79     786.13      51.64 1.00 1.00 1.00      0      0  15887
pse_exactobject  vanu_block_ramp_soldier                   10135    1155.40     765.87      47.51 1.00 1.00 1.00      0      0   1959
pse_exactobject  vanu_block_ramp_narrow                    10136    1177.34     780.48      38.09 1.00 1.00 1.00      0      0    483
pse_exactobject  vanu_block_ramp_narrow                    10137    1083.40     778.67      49.35 1.00 1.00 1.00      0      0     69
pse_exactobject  ground_bldg_e                             10138    1056.20     739.36      68.24 1.00 1.00 1.00      0      0   8713 "S3"
pse_exactobject  vanu_tanktrap_light                       10139    1121.95     750.33      64.84 1.00 1.00 1.00      0      0      0
pse_exactobject  vanu_tanktrap_light                       10140     988.60     804.33      64.67 1.00 1.00 1.00      0      0   3932
pse_exactobject  vanu_sentry_turret                        10141     917.26     787.24      63.97 1.00 1.00 1.00      0      0      0
pse_exactobject  vanu_block_ramp                           10142     880.25     775.24      38.79 1.00 1.00 1.00      0      0   7644
pse_exactobject  vanu_block_ramp_simple                    10143    1060.07     784.11      50.34 1.00 1.00 1.00      0      0   1972
pse_exactobject  vanu_block_ramp_simple                    10144     898.41     739.75      47.71 1.00 1.00 1.00      0      0   4572
pse_exactobject  vanu_block_ramp_narrow                    10145     922.11     719.98      49.94 1.00 1.00 1.00      0      0   9748
pse_exactobject  vanu_block_ramp_soldier                   10146     920.84     757.74      47.71 1.00 1.00 1.00      0      0   5638
pse_exactobject  vanu_block_ramp_narrow                    10147     910.30     769.59      49.84 1.00 1.00 1.00      0      0   8729
pse_exactobject  vanu_block_ramp_soldier                   10148     674.63    1036.65      36.67 1.00 1.00 1.00      0      0   6839
pse_exactobject  vanu_cluster_palm                         10149     590.40    1062.96      44.73 1.00 1.00 1.00      0      0   2621
pse_exactobject  ground_bldg_g                             10150     624.24     967.02      72.09 1.00 1.00 1.00      0      0      0
pse_exactobject  vanu_block_ramp_narrow                    10151     566.23     974.58      48.95 1.00 1.00 1.00      0      0   6199 "W5"
pse_exactobject  vanu_block_ramp_narrow                    10152     570.05    1010.90      49.35 1.00 1.00 1.00      0      0   8677
pse_exactobject  vanu_tower_light                          10153     623.09    1019.59      62.98 1.00 1.00 1.00      0      0  13324
pse_exactobject  vanu_wall_ramp                            10154     675.34    1003.19      53.28 1.00 1.00 1.00      0      0    262 "W3"
pse_exactobject  vanu_cluster_aframe                       10155     674.64     983.06      44.90 1.00 1.00 1.00      0      0      0
pse_exactobject  vanu_block_ramp_simple                    10156     628.44    1240.87      45.37 1.00 1.00 1.00      0      0   3665
pse_exactobject  ground_bldg_h                             10157     654.94    1129.19      68.99 1.00 1.00 1.00      0      0      0
pse_exactobject  vanu_block_ramp_simple                    10158     708.52    1169.19      45.37 1.00 1.00 1.00      0      0  15527 "W6"
pse_exactobject  vanu_vehicle_station                      10159     772.18    1217.70      43.18 1.00 1.00 1.00      0      0   5361
pse_exactobject  vanu_block_ramp_simple                    10160     685.79    1308.85      44.97 1.00 1.00 1.00      0      0   9225 "AT Plant West"
pse_exactobject  vanu_tanktrap_heavy                       10161     745.93    1367.52      61.53 1.00 1.00 1.00      0      0    254
pse_exactobject  vanu_block_ramp                           10162     805.03    1365.71      44.97 1.00 1.00 1.00      0      0   3669
pse_exactobject  vanu_block_ramp_simple                    10163     758.57    1043.14      29.24 1.00 1.00 1.00      0      0   2474
pse_exactobject  vanu_cluster_2way                         10164    1213.98     820.93      68.39 1.00 1.00 1.00      0      0      0 "E2"
pse_exactobject  vanu_tower_heavy                          10165    1249.42     831.92      68.39 1.00 1.00 1.00      0      0      0
pse_exactobject  vanu_cluster_aframe                       10166    1226.52     843.45      68.42 1.00 1.00 1.00      0      0   5406
pse_exactobject  vanu_cluster_aframe                       10167    1011.91     790.51      63.97 1.00 1.00 1.00      0      0   5406
pse_exactobject  vanu_tower_heavy                          10168    1119.62     975.59      62.24 1.00 1.00 1.00      0      0      0
pse_exactobject  vanu_tower_heavy                          10169    1367.76    1310.69      68.94 1.00 1.00 1.00      0      0      0
pse_exactobject  vanu_tower_heavy                          10170     865.21    1266.84      67.29 1.00 1.00 1.00      0      0      0
pse_exactobject  vanu_cluster_pinwheel                     10171     895.84    1186.49      69.39 1.00 1.00 1.00  16221      0      0
pse_exactobject !vanu_equipment_term                      200000     970.27    1330.25      72.43 1.00 1.00 1.00      0      0   2621
pse_exactobject !crystals_health_a                        200001     998.74    1229.32     107.18 1.00 1.00 1.00      0      0      0
pse_exactobject !crystals_energy_a                        200002     888.61    1245.93     103.47 1.00 1.00 1.00      0      0      0
pse_exactobject  vanu_cluster_pinwheel                     10172    1010.24    1211.81      61.92 1.00 1.00 1.00      0      0   6745
pse_exactobject  ground_bldg_c                             10173    1209.14    1162.92      80.39 1.00 1.00 1.00      0      0  14220
pse_exactobject  vanu_block_ramp_simple                    10174    1065.11     866.91      47.81 1.00 1.00 1.00      0      0   9780 "E8"
pse_exactobject  vanu_cluster_small                        10175    1097.12     886.60      61.44 1.00 1.00 1.00      0      0   1146
pse_exactobject  vanu_control_point                        10176    1318.15    1204.93      71.05 1.00 1.00 1.00      0      0      0
pse_exactobject  vanu_cluster_pinwheel                     10177    1286.80     926.69      60.30 1.00 1.00 1.00      0      0      0 "Stasis East"
pse_exactobject  vanu_tanktrap_heavy                       10178    1319.49     904.41      59.30 1.00 1.00 1.00      0      0      0
pse_exactobject  vanu_tanktrap_light                       10179    1430.58     938.45      59.00 1.00 1.00 1.00      0      0      0
pse_exactobject  vanu_cluster_small                        10180    1405.67     936.69      61.00 1.00 1.00 1.00      0      0      0
pse_exactobject  vanu_carport_cave                         10181    1426.01     842.68      71.39 1.00 1.00 1.00      0      0  12289
pse_exactobject  crystals_health_b                         10182    1436.35     841.23      68.56 1.00 1.00 1.00      0      0      0
pse_exactobject  vanu_tanktrap_heavy                       10183    1400.94     768.51      43.36 1.00 1.00 1.00      0      0      0
pse_exactobject  vanu_tanktrap_light                       10184    1399.05     731.98      44.36 1.00 1.00 1.00      0      0      0
pse_exactobject  vanu_tanktrap_light                       10185    1408.43     662.82      62.01 1.00 1.00 1.00      0      0   2949
pse_exactobject  vanu_cluster_aframe                       10186    1419.45     697.47      60.00 1.00 1.00 1.00      0      0      0
pse_exactobject  vanu_block                                10187    1174.94     941.28      31.58 1.00 1.00 1.00      0      0      0
pse_exactobject  vanu_cluster_2way                         10188     758.81    1105.66      60.00 1.00 1.00 1.00      0      0      0
pse_exactobject  vanu_tanktrap_heavy                       10189     643.79    1189.13      61.00 1.00 1.00 1.00      0      0      0
pse_exactobject  vanu_block_ramp_narrow                    10190     697.70    1048.91      29.24 1.00 1.00 1.00      0      0   6545
pse_exactobject  vanu_block_ramp_simple                    10191     765.82     661.04      55.87 1.00 1.00 1.00      0      0  11123
pse_exactobject  vanu_cluster_aframe                       10192     755.56     656.00      71.72 1.00 1.00 1.00      0      0      0
pse_exactobject  vanu_wall_vehicle                         10193     693.25     604.61      67.02 1.00 1.00 1.00      0      0   1966
pse_exactobject  vanu_sentry_turret                        10194     701.81     793.95      69.90 1.00 1.00 1.00      0      0      0
pse_exactobject  vanu_sentry_turret                        10195     909.48     918.12      61.74 1.00 1.00 1.00      0      0      0
pse_exactobject  vanu_sentry_turret                        10196     901.31     983.05      61.74 1.00 1.00 1.00      0      0      0
pse_exactobject  vanu_sentry_turret                        10197     939.49    1060.28      61.64 1.00 1.00 1.00      0      0      0
pse_exactobject  vanu_sentry_turret                        10198     982.77    1110.81      61.84 1.00 1.00 1.00      0      0      0
pse_exactobject  vanu_sentry_turret                        10199    1076.77    1068.19      62.04 1.00 1.00 1.00      0      0      0
pse_exactobject  vanu_sentry_turret                        10200    1105.30    1003.03      62.24 1.00 1.00 1.00      0      0      0
pse_exactobject  vanu_sentry_turret                        10201    1056.63     874.36      61.84 1.00 1.00 1.00      0      0      0
pse_exactobject  vanu_sentry_turret                        10202     985.80     895.48      61.84 1.00 1.00 1.00      0      0      0
pse_exactobject  vanu_sentry_turret                        10203     883.97    1017.33      54.38 1.00 1.00 1.00      0      0      0
pse_exactobject  vanu_sentry_turret                        10204     942.17    1113.56      54.38 1.00 1.00 1.00      0      0      0
pse_exactobject  vanu_sentry_turret                        10205    1002.90    1166.68      52.22 1.00 1.00 1.00      0      0      0
pse_exactobject  vanu_sentry_turret                        10206    1014.38    1226.21      64.92 1.00 1.00 1.00      0      0      0
pse_exactobject  vanu_sentry_turret                        10207    1069.55    1275.28      62.98 1.00 1.00 1.00      0      0      0
pse_exactobject  vanu_sentry_turret                        10208    1124.97    1310.46      62.98 1.00 1.00 1.00      0      0      0
pse_exactobject  vanu_sentry_turret                        10209    1119.23    1353.03      52.22 1.00 1.00 1.00      0      0      0
pse_exactobject  vanu_sentry_turret                        10210    1262.41    1378.94      54.88 1.00 1.00 1.00      0      0      0
pse_exactobject  vanu_sentry_turret                        10211    1193.11    1291.49      69.59 1.00 1.00 1.00      0      0      0
pse_exactobject  vanu_sentry_turret                        10212    1178.75    1243.10      85.48 1.00 1.00 1.00      0      0      0
pse_exactobject  vanu_sentry_turret                        10213    1271.14    1252.61      85.48 1.00 1.00 1.00      0      0      0
pse_exactobject  vanu_sentry_turret                        10214    1364.71    1255.48      68.94 1.00 1.00 1.00      0      0      0
pse_exactobject  vanu_sentry_turret                        10215     996.73     784.50      63.97 1.00 1.00 1.00      0      0      0
pse_exactobject  crystals_health_b                         10216     913.82    1019.54      61.84 1.00 1.00 1.00      0      0      0
pse_exactobject !crystals_energy_a                        200003     930.92     931.12     105.83 1.00 1.00 1.00      0      0  12780
pse_exactobject !crystals_health_a                        200004     930.49     903.07     110.99 1.00 1.00 1.00      0      0  11797
pse_exactobject !crystals_health_a                        200005     993.14     757.39      85.67 1.00 1.00 1.00      0      0      0
pse_exactobject !vanu_equipment_term                      200006     965.76     756.59      85.54 1.00 1.00 1.00      0      0   4094
pse_exactobject !crystals_energy_a                        200007    1042.04     728.32      73.79 1.00 1.00 1.00      0      0   5242
pse_exactobject !vanu_equipment_term                      200008    1134.99     739.94     107.09 1.00 1.00 1.00      0      0   3931
pse_exactobject !crystals_health_a                        200009    1287.42     693.51      84.73 1.00 1.00 1.00      0      0      0
pse_exactobject !crystals_health_a                        200010    1402.34     845.88      98.92 1.00 1.00 1.00      0      0      0
pse_exactobject !vanu_equipment_term                      200011    1239.95    1091.60     109.43 1.00 1.00 1.00      0      0   4095
pse_exactobject !vanu_equipment_term                      200012    1226.99    1239.00      96.63 1.00 1.00 1.00      0      0   2949
pse_exactobject  warpgate_cavern                           10217     154.12     833.73      32.98 1.00 1.00 1.00      0      0      0 "GW_Cavern3_W"
pse_exactobject  vanu_cluster_pinwheel                     10218     598.42     907.62      41.36 1.00 1.00 1.00      0      0      0
pse_exactobject  warpgate_cavern                           10219    1128.81    1755.28      14.50 1.00 1.00 1.00      0      0      0 "GW_Cavern3_N"
pse_exactobject  warpgate_cavern                           10220     952.34     287.43      29.82 1.00 1.00 1.00      0      0      0 "GW_Cavern3_S"
pse_exactobject  warpgate_cavern                           10221    1889.78    1018.32      33.14 1.00 1.00 1.00      0      0      0 "GW_Cavern3_E"
pse_exactobject  vanu_sentry_turret                        10222     877.91    1173.83      68.41 1.00 1.00 1.00      0      0      0
pse_exactobject  vanu_sentry_turret                        10223     748.15     766.38      87.50 1.00 1.00 1.00      0      0      0
pse_exactobject  vanu_sentry_turret                        10224     736.87     700.59      87.50 1.00 1.00 1.00      0      0      0
pse_exactobject  vanu_tanktrap_light                       10225     622.92     658.83      71.02 1.00 1.00 1.00      0      0      0
pse_exactobject  vanu_equipment_term                       10226     780.02     670.64     112.67 1.00 1.00 1.00      0      0   5734
pse_exactobject !vanu_equipment_term                      200013     689.91     646.49      76.69 1.00 1.00 1.00      0      0   9010
pse_exactobject  vanu_sentry_turret                        10227     689.30     651.45      95.00 1.00 1.00 1.00      0      0      0
pse_exactobject !crystals_health_b                        200014     727.34     816.47      91.39 1.00 1.00 1.00      0      0      0
pse_exactobject !crystals_repair_a                        200015     705.10     828.16      91.40 1.00 1.00 1.00      0      0      0
pse_exactobject !crystals_repair_b                        200016    1321.99    1303.16      81.85 1.00 1.00 1.00      0      0      0
pse_exactobject !crystals_energy_a                        200017    1324.44    1254.66     117.28 1.00 1.00 1.00      0      0      0
pse_exactobject !vanu_equipment_term                      200018     931.79     694.10      81.75 1.00 1.00 1.00      0      0   6062
pse_exactobject !vanu_equipment_term                      200019    1388.46    1124.90     122.73 1.00 1.00 1.00      0      0   6225
pse_exactobject !crystals_health_b                        200020    1238.29    1314.99      97.59 1.00 1.00 1.00      0      0      0
pse_exactobject  vanu_sentry_turret                        10228    1270.57     730.40      66.27 1.00 1.00 1.00      0      0      0
pse_exactobject !crystals_repair_a                        200021    1245.04     773.45      95.40 1.00 1.00 1.00      0      0      0
pse_exactobject !vanu_equipment_term                      200022     684.98     878.61     107.18 1.00 1.00 1.00      0      0  15893
pse_exactobject !vanu_equipment_term                      200023     844.02     778.60     106.01 1.00 1.00 1.00      0      0   5734
pse_exactobject  vanu_sentry_turret                        10229     864.98    1320.10      66.27 1.00 1.00 1.00      0      0      0
pse_exactobject  vanu_sentry_turret                        10230     854.55    1248.58      66.27 1.00 1.00 1.00      0      0      0
pse_exactobject  vanu_sentry_turret                        10231     745.13    1225.55      41.36 1.00 1.00 1.00      0      0      0
pse_exactobject  vanu_sentry_turret                        10232     666.22    1087.39      59.00 1.00 1.00 1.00      0      0      0
pse_exactobject  vanu_sentry_turret                        10233     671.05    1022.46      62.98 1.00 1.00 1.00      0      0      0
pse_exactobject !crystals_energy_a                        200024     733.23    1137.66      99.17 1.00 1.00 1.00      0      0      0
pse_exactobject !crystals_repair_b                        200025    1089.09    1075.17     112.89 1.00 1.00 1.00      0      0      0
pse_exactobject  vanu_sentry_turret                        10234    1082.69    1164.76      64.92 1.00 1.00 1.00      0      0      0
pse_exactobject  vanu_cluster_aframe                       10235     684.34     832.10      69.90 1.00 1.00 1.00      0      0      0
pse_exactobject  crystals_health_b                         10236     687.24     830.88      70.10 1.00 1.00 1.00      0      0   2621
pse_exactobject  vanu_sentry_turret                        10237     728.17     881.62      69.90 1.00 1.00 1.00      0      0      0
pse_exactobject  vanu_tanktrap_light                       10238     798.14     913.73      35.51 1.00 1.00 1.00      0      0      0
pse_exactobject  vanu_cluster_aframe                       10239     795.09    1034.73      32.81 1.00 1.00 1.00      0      0    819
pse_exactobject  vanu_cluster_aframe                       10240     709.72     880.29      68.90 1.00 1.00 1.00      0      0    819
pse_exactobject  vanu_cluster_aframe                       10241     622.95     872.46      66.36 1.00 1.00 1.00      0      0    819
pse_exactobject  ground_bldg_d                             10242     763.49     732.12      94.62 1.00 1.00 1.00      0      0   9100 "W9"
pse_exactobject  vanu_block                                10243    1259.49     664.58      43.50 1.00 1.00 1.00      0      0      0
pse_exactobject  vanu_block_ramp                           10244    1269.23     670.15      52.94 1.00 1.00 1.00      0      0  16025
pse_exactobject  ground_bldg_d                             10245     713.63     978.09      54.81 1.00 1.00 1.00      0      0   1231
pse_exactobject  ceiling_bldg_j                            10246    1393.65     837.81      98.87 1.00 1.00 1.00      0      0      0 "E3"
pse_exactobject  crystals_energy_b                         10247    1419.93     835.60      98.87 1.00 1.00 1.00      0      0      0
pse_exactobject  vanu_block_ramp_soldier                   10248    1413.09     985.00      44.97 1.00 1.00 1.00      0      0   2853
pse_exactobject  vanu_cluster_small                        10249    1433.37     872.74      67.89 1.00 1.00 1.00      0      0   1802
pse_exactobject  vanu_tower_light                          10250    1412.20    1153.80      71.94 1.00 1.00 1.00      0      0  14955
pse_exactobject  vanu_block_ramp_simple                    10251    1087.52     917.70      47.81 1.00 1.00 1.00      0      0  12878
pse_exactobject  vanu_block_ramp_simple                    10252    1090.89     924.09      47.91 1.00 1.00 1.00      0      0   5940
pse_exactobject  vanu_block_ramp_simple                    10253    1086.24     930.55      47.81 1.00 1.00 1.00      0      0   5775
pse_exactobject  vanu_block_ramp_simple                    10254     747.33     769.72      73.27 1.00 1.00 1.00      0      0   2316
pse_exactobject  vanu_tanktrap_heavy                       10255     727.95     767.56      74.66 1.00 1.00 1.00      0      0   7265
pse_exactobject  Ceryshen_soldierA                         10256       0.00       0.00       0.00 1.00 1.00 1.00      0      0      0
pse_exactobject  Ceryshen_soldierB                         10257       0.00       0.00       0.00 1.00 1.00 1.00      0      0      0
pse_exactobject  Ceryshen_soldierC                         10258       0.00       0.00       0.00 1.00 1.00 1.00      0      0      0
pse_exactobject  Ceryshen_soldierD                         10259       0.00       0.00       0.00 1.00 1.00 1.00      0      0      0
pse_exactobject  tunnelsuspensionbeam                      10260     352.00     928.00      22.50 1.00 1.00 1.00      0      0      0
pse_exactobject  tunnelsuspensionbeam                      10261     384.00     992.00      22.50 1.00 1.00 1.00      0      0      0
pse_exactobject  tunnelsuspensionbeam                      10262     416.00    1056.00      22.50 1.00 1.00 1.00      0      0      0
pse_exactobject  tunnelsuspensionbeam                      10263     448.00    1088.00      22.50 1.00 1.00 1.00      0      0  12288
pse_exactobject  tunnelsuspensionbeam                      10264     352.00     864.00      42.50 1.00 1.00 1.00      0      0      0
pse_exactobject  tunnelsuspensionbeam                      10265     320.00     832.00      42.50 1.00 1.00 1.00      0      0  12288
pse_exactobject  tunnelsuspensionbeam                      10266     256.00     832.00      42.50 1.00 1.00 1.00      0      0  12288
pse_exactobject  tunnelsuspensionbeam                      10267     512.00    1088.00      42.50 1.00 1.00 1.00      0      0  12288
pse_exactobject  tunnelsuspensionbeam                      10268     832.00    1472.00      42.50 1.00 1.00 1.00      0      0   8191
pse_exactobject  tunnelsuspensionbeam                      10269     832.00    1536.00      62.50 1.00 1.00 1.00      0      0   8191
pse_exactobject  tunnelsuspensionbeam                      10270     832.00    1600.00      42.50 1.00 1.00 1.00      0      0   8191
pse_exactobject  tunnelsuspensionbeam                      10271     864.00    1664.00      42.50 1.00 1.00 1.00      0      0   8191
pse_exactobject  tunnelsuspensionbeam                      10272     896.00    1696.00      42.50 1.00 1.00 1.00      0      0   4095
pse_exactobject  tunnelsuspensionbeam                      10273     960.00    1696.00      22.50 1.00 1.00 1.00      0      0   4095
pse_exactobject  tunnelsuspensionbeam                      10274    1024.00    1728.00      22.50 1.00 1.00 1.00      0      0   4095
pse_exactobject  tunnelsuspensionbeam                      10275    1120.00    1664.00      22.50 1.00 1.00 1.00      0      0      0
pse_exactobject  tunnelsuspensionbeam                      10276    1152.00    1632.00      22.50 1.00 1.00 1.00      0      0  12288
pse_exactobject  tunnelsuspensionbeam                      10277    1216.00    1632.00      42.50 1.00 1.00 1.00      0      0  12288
pse_exactobject  tunnelsuspensionbeam                      10278    1248.00    1600.00      42.50 1.00 1.00 1.00      0      0   8191
pse_exactobject  tunnelsuspensionbeam                      10279    1248.00    1536.00      42.50 1.00 1.00 1.00      0      0   8191
pse_exactobject  tunnelsuspensionbeam                      10280    1280.00    1472.00      42.50 1.00 1.00 1.00      0      0   8191
pse_exactobject  tunnelsuspensionbeam                      10281    1568.00     864.00      42.50 1.00 1.00 1.00      0      0   4095
pse_exactobject  tunnelsuspensionbeam                      10282    1632.00     832.00      42.50 1.00 1.00 1.00      0      0   4095
pse_exactobject  tunnelsuspensionbeam                      10283    1664.00     864.00      42.50 1.00 1.00 1.00      0      0      0
pse_exactobject  tunnelsuspensionbeam                      10284    1696.00     896.00      42.50 1.00 1.00 1.00      0      0  12288
pse_exactobject  tunnelsuspensionbeam                      10285    1728.00     928.00      42.50 1.00 1.00 1.00      0      0   8191
pse_exactobject  tunnelsuspensionbeam                      10286    1760.00     992.00      42.50 1.00 1.00 1.00      0      0   8191
pse_exactobject  tunnelsuspensionbeam                      10287    1792.00    1024.00      42.50 1.00 1.00 1.00      0      0   4095
pse_exactobject  tunnelsuspensionbeam                      10288    1280.00     512.00      42.50 1.00 1.00 1.00      0      0      0
pse_exactobject  tunnelsuspensionbeam                      10289    1280.00     448.00      42.50 1.00 1.00 1.00      0      0      0
pse_exactobject  tunnelsuspensionbeam                      10290    1248.00     416.00      42.50 1.00 1.00 1.00      0      0  12288
pse_exactobject  tunnelsuspensionbeam                      10291    1184.00     416.00      42.50 1.00 1.00 1.00      0      0  12288
pse_exactobject  tunnelsuspensionbeam                      10292    1120.00     384.00      42.50 1.00 1.00 1.00      0      0  12288
pse_exactobject  tunnelsuspensionbeam                      10293    1088.00     352.00      42.50 1.00 1.00 1.00      0      0   8191
pse_exactobject  tunnelsuspensionbeam                      10294    1056.00     320.00      42.50 1.00 1.00 1.00      0      0   4095
pse_exactobject  tunnelsuspensionbeam                      10295     960.00     384.00      42.50 1.00 1.00 1.00      0      0      0
pse_exactobject  tunnelsuspensionbeam                      10296     928.00     416.00      42.50 1.00 1.00 1.00      0      0  12288
pse_exactobject  tunnelsuspensionbeam                      10297     864.00     448.00      42.50 1.00 1.00 1.00      0      0  12288
pse_exactobject  tunnelsuspensionbeam                      10298     800.00     480.00      42.50 1.00 1.00 1.00      0      0  12288
pse_exactobject  tunnelsuspensionbeam                      10299     768.00     512.00      42.50 1.00 1.00 1.00      0      0   8191
pse_exactobject  vanu_block_ramp_simple                    10300     758.40     981.45      35.97 1.00 1.00 1.00      0      0   1005
pse_exactobject  ground_bldg_d                             10301    1226.43    1243.30      94.69 1.00 1.00 1.00      0      0      0 "E10"
pse_exactobject  tunnelsuspensionbeam                      10302    1504.00     896.00      42.50 1.00 1.00 1.00      0      0   4095
pse_exactobject  vanu_cluster_aframe                       10303     970.02     801.67      63.67 1.00 1.00 1.00      0      0    491
pse_exactobject  vanu_wall_ramp                            10304    1043.68     839.02      44.48 1.00 1.00 1.00      0      0  10841
pse_exactobject  ground_bldg_c                             10305     942.14     752.71      85.39 1.00 1.00 1.00      0      0      0 "S2"
pse_exactobject  tunnel_dead_end                           10306    1120.00     320.00      42.50 1.00 1.00 1.00      0      0      0
pse_exactobject  tunnel_dead_end                           10307    1648.00     800.00      42.50 1.00 1.00 1.00      0      0  12289
pse_exactobject  tunnel_dead_end                           10308     832.00    1696.00      42.50 1.00 1.00 1.00      0      0   8191
pse_exactobject  tunnel_dead_end                           10309     432.00    1120.00      22.50 1.00 1.00 1.00      0      0   4095
pse_exactobject  crystals_energy_a                         10310     922.64     881.75      61.74 1.00 1.00 1.00      0      0      0
pse_exactobject !crystals_repair_b                        200026     763.84     731.47      96.78 1.00 1.00 1.00      0      0      0
pse_exactobject  ceiling_bldg_c                            10311     763.93     652.46     123.63 1.00 1.00 1.00      0      0   1784 "W12"
pse_exactobject  ground_bldg_c                             10312    1236.42     689.57      84.46 1.00 1.00 1.00      0      0      0
pse_exactobject  vanu_block_ramp_narrow                    10313     925.09    1122.58      40.15 1.00 1.00 1.00      0      0   7542
pse_exactobject  vanu_block_ramp_simple                    10314     938.98    1140.57      40.35 1.00 1.00 1.00      0      0   5520
pse_exactobject  vanu_tanktrap_light                       10315    1084.25    1209.50      65.92 1.00 1.00 1.00      0      0  11227
pse_exactobject  ground_bldg_i                             10316    1310.62    1122.78      80.99 1.00 1.00 1.00      0      0   8147 "E6"
pse_exactobject  vanu_cluster_pinwheel                     10317    1368.29    1139.52      68.39 1.00 1.00 1.00      0      0      0
pse_exactobject  vanu_block_ramp_simple                    10318    1362.42    1104.27      55.46 1.00 1.00 1.00      0      0  14510
pse_exactobject  stationaryteleportpad                     10319     595.77     971.01      68.07 1.00 1.00 1.00    383    413   1331
pse_exactobject  stationaryteleportpad                     10320     617.24     982.72      85.66 1.00 1.00 1.00      0      0   1300
pse_exactobject  zipline                                   10321     597.42     911.91      87.06 1.00 1.00 1.00      0   1250   2760
pse_exactobject  zipline                                   10322     611.50     936.96      72.10 1.00 1.00 1.00      0   1250   2760
pse_exactobject  stationaryteleportpad                     10323     622.18    1023.14      63.03 1.00 1.00 1.00      0      0  12591
pse_exactobject  stationaryteleportpad                     10324     622.72    1018.50      93.03 1.00 1.00 1.00  16381  16383  12593
pse_exactobject  zipline                                   10325     628.07     653.65      80.06 1.00 1.00 1.00      0  15637    106
pse_exactobject  zipline                                   10326     742.53     658.32     114.72 1.00 1.00 1.00      0  15637    106
pse_exactobject  zipline                                   10327     631.57    1017.42      92.97 1.00 1.00 1.00      0   1365    170
pse_exactobject  zipline                                   10328     701.63    1022.03      50.56 1.00 1.00 1.00      0   1365    170
pse_exactobject  zipline                                   10329     639.68     966.04      83.37 1.00 1.00 1.00      0  16097  15879
pse_exactobject  zipline                                   10330     883.58     918.19     110.84 1.00 1.00 1.00      0  16097  15879
pse_exactobject  zipline                                   10331     641.63    1156.08      64.00 1.00 1.00 1.00      0  15779   2820
pse_exactobject  zipline                                   10332     690.14    1247.26      88.44 1.00 1.00 1.00      0  15779   2820
pse_exactobject  stationaryteleportpad                     10333     647.37    1216.14      59.05 1.00 1.00 1.00      0      0   1275
pse_exactobject  stationaryteleportpad                     10334     649.38    1217.21      92.35 1.00 1.00 1.00  16381      1   1276
pse_exactobject  zipline                                   10335     656.47    1211.52      92.31 1.00 1.00 1.00      0    663    236
pse_exactobject  zipline                                   10336     754.85    1220.48      66.62 1.00 1.00 1.00      0    663    236
pse_exactobject  zipline                                   10337     664.55     761.40     101.25 1.00 1.00 1.00      0    460   2393
pse_exactobject  zipline                                   10338     698.57     805.87      91.26 1.00 1.00 1.00      0    460   2393
pse_exactobject  zipline                                   10339     667.07    1071.46      59.00 1.00 1.00 1.00      0  16187  10834
pse_exactobject  zipline                                   10340     639.25    1026.86      62.98 1.00 1.00 1.00      0  16187  10834
pse_exactobject !stationaryteleportpad                    200027     681.43     851.66     101.72 1.00 1.00 1.00      0      8   3732
pse_exactobject !stationaryteleportpad                    200028     682.27     857.67     107.23 1.00 1.00 1.00  16381      2   3731
pse_exactobject  zipline                                   10341     688.42     814.56      91.25 1.00 1.00 1.00      0     90   6269
pse_exactobject  zipline                                   10342     600.32     894.54      87.12 1.00 1.00 1.00      0     90   6269
pse_exactobject  zipline                                   10343     690.74    1071.93      59.00 1.00 1.00 1.00      0    426  13873
pse_exactobject  zipline                                   10344     718.54    1031.94      50.97 1.00 1.00 1.00      0    426  13873
pse_exactobject  zipline                                   10345     704.13    1290.79      88.19 1.00 1.00 1.00      0   1101   2856
pse_exactobject  zipline                                   10346     733.84    1348.51      59.00 1.00 1.00 1.00      0   1101   2856
pse_exactobject  zipline                                   10347     709.91     748.46      88.94 1.00 1.00 1.00      0    772   3096
pse_exactobject  zipline                                   10348     726.89     790.56      75.09 1.00 1.00 1.00      0    772   3096
pse_exactobject  zipline                                   10349     716.42     703.28      87.50 1.00 1.00 1.00      0    874   8837
pse_exactobject  zipline                                   10350     667.48     690.94      69.90 1.00 1.00 1.00      0    874   8837
pse_exactobject  zipline                                   10351     716.86    1244.63      88.19 1.00 1.00 1.00      0  16026  12893
pse_exactobject  zipline                                   10352     734.59    1169.56      98.87 1.00 1.00 1.00      0  16026  12893
pse_exactobject  zipline                                   10353     717.70     634.43     103.75 1.00 1.00 1.00      0     70   5770
pse_exactobject  zipline                                   10354     662.59     708.08     101.25 1.00 1.00 1.00      0     70   5770
pse_exactobject  stationaryteleportpad                     10355     718.91     629.35      69.95 1.00 1.00 1.00      0      0   7906
pse_exactobject  stationaryteleportpad                     10356     717.94     629.45     103.80 1.00 1.00 1.00      0      0   7908
pse_exactobject  stationaryteleportpad                     10357     727.33     763.99      83.87 1.00 1.00 1.00      0      0  14582
pse_exactobject  stationaryteleportpad                     10358     744.25     750.00      87.55 1.00 1.00 1.00      0      0  14584
pse_exactobject  zipline                                   10359     732.26    1124.26      98.87 1.00 1.00 1.00      0    874  11672
pse_exactobject  zipline                                   10360     702.62    1001.29      54.81 1.00 1.00 1.00      0    874  11672
pse_exactobject  zipline                                   10361     732.94    1112.99      59.00 1.00 1.00 1.00      0      0   8103
pse_exactobject  zipline                                   10362     694.98    1114.28      59.00 1.00 1.00 1.00      0      0   8103
pse_exactobject  zipline                                   10363     733.31    1043.09      43.17 1.00 1.00 1.00      0  16109  16014
pse_exactobject  zipline                                   10364     905.44    1018.49      61.64 1.00 1.00 1.00      0  16109  16014
pse_exactobject  zipline                                   10365     734.34     605.28      69.02 1.00 1.00 1.00      0   1222  16357
pse_exactobject  zipline                                   10366     766.62     604.94      52.67 1.00 1.00 1.00      0   1222  16357
pse_exactobject  zipline                                   10367     737.58     931.40      50.32 1.00 1.00 1.00      0  15149  10170
pse_exactobject  zipline                                   10368     709.88     905.15      69.90 1.00 1.00 1.00      0  15149  10170
pse_exactobject  zipline                                   10369     746.35     668.39     121.93 1.00 1.00 1.00      0   1365   4716
pse_exactobject  zipline                                   10370     735.13     714.65      87.50 1.00 1.00 1.00      0   1365   4716
pse_exactobject !stationaryteleportpad                    200029     756.10    1155.75      98.92 1.00 1.00 1.00      0      0   3754
pse_exactobject  stationaryteleportpad                     10371     760.18    1186.75      75.76 1.00 1.00 1.00  16371  16383   3756
pse_exactobject !stationaryteleportpad                    200030     758.96    1194.57      63.16 1.00 1.00 1.00      0      0    356
pse_exactobject !stationaryteleportpad                    200031     764.26    1195.30      45.73 1.00 1.00 1.00      0      0    355
pse_exactobject  zipline                                   10372     759.69    1211.32      63.10 1.00 1.00 1.00      0    157   8692
pse_exactobject  zipline                                   10373     692.96    1198.38      59.00 1.00 1.00 1.00      0    157   8692
pse_exactobject  zipline                                   10374     764.41    1133.39      98.87 1.00 1.00 1.00      0  16305  13988
pse_exactobject  zipline                                   10375     783.20    1108.77      99.81 1.00 1.00 1.00      0  16305  13988
pse_exactobject  zipline                                   10376     765.98    1159.16      98.87 1.00 1.00 1.00      0  16297   1312
pse_exactobject  zipline                                   10377     885.91    1225.20     103.49 1.00 1.00 1.00      0  16297   1312
pse_exactobject  zipline                                   10378     771.91    1172.99      63.10 1.00 1.00 1.00      0    127   8894
pse_exactobject  zipline                                   10379     690.97    1150.67      59.00 1.00 1.00 1.00      0    127   8894
pse_exactobject  zipline                                   10380     772.57    1105.97      99.81 1.00 1.00 1.00      0     90   6440
pse_exactobject  zipline                                   10381     751.43    1122.77      98.87 1.00 1.00 1.00      0     90   6440
pse_exactobject  stationaryteleportpad                     10382     776.17    1384.78      59.09 1.00 1.00 1.00  16383  16383   6600
pse_exactobject  stationaryteleportpad                     10383     775.56    1385.20      92.87 1.00 1.00 1.00      0      0   6600
pse_exactobject  stationaryteleportpad                     10384     776.54     590.26      41.45 1.00 1.00 1.00  16258    149   9878
pse_exactobject  stationaryteleportpad                     10385     770.79     585.91      54.40 1.00 1.00 1.00  16383  16381   9882
pse_exactobject  zipline                                   10386     778.13    1380.55      92.82 1.00 1.00 1.00      0    766  12430
pse_exactobject  zipline                                   10387     784.33    1266.47      58.25 1.00 1.00 1.00      0    766  12430
pse_exactobject  zipline                                   10388     779.09    1230.40      63.10 1.00 1.00 1.00      0    116   6447
pse_exactobject  zipline                                   10389     706.98    1287.41      59.00 1.00 1.00 1.00      0    116   6447
pse_exactobject  zipline                                   10390     790.67     706.23     123.63 1.00 1.00 1.00      0    434   2036
pse_exactobject  zipline                                   10391     834.85     750.03     113.17 1.00 1.00 1.00      0    434   2036
pse_exactobject  zipline                                   10392     792.93    1321.53      59.00 1.00 1.00 1.00      0  16029  16010
pse_exactobject  zipline                                   10393     845.43    1313.93      66.27 1.00 1.00 1.00      0  16029  16010
pse_exactobject  stationaryteleportpad                     10394     803.26     725.21      69.95 1.00 1.00 1.00      0      0   5738
pse_exactobject  stationaryteleportpad                     10395     796.28     734.80      87.55 1.00 1.00 1.00      0      0   5736
pse_exactobject  zipline                                   10396     826.33     762.95     109.97 1.00 1.00 1.00      0    289   7066
pse_exactobject  zipline                                   10397     751.37     797.48     100.76 1.00 1.00 1.00      0    289   7066
pse_exactobject !stationaryteleportpad                    200032     826.40    1227.60      45.73 1.00 1.00 1.00      0      0    473
pse_exactobject !stationaryteleportpad                    200033     831.92    1228.61      63.16 1.00 1.00 1.00      0      0    471
pse_exactobject  zipline                                   10398     840.84    1179.42      73.17 1.00 1.00 1.00      0    211  15044
pse_exactobject  zipline                                   10399     892.04    1150.52      68.39 1.00 1.00 1.00      0    211  15044
pse_exactobject  zipline                                   10400     856.87     760.26     106.07 1.00 1.00 1.00      0   1149  13039
pse_exactobject  zipline                                   10401     883.53     670.13      61.74 1.00 1.00 1.00      0   1149  13039
pse_exactobject  zipline                                   10402     863.24    1245.08     104.75 1.00 1.00 1.00      0    888   5595
pse_exactobject  zipline                                   10403     794.90    1350.53      60.20 1.00 1.00 1.00      0    888   5595
pse_exactobject  stationaryteleportpad                     10404     864.63    1267.21      66.32 1.00 1.00 1.00      0      0  10939
pse_exactobject  stationaryteleportpad                     10405     863.78    1265.73      97.34 1.00 1.00 1.00      0      0  10939
pse_exactobject  zipline                                   10406     866.12    1262.61      97.29 1.00 1.00 1.00      0    454  10784
pse_exactobject  zipline                                   10407     818.73    1189.81      81.98 1.00 1.00 1.00      0    454  10784
pse_exactobject  zipline                                   10408     867.29     774.31     111.57 1.00 1.00 1.00      0    300  13955
pse_exactobject  zipline                                   10409     921.89     700.86     100.99 1.00 1.00 1.00      0    300  13955
pse_exactobject  zipline                                   10410     874.24     963.55      61.74 1.00 1.00 1.00      0     44   5611
pse_exactobject  zipline                                   10411     786.43    1097.28      59.00 1.00 1.00 1.00      0     44   5611
pse_exactobject  stationaryteleportpad                     10412     878.08    1211.27      68.44 1.00 1.00 1.00      0      0  15623
pse_exactobject  stationaryteleportpad                     10413     879.58    1210.82     101.20 1.00 1.00 1.00  16381      1  15622
pse_exactobject  zipline                                   10414     883.72    1201.22     101.16 1.00 1.00 1.00      0  16242  14072
pse_exactobject  zipline                                   10415    1016.84    1037.92     112.70 1.00 1.00 1.00      0  16242  14072
pse_exactobject  zipline                                   10416     894.87     621.37      97.14 1.00 1.00 1.00      0  15688   6994
pse_exactobject  zipline                                   10417     808.05     664.32     123.63 1.00 1.00 1.00      0  15688   6994
pse_exactobject  zipline                                   10418     895.91    1177.99      79.29 1.00 1.00 1.00      0    452  14016
pse_exactobject  zipline                                   10419     957.88    1098.57      61.64 1.00 1.00 1.00      0    452  14016
pse_exactobject  zipline                                   10420     899.47     935.00      61.74 1.00 1.00 1.00      0  16264  11057
pse_exactobject  zipline                                   10421     819.09     777.64      69.90 1.00 1.00 1.00      0  16264  11057
pse_exactobject  zipline                                   10422     908.18     913.06      99.38 1.00 1.00 1.00      0    437   9747
pse_exactobject  zipline                                   10423     764.29     815.44      69.90 1.00 1.00 1.00      0    437   9747
pse_exactobject  zipline                                   10424     911.11    1174.01      68.40 1.00 1.00 1.00      0    414     13
pse_exactobject  zipline                                   10425    1011.96    1174.54      52.22 1.00 1.00 1.00      0    414     13
pse_exactobject  zipline                                   10426     917.50     902.31      99.38 1.00 1.00 1.00      0    148  10013
pse_exactobject  zipline                                   10427     757.96     768.46      87.50 1.00 1.00 1.00      0    148  10013
pse_exactobject  zipline                                   10428     919.34     713.81      81.85 1.00 1.00 1.00      0  16256   7449
pse_exactobject  zipline                                   10429     809.16     746.07      87.50 1.00 1.00 1.00      0  16256   7449
pse_exactobject  stationaryteleportpad                     10430     920.94     918.43      98.59 1.00 1.00 1.00     66  15916  16013
pse_exactobject !stationaryteleportpad                    200034     930.88     917.03     106.09 1.00 1.00 1.00      0      0  16020
pse_exactobject  stationaryteleportpad                     10431     931.55    1025.10      67.99 1.00 1.00 1.00     50  16062  15324
pse_exactobject  stationaryteleportpad                     10432     986.02    1001.74     102.76 1.00 1.00 1.00      1  16377  15327
pse_exactobject  stationaryteleportpad                     10433     942.17     878.24      61.79 1.00 1.00 1.00      0      0   1797
pse_exactobject  stationaryteleportpad                     10434     943.99     879.73      95.83 1.00 1.00 1.00  16381      0   1797
pse_exactobject  zipline                                   10435     947.61     886.44      95.77 1.00 1.00 1.00      0  16054   5562
pse_exactobject  zipline                                   10436     932.28     910.77      99.43 1.00 1.00 1.00      0  16054   5562
pse_exactobject  stationaryteleportpad                     10437     948.06    1085.02      61.69 1.00 1.00 1.00      0      0   2433
pse_exactobject  stationaryteleportpad                     10438     949.07    1086.39      96.05 1.00 1.00 1.00      0      0   2434
pse_exactobject  zipline                                   10439     948.66    1092.81      96.00 1.00 1.00 1.00      0  16282   2917
pse_exactobject  zipline                                   10440    1010.63    1220.42     101.59 1.00 1.00 1.00      0  16282   2917
pse_exactobject  zipline                                   10441     948.99    1063.97      70.53 1.00 1.00 1.00      0  15835  11690
pse_exactobject  zipline                                   10442     918.32     932.61      99.38 1.00 1.00 1.00      0  15835  11690
pse_exactobject  zipline                                   10443     953.02     912.69     110.84 1.00 1.00 1.00      0    255  12979
pse_exactobject  zipline                                   10444     991.08     772.33      96.52 1.00 1.00 1.00      0    255  12979
pse_exactobject  zipline                                   10445     953.16     878.01      95.79 1.00 1.00 1.00      0    564  15770
pse_exactobject  zipline                                   10446    1136.51     834.01      54.35 1.00 1.00 1.00      0    564  15770
pse_exactobject  zipline                                   10447     954.30     919.46     110.84 1.00 1.00 1.00      0    109   1657
pse_exactobject  zipline                                   10448    1013.81     963.36     107.73 1.00 1.00 1.00      0    109   1657
pse_exactobject  zipline                                   10449     976.33    1280.21      79.69 1.00 1.00 1.00      0  15203  14206
pse_exactobject  zipline                                   10450    1006.53    1246.82     101.60 1.00 1.00 1.00      0  15203  14206
pse_exactobject  zipline                                   10451     976.77     907.02      69.98 1.00 1.00 1.00      0     12  16175
pse_exactobject  zipline                                   10452    1134.25     894.36      69.25 1.00 1.00 1.00      0     12  16175
pse_exactobject  zipline                                   10453     980.67    1225.40      52.22 1.00 1.00 1.00      0      0  12948
pse_exactobject  zipline                                   10454     986.93    1201.20      52.22 1.00 1.00 1.00      0      0  12948
pse_exactobject  zipline                                   10455     985.33    1009.55     102.73 1.00 1.00 1.00      0    956   7234
pse_exactobject  zipline                                   10456     885.46    1047.98      61.64 1.00 1.00 1.00      0    956   7234
pse_exactobject  zipline                                   10457     987.29     993.98     102.71 1.00 1.00 1.00      0     96  10186
pse_exactobject  zipline                                   10458     922.35     931.71      99.38 1.00 1.00 1.00      0     96  10186
pse_exactobject  zipline                                   10459     991.67    1240.50     101.60 1.00 1.00 1.00      0  16223   7869
pse_exactobject  zipline                                   10460     922.35    1249.13     105.94 1.00 1.00 1.00      0  16223   7869
pse_exactobject !stationaryteleportpad                    200035     997.89    1001.89      97.78 1.00 1.00 1.00      0      0    196
pse_exactobject !stationaryteleportpad                    200036     998.31    1001.92     107.78 1.00 1.00 1.00      0      0    196
pse_exactobject  zipline                                   10461     999.78     736.42      85.30 1.00 1.00 1.00      0    441  15718
pse_exactobject  zipline                                   10462    1033.25     727.68      79.38 1.00 1.00 1.00      0    441  15718
pse_exactobject  stationaryteleportpad                     10463    1000.42     720.57      63.03 1.00 1.00 1.00      0      0  12751
pse_exactobject  stationaryteleportpad                     10464    1002.71     707.74      76.75 1.00 1.00 1.00  16379  16382  12751
pse_exactobject  stationaryteleportpad                     10465    1008.41     723.29      63.03 1.00 1.00 1.00      0      0   2008
pse_exactobject  stationaryteleportpad                     10466    1017.74     732.35      63.03 1.00 1.00 1.00      0      0   2008
pse_exactobject !stationaryteleportpad                    200037    1010.38     989.51     102.78 1.00 1.00 1.00      0      0   4354
pse_exactobject !stationaryteleportpad                    200038    1007.82    1015.35     112.78 1.00 1.00 1.00      0      0   4352
pse_exactobject  zipline                                   10467    1015.78    1119.22      61.84 1.00 1.00 1.00      0  16259   4020
pse_exactobject  zipline                                   10468    1017.63    1183.08      64.92 1.00 1.00 1.00      0  16259   4020
pse_exactobject  zipline                                   10469    1015.91     856.54      61.84 1.00 1.00 1.00      0  15818  12260
pse_exactobject  zipline                                   10470    1015.25     795.92      75.23 1.00 1.00 1.00      0  15818  12260
pse_exactobject  zipline                                   10471    1020.05     964.84     102.67 1.00 1.00 1.00      0    243  11985
pse_exactobject  zipline                                   10472     998.58     781.35      85.35 1.00 1.00 1.00      0    243  11985
pse_exactobject  zipline                                   10473    1021.39    1038.50     112.71 1.00 1.00 1.00      0    662   3834
pse_exactobject  zipline                                   10474    1037.16    1195.25      71.79 1.00 1.00 1.00      0    662   3834
pse_exactobject  zipline                                   10475    1022.31     963.69     107.73 1.00 1.00 1.00      0   1239  12169
pse_exactobject  zipline                                   10476    1018.86     888.27      68.85 1.00 1.00 1.00      0   1239  12169
pse_exactobject !stationaryteleportpad                    200039    1024.22    1237.29     101.63 1.00 1.00 1.00      3      8   9879
pse_exactobject !stationaryteleportpad                    200040    1022.88    1236.28     107.14 1.00 1.00 1.00  16382      3   9879
pse_exactobject  zipline                                   10477    1025.72    1248.90     101.81 1.00 1.00 1.00      0   1365   4500
pse_exactobject  zipline                                   10478    1019.16    1290.88      76.94 1.00 1.00 1.00      0   1365   4500
pse_exactobject  zipline                                   10479    1030.53    1043.28     107.73 1.00 1.00 1.00      0  16140   1967
pse_exactobject  zipline                                   10480    1068.94    1079.39     112.69 1.00 1.00 1.00      0  16140   1967
pse_exactobject  stationaryteleportpad                     10481    1031.96    1098.93      71.43 1.00 1.00 1.00      0      0  11700
pse_exactobject  stationaryteleportpad                     10482    1017.25    1035.01     107.78 1.00 1.00 1.00      0      0  11700
pse_exactobject  stationaryteleportpad                     10483    1032.16    1288.91      63.03 1.00 1.00 1.00      0      0   8023
pse_exactobject  stationaryteleportpad                     10484    1013.20    1290.13      63.03 1.00 1.00 1.00      0      0   8023
pse_exactobject  zipline                                   10485    1033.84    1237.62     101.64 1.00 1.00 1.00      0    130   2083
pse_exactobject  zipline                                   10486    1164.12    1371.46      92.30 1.00 1.00 1.00      0    130   2083
pse_exactobject  zipline                                   10487    1034.37    1170.44      52.22 1.00 1.00 1.00      0  16099  14397
pse_exactobject  zipline                                   10488    1099.04    1108.70      62.04 1.00 1.00 1.00      0  16099  14397
pse_exactobject !stationaryteleportpad                    200041    1037.70     986.63     102.78 1.00 1.00 1.00      0      0   6102
pse_exactobject !stationaryteleportpad                    200042    1008.67    1016.57     102.78 1.00 1.00 1.00      0      0   6104
pse_exactobject  zipline                                   10489    1038.93    1285.89      75.38 1.00 1.00 1.00      0  15644   1978
pse_exactobject  zipline                                   10490    1056.37    1302.42      82.39 1.00 1.00 1.00      0  15644   1978
pse_exactobject  zipline                                   10491    1042.95    1314.83      82.39 1.00 1.00 1.00      0   1009   6494
pse_exactobject  zipline                                   10492    1016.00    1335.35      68.58 1.00 1.00 1.00      0   1009   6494
pse_exactobject !stationaryteleportpad                    200043    1048.87    1001.70      97.78 1.00 1.00 1.00      0      0   7008
pse_exactobject !stationaryteleportpad                    200044    1048.72    1001.78     112.78 1.00 1.00 1.00      0      0   7010
pse_exactobject  stationaryteleportpad                     10493    1050.74     892.29      70.63 1.00 1.00 1.00    356     73   4780
pse_exactobject  stationaryteleportpad                     10494    1030.05     969.87     107.78 1.00 1.00 1.00      0      0   4774
pse_exactobject  zipline                                   10495    1059.26    1222.82      72.94 1.00 1.00 1.00      0    309  12277
pse_exactobject  zipline                                   10496    1058.85    1129.88      61.84 1.00 1.00 1.00      0    309  12277
pse_exactobject  zipline                                   10497    1061.14    1002.70     112.76 1.00 1.00 1.00      0    986    136
pse_exactobject  zipline                                   10498    1206.80    1010.32      54.78 1.00 1.00 1.00      0    986    136
pse_exactobject  zipline                                   10499    1068.70    1088.59      71.30 1.00 1.00 1.00      0  16382  10154
pse_exactobject  zipline                                   10500     926.64     955.66      71.50 1.00 1.00 1.00      0  16382  10154
pse_exactobject  stationaryteleportpad                     10501    1070.70    1182.50      64.97 1.00 1.00 1.00      0      0  14126
pse_exactobject  stationaryteleportpad                     10502    1071.90    1181.10      98.83 1.00 1.00 1.00  16381  16383  14128
pse_exactobject  zipline                                   10503    1072.49     703.02      73.73 1.00 1.00 1.00      0    163  16027
pse_exactobject  zipline                                   10504    1185.22     687.48      66.57 1.00 1.00 1.00      0    163  16027
pse_exactobject  zipline                                   10505    1075.83    1172.46      98.79 1.00 1.00 1.00      0  16120  11432
pse_exactobject  zipline                                   10506    1031.54    1042.52     112.74 1.00 1.00 1.00      0  16120  11432
pse_exactobject  zipline                                   10507    1076.20    1233.79      74.99 1.00 1.00 1.00      0     94  15101
pse_exactobject  zipline                                   10508    1186.32    1174.73      69.59 1.00 1.00 1.00      0     94  15101
pse_exactobject  stationaryteleportpad                     10509    1086.98     909.86      74.93 1.00 1.00 1.00      0      0   4974
pse_exactobject  stationaryteleportpad                     10510    1058.55     991.15     112.70 1.00 1.00 1.00  16370  16365   4974
pse_exactobject  stationaryteleportpad                     10511    1087.99    1101.37      72.63 1.00 1.00 1.00      0      0  12534
pse_exactobject !stationaryteleportpad                    200045    1091.58    1063.56     112.74 1.00 1.00 1.00      0      0  12536
pse_exactobject  zipline                                   10512    1093.37     814.48      61.54 1.00 1.00 1.00      0  16184   3884
pse_exactobject  zipline                                   10513    1099.26     887.00      67.15 1.00 1.00 1.00      0  16184   3884
pse_exactobject  zipline                                   10514    1108.97    1065.04     112.69 1.00 1.00 1.00      0    988  13090
pse_exactobject  zipline                                   10515    1141.86     961.36      69.38 1.00 1.00 1.00      0    988  13090
pse_exactobject  zipline                                   10516    1109.33     719.60     104.34 1.00 1.00 1.00      0     84   9386
pse_exactobject  zipline                                   10517     916.31     624.54      97.33 1.00 1.00 1.00      0     84   9386
pse_exactobject  zipline                                   10518    1112.70    1072.82     112.62 1.00 1.00 1.00      0    822   2489
pse_exactobject  zipline                                   10519    1188.91    1180.43      69.59 1.00 1.00 1.00      0    822   2489
pse_exactobject  zipline                                   10520    1116.49    1011.00      74.58 1.00 1.00 1.00      0    692  15129
pse_exactobject  zipline                                   10521    1187.83     973.73      52.69 1.00 1.00 1.00      0    692  15129
pse_exactobject  zipline                                   10522    1117.68     834.13      50.23 1.00 1.00 1.00      0  16168   7642
pse_exactobject  zipline                                   10523    1068.97     844.56      54.38 1.00 1.00 1.00      0  16168   7642
pse_exactobject  stationaryteleportpad                     10524    1118.78     977.91      62.29 1.00 1.00 1.00      0      0  12064
pse_exactobject  stationaryteleportpad                     10525    1118.42     973.77      92.29 1.00 1.00 1.00      0      0  12064
pse_exactobject  zipline                                   10526    1119.94     971.23      92.24 1.00 1.00 1.00      0  16233  12568
pse_exactobject  zipline                                   10527    1142.40     762.82     104.45 1.00 1.00 1.00      0  16233  12568
pse_exactobject  zipline                                   10528    1126.86     957.21      74.18 1.00 1.00 1.00      0     81   1922
pse_exactobject  zipline                                   10529    1235.64    1055.98      69.59 1.00 1.00 1.00      0     81   1922
pse_exactobject  zipline                                   10530    1138.22     776.83      59.95 1.00 1.00 1.00      0  15369    111
pse_exactobject  zipline                                   10531    1224.28     780.50      95.32 1.00 1.00 1.00      0  15369    111
pse_exactobject  zipline                                   10532    1145.49    1219.03      69.59 1.00 1.00 1.00      0    346   7990
pse_exactobject  zipline                                   10533    1110.66    1221.73      64.92 1.00 1.00 1.00      0    346   7990
pse_exactobject  zipline                                   10534    1145.66    1046.99      62.04 1.00 1.00 1.00      0  16189   2543
pse_exactobject  zipline                                   10535    1202.01    1130.18      69.59 1.00 1.00 1.00      0  16189   2543
pse_exactobject  stationaryteleportpad                     10536    1145.85     848.20      41.41 1.00 1.00 1.00      0      0   7308
pse_exactobject  stationaryteleportpad                     10537    1136.77     851.41      52.72 1.00 1.00 1.00      0      0   7308
pse_exactobject  zipline                                   10538    1150.99    1202.39     111.09 1.00 1.00 1.00      0    202   7526
pse_exactobject  zipline                                   10539    1032.86    1233.20     101.60 1.00 1.00 1.00      0    202   7526
pse_exactobject  zipline                                   10540    1157.94     755.23     104.34 1.00 1.00 1.00      0    515  14452
pse_exactobject  zipline                                   10541    1230.40     688.91      84.46 1.00 1.00 1.00      0    515  14452
pse_exactobject  zipline                                   10542    1182.38    1225.95     111.10 1.00 1.00 1.00      0    496   2499
pse_exactobject  zipline                                   10543    1230.43    1294.36      94.99 1.00 1.00 1.00      0    496   2499
pse_exactobject  zipline                                   10544    1183.37    1372.60      92.16 1.00 1.00 1.00      0  16299  14974
pse_exactobject  zipline                                   10545    1257.05    1328.36      94.99 1.00 1.00 1.00      0  16299  14974
pse_exactobject  zipline                                   10546    1196.44     691.27      99.93 1.00 1.00 1.00      0  16053   6365
pse_exactobject  zipline                                   10547    1153.20     727.73     107.16 1.00 1.00 1.00      0  16053   6365
pse_exactobject  zipline                                   10548    1197.65     931.98      55.25 1.00 1.00 1.00      0  16089   3553
pse_exactobject  zipline                                   10549    1223.67    1055.38      69.59 1.00 1.00 1.00      0  16089   3553
pse_exactobject  zipline                                   10550    1198.42    1256.57      85.48 1.00 1.00 1.00      0    538   6487
pse_exactobject  zipline                                   10551    1114.72    1320.71      63.37 1.00 1.00 1.00      0    538   6487
pse_exactobject  stationaryteleportpad                     10552    1198.61     684.32      66.62 1.00 1.00 1.00      0      0  12869
pse_exactobject  stationaryteleportpad                     10553    1199.06     682.31      99.98 1.00 1.00 1.00      0      0  12867
pse_exactobject  zipline                                   10554    1199.77    1022.01      54.78 1.00 1.00 1.00      0  16020   8053
pse_exactobject  zipline                                   10555    1148.27    1024.76      62.04 1.00 1.00 1.00      0  16020   8053
pse_exactobject  stationaryteleportpad                     10556    1203.74    1205.04      69.64 1.00 1.00 1.00      0      0   5069
pse_exactobject  stationaryteleportpad                     10557    1200.63    1212.96      85.53 1.00 1.00 1.00      0      0   5069
pse_exactobject  zipline                                   10558    1203.81     691.09      99.93 1.00 1.00 1.00      0    243   2222
pse_exactobject  zipline                                   10559    1254.31     748.84      92.74 1.00 1.00 1.00      0    243   2222
pse_exactobject  zipline                                   10560    1218.11    1081.46      76.76 1.00 1.00 1.00      0    112   8113
pse_exactobject  zipline                                   10561    1088.29    1085.34      71.14 1.00 1.00 1.00      0    112   8113
pse_exactobject  zipline                                   10562    1222.88    1118.83      80.36 1.00 1.00 1.00      0    392   8981
pse_exactobject  zipline                                   10563    1107.51    1082.85      62.04 1.00 1.00 1.00      0    392   8981
pse_exactobject  zipline                                   10564    1226.81     732.80      66.57 1.00 1.00 1.00      0    411   6132
pse_exactobject  zipline                                   10565    1163.37     796.79      52.22 1.00 1.00 1.00      0    411   6132
pse_exactobject  zipline                                   10566    1233.26     747.07      92.50 1.00 1.00 1.00      0   1365  11112
pse_exactobject  zipline                                   10567    1214.61     708.56      66.62 1.00 1.00 1.00      0   1365  11112
pse_exactobject  zipline                                   10568    1236.83    1287.78      94.99 1.00 1.00 1.00      0    203  13368
pse_exactobject  zipline                                   10569    1268.91    1214.79      88.74 1.00 1.00 1.00      0    203  13368
pse_exactobject  zipline                                   10570    1238.01    1087.46      78.67 1.00 1.00 1.00      0    328  13238
pse_exactobject  zipline                                   10571    1292.55     944.44      59.30 1.00 1.00 1.00      0    328  13238
pse_exactobject  stationaryteleportpad                     10572    1239.38    1157.43      91.37 1.00 1.00 1.00  16324      7  10064
pse_exactobject !stationaryteleportpad                    200046    1229.53    1148.84      80.44 1.00 1.00 1.00      0      0  10065
pse_exactobject  zipline                                   10573    1243.29    1071.46     109.62 1.00 1.00 1.00      0  16341   9012
pse_exactobject  zipline                                   10574    1060.08    1011.89     112.83 1.00 1.00 1.00      0  16341   9012
pse_exactobject  zipline                                   10575    1246.83    1113.24     109.62 1.00 1.00 1.00      0   1335   6849
pse_exactobject  zipline                                   10576    1185.17    1148.13      69.79 1.00 1.00 1.00      0   1335   6849
pse_exactobject  zipline                                   10577    1248.02    1226.64      96.74 1.00 1.00 1.00      0  16114  14156
pse_exactobject  zipline                                   10578    1280.53    1189.30     101.05 1.00 1.00 1.00      0  16114  14156
pse_exactobject  stationaryteleportpad                     10579    1257.49    1082.72      77.54 1.00 1.00 1.00      0      0   1600
pse_exactobject !stationaryteleportpad                    200047    1269.30    1091.05     109.67 1.00 1.00 1.00      0      0   1600
pse_exactobject  stationaryteleportpad                     10580    1261.13     646.49      41.37 1.00 1.00 1.00  16308     68   4744
pse_exactobject  stationaryteleportpad                     10581    1256.71     663.87      66.82 1.00 1.00 1.00      0      0   4744
pse_exactobject  zipline                                   10582    1261.93     800.97      92.50 1.00 1.00 1.00      0  16239    820
pse_exactobject  zipline                                   10583    1370.41     836.26      98.87 1.00 1.00 1.00      0  16239    820
pse_exactobject  zipline                                   10584    1264.27    1055.81      70.56 1.00 1.00 1.00      0  15908   3251
pse_exactobject  zipline                                   10585    1282.75    1110.87      80.99 1.00 1.00 1.00      0  15908   3251
pse_exactobject  zipline                                   10586    1269.42    1295.13      95.24 1.00 1.00 1.00      0    269  12074
pse_exactobject  zipline                                   10587    1257.64    1152.22      80.35 1.00 1.00 1.00      0    269  12074
pse_exactobject  zipline                                   10588    1269.62    1116.62      80.74 1.00 1.00 1.00      0     34   8704
pse_exactobject  zipline                                   10589    1237.26    1110.19      80.30 1.00 1.00 1.00      0     34   8704
pse_exactobject  zipline                                   10590    1270.15    1315.94      94.99 1.00 1.00 1.00      0  15791  14559
pse_exactobject  zipline                                   10591    1325.42    1269.37     111.74 1.00 1.00 1.00      0  15791  14559
pse_exactobject  zipline                                   10592    1272.25    1072.73     109.62 1.00 1.00 1.00      0    403  15164
pse_exactobject  zipline                                   10593    1401.12    1007.59      87.11 1.00 1.00 1.00      0    403  15164
pse_exactobject  zipline                                   10594    1285.56    1176.98     101.05 1.00 1.00 1.00      0  16049  11391
pse_exactobject  zipline                                   10595    1263.18    1114.55     109.62 1.00 1.00 1.00      0  16049  11391
pse_exactobject  zipline                                   10596    1286.56    1195.88     101.05 1.00 1.00 1.00      0  15996   7847
pse_exactobject  zipline                                   10597    1219.96    1204.72     111.13 1.00 1.00 1.00      0  15996   7847
pse_exactobject  zipline                                   10598    1288.63    1214.88     101.05 1.00 1.00 1.00      0    388   9723
pse_exactobject  zipline                                   10599    1226.56    1173.61      89.86 1.00 1.00 1.00      0    388   9723
pse_exactobject  zipline                                   10600    1290.83     718.33      84.42 1.00 1.00 1.00      0  16117   2387
pse_exactobject  zipline                                   10601    1375.13     828.05      98.87 1.00 1.00 1.00      0  16117   2387
pse_exactobject  zipline                                   10602    1294.66     744.29      77.32 1.00 1.00 1.00      0    561  14069
pse_exactobject  zipline                                   10603    1347.52     679.31      59.00 1.00 1.00 1.00      0    561  14069
pse_exactobject !stationaryteleportpad                    200048    1299.90     760.77      46.33 1.00 1.00 1.00      0      0   8537
pse_exactobject !stationaryteleportpad                    200049    1296.68     760.34      63.76 1.00 1.00 1.00      0      0   8539
pse_exactobject  zipline                                   10604    1335.77     635.18      88.19 1.00 1.00 1.00      0    148   6656
pse_exactobject  zipline                                   10605    1283.39     670.16      84.41 1.00 1.00 1.00      0    148   6656
pse_exactobject  zipline                                   10606    1339.69    1169.99      90.72 1.00 1.00 1.00      0  16381  11778
pse_exactobject  zipline                                   10607    1331.52    1128.80      90.47 1.00 1.00 1.00      0  16381  11778
pse_exactobject  zipline                                   10608    1340.72     673.94      88.19 1.00 1.00 1.00      0    200   8221
pse_exactobject  zipline                                   10609    1293.81     673.44      84.37 1.00 1.00 1.00      0    200   8221
pse_exactobject  zipline                                   10610    1346.98    1243.61     111.70 1.00 1.00 1.00      0  16156  13300
pse_exactobject  zipline                                   10611    1383.90    1153.24     120.28 1.00 1.00 1.00      0  16156  13300
pse_exactobject !stationaryteleportpad                    200050    1351.02    1254.78     111.77 1.00 1.00 1.00      0      8   8059
pse_exactobject !stationaryteleportpad                    200051    1348.09    1254.93     117.28 1.00 1.00 1.00  16381      2   8059
pse_exactobject  zipline                                   10612    1355.71    1145.35     121.59 1.00 1.00 1.00      0    188   7324
pse_exactobject  zipline                                   10613    1218.96    1192.59     111.13 1.00 1.00 1.00      0    188   7324
pse_exactobject  zipline                                   10614    1356.96    1121.27     120.32 1.00 1.00 1.00      0   1365  10690
pse_exactobject  zipline                                   10615    1309.32    1053.54      66.99 1.00 1.00 1.00      0   1365  10690
pse_exactobject  stationaryteleportpad                     10616    1357.74     895.96      59.05 1.00 1.00 1.00      0      0  14726
pse_exactobject  stationaryteleportpad                     10617    1360.20     894.14      93.45 1.00 1.00 1.00  16381      0  14728
pse_exactobject !stationaryteleportpad                    200052    1361.93     804.34      63.76 1.00 1.00 1.00      0      0   9409
pse_exactobject !stationaryteleportpad                    200053    1357.00     801.86      46.33 1.00 1.00 1.00      0      0   9409
pse_exactobject  zipline                                   10618    1362.18     886.63      93.41 1.00 1.00 1.00      0    324  10785
pse_exactobject  zipline                                   10619    1315.03     814.13      82.58 1.00 1.00 1.00      0    324  10785
pse_exactobject  zipline                                   10620    1364.30    1153.42     121.59 1.00 1.00 1.00      0   1155   6088
pse_exactobject  zipline                                   10621    1334.37    1184.66     101.05 1.00 1.00 1.00      0   1155   6088
pse_exactobject  zipline                                   10622    1365.13     689.39      91.78 1.00 1.00 1.00      0   1000   5900
pse_exactobject  zipline                                   10623    1320.75     742.95      63.70 1.00 1.00 1.00      0   1000   5900
pse_exactobject  stationaryteleportpad                     10624    1367.32     685.02      59.05 1.00 1.00 1.00      0      0  15302
pse_exactobject  stationaryteleportpad                     10625    1369.05     684.26      91.83 1.00 1.00 1.00  16381      1  15303
pse_exactobject  stationaryteleportpad                     10626    1367.38    1307.87      68.99 1.00 1.00 1.00      0      0   5100
pse_exactobject  stationaryteleportpad                     10627    1366.65    1309.66      98.99 1.00 1.00 1.00      0      0   5100
pse_exactobject  zipline                                   10628    1368.27    1305.85      98.94 1.00 1.00 1.00      0   1164  12274
pse_exactobject  zipline                                   10629    1367.92    1243.21      68.94 1.00 1.00 1.00      0   1164  12274
pse_exactobject  stationaryteleportpad                     10630    1368.90     675.46      91.84 1.00 1.00 1.00      1  16381   8597
pse_exactobject  stationaryteleportpad                     10631    1354.68     673.23      88.24 1.00 1.00 1.00      0  16383   8599
pse_exactobject  zipline                                   10632    1370.44     896.27      93.39 1.00 1.00 1.00      0   1365   1159
pse_exactobject  zipline                                   10633    1423.82     921.71      59.00 1.00 1.00 1.00      0   1365   1159
pse_exactobject  zipline                                   10634    1374.33     851.61      98.87 1.00 1.00 1.00      0    481   5563
pse_exactobject  zipline                                   10635    1263.71    1026.90      60.16 1.00 1.00 1.00      0    481   5563
pse_exactobject  zipline                                   10636    1379.29     821.76      98.87 1.00 1.00 1.00      0    603  10415
pse_exactobject  zipline                                   10637    1319.41     753.30      77.43 1.00 1.00 1.00      0    603  10415
pse_exactobject  zipline                                   10638    1391.24     823.15      98.87 1.00 1.00 1.00      0    182  11544
pse_exactobject  zipline                                   10639    1348.23     676.68      88.19 1.00 1.00 1.00      0    182  11544
pse_exactobject  zipline                                   10640    1401.06     994.66      87.13 1.00 1.00 1.00      0    657   9647
pse_exactobject  zipline                                   10641    1309.37     937.48      59.30 1.00 1.00 1.00      0    657   9647
pse_exactobject  zipline                                   10642    1403.96    1159.13     101.94 1.00 1.00 1.00      0     21   6488
pse_exactobject  zipline                                   10643    1319.79    1223.57     101.05 1.00 1.00 1.00      0     21   6488
pse_exactobject  zipline                                   10644    1404.91     726.94      53.40 1.00 1.00 1.00      0  15739  15670
pse_exactobject  zipline                                   10645    1426.23     720.95      59.00 1.00 1.00 1.00      0  15739  15670
pse_exactobject  stationaryteleportpad                     10646    1407.88    1157.28      67.90 1.00 1.00 1.00      0      0  14826
pse_exactobject  stationaryteleportpad                     10647    1410.10    1155.77     101.99 1.00 1.00 1.00  16381      0  14827
pse_exactobject  zipline                                   10648    1419.64     824.83      68.39 1.00 1.00 1.00      0   1108  10300
pse_exactobject  zipline                                   10649    1378.37     781.65      41.36 1.00 1.00 1.00      0   1108  10300
pse_exactobject  zipline                                   10650    1441.89     920.16      59.00 1.00 1.00 1.00      0  15951  12624
pse_exactobject  zipline                                   10651    1449.07     864.61      68.39 1.00 1.00 1.00      0  15951  12624
pse_exactobject  stationaryteleportpad                     10652     921.82     917.11      61.79 1.00 1.00 1.00      0      0   6150
pse_exactobject !stationaryteleportpad                    200054     910.94     927.94     106.09 1.00 1.00 1.00      0      0   6150
pse_exactobject  zipline                                   10653     936.21     867.16      61.74 1.00 1.00 1.00      0  16306  12808
pse_exactobject  zipline                                   10654     950.86     794.67      63.97 1.00 1.00 1.00      0  16306  12808
pse_exactobject  zipline                                   10655     619.32     951.02      83.07 1.00 1.00 1.00      0    717  12007
pse_exactobject  zipline                                   10656     613.06     893.22      66.66 1.00 1.00 1.00      0    717  12007
pse_exactobject  vanu_block_ramp_simple                    10657    1183.35     922.78      48.21 1.00 1.00 1.00      0      0  16102
pse_exactobject  vanu_sentry_turret                        10658    1157.82     955.18      61.94 1.00 1.00 1.00      0      0  14418
pse_exactobject  vanu_block_ramp_simple                    10659     981.28     681.64      48.85 1.00 1.00 1.00      0      0   9983
pse_exactobject  crystals_damage_a                         10660     769.32     597.78      41.42 1.00 1.00 1.00      0      0      0
pse_exactobject  vanu_block_ramp_narrow                    10661    1279.32    1350.69      54.91 1.00 1.00 1.00      0      0   6241
pse_exactobject  vanu_cluster_aframe                       10662    1194.23     930.72      36.10 1.00 1.00 1.00      0      0   1147
pse_exactobject  crystals_energy_b                         10663    1176.52     958.74      41.46 1.00 1.00 1.00      0      0      0
