pse_exactobject  vanu_core                                 10000     989.99    1015.28     166.40 1.00 1.00 1.00      0      0   1822 "Byblos Core Complex"
pse_exactobject  ground_bldg_c                             10001     789.88     853.20     131.00 1.00 1.00 1.00      0      0  12288 "W3"
pse_exactobject  vanu_vehicle_station                      10002    1188.77     698.47     110.00 1.00 1.00 1.00      0      0   7964 "AT Plant South"
pse_exactobject  vanu_block_vehicle                        10003     783.93     649.21     107.84 1.00 1.00 1.00      0      0  15247
pse_exactobject  vanu_block_ramp_narrow                    10004     764.56     659.18     122.70 1.00 1.00 1.00      0      0  15247
pse_exactobject  vanu_block_ramp_narrow                    10005     805.69     637.37     122.70 1.00 1.00 1.00      0      0   7054
pse_exactobject  vanu_block_ramp_simple                    10006     665.31     899.55     112.10 1.00 1.00 1.00      0      0   4778
pse_exactobject  vanu_block_vehicle                        10007     877.80     689.71     106.10 1.00 1.00 1.00      0      0  11378
pse_exactobject  vanu_block_ramp_simple                    10008     716.41     760.95     122.80 1.00 1.00 1.00      0      0   5006
pse_exactobject  vanu_block_ramp_simple                    10009     895.59     596.84     122.60 1.00 1.00 1.00      0      0      0
pse_exactobject  vanu_block_ramp_simple                    10010     941.03     613.80     106.20 1.00 1.00 1.00      0      0   1820
pse_exactobject  ground_bldg_f                             10011    1138.19     625.25     113.54 1.00 1.00 1.00      0      0  13881 "S5"
pse_exactobject  ground_bldg_g                             10012    1368.37     871.02     119.00 1.00 1.00 1.00      0      0  10468 "E5"
pse_exactobject  ground_bldg_h                             10013    1312.56     941.38     118.56 1.00 1.00 1.00      0      0   2048 "E4"
pse_exactobject  vanu_vehicle_station                      10014     656.27    1262.70     108.80 1.00 1.00 1.00      0      0  10468 "AT Plant North"
pse_exactobject  vanu_block_ramp_simple                    10015    1306.53     844.10     104.30 1.00 1.00 1.00      0      0   2958
pse_exactobject  vanu_block_ramp_simple                    10016    1077.66     606.17     106.20 1.00 1.00 1.00      0      0   5916
pse_exactobject  vanu_block_vehicle                        10017    1197.44     567.94     107.50 1.00 1.00 1.00      0      0    227
pse_exactobject  vanu_block                                10018    1228.01     572.48     107.60 1.00 1.00 1.00      0      0    682
pse_exactobject  vanu_block                                10019    1167.06     567.61     107.60 1.00 1.00 1.00      0      0  16157
pse_exactobject  vanu_block_ramp                           10020    1137.62     567.09     107.50 1.00 1.00 1.00      0      0   7964
pse_exactobject  vanu_block_ramp                           10021    1259.56     586.46     107.50 1.00 1.00 1.00      0      0    682
pse_exactobject  vanu_block_ramp_simple                    10022    1293.52     756.67     104.30 1.00 1.00 1.00      0      0  12288
pse_exactobject  vanu_block_ramp_simple                    10023    1284.97     614.49     113.20 1.00 1.00 1.00      0      0  10240
pse_exactobject  vanu_block_ramp_simple                    10024    1329.31     755.02     113.20 1.00 1.00 1.00      0      0   5688
pse_exactobject  ground_bldg_a                             10025    1063.40    1234.86     124.00 1.00 1.00 1.00      0      0      0 "N2"
pse_exactobject  ground_bldg_e                             10026    1044.11    1336.51     116.41 1.00 1.00 1.00      0      0  14337 "N5"
pse_exactobject  vanu_wall                                 10027    1219.02    1218.57     148.85 1.00 1.00 1.00      0      0   2958
pse_exactobject  vanu_wall                                 10028    1203.79    1193.40     149.11 1.00 1.00 1.00      0      0  10923
pse_exactobject  vanu_block_ramp_soldier                   10029    1199.92    1184.70     161.11 1.00 1.00 1.00      0      0  11151
pse_exactobject  vanu_block_ramp_soldier                   10030    1222.63    1227.41     161.11 1.00 1.00 1.00      0      0   2958
pse_exactobject  ground_bldg_i                             10031    1290.66    1171.46     134.82 1.00 1.00 1.00      0      0   2503 "E3"
pse_exactobject  vanu_block_ramp_simple                    10032    1264.87    1127.68     121.00 1.00 1.00 1.00      0      0  13654
pse_exactobject  vanu_block_ramp_simple                    10033    1244.09    1162.34     133.70 1.00 1.00 1.00      0      0  13654
pse_exactobject  vanu_block_ramp_simple                    10034    1280.04    1085.02     107.20 1.00 1.00 1.00      0      0  12744
pse_exactobject  vanu_block_ramp_simple                    10035    1192.42    1337.63     111.60 1.00 1.00 1.00      0      0   6599
pse_exactobject  vanu_block_ramp_simple                    10036    1163.37    1222.28     133.70 1.00 1.00 1.00      0      0   7964
pse_exactobject  vanu_block_ramp_simple                    10037    1353.88    1254.42     111.90 1.00 1.00 1.00      0      0  14792
pse_exactobject  vanu_block_ramp_simple                    10038    1077.69    1143.73     121.00 1.00 1.00 1.00      0      0   8648
pse_exactobject  vanu_block_ramp_simple                    10039    1040.15    1152.39     112.00 1.00 1.00 1.00      0      0   7054
pse_exactobject  vanu_tower_light                          10040    1260.46    1321.35     138.17 1.00 1.00 1.00  12872  16198   7115
pse_exactobject  vanu_block_ramp_soldier                   10041    1271.90    1235.71     148.90 1.00 1.00 1.00      0      0  14564
pse_exactobject  ceiling_bldg_h                            10042     894.28    1280.67     179.98 1.00 1.00 1.00      0      0  14564 "N4"
pse_exactobject  ceiling_bldg_b                            10043     870.26    1148.19     178.45 1.00 1.00 1.00      0      0  13823 "W2"
pse_exactobject  vanu_wall_corner                          10044     706.79    1223.32     111.85 1.00 1.00 1.00      0      0   6144
pse_exactobject  vanu_wall_cave                            10045     718.99    1210.18     111.85 1.00 1.00 1.00      0      0   2047
pse_exactobject  vanu_wall_cave                            10046     738.64    1235.65     111.85 1.00 1.00 1.00      0      0  10240
pse_exactobject  vanu_wall_vehicle                         10047     730.57    1223.02     127.55 1.00 1.00 1.00   8192      0  14337
pse_exactobject  vanu_wall_corner                          10048     752.31    1223.15     111.85 1.00 1.00 1.00      0      0  14336
pse_exactobject  vanu_wall_corner                          10049     728.78    1196.94     111.85 1.00 1.00 1.00      0      0  10240
pse_exactobject  vanu_wall_corner                          10050     729.56    1249.86     111.85 1.00 1.00 1.00      0      0   2048
pse_exactobject  vanu_wall_soldier                         10051     749.26    1091.33     111.99 1.00 1.00 1.00      0      0  15474
pse_exactobject  vanu_wall_cave                            10052     732.96    1097.27     111.99 1.00 1.00 1.00      0      0  15474
pse_exactobject  vanu_wall                                 10053     769.50    1084.72     128.27 1.00 1.00 1.00   8192      0  11606
pse_exactobject  vanu_wall                                 10054     760.92    1082.62     127.26 1.00 1.00 1.00   8192      0  11606
pse_exactobject  vanu_wall_soldier                         10055     779.73    1081.70     111.99 1.00 1.00 1.00      0      0  15474
pse_exactobject  vanu_wall_vehicle                         10056     739.73    1094.56     111.99 1.00 1.00 1.00      0      0  15474
pse_exactobject  vanu_wall_vehicle                         10057     791.22    1078.04     111.99 1.00 1.00 1.00      0      0  15474
pse_exactobject  vanu_wall_cave                            10058     801.77    1074.45     111.99 1.00 1.00 1.00      0      0  15474
pse_exactobject  vanu_block_vehicle                        10059     773.44    1105.38     107.27 1.00 1.00 1.00      0      0  15474
pse_exactobject  vanu_block_vehicle                        10060     759.97    1066.49     107.27 1.00 1.00 1.00      0      0  15474
pse_exactobject  vanu_wall_soldier                         10061     857.96    1219.69     111.99 1.00 1.00 1.00      0      0   5461
pse_exactobject  vanu_wall_cave                            10062     867.03    1204.37     111.99 1.00 1.00 1.00      0      0   5461
pse_exactobject  vanu_wall                                 10063     850.96    1231.23     128.27 1.00 1.00 1.00   8192      0   9785
pse_exactobject  vanu_wall                                 10064     843.04    1235.14     127.26 1.00 1.00 1.00   8192      0   9785
pse_exactobject  vanu_wall_soldier                         10065     840.54    1248.09     111.99 1.00 1.00 1.00      0      0   5461
pse_exactobject  vanu_wall_vehicle                         10066     863.58    1210.80     111.99 1.00 1.00 1.00      0      0   5461
pse_exactobject  vanu_wall_vehicle                         10067     836.48    1255.14     111.99 1.00 1.00 1.00      0      0   5461
pse_exactobject  vanu_wall_cave                            10068     830.71    1264.67     111.99 1.00 1.00 1.00      0      0   5461
pse_exactobject  vanu_block_vehicle                        10069     867.26    1244.53     107.27 1.00 1.00 1.00      0      0  13654
pse_exactobject  vanu_block_vehicle                        10070     831.95    1223.39     107.27 1.00 1.00 1.00      0      0  13654
pse_exactobject  ceiling_bldg_e                            10071     837.17    1077.23     193.72 1.00 1.00 1.00      0      0  15280 "W1"
pse_exactobject  ceiling_bldg_d                            10072     709.30     999.79     174.85 1.00 1.00 1.00      0      0   9271 "W4"
pse_exactobject  ceiling_bldg_f                            10073     699.42    1116.72     164.46 1.00 1.00 1.00      0      0  10618 "W5"
pse_exactobject  vanu_block_ramp_soldier                   10074     827.50    1265.56     148.75 1.00 1.00 1.00      0      0  14274
pse_exactobject  vanu_block_ramp_soldier                   10075     700.08    1171.30     150.72 1.00 1.00 1.00      0      0   3451
pse_exactobject  vanu_cluster_small                        10076     854.02    1136.27     154.30 1.00 1.00 1.00      0      0  12082
pse_exactobject  vanu_cluster_small                        10077     849.29    1116.41     158.90 1.00 1.00 1.00      0      0   2226
pse_exactobject  vanu_cluster_small                        10078     851.06    1105.16     163.50 1.00 1.00 1.00      0      0   1809
pse_exactobject  vanu_cluster_small                        10079     835.53    1109.63     154.30 1.00 1.00 1.00      0      0   2774
pse_exactobject  vanu_block_ramp_soldier                   10080     785.41    1082.33     136.34 1.00 1.00 1.00      0      0   7652
pse_exactobject  vanu_cluster_small                        10081     890.41    1103.63     153.90 1.00 1.00 1.00      0      0   3479
pse_exactobject  vanu_cluster_small                        10082     863.42    1062.45     134.10 1.00 1.00 1.00      0      0   9984
pse_exactobject  vanu_cluster_small                        10083     910.31    1113.79     137.60 1.00 1.00 1.00      0      0  10772
pse_exactobject  vanu_cluster_small                        10084     891.83    1089.00     145.60 1.00 1.00 1.00      0      0  10164
pse_exactobject  vanu_cluster_small                        10085     877.12    1205.85     138.60 1.00 1.00 1.00      0      0   6596
pse_exactobject  vanu_cluster_small                        10086     847.54    1200.16     138.60 1.00 1.00 1.00      0      0   2696
pse_exactobject  vanu_cluster_small                        10087     816.78    1259.64     138.80 1.00 1.00 1.00      0      0  15394
pse_exactobject  vanu_cluster_small                        10088     849.13    1275.67     138.60 1.00 1.00 1.00      0      0  12191
pse_exactobject  vanu_cluster_small                        10089     815.64    1345.34     129.60 1.00 1.00 1.00      0      0  14741
pse_exactobject  vanu_cluster_small                        10090     794.05    1339.37     129.60 1.00 1.00 1.00      0      0   8903
pse_exactobject  vanu_cluster_small                        10091     750.56    1291.62     133.90 1.00 1.00 1.00      0      0  12590
pse_exactobject  vanu_cluster_small                        10092     771.44    1263.58     133.90 1.00 1.00 1.00      0      0   8498
pse_exactobject  vanu_cluster_small                        10093     794.92    1262.24     133.50 1.00 1.00 1.00      0      0    271
pse_exactobject  vanu_cluster_small                        10094     712.38    1203.04     141.00 1.00 1.00 1.00      0      0  11048
pse_exactobject  vanu_block_ramp_soldier                   10095     678.38    1176.43     132.90 1.00 1.00 1.00      0      0   9638
pse_exactobject  vanu_cluster_small                        10096     713.71    1132.57     133.60 1.00 1.00 1.00      0      0  13827
pse_exactobject  vanu_cluster_small                        10097     671.27    1064.27     133.60 1.00 1.00 1.00      0      0  15533
pse_exactobject  vanu_cluster_small                        10098     857.07    1209.77     144.50 1.00 1.00 1.00      0      0  13118
pse_exactobject  ceiling_bldg_a                            10099    1039.99    1095.48     207.81 1.00 1.00 1.00      0      0  15505 "N1"
pse_exactobject  ceiling_bldg_g                            10100    1136.66     968.13     183.11 1.00 1.00 1.00      0      0   4596 "E1"
pse_exactobject  vanu_block_ramp_soldier                   10101     567.83     794.51     122.80 1.00 1.00 1.00      0      0   4323
pse_exactobject  vanu_wall_ramp                            10102     642.05     828.51     126.61 1.00 1.00 1.00      0      0  13654
pse_exactobject  vanu_wall_ramp                            10103     606.18     796.15     126.61 1.00 1.00 1.00      0      0  13426
pse_exactobject  vanu_wall_ramp                            10104     588.89     836.84     126.61 1.00 1.00 1.00      0      0   5233
pse_exactobject  vanu_block_ramp_soldier                   10105     739.84     856.26     112.20 1.00 1.00 1.00      0      0  15087
pse_exactobject  vanu_block_ramp_soldier                   10106     716.00     880.62     119.20 1.00 1.00 1.00      0      0   9672
pse_exactobject  vanu_block_ramp_soldier                   10107     744.24     793.48     112.20 1.00 1.00 1.00      0      0   4391
pse_exactobject  vanu_block_ramp_soldier                   10108     948.36     677.67     106.40 1.00 1.00 1.00      0      0  13722
pse_exactobject  vanu_block_ramp_soldier                   10109     858.04     758.43     106.30 1.00 1.00 1.00      0      0   5984
pse_exactobject  vanu_block_ramp_soldier                   10110     797.26     879.29     111.20 1.00 1.00 1.00      0      0  16271
pse_exactobject  vanu_block_ramp_soldier                   10111     782.51     921.19     119.10 1.00 1.00 1.00      0      0   1046
pse_exactobject  vanu_block_ramp_soldier                   10112     752.52     706.17     122.80 1.00 1.00 1.00      0      0  14405
pse_exactobject  vanu_block_ramp_soldier                   10113    1395.93     824.53     113.20 1.00 1.00 1.00      0      0   1820
pse_exactobject  vanu_block_ramp_soldier                   10114    1247.09     908.38     105.20 1.00 1.00 1.00      0      0   1820
pse_exactobject  vanu_block_ramp_soldier                   10115    1221.55     869.75     112.20 1.00 1.00 1.00      0      0   3640
pse_exactobject  vanu_block_ramp_soldier                   10116    1250.92     794.29     112.20 1.00 1.00 1.00      0      0  15019
pse_exactobject  vanu_block_ramp_soldier                   10117    1266.02     802.24     108.30 1.00 1.00 1.00      0      0  11378
pse_exactobject  vanu_block_ramp_soldier                   10118    1279.11     840.69     112.30 1.00 1.00 1.00      0      0  11151
pse_exactobject  vanu_wall_ramp                            10119    1082.30     754.78     111.88 1.00 1.00 1.00      0      0  10923
pse_exactobject  vanu_wall_ramp                            10120    1105.70     792.29     111.88 1.00 1.00 1.00      0      0   2730
pse_exactobject  vanu_wall_vehicle                         10121    1094.63     773.27     111.78 1.00 1.00 1.00      0      0  15019
pse_exactobject  vanu_wall_ramp                            10122    1172.55     888.78     111.88 1.00 1.00 1.00      0      0   8192
pse_exactobject  vanu_wall_ramp                            10123    1216.73     887.27     111.88 1.00 1.00 1.00      0      0      0
pse_exactobject  vanu_block_ramp_soldier                   10124    1109.73     925.90     127.20 1.00 1.00 1.00      0      0   3640
pse_exactobject  vanu_block_ramp_soldier                   10125    1066.30     847.67     127.20 1.00 1.00 1.00      0      0  11151
pse_exactobject  vanu_block_ramp_soldier                   10126    1278.87     644.41     105.20 1.00 1.00 1.00      0      0   3185
pse_exactobject  vanu_block_ramp_soldier                   10127    1079.24     583.59     111.30 1.00 1.00 1.00      0      0   5916
pse_exactobject  vanu_block_ramp_soldier                   10128    1095.66     568.88     115.30 1.00 1.00 1.00      0      0   6143
pse_exactobject  vanu_block_ramp_soldier                   10129    1141.52     920.35     112.00 1.00 1.00 1.00      0      0  14018
pse_exactobject  vanu_block_ramp_soldier                   10130    1109.96     813.32     110.20 1.00 1.00 1.00      0      0  14018
pse_exactobject  vanu_block_ramp_soldier                   10131     898.59     913.05     110.20 1.00 1.00 1.00      0      0   6508
pse_exactobject  vanu_block_ramp_soldier                   10132     928.91     866.30     123.10 1.00 1.00 1.00      0      0   6508
pse_exactobject  vanu_block_ramp_soldier                   10133    1381.33    1309.57     130.40 1.00 1.00 1.00      0      0  15019
pse_exactobject  vanu_block_ramp_soldier                   10134    1081.51    1365.99     109.70 1.00 1.00 1.00      0      0  10923
pse_exactobject  vanu_block_ramp_soldier                   10135    1133.17    1384.68     109.70 1.00 1.00 1.00      0      0  15702
pse_exactobject  vanu_wall_ramp                            10136    1156.38    1390.12     111.88 1.00 1.00 1.00      0      0   8192
pse_exactobject  vanu_wall_ramp                            10137    1200.56    1388.60     111.88 1.00 1.00 1.00      0      0      0
pse_exactobject  vanu_wall_vehicle                         10138    1178.56    1388.68     111.78 1.00 1.00 1.00      0      0  12288
pse_exactobject  vanu_block_ramp_soldier                   10139    1208.42    1396.55     113.40 1.00 1.00 1.00      0      0  10696
pse_exactobject  vanu_block_ramp_soldier                   10140    1225.92    1361.18     130.50 1.00 1.00 1.00      0      0   5916
pse_exactobject  vanu_block_ramp_soldier                   10141    1185.75    1282.76     133.60 1.00 1.00 1.00      0      0   9296
pse_exactobject  vanu_block_ramp_soldier                   10142    1169.88    1289.63     121.30 1.00 1.00 1.00      0      0   2958
pse_exactobject  vanu_block_ramp_soldier                   10143    1049.36    1197.44     111.90 1.00 1.00 1.00      0      0   5916
pse_exactobject  vanu_block_ramp_soldier                   10144    1016.31    1180.30     107.80 1.00 1.00 1.00      0      0  10923
pse_exactobject  vanu_block_ramp_soldier                   10145    1316.87    1228.62     120.90 1.00 1.00 1.00      0      0   2048
pse_exactobject  vanu_block_ramp_soldier                   10146    1223.77    1176.44     137.60 1.00 1.00 1.00      0      0   3413
pse_exactobject  vanu_block_ramp_soldier                   10147    1162.21    1130.81     137.60 1.00 1.00 1.00      0      0   7281
pse_exactobject  vanu_block_ramp_soldier                   10148    1130.31    1132.88     133.80 1.00 1.00 1.00      0      0   8648
pse_exactobject  vanu_block_ramp_soldier                   10149    1168.50    1080.52     112.00 1.00 1.00 1.00      0      0  15702
pse_exactobject  vanu_tower_heavy                          10150    1171.33    1156.91     164.79 1.00 1.00 1.00      0      0   5916
pse_exactobject  vanu_block_ramp_soldier                   10151     770.52     744.37     103.97 1.00 1.00 1.00      0      0  13267
pse_exactobject  vanu_carport                              10152     819.27     678.81     112.22 1.00 1.00 1.00      0      0   9103
pse_exactobject  vanu_cluster_palm                         10153     743.55    1007.09     106.22 1.00 1.00 1.00      0      0  14011
pse_exactobject  vanu_tower_light                          10154     956.50     866.68     138.33 1.00 1.00 1.00      0      0  15929
pse_exactobject  vanu_tower_heavy                          10155     735.12     823.95     121.45 1.00 1.00 1.00      0      0      0
pse_exactobject  vanu_cluster_small                        10156     878.08     917.80     119.12 1.00 1.00 1.00      0      0      0
pse_exactobject  vanu_cluster_aframe                       10157     660.20     822.42     140.63 1.00 1.00 1.00      0      0  14109
pse_exactobject  vanu_cluster_2way                         10158     845.03     619.02     140.00 1.00 1.00 1.00      0      0   8192
pse_exactobject  vanu_cluster_palm                         10159     697.03     868.46     124.46 1.00 1.00 1.00      0      0   5461
pse_exactobject  vanu_cluster_pinwheel                     10160     612.27     680.15     136.99 1.00 1.00 1.00      0      0      0
pse_exactobject  vanu_tanktrap_heavy                       10161     748.41     901.94     133.18 1.00 1.00 1.00      0      0   2275
pse_exactobject  vanu_tanktrap_light                       10162     695.95     705.56     139.00 1.00 1.00 1.00      0      0    455
pse_exactobject  vanu_cluster_small                        10163     584.16     767.01     141.12 1.00 1.00 1.00      0      0  14109
pse_exactobject  vanu_cluster_aframe                       10164     868.12     659.03     121.45 1.00 1.00 1.00      0      0  14792
pse_exactobject  vanu_cluster_small                        10165     920.64     697.62     124.12 1.00 1.00 1.00      0      0  12061
pse_exactobject  vanu_carport                              10166    1164.56     787.50     111.00 1.00 1.00 1.00      0      0   2275
pse_exactobject  vanu_carport_cave                         10167    1232.30     624.99     112.10 1.00 1.00 1.00      0      0   8420
pse_exactobject  vanu_tower_light                          10168    1265.43     862.67     133.77 1.00 1.00 1.00      0      0   1820
pse_exactobject  vanu_tower_heavy                          10169    1025.92     731.56     127.39 1.00 1.00 1.00      0      0      0
pse_exactobject  vanu_tanktrap_light                       10170    1096.72     882.53     145.24 1.00 1.00 1.00      0      0  12744
pse_exactobject  vanu_tanktrap_heavy                       10171    1151.74     673.69     107.29 1.00 1.00 1.00      0      0  16157
pse_exactobject  vanu_cluster_small                        10172    1160.85     888.73     123.68 1.00 1.00 1.00      0      0   5688
pse_exactobject  vanu_cluster_pinwheel                     10173    1377.22     944.50     108.06 1.00 1.00 1.00      0      0  14337
pse_exactobject  vanu_cluster_palm                         10174    1218.05     827.32     124.76 1.00 1.00 1.00      0      0   4551
pse_exactobject  vanu_cluster_aframe                       10175    1134.22     800.61     125.00 1.00 1.00 1.00      0      0   8192
pse_exactobject  vanu_cluster_2way                         10176    1260.73     914.49     117.00 1.00 1.00 1.00      0      0  12288
pse_exactobject  vanu_cluster_aframe                       10177    1349.26     810.39     130.00 1.00 1.00 1.00      0      0  10240
pse_exactobject  vanu_cluster_small                        10178    1071.61     819.03     128.00 1.00 1.00 1.00      0      0   1137
pse_exactobject  vanu_cluster_aframe                       10179    1089.69     940.93     126.00 1.00 1.00 1.00      0      0  13654
pse_exactobject  vanu_block_ramp_soldier                   10180    1282.78     915.41      99.81 1.00 1.00 1.00      0      0   3185
pse_exactobject  vanu_tanktrap_heavy                       10181    1233.20    1252.97     162.82 1.00 1.00 1.00      0      0    682
pse_exactobject  vanu_tanktrap_light                       10182    1343.10    1073.49     112.87 1.00 1.00 1.00      0      0   6826
pse_exactobject  vanu_cluster_pinwheel                     10183    1204.62    1122.76     151.14 1.00 1.00 1.00      0      0  14109
pse_exactobject  vanu_cluster_palm                         10184    1236.87    1060.99     118.27 1.00 1.00 1.00      0      0   9558
pse_exactobject  vanu_cluster_2way                         10185    1134.06    1343.41     109.32 1.00 1.00 1.00      0      0      0
pse_exactobject  vanu_cluster_aframe                       10186    1266.66    1213.29     153.58 1.00 1.00 1.00      0      0   1365
pse_exactobject  vanu_cluster_aframe                       10187    1071.63    1169.28     126.02 1.00 1.00 1.00      0      0  16157
pse_exactobject  vanu_cluster_small                        10188    1106.07    1105.67     130.15 1.00 1.00 1.00      0      0    682
pse_exactobject  vanu_cluster_small                        10189    1037.74    1205.42     125.82 1.00 1.00 1.00      0      0   7281
pse_exactobject  vanu_block_ramp_soldier                   10190    1119.00    1231.11     121.17 1.00 1.00 1.00      0      0   3413
pse_exactobject  vanu_cluster_small                        10191    1159.32    1243.04     139.24 1.00 1.00 1.00      0      0      0
pse_exactobject  vanu_block_ramp_soldier                   10192    1204.09    1046.68     107.37 1.00 1.00 1.00      0      0   7964
pse_exactobject  vanu_carport                              10193    1255.32    1035.54     112.92 1.00 1.00 1.00      0      0   2048
pse_exactobject  vanu_carport_cave                         10194    1129.36    1199.30     138.79 1.00 1.00 1.00      0      0  10468
pse_exactobject  vanu_carport                              10195     800.97    1022.27     112.29 1.00 1.00 1.00      0      0  15929
pse_exactobject  vanu_carport_cave                         10196     626.13    1042.39     111.85 1.00 1.00 1.00      0      0  15019
pse_exactobject  vanu_carport                              10197     920.63    1398.51     112.32 1.00 1.00 1.00      0      0  14564
pse_exactobject  vanu_carport_cave                         10198     922.85    1223.89     111.42 1.00 1.00 1.00      0      0   5009
pse_exactobject  vanu_cluster_2way                         10199     954.45    1351.87     109.00 1.00 1.00 1.00      0      0  14375
pse_exactobject  vanu_cluster_pinwheel                     10200     924.24    1276.04     108.03 1.00 1.00 1.00      0      0  15073
pse_exactobject  vanu_cluster_aframe                       10201     691.31    1071.62     140.38 1.00 1.00 1.00      0      0  15692
pse_exactobject  vanu_cluster_aframe                       10202     848.74    1233.89     148.02 1.00 1.00 1.00      0      0   3874
pse_exactobject  vanu_cluster_aframe                       10203     660.21    1230.47     111.64 1.00 1.00 1.00      0      0    679
pse_exactobject  vanu_tower_light                          10204     735.19    1226.51     130.93 1.00 1.00 1.00      0      0      0
pse_exactobject  vanu_tanktrap_light                       10205     772.03    1187.05     108.56 1.00 1.00 1.00      0      0      0
pse_exactobject  vanu_tanktrap_heavy                       10206     741.67    1090.52     139.42 1.00 1.00 1.00      0      0      0
pse_exactobject  vanu_tanktrap_light                       10207     644.78    1152.78     134.25 1.00 1.00 1.00      0      0  14245
pse_exactobject  vanu_cluster_2way                         10208     859.26    1176.12     154.00 1.00 1.00 1.00      0      0  10531
pse_exactobject  vanu_cluster_small                        10209     834.89    1172.57     133.89 1.00 1.00 1.00      0      0   3347
pse_exactobject  vanu_cluster_small                        10210     819.46    1114.61     134.59 1.00 1.00 1.00      0      0  11589
pse_exactobject  vanu_cluster_small                        10211     800.36    1091.93     134.59 1.00 1.00 1.00      0      0   1874
pse_exactobject  vanu_tanktrap_heavy                       10212     759.50    1324.24     135.59 1.00 1.00 1.00      0      0      0
pse_exactobject  vanu_tanktrap_light                       10213     852.68    1343.81     135.96 1.00 1.00 1.00      0      0      0
pse_exactobject  ground_bldg_d                             10214     831.35     734.45     111.00 1.00 1.00 1.00      0      0   2868 "S3"
pse_exactobject  ground_bldg_d                             10215    1132.27    1293.23     118.79 1.00 1.00 1.00      0      0  10732 "N3"
pse_exactobject  ground_bldg_e                             10216    1083.61     698.32     116.81 1.00 1.00 1.00      0      0  14337 "S4"
pse_exactobject  solsar_pillarb                            10217    1081.96    1108.64     113.48 1.00 1.00 1.17      0      0   2785
pse_exactobject  solsar_pillara                            10218     787.85    1007.85     155.85 1.00 1.00 1.00      0      0  16221
pse_exactobject  vanu_sentry_turret                        10219     817.59     798.57     130.96 1.00 1.00 1.00      0      0      0
pse_exactobject  vanu_sentry_turret                        10220     853.35     881.47     132.33 1.00 1.00 1.00      0      0  10814
pse_exactobject  vanu_sentry_turret                        10221     779.91     779.98     117.70 1.00 1.00 1.00      0      0  14582
pse_exactobject  vanu_sentry_turret                        10222     859.47     714.79     120.10 1.00 1.00 1.00      0      0  11633
pse_exactobject  vanu_sentry_turret                        10223     844.56     779.57     110.50 1.00 1.00 1.00      0      0   5080
pse_exactobject  vanu_sentry_turret                        10224     925.23     830.76     124.10 1.00 1.00 1.00      0      0   8356
pse_exactobject  vanu_sentry_turret                        10225     702.19     706.28     146.37 1.00 1.00 1.00      0      0   2785
pse_exactobject  vanu_sentry_turret                        10226     773.24     798.71     130.92 1.00 1.00 1.00      0      0   8028
pse_exactobject  vanu_sentry_turret                        10227     666.02     817.67     151.48 1.00 1.00 1.00      0      0   1966
pse_exactobject  vanu_sentry_turret                        10228    1164.63     716.62     119.35 1.00 1.00 1.00      0      0   9832
pse_exactobject  vanu_sentry_turret                        10229    1105.36     731.72     122.30 1.00 1.00 1.00      0      0   1966
pse_exactobject  vanu_sentry_turret                        10230    1236.17     676.33     129.92 1.00 1.00 1.00      0      0  10159
pse_exactobject  vanu_sentry_turret                        10231    1257.88     734.33     139.99 1.00 1.00 1.00      0      0   1146
pse_exactobject  vanu_sentry_turret                        10232    1371.10     937.93     117.41 1.00 1.00 1.00      0      0   8848
pse_exactobject  vanu_sentry_turret                        10233    1270.92    1148.13     134.82 1.00 1.00 1.00      0      0  10323
pse_exactobject  vanu_sentry_turret                        10234    1302.35    1202.33     134.82 1.00 1.00 1.00      0      0   1310
pse_exactobject  vanu_sentry_turret                        10235    1292.07    1324.84     174.89 1.00 1.00 1.00      0      0  10486
pse_exactobject  vanu_sentry_turret                        10236    1253.56    1357.53     160.41 1.00 1.00 1.00      0      0   6883
pse_exactobject  vanu_sentry_turret                        10237    1114.21    1277.04     118.79 1.00 1.00 1.00      0      0   8356
pse_exactobject  vanu_sentry_turret                        10238     724.76    1095.84     164.42 1.00 1.00 1.00      0      0  15893
pse_exactobject  vanu_sentry_turret                        10239     777.59    1182.02     117.60 1.00 1.00 1.00      0      0  12778
pse_exactobject  vanu_sentry_turret                        10240     850.49    1165.93     163.34 1.00 1.00 1.00      0      0   6225
pse_exactobject  vanu_sentry_turret                        10241     628.21    1253.57     118.15 1.00 1.00 1.00      0      0  12452
pse_exactobject  vanu_sentry_turret                        10242     704.65    1328.91     136.36 1.00 1.00 1.00      0      0    655
pse_exactobject  warpgate_cavern                           10243     934.20    1858.96      81.44 1.00 1.00 1.00      0      0      0 "GW_Cavern4_N"
pse_exactobject  warpgate_cavern                           10244    1701.90    1247.33      81.06 1.00 1.00 1.00      0      0      0 "GW_Cavern4_E"
pse_exactobject  warpgate_cavern                           10245     856.92     191.61     101.24 1.00 1.00 1.00      0      0      0 "GW_Cavern4_S"
pse_exactobject !vanu_equipment_term                      200000     835.57    1094.07     193.71 1.00 1.00 1.00      0      0  12945
pse_exactobject !vanu_equipment_term                      200001     845.78    1062.00     193.71 1.00 1.00 1.00      0      0   5078
pse_exactobject !vanu_equipment_term                      200002    1046.56    1319.12     116.40 1.00 1.00 1.00      0      0   4095
pse_exactobject !vanu_equipment_term                      200003    1048.60    1352.78     116.40 1.00 1.00 1.00      0      0  12289
pse_exactobject !crystals_repair_a                        200004    1059.95    1331.74     121.91 1.00 1.00 1.00      0      0      0
pse_exactobject !crystals_energy_b                        200005    1412.27    1183.28     131.00 1.00 1.00 1.00      0      0      0
pse_exactobject !vanu_equipment_term                      200006    1374.98     865.79     121.50 1.00 1.00 1.00      0      0  10486
pse_exactobject !vanu_equipment_term                      200007    1361.59     876.44     121.50 1.00 1.00 1.00      0      0   2294
pse_exactobject !crystals_repair_b                        200008    1368.27     871.24     121.50 1.00 1.00 1.00      0      0      0
pse_exactobject !vanu_equipment_term                      200009    1085.88     681.38     116.80 1.00 1.00 1.00      0      0   4095
pse_exactobject !vanu_equipment_term                      200010    1088.05     715.00     116.80 1.00 1.00 1.00      0      0  12289
pse_exactobject !crystals_energy_a                        200011    1103.32     690.43     116.80 1.00 1.00 1.00      0      0      0
pse_exactobject !crystals_repair_a                        200012    1129.76     608.74     113.54 1.00 1.00 1.00      0      0      0
pse_exactobject !crystals_health_b                        200013    1128.28     600.54     118.54 1.00 1.00 1.00      0      0      0
pse_exactobject !crystals_health_a                        200014    1308.76     941.45     121.06 1.00 1.00 1.00      0      0      0
pse_exactobject !crystals_energy_b                        200015    1320.04     941.39     121.06 1.00 1.00 1.00      0      0      0
pse_exactobject !crystals_energy_a                        200016    1286.90    1179.96     134.82 1.00 1.00 1.00      0      0      0
pse_exactobject !crystals_health_b                        200017    1281.84    1173.09     134.82 1.00 1.00 1.00      0      0      0
pse_exactobject !crystals_repair_a                        200018    1294.69    1174.46     134.82 1.00 1.00 1.00      0      0      0
pse_exactobject !crystals_energy_b                        200019    1132.35    1293.16     120.75 1.00 1.00 1.00      0      0      0
pse_exactobject !crystals_health_b                        200020    1065.61    1231.69     124.00 1.00 1.00 1.00      0      0      0
pse_exactobject !crystals_energy_b                        200021    1041.24    1091.69     207.81 1.00 1.00 1.00      0      0      0
pse_exactobject !crystals_health_a                        200022    1042.73    1094.72     213.31 1.00 1.00 1.00      0      0      0
pse_exactobject !crystals_energy_a                        200023    1137.20     965.28     185.61 1.00 1.00 1.00      0      0      0
pse_exactobject !crystals_repair_a                        200024    1136.29     970.75     185.61 1.00 1.00 1.00      0      0      0
pse_exactobject !crystals_repair_b                        200025     853.81    1078.58     199.22 1.00 1.00 1.00      0      0      0
pse_exactobject !crystals_health_b                        200026     883.88    1139.21     183.94 1.00 1.00 1.00      0      0      0
pse_exactobject !crystals_energy_a                        200027     889.15    1145.10     178.45 1.00 1.00 1.00      0      0      0
pse_exactobject !crystals_energy_b                        200028     684.62    1120.14     164.46 1.00 1.00 1.00      0      0      0
pse_exactobject !crystals_health_b                        200029     675.37    1119.01     169.46 1.00 1.00 1.00      0      0      0
pse_exactobject !crystals_repair_a                        200030     800.37     805.29     131.00 1.00 1.00 1.00      0      0      0
pse_exactobject !crystals_energy_a                        200031     787.67     805.34     131.00 1.00 1.00 1.00      0      0      0
pse_exactobject !crystals_energy_b                        200032     831.65     734.81     112.96 1.00 1.00 1.00      0      0      0
pse_exactobject  crystals_vehicle_b                        10246     657.59     855.71     126.00 1.00 1.00 1.00      0      0      0
pse_exactobject  crystals_vehicle_a                        10247     829.15     589.62     136.40 1.00 1.00 1.00      0      0      0
pse_exactobject  crystals_vehicle_b                        10248     940.06     765.26     108.27 1.00 1.00 1.00      0      0      0
pse_exactobject  crystals_health_b                         10249     603.17     847.99     135.54 1.00 1.00 1.00      0      0      0
pse_exactobject  crystals_health_a                         10250     847.00     673.56     120.00 1.00 1.00 1.00      0      0      0
pse_exactobject  vanu_cluster_2way                         10251     600.72     988.45     110.39 1.00 1.00 1.00      0      0      0
pse_exactobject  crystals_health_b                         10252     606.13     977.59     112.10 1.00 1.00 1.00      0      0      0
pse_exactobject  crystals_vehicle_a                        10253     780.39    1024.62     107.34 1.00 1.00 1.00      0      0      0
pse_exactobject  crystals_health_b                         10254     634.71    1194.54     108.20 1.00 1.00 1.00      0      0      0
pse_exactobject  crystals_repair_a                         10255     619.48    1070.69     108.20 1.00 1.00 1.00      0      0      0
pse_exactobject  crystals_repair_a                         10256     918.41    1070.44     108.69 1.00 1.00 1.00      0      0      0
pse_exactobject  crystals_health_a                         10257     881.98    1036.96     108.75 1.00 1.00 1.00      0      0      0
pse_exactobject  crystals_health_b                         10258     844.64    1384.90     108.20 1.00 1.00 1.00      0      0      0
pse_exactobject  crystals_repair_b                         10259     769.21    1371.05     108.20 1.00 1.00 1.00      0      0      0
pse_exactobject  crystals_vehicle_a                        10260     889.67    1427.57     108.20 1.00 1.00 1.00      0      0      0
pse_exactobject  crystals_vehicle_a                        10261     925.44    1193.36     108.50 1.00 1.00 1.00      0      0      0
pse_exactobject  crystals_health_a                         10262     899.09    1236.49     108.20 1.00 1.00 1.00      0      0      0
pse_exactobject  crystals_repair_a                         10263     879.96    1266.28     108.20 1.00 1.00 1.00      0      0      0
pse_exactobject  crystals_repair_a                         10264     730.66    1048.81     108.25 1.00 1.00 1.00      0      0      0
pse_exactobject  crystals_health_a                         10265     767.07    1043.25     107.89 1.00 1.00 1.00      0      0      0
pse_exactobject  crystals_vehicle_b                        10266     745.28    1186.40     108.20 1.00 1.00 1.00      0      0      0
pse_exactobject  crystals_repair_b                         10267     788.94    1228.60     108.20 1.00 1.00 1.00      0      0      0
pse_exactobject  crystals_health_b                         10268     732.74    1226.37     160.93 1.00 1.00 1.00      0      0      0
pse_exactobject  crystals_health_b                         10269     798.31    1142.05     108.20 1.00 1.00 1.00      0      0      0
pse_exactobject  crystals_vehicle_b                        10270    1133.50    1237.10     135.00 1.00 1.00 1.00      0      0      0
pse_exactobject  crystals_health_b                         10271    1195.03    1071.04     121.10 1.00 1.00 1.00      0      0      0
pse_exactobject  crystals_repair_b                         10272    1158.24    1069.52     121.10 1.00 1.00 1.00      0      0      0
pse_exactobject  crystals_vehicle_b                        10273    1386.04    1257.28     108.20 1.00 1.00 1.00      0      0      0
pse_exactobject  crystals_health_b                         10274    1370.85    1290.92     135.45 1.00 1.00 1.00      0      0      0
pse_exactobject  crystals_repair_a                         10275    1414.33    1281.76     130.63 1.00 1.00 1.00      0      0      0
pse_exactobject  crystals_vehicle_a                        10276    1379.20     988.35     106.82 1.00 1.00 1.00      0      0      0
pse_exactobject  crystals_vehicle_b                        10277    1160.81     941.41     109.14 1.00 1.00 1.00      0      0      0
pse_exactobject  crystals_vehicle_b                        10278    1309.39     729.35     108.20 1.00 1.00 1.00      0      0      0
pse_exactobject  crystals_vehicle_a                        10279    1041.95     676.43     108.66 1.00 1.00 1.00      0      0      0
pse_exactobject  crystals_vehicle_a                        10280    1279.12     577.97     119.03 1.00 1.00 1.00      0      0      0
pse_exactobject  crystals_health_a                         10281    1366.45     711.31     127.10 1.00 1.00 1.00      0      0      0
pse_exactobject  crystals_repair_a                         10282    1342.59     636.64     127.00 1.00 1.00 1.00      0      0      0
pse_exactobject  crystals_repair_a                         10283    1238.64     849.87     125.96 1.00 1.00 1.00      0      0      0
pse_exactobject  crystals_health_a                         10284    1258.87     831.65     125.96 1.00 1.00 1.00      0      0      0
pse_exactobject  crystals_health_a                         10285    1136.36     900.40     121.20 1.00 1.00 1.00      0      0      0
pse_exactobject  crystals_repair_a                         10286    1131.56     910.39     126.56 1.00 1.00 1.00      0      0      0
pse_exactobject  crystals_repair_a                         10287    1079.63     839.29     124.10 1.00 1.00 1.00      0      0      0
pse_exactobject  vanu_block_ramp_soldier                   10288    1403.30    1213.60     111.80 1.00 1.00 1.00      0      0  10927
pse_exactobject  vanu_cluster_aframe                       10289    1256.42    1271.47     152.16 1.00 1.00 1.00      0      0   7964
pse_exactobject  vanu_block_ramp_soldier                   10290     711.80    1161.10     132.90 1.00 1.00 1.00      0      0  12556
pse_exactobject  vanu_control_point                        10291    1294.35    1355.27     144.89 1.00 1.00 1.00      0      0   5614 "Stasis North"
pse_exactobject  Solsar_soldierA                           10292       0.00       0.00       0.00 1.00 1.00 1.00      0      0      0
pse_exactobject  Solsar_soldierB                           10293       0.00       0.00       0.00 1.00 1.00 1.00      0      0      0
pse_exactobject  Solsar_soldierC                           10294       0.00       0.00       0.00 1.00 1.00 1.00      0      0      0
pse_exactobject  Solsar_soldierD                           10295       0.00       0.00       0.00 1.00 1.00 1.00      0      0      0
pse_exactobject  vanu_cluster_small                        10296    1230.11    1368.36     129.90 1.00 1.00 1.00      0      0  13599
pse_exactobject  vanu_block_ramp_soldier                   10297    1422.34    1288.12     121.60 1.00 1.00 1.00      0      0  15019
pse_exactobject  ground_bldg_c                             10298    1395.18    1160.54     130.80 1.00 1.00 1.00      0      0   2048 "E6"
pse_exactobject  vanu_sentry_turret                        10299    1406.95    1210.65     130.77 1.00 1.00 1.00      0      0   5570
pse_exactobject  vanu_cluster_small                        10300    1427.24    1267.52     124.98 1.00 1.00 1.00      0      0   3440
pse_exactobject  tunnelsuspensionbeam                      10301     448.00     960.00     112.50 1.00 1.00 1.00      0      0      0
pse_exactobject  tunnelsuspensionbeam                      10302     416.00     928.00     112.50 1.00 1.00 1.00      0      0  12288
pse_exactobject  tunnelsuspensionbeam                      10303     352.00     896.00     112.50 1.00 1.00 1.00      0      0  12288
pse_exactobject  tunnelsuspensionbeam                      10304     352.00     960.00     112.50 1.00 1.00 1.00      0      0  12288
pse_exactobject  tunnelsuspensionbeam                      10305     288.00     928.00     112.50 1.00 1.00 1.00      0      0  12288
pse_exactobject  tunnelsuspensionbeam                      10306     480.00    1024.00     112.50 1.00 1.00 1.00      0      0      0
pse_exactobject  tunnelsuspensionbeam                      10307     512.00    1056.00     112.50 1.00 1.00 1.00      0      0  12288
pse_exactobject  tunnelsuspensionbeam                      10308     800.00    1472.00     112.50 1.00 1.00 1.00      0      0   8191
pse_exactobject  tunnelsuspensionbeam                      10309     768.00    1536.00     112.50 1.00 1.00 1.00      0      0   8191
pse_exactobject  tunnelsuspensionbeam                      10310     768.00    1600.00      92.50 1.00 1.00 1.00      0      0   8191
pse_exactobject  tunnelsuspensionbeam                      10311     736.00    1632.00      92.50 1.00 1.00 1.00      0      0   4095
pse_exactobject  tunnelsuspensionbeam                      10312     704.00    1664.00      92.50 1.00 1.00 1.00      0      0      0
pse_exactobject  tunnelsuspensionbeam                      10313     736.00    1728.00      92.50 1.00 1.00 1.00      0      0      0
pse_exactobject  tunnelsuspensionbeam                      10314     736.00    1792.00     112.50 1.00 1.00 1.00      0      0      0
pse_exactobject  tunnelsuspensionbeam                      10315     768.00    1824.00     112.50 1.00 1.00 1.00      0      0  12288
pse_exactobject  tunnelsuspensionbeam                      10316     832.00    1824.00      92.50 1.00 1.00 1.00      0      0  12288
pse_exactobject  tunnelsuspensionbeam                      10317     928.00    1760.00      92.50 1.00 1.00 1.00      0      0   8191
pse_exactobject  tunnelsuspensionbeam                      10318     960.00    1728.00      92.50 1.00 1.00 1.00      0      0   4095
pse_exactobject  tunnelsuspensionbeam                      10319    1024.00    1696.00      92.50 1.00 1.00 1.00      0      0   4095
pse_exactobject  tunnelsuspensionbeam                      10320    1088.00    1696.00     112.50 1.00 1.00 1.00      0      0   4095
pse_exactobject  tunnelsuspensionbeam                      10321    1120.00    1664.00     112.50 1.00 1.00 1.00      0      0      0
pse_exactobject  tunnelsuspensionbeam                      10322    1152.00    1632.00     112.50 1.00 1.00 1.00      0      0  12288
pse_exactobject  tunnelsuspensionbeam                      10323    1184.00    1600.00     112.50 1.00 1.00 1.00      0      0   8191
pse_exactobject  tunnelsuspensionbeam                      10324    1696.00    1152.00      92.50 1.00 1.00 1.00      0      0      0
pse_exactobject  tunnelsuspensionbeam                      10325    1664.00    1088.00      92.50 1.00 1.00 1.00      0      0      0
pse_exactobject  tunnelsuspensionbeam                      10326    1632.00    1056.00      92.50 1.00 1.00 1.00      0      0  12288
pse_exactobject  tunnelsuspensionbeam                      10327    1568.00    1056.00     112.50 1.00 1.00 1.00      0      0  12288
pse_exactobject  tunnelsuspensionbeam                      10328    1536.00    1024.00     112.50 1.00 1.00 1.00      0      0   8191
pse_exactobject  tunnelsuspensionbeam                      10329    1504.00     960.00     112.50 1.00 1.00 1.00      0      0   8191
pse_exactobject  tunnelsuspensionbeam                      10330    1472.00     928.00     112.50 1.00 1.00 1.00      0      0   4095
pse_exactobject  tunnelsuspensionbeam                      10331    1312.00     416.00      92.50 1.00 1.00 1.00      0      0      0
pse_exactobject  tunnelsuspensionbeam                      10332    1280.00     448.00      92.50 1.00 1.00 1.00      0      0  12288
pse_exactobject  tunnelsuspensionbeam                      10333    1216.00     448.00     112.50 1.00 1.00 1.00      0      0  12288
pse_exactobject  tunnelsuspensionbeam                      10334    1184.00     480.00     112.50 1.00 1.00 1.00      0      0   8191
pse_exactobject  tunnelsuspensionbeam                      10335    1280.00     352.00      92.50 1.00 1.00 1.00      0      0      0
pse_exactobject  tunnelsuspensionbeam                      10336    1248.00     288.00      92.50 1.00 1.00 1.00      0      0      0
pse_exactobject  tunnelsuspensionbeam                      10337    1216.00     256.00      92.50 1.00 1.00 1.00      0      0  12288
pse_exactobject  tunnelsuspensionbeam                      10338    1152.00     256.00      72.50 1.00 1.00 1.00      0      0  12288
pse_exactobject  tunnelsuspensionbeam                      10339    1088.00     224.00      72.50 1.00 1.00 1.00      0      0  12288
pse_exactobject  tunnelsuspensionbeam                      10340    1024.00     224.00      92.50 1.00 1.00 1.00      0      0  12288
pse_exactobject  tunnelsuspensionbeam                      10341     960.00     224.00     112.50 1.00 1.00 1.00      0      0  12288
pse_exactobject  tunnelsuspensionbeam                      10342     864.00     288.00     112.50 1.00 1.00 1.00      0      0   8191
pse_exactobject  tunnelsuspensionbeam                      10343     832.00     320.00     112.50 1.00 1.00 1.00      0      0  12288
pse_exactobject  tunnelsuspensionbeam                      10344     800.00     352.00     112.50 1.00 1.00 1.00      0      0   8191
pse_exactobject  tunnelsuspensionbeam                      10345     768.00     416.00     112.50 1.00 1.00 1.00      0      0   8191
pse_exactobject  tunnelsuspensionbeam                      10346     736.00     480.00     112.50 1.00 1.00 1.00      0      0   8191
pse_exactobject  tunnelsuspensionbeam                      10347    1184.00    1536.00     112.50 1.00 1.00 1.00      0      0   8191
pse_exactobject  tunnelsuspensionbeam                      10348     224.00     928.00     112.50 1.00 1.00 1.00      0      0  12288
pse_exactobject  warpgate_cavern                           10349     125.73     933.91     100.82 1.00 1.00 1.00      0      0      0 "GW_Cavern4_W"
pse_exactobject  tunnel_dead_end                           10350     752.00    1856.00     112.50 1.00 1.00 1.00      0      0   4096
pse_exactobject  tunnel_dead_end                           10351    1696.00    1056.00      92.50 1.00 1.00 1.00      0      0      0
pse_exactobject  tunnel_dead_end                           10352     768.00     336.00     112.50 1.00 1.00 1.00      0      0   8191
pse_exactobject  tunnel_dead_end                           10353     272.00     960.00     112.50 1.00 1.00 1.00      0      0   4095
pse_exactobject  vanu_wall_vehicle                         10354    1194.73     887.35     111.78 1.00 1.00 1.00      0      0  12288
pse_exactobject  ceiling_bldg_d                            10355    1159.27    1060.78     198.86 1.00 1.00 1.00      0      0  12944 "E2"
pse_exactobject !crystals_energy_a                        200033    1159.16    1060.71     200.82 1.00 1.00 1.00      0      0      0
pse_exactobject !vanu_equipment_term                      200034    1147.46    1067.68     198.82 1.00 1.00 1.00      0      0   2622
pse_exactobject !vanu_equipment_term                      200035    1171.04    1053.54     198.82 1.00 1.00 1.00      0      0  10814
pse_exactobject  vanu_carport_cave                         10356     937.60     817.23     108.82 1.00 1.00 1.00      0      0  15247
pse_exactobject  vanu_cluster_small                        10357     878.75    1108.76     163.50 1.00 1.00 1.00      0      0  10772
pse_exactobject  vanu_cluster_small                        10358     865.18    1107.35     172.30 1.00 1.00 1.00      0      0   3325
pse_exactobject  ground_bldg_a                             10359     872.31     871.53     124.00 1.00 1.00 1.00      0      0      0 "S1"
pse_exactobject !crystals_health_b                        200036     874.59     868.25     124.00 1.00 1.00 1.00      0      0      0
pse_exactobject !crystals_energy_b                        200037     883.70     855.29     124.00 1.00 1.00 1.00      0      0      0
pse_exactobject  vanu_block_ramp_soldier                   10360     918.45     761.82     106.40 1.00 1.00 1.00      0      0   4004
pse_exactobject  vanu_cluster_small                        10361     839.48     661.27     119.30 1.00 1.00 1.00      0      0   9667
pse_exactobject  vanu_control_point                        10362     647.64     755.35     139.61 1.00 1.00 1.00      0      0  13352 "Stasis South"
pse_exactobject  vanu_wall_ramp                            10363     621.12     867.42     126.61 1.00 1.00 1.00      0      0   5461
pse_exactobject  vanu_wall_soldier                         10364     632.40     848.25     126.31 1.00 1.00 1.00      0      0   1365
pse_exactobject  vanu_wall_vehicle                         10365     598.11     816.86     126.51 1.00 1.00 1.00      0      0   1137
pse_exactobject !vanu_equipment_term                      200038    1430.67    1192.45     130.80 1.00 1.00 1.00      0      0  10322
pse_exactobject !vanu_equipment_term                      200039    1421.60    1202.05     130.80 1.00 1.00 1.00      0      0   2129
pse_exactobject  vanu_cluster_small                        10366    1259.08    1195.95     147.37 1.00 1.00 1.00      0      0   7044
pse_exactobject  vanu_sentry_turret                        10367    1075.27    1324.85     121.90 1.00 1.00 1.00      0      0  14256
pse_exactobject  zipline                                   10368     581.51     991.91     137.06 1.00 1.00 1.00      0     44   2289
pse_exactobject  zipline                                   10369     647.98    1071.98     135.30 1.00 1.00 1.00      0     44   2289
pse_exactobject !stationaryteleportpad                    200040     626.94    1309.39     111.35 1.00 1.00 1.00      0      0   5028
pse_exactobject !stationaryteleportpad                    200041     624.98    1314.65     128.78 1.00 1.00 1.00      0      0   5030
pse_exactobject  zipline                                   10370     664.87    1053.22     135.20 1.00 1.00 1.00      0  16338  10138
pse_exactobject  zipline                                   10371     578.94     973.83     137.29 1.00 1.00 1.00      0  16338  10138
pse_exactobject  stationaryteleportpad                     10372     664.91    1132.89     135.25 1.00 1.00 1.00      0      0  15126
pse_exactobject  stationaryteleportpad                     10373     739.27    1093.88     108.25 1.00 1.00 1.00      0      0  15124
pse_exactobject !stationaryteleportpad                    200042     682.61    1258.33     128.78 1.00 1.00 1.00      0      0   4847
pse_exactobject !stationaryteleportpad                    200043     681.17    1263.19     111.35 1.00 1.00 1.00      0      0   4845
pse_exactobject  zipline                                   10374     691.97    1020.93     174.86 1.00 1.00 1.00      0    413   3310
pse_exactobject  zipline                                   10375     711.32    1083.23     164.43 1.00 1.00 1.00      0    413   3310
pse_exactobject  zipline                                   10376     717.03     973.82     174.85 1.00 1.00 1.00      0   1075  13272
pse_exactobject  zipline                                   10377     744.39     904.74     142.34 1.00 1.00 1.00      0   1075  13272
pse_exactobject  zipline                                   10378     724.36    1087.29     164.42 1.00 1.00 1.00      0  15977  11387
pse_exactobject  zipline                                   10379     701.90    1024.95     174.85 1.00 1.00 1.00      0  15977  11387
pse_exactobject  stationaryteleportpad                     10380     725.25    1223.13     139.58 1.00 1.00 1.00      0      0   2280
pse_exactobject  stationaryteleportpad                     10381     728.82    1227.40     160.98 1.00 1.00 1.00    343  16341   2278
pse_exactobject  stationaryteleportpad                     10382     733.27     827.80     151.50 1.00 1.00 1.00      0      0   9802
pse_exactobject  stationaryteleportpad                     10383     726.50     823.01     117.95 1.00 1.00 1.00      0      0   9802
pse_exactobject  stationaryteleportpad                     10384     735.17    1225.68     108.25 1.00 1.00 1.00      0      0  11025
pse_exactobject  stationaryteleportpad                     10385     688.37    1136.70     135.35 1.00 1.00 1.00      0      0  11025
pse_exactobject  stationaryteleportpad                     10386     736.02    1225.55     160.98 1.00 1.00 1.00  16383      3   2752
pse_exactobject  stationaryteleportpad                     10387     739.08    1230.96     139.58 1.00 1.00 1.00      0      0   2751
pse_exactobject  zipline                                   10388     739.34    1233.31     160.92 1.00 1.00 1.00      0   1133   5341
pse_exactobject  zipline                                   10389     707.45    1294.88     128.72 1.00 1.00 1.00      0   1133   5341
pse_exactobject  stationaryteleportpad                     10390     744.27     823.73     117.95 1.00 1.00 1.00      0      0   8906
pse_exactobject  stationaryteleportpad                     10391     735.60     821.29     151.50 1.00 1.00 1.00      0      0   8907
pse_exactobject  stationaryteleportpad                     10392     791.40    1293.35     135.35 1.00 1.00 1.00      0      0  10299
pse_exactobject  stationaryteleportpad                     10393     723.30    1222.18     108.25 1.00 1.00 1.00      0      0  10297
pse_exactobject  stationaryteleportpad                     10394     798.18    1075.67     108.25 1.00 1.00 1.00      0      0   7403
pse_exactobject  stationaryteleportpad                     10395     661.15    1118.36     135.35 1.00 1.00 1.00      0      0   7405
pse_exactobject  stationaryteleportpad                     10396     806.09    1287.72     135.35 1.00 1.00 1.00      0      0  13986
pse_exactobject  stationaryteleportpad                     10397     863.78    1211.91     108.25 1.00 1.00 1.00      0      0  13986
pse_exactobject  zipline                                   10398     820.26    1078.31     193.71 1.00 1.00 1.00      0    470   9863
pse_exactobject  zipline                                   10399     737.33    1016.48     174.83 1.00 1.00 1.00      0    470   9863
pse_exactobject  stationaryteleportpad                     10400     833.04    1260.87     108.25 1.00 1.00 1.00      0      0   4674
pse_exactobject  stationaryteleportpad                     10401     819.03    1323.11     130.29 1.00 1.00 1.00      0      0   4674
pse_exactobject  zipline                                   10402     845.21    1319.04     161.22 1.00 1.00 1.00      0  15074  14502
pse_exactobject  zipline                                   10403     870.88    1296.45     180.02 1.00 1.00 1.00      0  15074  14502
pse_exactobject  zipline                                   10404     851.70    1111.51     199.21 1.00 1.00 1.00      0   1365   2860
pse_exactobject  zipline                                   10405     867.63    1142.58     178.45 1.00 1.00 1.00      0   1365   2860
pse_exactobject !stationaryteleportpad                    200044     867.51     786.91     113.04 1.00 1.00 1.00      0  16376   8099
pse_exactobject  stationaryteleportpad                     10406     866.40     786.95     118.55 1.00 1.00 1.00      0  16383   8099
pse_exactobject  zipline                                   10407     869.05    1094.28     193.71 1.00 1.00 1.00      0    265  15097
pse_exactobject  zipline                                   10408     975.23    1037.11     181.41 1.00 1.00 1.00      0    265  15097
pse_exactobject  zipline                                   10409     871.86    1358.13     135.24 1.00 1.00 1.00      0    124   3208
pse_exactobject  zipline                                   10410     893.18    1418.33     132.18 1.00 1.00 1.00      0    124   3208
pse_exactobject !stationaryteleportpad                    200045     872.77    1156.77     178.49 1.00 1.00 1.00  16381  16376   6817
pse_exactobject !stationaryteleportpad                    200046     872.53    1156.91     184.00 1.00 1.00 1.00      0  16383   6817
pse_exactobject  zipline                                   10411     875.46     654.95     132.30 1.00 1.00 1.00      0  16291  13343
pse_exactobject  zipline                                   10412     928.51     530.95     137.16 1.00 1.00 1.00      0  16291  13343
pse_exactobject  zipline                                   10413     877.12    1420.78     132.31 1.00 1.00 1.00      0  16253  11370
pse_exactobject  zipline                                   10414     857.12    1366.35     135.24 1.00 1.00 1.00      0  16253  11370
pse_exactobject  zipline                                   10415     879.19    1126.56     178.41 1.00 1.00 1.00      0  15019  10345
pse_exactobject  zipline                                   10416     861.71    1107.62     199.22 1.00 1.00 1.00      0  15019  10345
pse_exactobject  zipline                                   10417     879.23    1301.49     180.04 1.00 1.00 1.00      0   1058   6297
pse_exactobject  zipline                                   10418     849.03    1328.33     162.68 1.00 1.00 1.00      0   1058   6297
pse_exactobject  zipline                                   10419     880.76    1168.86     178.46 1.00 1.00 1.00      0  16269   3803
pse_exactobject  zipline                                   10420     890.94    1259.19     182.48 1.00 1.00 1.00      0  16269   3803
pse_exactobject  zipline                                   10421     897.11    1147.07     178.46 1.00 1.00 1.00      0  15828  15295
pse_exactobject  zipline                                   10422    1020.98    1092.06     207.81 1.00 1.00 1.00      0  15828  15295
pse_exactobject  zipline                                   10423     916.43    1293.68     179.75 1.00 1.00 1.00      0   1167   1611
pse_exactobject  zipline                                   10424    1025.18    1371.00     115.69 1.00 1.00 1.00      0   1167   1611
pse_exactobject  zipline                                   10425     944.17     535.58     137.10 1.00 1.00 1.00      0    204   4411
pse_exactobject  zipline                                   10426     925.00     693.23     124.61 1.00 1.00 1.00      0    204   4411
pse_exactobject  zipline                                   10427     952.00     869.71     168.33 1.00 1.00 1.00      0  16310   3591
pse_exactobject  zipline                                   10428     972.56     974.67     171.38 1.00 1.00 1.00      0  16310   3591
pse_exactobject  stationaryteleportpad                     10429     959.84     871.04     136.85 1.00 1.00 1.00      0      0   8941
pse_exactobject  stationaryteleportpad                     10430     949.59     868.01     168.38 1.00 1.00 1.00      3  16383   8940
pse_exactobject  zipline                                   10431     960.13     859.82     168.34 1.00 1.00 1.00      0    205  13539
pse_exactobject  zipline                                   10432    1024.06     736.84     157.39 1.00 1.00 1.00      0    205  13539
pse_exactobject  zipline                                   10433     961.06     985.74     171.41 1.00 1.00 1.00      0   1272  10259
pse_exactobject  zipline                                   10434     886.51     910.11     115.00 1.00 1.00 1.00      0   1272  10259
pse_exactobject  stationaryteleportpad                     10435     961.27     870.93     168.37 1.00 1.00 1.00      3  16383   9069
pse_exactobject  stationaryteleportpad                     10436     951.67     867.57     136.85 1.00 1.00 1.00      0      0   9071
pse_exactobject  zipline                                   10437     965.13    1028.01     176.40 1.00 1.00 1.00      0  15836   7200
pse_exactobject  zipline                                   10438     865.98    1067.63     199.21 1.00 1.00 1.00      0  15836   7200
pse_exactobject !stationaryteleportpad                    200047     972.36    1005.17     176.45 1.00 1.00 1.00      0      0   5262
pse_exactobject !stationaryteleportpad                    200048     972.28    1005.35     181.45 1.00 1.00 1.00      0      0   5262
pse_exactobject !stationaryteleportpad                    200049     973.34    1005.29     166.45 1.00 1.00 1.00      0      0    771
pse_exactobject !stationaryteleportpad                    200050     973.62    1005.37     171.45 1.00 1.00 1.00      0      0    773
pse_exactobject !stationaryteleportpad                    200051     993.98     986.37     171.45 1.00 1.00 1.00      0      0  11792
pse_exactobject !stationaryteleportpad                    200052     992.52     978.74     176.45 1.00 1.00 1.00      0      0  11792
pse_exactobject !stationaryteleportpad                    200053     997.00    1028.65     176.45 1.00 1.00 1.00      0      0   1784
pse_exactobject !stationaryteleportpad                    200054     998.34    1029.74     166.45 1.00 1.00 1.00      0      0   1784
pse_exactobject  zipline                                   10439    1010.19     968.98     171.34 1.00 1.00 1.00      0    694  13809
pse_exactobject  zipline                                   10440    1071.39     876.18     141.00 1.00 1.00 1.00      0    694  13809
pse_exactobject  zipline                                   10441    1010.21     964.88     176.40 1.00 1.00 1.00      0  16220  16205
pse_exactobject  zipline                                   10442    1115.91     957.60     183.11 1.00 1.00 1.00      0  16220  16205
pse_exactobject !stationaryteleportpad                    200055    1015.20    1001.46     181.45 1.00 1.00 1.00      0      0  15564
pse_exactobject !stationaryteleportpad                    200056    1015.88    1001.24     176.45 1.00 1.00 1.00      0      0  15562
pse_exactobject !stationaryteleportpad                    200057    1015.63    1001.64     171.45 1.00 1.00 1.00      0      0   3920
pse_exactobject !stationaryteleportpad                    200058    1015.66    1002.10     166.45 1.00 1.00 1.00      0      0   3920
pse_exactobject  zipline                                   10443    1018.18    1034.93     181.50 1.00 1.00 1.00      0    987   1722
pse_exactobject  zipline                                   10444    1108.76    1105.33     135.86 1.00 1.00 1.00      0    987   1722
pse_exactobject  zipline                                   10445    1022.86    1107.71     207.81 1.00 1.00 1.00      0    516   7171
pse_exactobject  zipline                                   10446     887.78    1163.43     178.46 1.00 1.00 1.00      0    516   7171
pse_exactobject  zipline                                   10447    1027.29     726.74     157.39 1.00 1.00 1.00      0    382  13550
pse_exactobject  zipline                                   10448    1116.15     557.55     129.12 1.00 1.00 1.00      0    382  13550
pse_exactobject  zipline                                   10449    1055.77    1084.68     213.31 1.00 1.00 1.00      0    412    248
pse_exactobject  zipline                                   10450    1146.03    1093.29     198.84 1.00 1.00 1.00      0    412    248
pse_exactobject  zipline                                   10451    1081.51     906.37     141.00 1.00 1.00 1.00      0  15571   5885
pse_exactobject  zipline                                   10452    1021.90     979.14     171.35 1.00 1.00 1.00      0  15571   5885
pse_exactobject  zipline                                   10453    1114.57     973.67     183.11 1.00 1.00 1.00      0    192   7960
pse_exactobject  zipline                                   10454    1024.12     981.71     176.40 1.00 1.00 1.00      0    192   7960
pse_exactobject  zipline                                   10455    1115.27     685.92     122.30 1.00 1.00 1.00      0  16100    860
pse_exactobject  zipline                                   10456    1181.00     708.42     129.92 1.00 1.00 1.00      0  16100    860
pse_exactobject  zipline                                   10457    1123.75     557.34     129.12 1.00 1.00 1.00      0     53   2708
pse_exactobject  zipline                                   10458    1158.10     615.66     127.73 1.00 1.00 1.00      0     53   2708
pse_exactobject  zipline                                   10459    1124.52    1165.66     147.60 1.00 1.00 1.00      0  15019  13192
pse_exactobject  zipline                                   10460    1150.44    1093.85     198.84 1.00 1.00 1.00      0  15019  13192
pse_exactobject  zipline                                   10461    1127.08     799.00     135.85 1.00 1.00 1.00      0    156  13999
pse_exactobject  zipline                                   10462    1187.35     720.70     129.92 1.00 1.00 1.00      0    156  13999
pse_exactobject  zipline                                   10463    1134.07    1054.51     198.87 1.00 1.00 1.00      0  16085   6964
pse_exactobject  zipline                                   10464    1065.12    1089.59     207.78 1.00 1.00 1.00      0  16085   6964
pse_exactobject  zipline                                   10465    1159.08     960.96     183.11 1.00 1.00 1.00      0  15828   3586
pse_exactobject  zipline                                   10466    1173.21    1032.33     198.87 1.00 1.00 1.00      0  15828   3586
pse_exactobject  zipline                                   10467    1164.89    1028.95     198.88 1.00 1.00 1.00      0    739  11960
pse_exactobject  zipline                                   10468    1158.10     975.27     183.11 1.00 1.00 1.00      0    739  11960
pse_exactobject  zipline                                   10469    1169.58    1152.77     194.79 1.00 1.00 1.00      0    181  10152
pse_exactobject  zipline                                   10470    1028.77    1021.26     181.34 1.00 1.00 1.00      0    181  10152
pse_exactobject  zipline                                   10471    1170.84     624.95     127.04 1.00 1.00 1.00      0  16283   1907
pse_exactobject  zipline                                   10472    1225.85     674.33     129.92 1.00 1.00 1.00      0  16283   1907
pse_exactobject  stationaryteleportpad                     10473    1171.63    1156.95     162.75 1.00 1.00 1.00      0      0   1594
pse_exactobject  stationaryteleportpad                     10474    1173.54    1158.30     194.84 1.00 1.00 1.00      0      0   1594
pse_exactobject  stationaryteleportpad                     10475    1173.21    1162.14     194.84 1.00 1.00 1.00      0      0   6899
pse_exactobject  stationaryteleportpad                     10476    1167.16    1165.41     162.75 1.00 1.00 1.00      0      0   6901
pse_exactobject  zipline                                   10477    1185.38     745.09     129.92 1.00 1.00 1.00      0    245   9180
pse_exactobject  zipline                                   10478    1121.67     719.73     123.44 1.00 1.00 1.00      0    245   9180
pse_exactobject  zipline                                   10479    1189.60     755.54     129.92 1.00 1.00 1.00      0  16232   3454
pse_exactobject  zipline                                   10480    1207.02     824.88     134.10 1.00 1.00 1.00      0  16232   3454
pse_exactobject  zipline                                   10481    1196.97    1116.91     160.49 1.00 1.00 1.00      0  15019   9509
pse_exactobject  zipline                                   10482    1155.09    1093.76     198.84 1.00 1.00 1.00      0  15019   9509
pse_exactobject !stationaryteleportpad                    200059    1203.21     674.44     129.98 1.00 1.00 1.00      0      0   4024
pse_exactobject !stationaryteleportpad                    200060    1203.45     682.91     112.55 1.00 1.00 1.00      0      0   4022
pse_exactobject !stationaryteleportpad                    200061    1209.03     745.49     112.55 1.00 1.00 1.00      0      0   3861
pse_exactobject !stationaryteleportpad                    200062    1209.82     754.29     129.98 1.00 1.00 1.00      0      0   3863
pse_exactobject  zipline                                   10483    1263.84     868.57     163.76 1.00 1.00 1.00      0    144   8070
pse_exactobject  zipline                                   10484    1093.38     876.51     154.28 1.00 1.00 1.00      0    144   8070
pse_exactobject  zipline                                   10485    1318.75     680.79     127.10 1.00 1.00 1.00      0  16276   8145
pse_exactobject  zipline                                   10486    1250.79     682.00     129.92 1.00 1.00 1.00      0  16276   8145
pse_exactobject  zipline                                   10487    1324.78    1160.54     121.00 1.00 1.00 1.00      0  16216    678
pse_exactobject  zipline                                   10488    1374.00    1173.65     124.30 1.00 1.00 1.00      0  16216    678
pse_exactobject  zipline                                   10489    1345.03     805.36     140.85 1.00 1.00 1.00      0  15742   6486
pse_exactobject  zipline                                   10490    1272.63     860.86     163.78 1.00 1.00 1.00      0  15742   6486
pse_exactobject  stationaryteleportpad                     10491    1388.60     977.13     137.24 1.00 1.00 1.00     14    208  11542
pse_exactobject  stationaryteleportpad                     10492    1381.81     954.08     115.78 1.00 1.00 1.00      0      0  11541
pse_exactobject  stationaryteleportpad                     10493    1392.09     937.40     119.02 1.00 1.00 1.00      0      0   4103
pse_exactobject  stationaryteleportpad                     10494    1391.90     992.43     137.36 1.00 1.00 1.00  16305  16245   4107
pse_exactobject  zipline                                   10495    1413.50    1264.93     125.58 1.00 1.00 1.00      0      0   9549
pse_exactobject  zipline                                   10496    1327.59    1215.73     125.60 1.00 1.00 1.00      0      0   9549
pse_exactobject  ground_bldg_b                             10497     875.58     779.96     113.00 1.00 1.00 1.00      0      0      0 "S2"
pse_exactobject  vanu_sentry_turret                        10498     910.99     790.65     118.50 1.00 1.00 1.00      0      0  16056
pse_exactobject !vanu_equipment_term                      200063     892.08     790.50     118.50 1.00 1.00 1.00      0      0      0
pse_exactobject !vanu_equipment_term                      200064     891.69     781.33     118.50 1.00 1.00 1.00      0      0   8193
pse_exactobject  ceiling_bldg_c                            10499     828.74    1334.76     162.68 1.00 1.00 1.00      0      0  10081 "N6"
pse_exactobject  vanu_cluster_small                        10500     852.35    1313.58     133.30 1.00 1.00 1.00      0      0  10193
pse_exactobject !vanu_equipment_term                      200065     799.83    1295.35     162.68 1.00 1.00 1.00      0      0   9995
pse_exactobject !vanu_equipment_term                      200066     791.15    1304.88     162.68 1.00 1.00 1.00      0      0   1966
pse_exactobject !crystals_energy_b                        200067     805.58    1313.39     162.68 1.00 1.00 1.00      0      0      0
pse_exactobject !crystals_repair_a                        200068     809.84    1308.44     162.68 1.00 1.00 1.00      0      0      0
pse_exactobject  vanu_wall_soldier                         10501     720.36    1233.36     111.95 1.00 1.00 1.00      0      0   6144
pse_exactobject  vanu_wall_soldier                         10502     741.16    1211.75     111.95 1.00 1.00 1.00      0      0   6144
