pse_exactobject  vanu_control_point                        10000 1316.27 1321.48 88.98 1.00 1.00 1.00 0 0 1678 "Stasis North"
pse_exactobject  vanu_vehicle_station                      10001 851.77 1352.04 100.81 1.00 1.00 1.00 0 0 14627 "AT Plant North"
pse_exactobject  vanu_wall_ramp                            10002 1248.78 975.79 83.88 1.00 1.00 1.00 0 0 14564
pse_exactobject  vanu_wall_ramp                            10003 1215.06 1004.20 83.88 1.00 1.00 1.00 0 0 6371
pse_exactobject  vanu_wall_vehicle                         10004 1231.81 990.17 83.98 1.00 1.00 1.00 0 0 10468
pse_exactobject  vanu_wall_ramp                            10005 1051.09 1290.60 80.38 1.00 1.00 1.00 0 0 10696
pse_exactobject  vanu_wall_ramp                            10006 1067.21 1391.51 80.38 1.00 1.00 1.00 0 0 4551
pse_exactobject  vanu_wall_ramp                            10007 745.06 1299.39 93.08 1.00 1.00 1.00 0 0 14109
pse_exactobject  vanu_wall_ramp                            10008 777.15 1444.32 93.18 1.00 1.00 1.00 0 0 2047
pse_exactobject  vanu_wall_ramp                            10009 903.59 1312.29 82.98 1.00 1.00 1.00 0 0 1137
pse_exactobject  vanu_wall_ramp                            10010 1445.87 1005.52 81.68 1.00 1.00 1.00 0 0 1820
pse_exactobject  vanu_wall_ramp                            10011 1363.71 829.45 81.48 1.00 1.00 1.00 0 0 12516
pse_exactobject  vanu_wall_ramp                            10012 1250.62 1072.35 77.08 1.00 1.00 1.00 0 0 1835
pse_exactobject  vanu_wall_ramp                            10013 1161.60 989.98 76.98 1.00 1.00 1.00 0 0 11833
pse_exactobject  vanu_wall_ramp                            10014 1519.94 1291.79 77.68 1.00 1.00 1.00 0 0 11833
pse_exactobject  vanu_wall_ramp                            10015 1547.53 1503.41 77.58 1.00 1.00 1.00 0 0 4551
pse_exactobject  vanu_core                                 10016 1151.45 1177.46 95.63 1.00 1.00 1.00 0 0 14653 "Supai Core Complex"
pse_exactobject  ground_bldg_b                             10017 865.10 916.28 85.19 1.00 1.00 1.00 0 0 9785 "W8"
pse_exactobject  ground_bldg_c                             10018 786.51 954.37 105.26 1.00 1.00 1.00 0 0 14792 "W9"
pse_exactobject  ground_bldg_d                             10019 838.98 1013.84 90.81 1.00 1.00 1.00 0 0 7281 "W7"
pse_exactobject  ground_bldg_i                             10020 906.71 986.08 94.15 1.00 1.00 1.00 0 0 1365 "W5"
pse_exactobject  ground_bldg_i                             10021 745.29 997.76 95.81 1.00 1.00 1.00 0 0 2730 "W10"
pse_exactobject  ground_bldg_i                             10022 1451.54 1274.29 94.15 1.00 1.00 1.00 0 0 1820 "E10"
pse_exactobject  ground_bldg_c                             10023 1456.97 1345.86 103.88 1.00 1.00 1.00 0 0 6371 "E11"
pse_exactobject  ground_bldg_d                             10024 1363.37 1403.85 88.96 1.00 1.00 1.00 0 0 2730 "E8"
pse_exactobject  ground_bldg_i                             10025 1439.95 1456.47 91.36 1.00 1.00 1.00 0 0 15247 "E12"
pse_exactobject  ground_bldg_b                             10026 1493.42 1346.97 87.93 1.00 1.00 1.00 0 0 11378 "E13"
pse_exactobject  ground_bldg_d                             10027 1492.58 1397.16 90.81 1.00 1.00 1.00 0 0 2730 "E14"
pse_exactobject  ground_bldg_c                             10028 1493.89 1467.82 105.26 1.00 1.00 1.00 0 0 14337 "E15"
pse_exactobject  ground_bldg_d                             10029 748.19 914.57 104.86 1.00 1.00 1.00 0 0 9785 "W11"
pse_exactobject  ground_bldg_b                             10030 794.78 864.61 103.74 1.00 1.00 1.00 0 0 3413 "W12"
pse_exactobject  ground_bldg_c                             10031 857.33 852.26 107.42 1.00 1.00 1.00 0 0 9785 "S8"
pse_exactobject  ground_bldg_b                             10032 1384.96 1262.28 85.22 1.00 1.00 1.00 0 0 6826 "E3"
pse_exactobject  vanu_wall_ramp                            10033 1473.39 1218.53 74.18 1.00 1.00 1.00 0 0 10240
pse_exactobject  vanu_wall_ramp                            10034 1443.76 1512.00 74.18 1.00 1.00 1.00 0 0 8875
pse_exactobject  vanu_block_ramp                           10035 1556.86 1221.15 70.25 1.00 1.00 1.00 0 0 14336
pse_exactobject  vanu_block_ramp                           10036 865.80 774.97 86.55 1.00 1.00 1.00 0 0 1137
pse_exactobject  vanu_block_ramp                           10037 740.64 1104.70 77.20 1.00 1.00 1.00 0 0 2503
pse_exactobject  vanu_wall_ramp                            10038 747.51 805.59 90.51 1.00 1.00 1.00 0 0 5688
pse_exactobject  vanu_wall_ramp                            10039 692.52 993.82 85.88 1.00 1.00 1.00 0 0 3640
pse_exactobject  vanu_tower_light                          10040 785.89 913.94 99.98 1.00 1.00 1.00 0 0 8648
pse_exactobject  vanu_tower_heavy                          10041 889.18 830.47 87.98 1.00 1.00 1.00 0 0 0
pse_exactobject  vanu_tanktrap_light                       10042 727.65 1049.53 95.73 1.00 1.00 1.00 0 0 1365
pse_exactobject  vanu_cluster_small                        10043 789.18 988.12 86.98 1.00 1.00 1.00 0 0 16157
pse_exactobject  vanu_cluster_2way                         10044 746.08 955.03 100.30 1.00 1.00 1.00 0 0 0
pse_exactobject  vanu_cluster_small                        10045 917.50 939.30 86.98 1.00 1.00 1.00 0 0 6826
pse_exactobject  vanu_cluster_pinwheel                     10046 732.70 868.25 96.21 1.00 1.00 1.00 0 0 5461
pse_exactobject  vanu_cluster_aframe                       10047 883.17 1034.23 86.98 1.00 1.00 1.00 0 0 15929
pse_exactobject  vanu_tower_light                          10048 1032.68 976.26 71.50 1.00 1.00 1.00 0 0 7736
pse_exactobject  vanu_tanktrap_light                       10049 928.07 1048.42 91.30 1.00 1.00 1.00 0 0 3185
pse_exactobject  vanu_cluster_aframe                       10050 961.15 969.00 86.98 1.00 1.00 1.00 0 0 14792
pse_exactobject  vanu_cluster_small                        10051 1022.83 1062.07 87.77 1.00 1.00 1.00 0 0 11151
pse_exactobject  vanu_tower_light                          10052 1448.70 1397.46 73.75 1.00 1.00 1.00 0 0 13426
pse_exactobject  vanu_tower_heavy                          10053 1512.83 1239.27 88.41 1.00 1.00 1.00 0 0 15232
pse_exactobject  vanu_tanktrap_light                       10054 1492.99 1299.25 84.98 1.00 1.00 1.00 0 0 15247
pse_exactobject  vanu_cluster_small                        10055 1386.38 1366.97 83.98 1.00 1.00 1.00 0 0 2275
pse_exactobject  vanu_cluster_pinwheel                     10056 1554.18 1395.24 87.36 1.00 1.00 1.00 0 0 11378
pse_exactobject  vanu_cluster_aframe                       10057 1341.33 1432.35 76.98 1.00 1.00 1.00 0 0 8648
pse_exactobject  vanu_cluster_2way                         10058 1423.01 1417.52 83.60 1.00 1.00 1.00 0 0 682
pse_exactobject  vanu_cluster_aframe                       10059 1472.92 1352.71 86.98 1.00 1.00 1.00 0 0 3413
pse_exactobject  vanu_cluster_small                        10060 1522.61 1497.33 88.67 1.00 1.00 1.00 0 0 5461
pse_exactobject  vanu_cluster_aframe                       10061 1475.63 1543.86 87.98 1.00 1.00 1.00 0 0 11606
pse_exactobject  vanu_cluster_2way                         10062 1326.64 1266.88 87.77 1.00 1.00 1.00 0 0 8875
pse_exactobject  vanu_tanktrap_heavy                       10063 1297.54 1394.16 76.80 1.00 1.00 1.00 0 0 16157
pse_exactobject  vanu_tower_light                          10064 1289.75 1246.74 73.75 1.00 1.00 1.00 0 0 10013
pse_exactobject  vanu_cluster_small                        10065 1239.94 1314.12 76.88 1.00 1.00 1.00 0 0 1820
pse_exactobject  vanu_cluster_small                        10066 1314.33 1236.28 78.68 1.00 1.00 1.00 0 0 455
pse_exactobject  vanu_cluster_small                        10067 1329.18 1385.59 89.40 1.00 1.00 1.00 0 0 15702
pse_exactobject  vanu_tower_heavy                          10068 1269.31 1341.85 76.22 1.00 1.00 1.00 0 0 14109
pse_exactobject  vanu_wall_ramp                            10069 1019.37 1331.84 81.48 1.00 1.00 1.00 0 0 15702
pse_exactobject  vanu_wall_ramp                            10070 976.50 1344.07 81.48 1.00 1.00 1.00 0 0 7509
pse_exactobject  ground_bldg_b                             10071 1041.45 1317.49 90.89 1.00 1.00 1.00 0 0 3640 "N2"
pse_exactobject  ground_bldg_c                             10072 973.90 1275.59 108.53 1.00 1.00 1.00 0 0 12516 "W2"
pse_exactobject  vanu_wall_ramp                            10073 1021.11 1197.97 75.88 1.00 1.00 1.00 0 0 1592
pse_exactobject  vanu_wall_vehicle                         10074 997.79 1337.98 81.58 1.00 1.00 1.00 0 0 11606
pse_exactobject  vanu_wall_ramp                            10075 1037.39 1447.12 75.98 1.00 1.00 1.00 0 0 5916
pse_exactobject  vanu_block_ramp                           10076 832.48 1487.43 75.90 1.00 1.00 1.00 2 77 4109
pse_exactobject  vanu_wall_ramp                            10077 897.48 1421.91 79.98 1.00 1.00 1.00 0 0 13881
pse_exactobject  vanu_block_ramp                           10078 774.33 1238.69 79.25 1.00 1.00 1.00 0 0 12061
pse_exactobject  vanu_wall_ramp                            10079 902.75 1212.77 76.08 1.00 1.00 1.00 0 0 6731
pse_exactobject  vanu_wall_ramp                            10080 953.68 1159.80 75.88 1.00 1.00 1.00 0 0 8857
pse_exactobject  ground_bldg_d                             10081 838.93 1166.25 99.66 1.00 1.00 1.00 0 0 10707 "W4"
pse_exactobject  vanu_cluster_small                        10082 888.01 1160.04 84.37 1.00 1.00 1.00 0 0 10808
pse_exactobject  vanu_cluster_small                        10083 774.19 1172.73 83.37 1.00 1.00 1.00 0 0 16103
pse_exactobject  ground_bldg_b                             10084 998.78 1510.64 87.06 1.00 1.00 1.00 0 0 1884 "N4"
pse_exactobject  ground_bldg_d                             10085 1107.02 1332.16 95.93 1.00 1.00 1.00 0 0 10409 "N1"
pse_exactobject  vanu_cluster_small                        10086 1139.95 1352.68 80.27 1.00 1.00 1.00 0 0 11632
pse_exactobject  vanu_cluster_small                        10087 967.71 1528.51 78.37 1.00 1.00 1.00 0 0 587
pse_exactobject  vanu_cluster_small                        10088 1047.25 1540.51 78.27 1.00 1.00 1.00 0 0 5203
pse_exactobject  vanu_cluster_palm                         10089 1006.56 1153.50 82.59 1.00 1.00 1.00 0 0 5393
pse_exactobject  vanu_cluster_palm                         10090 1017.65 1149.88 79.81 1.00 1.00 1.00 37 1535 67
pse_exactobject  vanu_cluster_palm                         10091 1226.05 1241.66 71.66 1.00 1.00 1.00 16304 1763 9667
pse_exactobject  vanu_cluster_palm                         10092 1226.67 1246.54 74.62 1.00 1.00 1.00 0 0 8124
pse_exactobject  vanu_cluster_small                        10093 797.42 1162.25 87.37 1.00 1.00 1.00 0 0 1311
pse_exactobject  vanu_wall_ramp                            10094 1051.44 1255.86 77.08 1.00 1.00 1.00 0 0 14740
pse_exactobject  vanu_wall_ramp                            10095 1508.99 1001.17 81.58 1.00 1.00 1.00 0 0 6371
pse_exactobject  vanu_block_ramp                           10096 1526.85 1066.07 73.65 1.00 1.00 1.00 0 0 1592
pse_exactobject  vanu_block_ramp                           10097 1395.00 1150.66 73.45 1.00 1.00 1.00 0 0 1592
pse_exactobject  vanu_block_ramp                           10098 1319.26 1078.78 73.55 1.00 1.00 1.00 0 0 9785
pse_exactobject  vanu_block_ramp                           10099 1377.20 762.31 74.05 1.00 1.00 1.00 0 0 12516
pse_exactobject  ground_bldg_i                             10100 1307.38 1163.11 92.10 1.00 1.00 1.00 0 0 8192 "E2"
pse_exactobject  ground_bldg_d                             10101 1201.91 1035.28 97.66 1.00 1.00 1.00 0 0 12971 "S3"
pse_exactobject  ground_bldg_d                             10102 1399.93 1061.29 97.66 1.00 1.00 1.00 0 0 10240 "E5"
pse_exactobject  ground_bldg_i                             10103 1253.14 913.31 102.44 1.00 1.00 1.00 0 0 6826 "S6"
pse_exactobject  ground_bldg_c                             10104 1481.10 1136.17 101.01 1.00 1.00 1.00 0 0 15474 "E9"
pse_exactobject  vanu_cluster_small                        10105 1230.49 1099.41 79.37 1.00 1.00 1.00 0 0 11378
pse_exactobject  vanu_cluster_small                        10106 1364.01 1163.17 83.37 1.00 1.00 1.00 0 0 10013
pse_exactobject  vanu_cluster_small                        10107 1506.71 1164.65 83.07 1.00 1.00 1.00 0 0 9330
pse_exactobject  vanu_wall_ramp                            10108 1423.18 818.33 81.68 1.00 1.00 1.00 0 0 9103
pse_exactobject  vanu_cluster_palm                         10109 1113.95 1271.79 78.11 1.00 1.00 1.00 14557 16341 8140
pse_exactobject  vanu_cluster_palm                         10110 1114.44 1275.95 74.62 1.00 1.00 1.00 0 0 15384
pse_exactobject  vanu_cluster_palm                         10111 1174.03 1061.62 80.76 1.00 1.00 1.00 14789 15790 15572
pse_exactobject  vanu_cluster_palm                         10112 1164.64 1056.99 84.99 1.00 1.00 1.00 0 0 8148
pse_exactobject  vanu_cluster_small                        10113 1393.51 968.73 87.97 1.00 1.00 1.00 0 0 13082
pse_exactobject  vanu_cluster_small                        10114 1495.41 970.30 88.37 1.00 1.00 1.00 0 0 9841
pse_exactobject  vanu_cluster_small                        10115 1390.48 911.27 87.97 1.00 1.00 1.00 0 0 5186
pse_exactobject  vanu_cluster_2way                         10116 947.80 1336.34 89.95 1.00 1.00 1.00 0 0 2452
pse_exactobject  vanu_cluster_aframe                       10117 865.49 1296.20 96.96 1.00 1.00 1.00 0 0 10917
pse_exactobject  vanu_cluster_palm                         10118 924.28 1389.92 85.45 1.00 1.00 1.00 0 0 13011
pse_exactobject  vanu_tanktrap_heavy                       10119 823.34 1433.50 94.53 1.00 1.00 1.00 0 0 566
pse_exactobject  vanu_tanktrap_light                       10120 796.85 1291.31 93.19 1.00 1.00 1.00 0 0 13406
pse_exactobject  vanu_tower_heavy                          10121 888.88 1463.61 92.98 1.00 1.00 1.00 0 0 13934
pse_exactobject  vanu_tower_light                          10122 906.86 1335.60 77.54 1.00 1.00 1.00 0 0 11515
pse_exactobject  vanu_cluster_aframe                       10123 860.10 1439.82 92.11 1.00 1.00 1.00 0 0 4773
pse_exactobject  vanu_cluster_small                        10124 776.18 1319.62 106.27 1.00 1.00 1.00 0 0 8941
pse_exactobject  vanu_cluster_2way                         10125 791.50 1412.35 102.98 1.00 1.00 1.00 0 0 10687
pse_exactobject  vanu_cluster_palm                         10126 824.97 1251.87 95.71 1.00 1.00 1.00 0 0 0
pse_exactobject  vanu_cluster_small                        10127 927.00 1172.54 82.90 1.00 1.00 1.00 0 0 6797
pse_exactobject  vanu_tanktrap_heavy                       10128 736.28 1166.56 81.03 1.00 1.00 1.00 0 0 2506
pse_exactobject  vanu_carport_cave                         10129 984.64 1468.70 81.24 1.00 1.00 1.00 0 0 0
pse_exactobject  vanu_carport                              10130 872.70 1204.98 82.35 1.00 1.00 1.00 0 0 5968
pse_exactobject  vanu_cluster_aframe                       10131 773.45 1108.68 82.08 1.00 1.00 1.00 0 0 2806
pse_exactobject  vanu_cluster_aframe                       10132 1108.37 1295.96 93.66 1.00 1.00 1.00 0 0 15924
pse_exactobject  vanu_cluster_small                        10133 1042.53 1367.63 94.31 1.00 1.00 1.00 0 0 6797
pse_exactobject  vanu_tower_light                          10134 1090.50 1364.58 91.74 1.00 1.00 1.00 0 0 9991
pse_exactobject  vanu_tanktrap_light                       10135 1018.72 1282.80 87.86 1.00 1.00 1.00 0 0 14521
pse_exactobject  vanu_tanktrap_heavy                       10136 961.61 1209.42 90.70 1.00 1.00 1.00 0 0 4565
pse_exactobject  vanu_cluster_small                        10137 1027.76 1228.28 81.98 1.00 1.00 1.00 0 0 2220
pse_exactobject  vanu_cluster_aframe                       10138 1097.16 1201.53 83.70 1.00 1.00 1.00 0 0 10917
pse_exactobject  vanu_cluster_small                        10139 1190.15 1195.57 82.44 1.00 1.00 1.00 0 0 5446
pse_exactobject  vanu_cluster_small                        10140 1114.69 1123.52 84.62 1.00 1.00 1.00 0 0 16184
pse_exactobject  vanu_cluster_aframe                       10141 1182.85 1145.65 83.39 1.00 1.00 1.00 0 0 3032
pse_exactobject  vanu_carport                              10142 1453.90 1128.04 85.64 1.00 1.00 1.00 0 0 11955
pse_exactobject  vanu_carport_cave                         10143 1155.81 947.40 88.83 1.00 1.00 1.00 0 0 11891
pse_exactobject  vanu_carport                              10144 1281.27 1066.40 82.79 1.00 1.00 1.00 0 0 3808
pse_exactobject  vanu_cluster_2way                         10145 1470.17 825.50 95.57 1.00 1.00 1.00 0 0 0
pse_exactobject  vanu_cluster_aframe                       10146 1473.93 988.58 89.24 1.00 1.00 1.00 0 0 0
pse_exactobject  vanu_cluster_palm                         10147 1373.38 884.88 95.68 1.00 1.00 1.00 0 0 1309
pse_exactobject  vanu_cluster_pinwheel                     10148 1384.06 944.39 94.00 1.00 1.00 1.00 0 0 0
pse_exactobject  vanu_cluster_small                        10149 1365.41 1061.10 98.88 1.00 1.00 1.00 0 0 13250
pse_exactobject  vanu_tanktrap_heavy                       10150 1369.37 982.06 58.98 1.00 1.00 1.00 0 0 0
pse_exactobject  vanu_cluster_small                        10151 1440.69 958.57 88.37 1.00 1.00 1.00 0 0 13376
pse_exactobject  vanu_tanktrap_heavy                       10152 1388.32 809.15 87.98 1.00 1.00 1.00 0 0 15645
pse_exactobject  vanu_tanktrap_light                       10153 1477.84 1034.02 90.71 1.00 1.00 1.00 0 0 1262
pse_exactobject  vanu_cluster_small                        10154 1459.75 963.26 98.10 1.00 1.00 1.00 0 0 10192
pse_exactobject  vanu_tower_heavy                          10155 1402.44 852.75 90.69 1.00 1.00 1.00 0 0 3393
pse_exactobject  vanu_tower_light                          10156 1407.53 983.18 81.98 1.00 1.00 1.00 0 0 1398
pse_exactobject  vanu_cluster_pinwheel                     10157 1191.07 921.04 96.41 1.00 1.00 1.00 0 0 0
pse_exactobject  vanu_cluster_2way                         10158 1422.57 1172.97 86.11 1.00 1.00 1.00 0 0 0
pse_exactobject  vanu_tanktrap_heavy                       10159 1567.45 1189.09 79.83 1.00 1.00 1.00 0 0 15645
pse_exactobject  vanu_cluster_aframe                       10160 1272.11 954.39 93.84 1.00 1.00 1.00 0 0 15235
pse_exactobject  vanu_tower_light                          10161 1242.77 1092.17 67.88 1.00 1.00 1.00 0 0 2773
pse_exactobject  vanu_tower_heavy                          10162 1161.78 1016.80 86.27 1.00 1.00 1.00 0 0 172
pse_exactobject  vanu_cluster_aframe                       10163 1394.59 1103.37 97.62 1.00 1.00 1.00 0 0 15274
pse_exactobject  vanu_cluster_small                        10164 1354.65 1148.89 90.74 1.00 1.00 1.00 0 0 13533
pse_exactobject  vanu_cluster_small                        10165 1046.77 1022.11 81.37 1.00 1.00 1.00 0 0 5530
pse_exactobject  ceiling_bldg_c                            10166 1077.18 1115.65 154.15 1.00 1.00 1.00 0 0 9857 "S1"
pse_exactobject  ceiling_bldg_d                            10167 1287.02 1242.45 159.65 1.00 1.00 1.00 0 0 0 "E1"
pse_exactobject  ceiling_bldg_a                            10168 850.56 1038.27 170.61 1.00 1.00 1.00 0 0 0 "W6"
pse_exactobject  ceiling_bldg_b                            10169 950.10 921.84 163.91 1.00 1.00 1.00 0 0 0 "S5"
pse_exactobject  ceiling_bldg_f                            10170 1376.58 1348.91 159.37 1.00 1.00 1.00 0 0 6888 "E7"
pse_exactobject  ceiling_bldg_e                            10171 1408.75 1242.78 167.66 1.00 1.00 1.00 0 0 0 "E6"
pse_exactobject  ceiling_bldg_i                            10172 1206.94 1100.55 172.13 1.00 1.00 1.00 0 0 0 "S2"
pse_exactobject  ceiling_bldg_g                            10173 1374.90 1025.85 162.66 1.00 1.00 1.00 0 0 1852 "E4"
pse_exactobject  ceiling_bldg_h                            10174 1311.84 904.66 161.70 1.00 1.00 1.00 0 0 0 "S7"
pse_exactobject  vanu_block_ramp_soldier                   10175 893.52 1384.84 83.27 1.00 1.00 1.00 0 0 14496
pse_exactobject  vanu_block_ramp_soldier                   10176 817.19 1283.71 83.47 1.00 1.00 1.00 0 0 7554
pse_exactobject  vanu_block_ramp_soldier                   10177 874.66 1047.95 72.85 1.00 1.00 1.00 0 0 9376
pse_exactobject  vanu_block_ramp_soldier                   10178 961.03 931.14 70.15 1.00 1.00 1.00 0 0 9556
pse_exactobject  vanu_block_ramp_soldier                   10179 1008.91 1093.83 79.75 1.00 1.00 1.00 0 0 853
pse_exactobject  vanu_block_ramp_soldier                   10180 826.53 897.31 85.55 1.00 1.00 1.00 0 0 2872
pse_exactobject  vanu_block_ramp_soldier                   10181 803.34 838.37 85.65 1.00 1.00 1.00 0 0 573
pse_exactobject  vanu_block_ramp_soldier                   10182 912.22 1260.33 72.27 1.00 1.00 1.00 0 0 12419
pse_exactobject  vanu_block_ramp_soldier                   10183 971.97 1182.91 78.10 1.00 1.00 1.00 0 0 14819
pse_exactobject  vanu_block_ramp_soldier                   10184 999.71 1309.54 73.28 1.00 1.00 1.00 0 0 5881
pse_exactobject  vanu_block_ramp_soldier                   10185 929.71 1443.06 72.27 1.00 1.00 1.00 0 0 4143
pse_exactobject  vanu_block_ramp_soldier                   10186 1132.03 1409.14 70.15 1.00 1.00 1.00 0 0 2659
pse_exactobject  vanu_block_ramp_soldier                   10187 1565.12 1141.43 81.12 1.00 1.00 1.00 0 0 14736
pse_exactobject  vanu_block_ramp_soldier                   10188 1495.28 1095.90 74.95 1.00 1.00 1.00 0 0 13161
pse_exactobject  vanu_block_ramp_soldier                   10189 1464.88 1083.08 73.75 1.00 1.00 1.00 0 0 634
pse_exactobject  vanu_block_ramp_soldier                   10190 1407.54 1015.28 77.85 1.00 1.00 1.00 0 0 3234
pse_exactobject  vanu_block_ramp_soldier                   10191 1342.09 900.98 79.85 1.00 1.00 1.00 0 0 10384
pse_exactobject  vanu_block_ramp_soldier                   10192 1219.20 950.84 75.85 1.00 1.00 1.00 0 0 10384
pse_exactobject  vanu_block_ramp_soldier                   10193 1308.53 1100.68 78.01 1.00 1.00 1.00 0 0 12875
pse_exactobject  vanu_block_ramp_soldier                   10194 1248.84 1278.42 73.25 1.00 1.00 1.00 0 0 8812
pse_exactobject  vanu_block_ramp_soldier                   10195 731.64 852.14 85.65 1.00 1.00 1.00 0 0 6487
pse_exactobject  vanu_block_ramp_soldier                   10196 766.91 944.99 89.70 1.00 1.00 1.00 0 0 6180
pse_exactobject  vanu_block_ramp_soldier                   10197 795.13 1048.87 74.24 1.00 1.00 1.00 0 0 15627
pse_exactobject  vanu_block_ramp_soldier                   10198 757.73 1071.51 77.25 1.00 1.00 1.00 0 0 3183
pse_exactobject  vanu_block_ramp_soldier                   10199 894.64 858.24 71.00 1.00 1.00 1.00 0 0 15055
pse_exactobject  Amerish_soldierA                          10200 0.00 0.00 0.00 1.00 1.00 1.00 0 0 0
pse_exactobject  Amerish_soldierB                          10201 0.00 0.00 0.00 1.00 1.00 1.00 0 0 0
pse_exactobject  Amerish_soldierC                          10202 0.00 0.00 0.00 1.00 1.00 1.00 0 0 0
pse_exactobject  Amerish_soldierD                          10203 0.00 0.00 0.00 1.00 1.00 1.00 0 0 0
pse_exactobject  amerish_pillara                           10204 824.88 1081.04 94.43 1.00 1.00 1.00 0 0 6884
pse_exactobject  amerish_pillarb                           10205 1311.08 1021.78 86.88 1.00 1.00 1.00 0 0 10158
pse_exactobject  vanu_cluster_small                        10206 1159.49 1606.50 78.01 1.00 1.00 1.00 0 0 15074
pse_exactobject  vanu_cluster_palm                         10207 951.88 1099.15 85.26 1.00 1.00 1.00 0 0 10709
pse_exactobject  vanu_control_point                        10208 983.99 1034.17 94.51 1.00 1.00 1.00 0 0 12781 "Stasis South"
pse_exactobject  vanu_sentry_turret                        10209 906.88 838.10 84.73 1.00 1.00 1.00 0 0 16221
pse_exactobject  vanu_sentry_turret                        10210 935.76 958.02 93.48 1.00 1.00 1.00 0 0 6717
pse_exactobject  vanu_sentry_turret                        10211 914.64 1059.49 93.58 1.00 1.00 1.00 0 0 6555
pse_exactobject  vanu_sentry_turret                        10212 955.06 1068.50 124.51 1.00 1.00 1.00 0 0 4751
pse_exactobject  vanu_sentry_turret                        10213 1008.72 1024.52 124.51 1.00 1.00 1.00 0 0 14746
pse_exactobject  vanu_sentry_turret                        10214 775.35 1074.02 87.97 1.00 1.00 1.00 0 0 1310
pse_exactobject  vanu_sentry_turret                        10215 720.34 879.21 107.12 1.00 1.00 1.00 0 0 4095
pse_exactobject  vanu_sentry_turret                        10216 740.47 873.42 105.56 1.00 1.00 1.00 0 0 15238
pse_exactobject  vanu_sentry_turret                        10217 1388.61 1370.67 89.69 1.00 1.00 1.00 0 0 16056
pse_exactobject  vanu_sentry_turret                        10218 1519.17 1499.98 94.38 1.00 1.00 1.00 0 0 3932
pse_exactobject  vanu_sentry_turret                        10219 1545.19 1398.01 96.71 1.00 1.00 1.00 0 0 4095
pse_exactobject  vanu_sentry_turret                        10220 1471.01 1253.19 103.63 1.00 1.00 1.00 0 0 11798
pse_exactobject  vanu_sentry_turret                        10221 1380.38 1299.10 86.78 1.00 1.00 1.00 0 0 14255
pse_exactobject  vanu_sentry_turret                        10222 1414.46 1410.00 90.45 1.00 1.00 1.00 0 0 8193
pse_exactobject  vanu_sentry_turret                        10223 1473.45 1360.59 97.83 1.00 1.00 1.00 0 0 15729
pse_exactobject  vanu_sentry_turret                        10224 1457.56 1304.19 101.83 1.00 1.00 1.00 0 0 13928
pse_exactobject  vanu_sentry_turret                        10225 1343.90 1308.33 118.98 1.00 1.00 1.00 0 0 13927
pse_exactobject  vanu_sentry_turret                        10226 1285.54 1321.81 118.98 1.00 1.00 1.00 0 0 6225
pse_exactobject  vanu_sentry_turret                        10227 1556.23 1120.60 94.85 1.00 1.00 1.00 0 0 14747
pse_exactobject  vanu_sentry_turret                        10228 1358.42 1146.20 96.45 1.00 1.00 1.00 0 0 11961
pse_exactobject  vanu_sentry_turret                        10229 1416.89 1043.36 97.66 1.00 1.00 1.00 0 0 13108
pse_exactobject  vanu_sentry_turret                        10230 1514.68 947.88 114.70 1.00 1.00 1.00 0 0 3112
pse_exactobject  vanu_sentry_turret                        10231 1457.62 959.51 103.81 1.00 1.00 1.00 0 0 8193
pse_exactobject  vanu_sentry_turret                        10232 1470.74 864.76 119.48 1.00 1.00 1.00 0 0 8193
pse_exactobject  vanu_sentry_turret                        10233 1380.88 954.88 101.67 1.00 1.00 1.00 0 0 3932
pse_exactobject  vanu_sentry_turret                        10234 1191.17 911.53 105.76 1.00 1.00 1.00 0 0 8193
pse_exactobject  vanu_sentry_turret                        10235 1283.75 1144.15 99.78 1.00 1.00 1.00 0 0 8191
pse_exactobject  vanu_sentry_turret                        10236 1248.76 1092.90 97.89 1.00 1.00 1.00 0 0 11962
pse_exactobject  vanu_sentry_turret                        10237 808.76 1186.28 92.98 1.00 1.00 1.00 0 0 7045
pse_exactobject  vanu_cluster_small                        10238 882.77 1248.76 94.88 1.00 1.00 1.00 0 0 14418
pse_exactobject  vanu_sentry_turret                        10239 886.06 1246.28 100.59 1.00 1.00 1.00 0 0 13435
pse_exactobject  vanu_sentry_turret                        10240 978.59 1189.75 92.88 1.00 1.00 1.00 0 0 10976
pse_exactobject  vanu_sentry_turret                        10241 772.77 1316.41 111.98 1.00 1.00 1.00 0 0 8191
pse_exactobject  vanu_sentry_turret                        10242 793.33 1423.68 109.83 1.00 1.00 1.00 0 0 1802
pse_exactobject  vanu_sentry_turret                        10243 955.29 1347.72 99.29 1.00 1.00 1.00 0 0 0
pse_exactobject  vanu_sentry_turret                        10244 874.34 1419.93 97.00 1.00 1.00 1.00 0 0 0
pse_exactobject  vanu_sentry_turret                        10245 861.43 1323.56 110.16 1.00 1.00 1.00 0 0 0
pse_exactobject  vanu_sentry_turret                        10246 1037.51 1353.92 96.39 1.00 1.00 1.00 0 0 3112
pse_exactobject  vanu_tanktrap_heavy                       10247 1402.67 729.22 83.04 1.00 1.00 1.00 0 0 0
pse_exactobject  vanu_cluster_palm                         10248 946.19 815.01 84.15 1.00 1.00 1.00 0 0 0
pse_exactobject  vanu_cluster_aframe                       10249 785.94 818.33 99.98 1.00 1.00 1.00 0 0 8192
pse_exactobject  crystals_vehicle_b                        10250 822.92 789.30 100.28 1.00 1.00 1.00 0 0 0
pse_exactobject  crystals_vehicle_b                        10251 721.41 951.37 95.68 1.00 1.00 1.00 0 0 0
pse_exactobject  crystals_vehicle_b                        10252 932.46 919.43 82.30 1.00 1.00 1.00 0 0 0
pse_exactobject  crystals_vehicle_b                        10253 790.81 1024.02 84.27 1.00 1.00 1.00 0 0 0
pse_exactobject  crystals_health_a                         10254 1035.14 1030.15 86.98 1.00 1.00 1.00 0 0 0
pse_exactobject  crystals_vehicle_b                        10255 835.50 1128.19 82.93 1.00 1.00 1.00 0 0 0
pse_exactobject  crystals_health_b                         10256 914.31 1245.47 80.75 1.00 1.00 1.00 0 0 0
pse_exactobject  crystals_repair_b                         10257 970.08 1309.70 80.31 1.00 1.00 1.00 0 0 0
pse_exactobject  crystals_vehicle_b                        10258 776.91 1292.95 92.98 1.00 1.00 1.00 0 0 0
pse_exactobject  crystals_vehicle_b                        10259 933.69 1294.84 85.98 1.00 1.00 1.00 0 0 0
pse_exactobject  crystals_vehicle_a                        10260 777.68 1411.38 103.08 1.00 1.00 1.00 0 0 0
pse_exactobject  crystals_vehicle_b                        10261 827.10 1530.50 78.30 1.00 1.00 1.00 0 0 0
pse_exactobject  crystals_vehicle_a                        10262 984.97 1413.67 79.15 1.00 1.00 1.00 0 0 0
pse_exactobject  crystals_vehicle_a                        10263 1081.99 1272.46 78.57 1.00 1.00 1.00 0 0 0
pse_exactobject  crystals_vehicle_b                        10264 1067.34 1569.39 74.20 1.00 1.00 1.00 0 0 0
pse_exactobject  crystals_health_a                         10265 1228.83 1326.29 80.38 1.00 1.00 1.00 0 0 0
pse_exactobject  crystals_vehicle_b                        10266 1375.16 1436.76 78.43 1.00 1.00 1.00 0 0 0
pse_exactobject  crystals_vehicle_a                        10267 1408.00 1234.35 82.17 1.00 1.00 1.00 0 0 0
pse_exactobject  crystals_vehicle_b                        10268 1521.62 1417.74 87.28 1.00 1.00 1.00 0 0 0
pse_exactobject  crystals_vehicle_a                        10269 1508.35 1510.51 84.08 1.00 1.00 1.00 0 0 0
pse_exactobject  vanu_cluster_aframe                       10270 1254.74 1604.98 77.11 1.00 1.00 1.00 0 0 8191
pse_exactobject  crystals_vehicle_b                        10271 1256.92 1593.01 74.27 1.00 1.00 1.00 0 0 0
pse_exactobject  crystals_vehicle_a                        10272 1156.37 925.87 89.37 1.00 1.00 1.00 0 0 0
pse_exactobject  crystals_vehicle_b                        10273 1380.98 1016.95 82.94 1.00 1.00 1.00 0 0 0
pse_exactobject  crystals_vehicle_a                        10274 1461.09 1151.92 82.55 1.00 1.00 1.00 0 0 0
pse_exactobject  crystals_vehicle_a                        10275 1516.31 974.87 91.48 1.00 1.00 1.00 0 0 0
pse_exactobject  crystals_vehicle_b                        10276 1445.24 1054.88 87.48 1.00 1.00 1.00 0 0 0
pse_exactobject  crystals_health_b                         10277 1412.50 1170.17 82.79 1.00 1.00 1.00 0 0 0
pse_exactobject  crystals_health_a                         10278 1339.39 889.47 83.68 1.00 1.00 1.00 0 0 0
pse_exactobject  warpgate_cavern                           10279 2143.20 1401.86 91.44 1.00 1.00 1.00 0 0 0 "GW_Cavern1_E"
pse_exactobject  warpgate_cavern                           10280 1017.57 318.45 90.98 1.00 1.00 1.00 0 0 0 "GW_Cavern1_S"
pse_exactobject  warpgate_cavern                           10281 157.44 1032.63 70.89 1.00 1.00 1.00 0 0 0 "GW_Cavern1_W"
pse_exactobject  warpgate_cavern                           10282 1030.12 2080.82 91.42 1.00 1.00 1.00 0 0 0 "GW_Cavern1_N"
pse_exactobject  vanu_sentry_turret                        10283 1427.18 1482.32 99.94 1.00 1.00 1.00 0 0 3932
pse_exactobject  vanu_sentry_turret                        10284 1265.67 890.42 111.02 1.00 1.00 1.00 0 0 15893
pse_exactobject !vanu_equipment_term                      200000 788.95 883.67 109.24 1.00 1.00 1.00 0 0 3276
pse_exactobject !vanu_equipment_term                      200001 797.79 881.34 109.24 1.00 1.00 1.00 0 0 11633
pse_exactobject !vanu_equipment_term                      200002 835.00 1015.28 92.77 1.00 1.00 1.00 0 0 3112
pse_exactobject !vanu_equipment_term                      200003 843.21 1012.32 92.77 1.00 1.00 1.00 0 0 11305
pse_exactobject !vanu_equipment_term                      200004 1029.84 1332.43 96.39 1.00 1.00 1.00 0 0 3440
pse_exactobject !vanu_equipment_term                      200005 1042.81 1333.65 96.39 1.00 1.00 1.00 0 0 11798
pse_exactobject !vanu_equipment_term                      200006 1513.39 1453.92 105.26 1.00 1.00 1.00 0 0 1965
pse_exactobject !vanu_equipment_term                      200007 1532.47 1434.84 105.26 1.00 1.00 1.00 0 0 10159
pse_exactobject !vanu_equipment_term                      200008 1451.55 1282.54 94.15 1.00 1.00 1.00 0 0 9995
pse_exactobject !vanu_equipment_term                      200009 1447.85 1272.05 94.15 1.00 1.00 1.00 0 0 1802
pse_exactobject !vanu_equipment_term                      200010 1380.50 1019.15 165.16 1.00 1.00 1.00 0 0 10159
pse_exactobject !vanu_equipment_term                      200011 1369.50 1032.42 165.16 1.00 1.00 1.00 0 0 1802
pse_exactobject !vanu_equipment_term                      200012 1197.72 1034.24 99.62 1.00 1.00 1.00 0 0 4915
pse_exactobject !vanu_equipment_term                      200013 1206.08 1036.35 99.62 1.00 1.00 1.00 0 0 13108
pse_exactobject !crystals_repair_b                        200014 836.88 833.16 107.42 1.00 1.00 1.00 0 0 0
pse_exactobject !crystals_energy_a                        200015 822.55 822.97 107.42 1.00 1.00 1.00 0 0 0
pse_exactobject !crystals_energy_a                        200016 825.90 931.71 105.26 1.00 1.00 1.00 0 0 0
pse_exactobject !crystals_health_b                        200017 854.97 902.18 90.68 1.00 1.00 1.00 0 0 0
pse_exactobject !crystals_health_a                        200018 747.68 914.68 106.82 1.00 1.00 1.00 0 0 0
pse_exactobject !crystals_repair_a                        200019 748.25 1001.42 95.81 1.00 1.00 1.00 0 0 0
pse_exactobject !crystals_energy_b                        200020 736.54 998.34 95.81 1.00 1.00 1.00 0 0 0
pse_exactobject !crystals_energy_a                        200021 899.35 991.20 94.15 1.00 1.00 1.00 0 0 0
pse_exactobject !crystals_repair_a                        200022 911.43 987.57 94.15 1.00 1.00 1.00 0 0 0
pse_exactobject !crystals_repair_b                        200023 853.05 1035.02 170.61 1.00 1.00 1.00 0 0 0
pse_exactobject !crystals_energy_a                        200024 861.97 1055.51 170.61 1.00 1.00 1.00 0 0 0
pse_exactobject !crystals_health_b                        200025 965.94 927.78 169.40 1.00 1.00 1.00 0 0 0
pse_exactobject !crystals_energy_a                        200026 963.30 935.82 163.91 1.00 1.00 1.00 0 0 0
pse_exactobject !crystals_health_b                        200027 839.12 1165.86 101.62 1.00 1.00 1.00 0 0 0
pse_exactobject !crystals_health_a                        200028 976.42 1227.64 108.53 1.00 1.00 1.00 0 0 0
pse_exactobject !crystals_repair_a                        200029 988.22 1228.85 108.53 1.00 1.00 1.00 0 0 0
pse_exactobject !crystals_energy_b                        200030 980.35 1248.26 108.53 1.00 1.00 1.00 0 0 0
pse_exactobject !crystals_energy_b                        200031 1106.05 1332.08 97.89 1.00 1.00 1.00 0 0 0
pse_exactobject !crystals_health_a                        200032 1007.68 1525.71 92.55 1.00 1.00 1.00 0 0 0
pse_exactobject !crystals_energy_a                        200033 999.68 1529.63 92.56 1.00 1.00 1.00 0 0 0
pse_exactobject !crystals_energy_b                        200034 1042.25 1085.04 154.15 1.00 1.00 1.00 0 0 0
pse_exactobject !crystals_health_b                        200035 1202.76 1099.57 172.13 1.00 1.00 1.00 0 0 0
pse_exactobject !crystals_repair_b                        200036 1212.01 1108.66 172.13 1.00 1.00 1.00 0 0 0
pse_exactobject !crystals_energy_b                        200037 1287.02 1242.19 161.61 1.00 1.00 1.00 0 0 0
pse_exactobject !crystals_energy_a                        200038 1425.09 1235.15 167.65 1.00 1.00 1.00 0 0 0
pse_exactobject !crystals_repair_b                        200039 1422.15 1250.74 173.16 1.00 1.00 1.00 0 0 0
pse_exactobject !crystals_health_b                        200040 1378.14 1364.07 159.37 1.00 1.00 1.00 0 0 0
pse_exactobject !crystals_energy_a                        200041 1375.47 1373.32 164.37 1.00 1.00 1.00 0 0 0
pse_exactobject !crystals_energy_a                        200042 1316.17 904.60 164.20 1.00 1.00 1.00 0 0 0
pse_exactobject !crystals_repair_a                        200043 1311.59 900.62 164.20 1.00 1.00 1.00 0 0 0
pse_exactobject !crystals_energy_a                        200044 1260.31 926.43 102.44 1.00 1.00 1.00 0 0 0
pse_exactobject !crystals_repair_a                        200045 1241.91 894.40 102.44 1.00 1.00 1.00 0 0 0
pse_exactobject !crystals_health_a                        200046 1318.15 980.96 107.52 1.00 1.00 1.00 0 0 0
pse_exactobject !crystals_energy_a                        200047 1312.05 970.51 107.52 1.00 1.00 1.00 0 0 0
pse_exactobject !crystals_repair_b                        200048 1302.28 1154.70 92.10 1.00 1.00 1.00 0 0 0
pse_exactobject !crystals_energy_b                        200049 1312.02 1165.32 92.10 1.00 1.00 1.00 0 0 0
pse_exactobject !crystals_health_b                        200050 1400.04 1061.40 99.62 1.00 1.00 1.00 0 0 0
pse_exactobject !crystals_repair_a                        200051 1529.48 1128.84 101.01 1.00 1.00 1.00 0 0 0
pse_exactobject !crystals_energy_a                        200052 1525.36 1117.98 101.01 1.00 1.00 1.00 0 0 0
pse_exactobject !crystals_health_a                        200053 1367.72 1265.01 90.71 1.00 1.00 1.00 0 0 0
pse_exactobject !crystals_energy_a                        200054 1367.23 1257.10 90.72 1.00 1.00 1.00 0 0 0
pse_exactobject !crystals_energy_b                        200055 1417.65 1373.80 103.88 1.00 1.00 1.00 0 0 0
pse_exactobject !crystals_repair_b                        200056 1493.54 1330.23 93.42 1.00 1.00 1.00 0 0 0
pse_exactobject !crystals_health_b                        200057 1493.00 1396.91 92.77 1.00 1.00 1.00 0 0 0
pse_exactobject !crystals_repair_a                        200058 1443.96 1453.90 91.36 1.00 1.00 1.00 0 0 0
pse_exactobject !crystals_energy_a                        200059 1440.01 1464.79 91.36 1.00 1.00 1.00 0 0 0
pse_exactobject  vanu_cluster_pinwheel                     10285 854.90 961.09 82.82 1.00 1.00 1.00 0 0 1592
pse_exactobject  vanu_sentry_turret                        10286 846.37 967.94 90.49 1.00 1.00 1.00 0 0 5570
pse_exactobject  vanu_sentry_turret                        10287 860.14 953.48 92.17 1.00 1.00 1.00 0 0 12943
pse_exactobject  vanu_tanktrap_heavy                       10288 822.25 1051.02 85.28 1.00 1.00 1.00 0 0 0
pse_exactobject  vanu_cluster_palm                         10289 825.30 869.52 97.98 1.00 1.00 1.00 0 0 0
pse_exactobject  vanu_cluster_pinwheel                     10290 749.78 1363.60 102.80 1.00 1.00 1.00 0 0 8612
pse_exactobject  vanu_cluster_pinwheel                     10291 864.88 1541.85 78.29 1.00 1.00 1.00 0 0 0
pse_exactobject  vanu_cluster_palm                         10292 1036.17 1407.75 85.62 1.00 1.00 1.00 0 0 6023
pse_exactobject  vanu_cluster_pinwheel                     10293 1107.50 1390.61 83.91 1.00 1.00 1.00 0 0 8612
pse_exactobject  vanu_sentry_turret                        10294 1092.99 1382.57 94.82 1.00 1.00 1.00 0 0 6717
pse_exactobject  vanu_cluster_palm                         10295 1237.54 1330.47 78.98 1.00 1.00 1.00 0 0 10468
pse_exactobject  vanu_tanktrap_light                       10296 1235.61 1299.40 80.66 1.00 1.00 1.00 0 0 12971
pse_exactobject  vanu_cluster_palm                         10297 1397.51 1312.19 81.02 1.00 1.00 1.00 0 0 0
pse_exactobject  vanu_tanktrap_light                       10298 1396.02 1496.58 77.20 1.00 1.00 1.00 0 0 8894
pse_exactobject  vanu_tanktrap_heavy                       10299 1483.96 1490.98 88.08 1.00 1.00 1.00 0 0 1264
pse_exactobject  crystals_damage_a                         10300 1085.44 1176.24 82.53 1.00 1.00 1.00 0 0 0
pse_exactobject  crystals_damage_b                         10301 1093.03 1151.67 82.02 1.00 1.00 1.00 0 0 0
pse_exactobject  tunnelsuspensionbeam                      10302 672.00 1152.00 82.27 1.00 1.00 1.00 0 0 4096
pse_exactobject  tunnelsuspensionbeam                      10303 608.00 1120.00 82.27 1.00 1.00 1.00 0 0 4096
pse_exactobject  tunnelsuspensionbeam                      10304 544.00 1120.00 82.27 1.00 1.00 1.00 0 0 4096
pse_exactobject  tunnelsuspensionbeam                      10305 512.00 1088.00 82.27 1.00 1.00 1.00 0 0 8193
pse_exactobject  tunnelsuspensionbeam                      10306 480.00 1024.00 82.27 1.00 1.00 1.00 0 0 8193
pse_exactobject  tunnelsuspensionbeam                      10307 448.00 992.00 82.27 1.00 1.00 1.00 0 0 12289
pse_exactobject  tunnelsuspensionbeam                      10308 256.00 1024.00 82.27 1.00 1.00 1.00 0 0 12289
pse_exactobject  tunnelsuspensionbeam                      10309 864.00 1600.00 82.27 1.00 1.00 1.00 0 0 8193
pse_exactobject  tunnelsuspensionbeam                      10310 864.00 1664.00 82.27 1.00 1.00 1.00 0 0 8193
pse_exactobject  tunnelsuspensionbeam                      10311 832.00 1696.00 82.27 1.00 1.00 1.00 0 0 12289
pse_exactobject  tunnelsuspensionbeam                      10312 768.00 1728.00 82.27 1.00 1.00 1.00 0 0 12289
pse_exactobject  tunnelsuspensionbeam                      10313 736.00 1760.00 82.27 1.00 1.00 1.00 0 0 8193
pse_exactobject  tunnelsuspensionbeam                      10314 1376.00 1888.00 82.27 1.00 1.00 1.00 0 0 12289
pse_exactobject  tunnelsuspensionbeam                      10315 1408.00 1856.00 82.27 1.00 1.00 1.00 0 0 8193
pse_exactobject  tunnelsuspensionbeam                      10316 1440.00 1792.00 82.27 1.00 1.00 1.00 0 0 8193
pse_exactobject  tunnelsuspensionbeam                      10317 384.00 992.00 102.27 1.00 1.00 1.00 0 0 12289
pse_exactobject  tunnelsuspensionbeam                      10318 320.00 1024.00 102.27 1.00 1.00 1.00 0 0 12289
pse_exactobject  tunnelsuspensionbeam                      10319 736.00 1824.00 102.27 1.00 1.00 1.00 0 0 8193
pse_exactobject  tunnelsuspensionbeam                      10320 768.00 1888.00 102.27 1.00 1.00 1.00 0 0 8193
pse_exactobject  tunnelsuspensionbeam                      10321 768.00 1952.00 122.27 1.00 1.00 1.00 0 0 8193
pse_exactobject  tunnelsuspensionbeam                      10322 768.00 2016.00 122.27 1.00 1.00 1.00 0 0 8193
pse_exactobject  tunnelsuspensionbeam                      10323 800.00 2048.00 122.27 1.00 1.00 1.00 0 0 4096
pse_exactobject  tunnelsuspensionbeam                      10324 864.00 2048.00 122.27 1.00 1.00 1.00 0 0 4096
pse_exactobject  tunnelsuspensionbeam                      10325 928.00 2048.00 102.27 1.00 1.00 1.00 0 0 4096
pse_exactobject  tunnelsuspensionbeam                      10326 1024.00 1984.00 102.27 1.00 1.00 1.00 0 0 8193
pse_exactobject  tunnelsuspensionbeam                      10327 1056.00 1952.00 102.27 1.00 1.00 1.00 0 0 12289
pse_exactobject  tunnelsuspensionbeam                      10328 1120.00 1952.00 102.27 1.00 1.00 1.00 0 0 12289
pse_exactobject  tunnelsuspensionbeam                      10329 1184.00 1952.00 122.27 1.00 1.00 1.00 0 0 12289
pse_exactobject  tunnelsuspensionbeam                      10330 1216.00 1920.00 122.27 1.00 1.00 1.00 0 0 8193
pse_exactobject  tunnelsuspensionbeam                      10331 1248.00 1888.00 122.27 1.00 1.00 1.00 0 0 12289
pse_exactobject  tunnelsuspensionbeam                      10332 1312.00 1888.00 102.27 1.00 1.00 1.00 0 0 12289
pse_exactobject  tunnelsuspensionbeam                      10333 1440.00 1728.00 62.27 1.00 1.00 1.00 0 0 8193
pse_exactobject  tunnelsuspensionbeam                      10334 1440.00 1664.00 62.27 1.00 1.00 1.00 0 0 0
pse_exactobject  tunnelsuspensionbeam                      10335 1632.00 1120.00 82.27 1.00 1.00 1.00 0 0 4096
pse_exactobject  tunnelsuspensionbeam                      10336 1696.00 1120.00 82.27 1.00 1.00 1.00 0 0 4096
pse_exactobject  tunnelsuspensionbeam                      10337 1728.00 1152.00 82.27 1.00 1.00 1.00 0 0 8193
pse_exactobject  tunnelsuspensionbeam                      10338 1728.00 1216.00 82.27 1.00 1.00 1.00 0 0 8193
pse_exactobject  tunnelsuspensionbeam                      10339 1760.00 1280.00 82.27 1.00 1.00 1.00 0 0 8193
pse_exactobject  tunnelsuspensionbeam                      10340 1760.00 1344.00 102.27 1.00 1.00 1.00 0 0 8193
pse_exactobject  tunnelsuspensionbeam                      10341 1792.00 1376.00 102.27 1.00 1.00 1.00 0 0 4096
pse_exactobject  tunnelsuspensionbeam                      10342 1856.00 1376.00 122.27 1.00 1.00 1.00 0 0 4096
pse_exactobject  tunnelsuspensionbeam                      10343 1920.00 1408.00 122.27 1.00 1.00 1.00 0 0 4096
pse_exactobject  tunnelsuspensionbeam                      10344 1984.00 1408.00 102.27 1.00 1.00 1.00 0 0 4096
pse_exactobject  tunnelsuspensionbeam                      10345 2048.00 1408.00 102.27 1.00 1.00 1.00 0 0 4096
pse_exactobject  tunnelsuspensionbeam                      10346 1440.00 640.00 82.27 1.00 1.00 1.00 0 0 8193
pse_exactobject  tunnelsuspensionbeam                      10347 1248.00 416.00 82.27 1.00 1.00 1.00 0 0 4096
pse_exactobject  tunnelsuspensionbeam                      10348 1216.00 384.00 82.27 1.00 1.00 1.00 0 0 8193
pse_exactobject  tunnelsuspensionbeam                      10349 1184.00 352.00 82.27 1.00 1.00 1.00 0 0 4096
pse_exactobject  tunnelsuspensionbeam                      10350 1440.00 576.00 62.27 1.00 1.00 1.00 0 0 8193
pse_exactobject  tunnelsuspensionbeam                      10351 1408.00 512.00 62.27 1.00 1.00 1.00 0 0 8193
pse_exactobject  tunnelsuspensionbeam                      10352 1408.00 448.00 62.27 1.00 1.00 1.00 0 0 8193
pse_exactobject  tunnelsuspensionbeam                      10353 1376.00 416.00 62.27 1.00 1.00 1.00 0 0 4096
pse_exactobject  tunnelsuspensionbeam                      10354 1312.00 416.00 62.27 1.00 1.00 1.00 0 0 4096
pse_exactobject  tunnelsuspensionbeam                      10355 1120.00 352.00 102.27 1.00 1.00 1.00 0 0 4096
pse_exactobject  tunnelsuspensionbeam                      10356 1024.00 416.00 102.27 1.00 1.00 1.00 0 0 0
pse_exactobject  tunnelsuspensionbeam                      10357 992.00 448.00 102.27 1.00 1.00 1.00 0 0 12289
pse_exactobject  tunnelsuspensionbeam                      10358 928.00 480.00 102.27 1.00 1.00 1.00 0 0 12289
pse_exactobject  tunnelsuspensionbeam                      10359 896.00 512.00 102.27 1.00 1.00 1.00 0 0 8193
pse_exactobject  tunnelsuspensionbeam                      10360 896.00 576.00 82.27 1.00 1.00 1.00 0 0 8193
pse_exactobject  tunnelsuspensionbeam                      10361 896.00 640.00 82.27 1.00 1.00 1.00 0 0 8193
pse_exactobject  tunnelsuspensionbeam                      10362 928.00 704.00 82.27 1.00 1.00 1.00 0 0 8193
pse_exactobject  ground_bldg_c                             10363 1271.71 996.36 107.32 1.00 1.00 1.00 0 0 15019 "S4"
pse_exactobject  tunnel_dead_end                           10364 2016.00 1440.00 102.50 1.00 1.00 1.00 0 0 4096
pse_exactobject  tunnel_dead_end                           10365 1248.00 352.00 82.50 1.00 1.00 1.00 0 0 0
pse_exactobject  tunnel_dead_end                           10366 480.00 1120.00 82.50 1.00 1.00 1.00 0 0 8193
pse_exactobject  tunnel_dead_end                           10367 736.00 2048.00 122.50 1.00 1.00 1.00 0 0 8193
pse_exactobject  ceiling_bldg_z                            10368 1055.73 1181.27 165.51 1.00 1.00 1.00 0 0 1216 "W1"
pse_exactobject !crystals_repair_b                        200060 1060.76 1202.62 160.71 1.00 1.00 1.00 0 0 0
pse_exactobject !crystals_health_b                        200061 1036.99 1176.35 160.71 1.00 1.00 1.00 0 0 0
pse_exactobject  ceiling_bldg_j                            10369 940.03 1345.53 162.79 1.00 1.00 1.00 0 0 5 "N3"
pse_exactobject !crystals_energy_a                        200062 997.89 1407.61 163.92 1.00 1.00 1.00 0 0 0
pse_exactobject !crystals_repair_a                        200063 988.61 1407.70 163.92 1.00 1.00 1.00 0 0 0
pse_exactobject !vanu_equipment_term                      200064 955.27 1345.54 162.79 1.00 1.00 1.00 0 0 12288
pse_exactobject !vanu_equipment_term                      200065 924.69 1345.47 162.79 1.00 1.00 1.00 0 0 3931
pse_exactobject  ceiling_bldg_d                            10370 993.70 1408.09 161.96 1.00 1.00 1.00 0 0 0 "W3"
pse_exactobject  vanu_block_ramp                           10371 1497.49 1563.74 70.45 1.00 1.00 1.00 0 0 5461
pse_exactobject  vanu_vehicle_station                      10372 1467.03 931.27 94.78 1.00 1.00 1.00 0 0 4456 "AT Plant South"
pse_exactobject  zipline                                   10373 697.49 943.87 132.08 1.00 1.00 1.00 0 797 323
pse_exactobject  zipline                                   10374 781.75 954.38 105.26 1.00 1.00 1.00 0 797 323
pse_exactobject  zipline                                   10375 728.09 1006.19 105.29 1.00 1.00 1.00 0 -1365 906
pse_exactobject  zipline                                   10376 830.77 1043.38 170.61 1.00 1.00 1.00 0 -1365 906
pse_exactobject  zipline                                   10377 734.75 961.91 108.36 1.00 1.00 1.00 0 -1365 8562
pse_exactobject  zipline                                   10378 695.52 956.30 132.12 1.00 1.00 1.00 0 -1365 8562
pse_exactobject  zipline                                   10379 757.25 1017.94 105.29 1.00 1.00 1.00 0 93 2474
pse_exactobject  zipline                                   10380 848.92 1145.89 99.66 1.00 1.00 1.00 0 93 2474
pse_exactobject  zipline                                   10381 778.77 817.66 110.83 1.00 1.00 1.00 0 -679 1362
pse_exactobject  zipline                                   10382 951.34 917.04 163.91 1.00 1.00 1.00 0 -679 1362
pse_exactobject  zipline                                   10383 781.84 919.10 129.99 1.00 1.00 1.00 0 -854 2918
pse_exactobject  zipline                                   10384 833.97 1026.55 170.61 1.00 1.00 1.00 0 -854 2918
pse_exactobject !stationaryteleportpad                    200066 786.78 861.66 103.78 1.00 1.00 1.00 -1 -8 11919
pse_exactobject !stationaryteleportpad                    200067 786.58 860.31 109.29 1.00 1.00 1.00 0 -1 11919
pse_exactobject !stationaryteleportpad                    200068 808.90 1324.02 103.36 1.00 1.00 1.00 0 0 10659
pse_exactobject !stationaryteleportpad                    200069 804.09 1317.35 120.79 1.00 1.00 1.00 0 0 10661
pse_exactobject  zipline                                   10385 815.31 1174.00 99.66 1.00 1.00 1.00 0 -58 4593
pse_exactobject  zipline                                   10386 793.72 1285.77 102.23 1.00 1.00 1.00 0 -58 4593
pse_exactobject  zipline                                   10387 820.33 1148.64 99.66 1.00 1.00 1.00 0 -100 10452
pse_exactobject  zipline                                   10388 734.78 1047.99 104.77 1.00 1.00 1.00 0 -100 10452
pse_exactobject  zipline                                   10389 828.99 1309.04 120.73 1.00 1.00 1.00 0 -1104 831
pse_exactobject  zipline                                   10390 917.57 1338.28 162.79 1.00 1.00 1.00 0 -1104 831
pse_exactobject !stationaryteleportpad                    200070 851.88 1380.44 120.79 1.00 1.00 1.00 0 0 11073
pse_exactobject !stationaryteleportpad                    200071 847.95 1372.63 103.36 1.00 1.00 1.00 0 0 11075
pse_exactobject  zipline                                   10391 854.34 905.25 99.79 1.00 1.00 1.00 0 -1039 8144
pse_exactobject  zipline                                   10392 782.72 906.56 129.97 1.00 1.00 1.00 0 -1039 8144
pse_exactobject  zipline                                   10393 857.44 1446.96 102.96 1.00 1.00 1.00 0 -1293 15589
pse_exactobject  zipline                                   10394 961.39 1414.24 161.94 1.00 1.00 1.00 0 -1293 15589
pse_exactobject  zipline                                   10395 863.62 1290.70 107.81 1.00 1.00 1.00 0 12 2232
pse_exactobject  zipline                                   10396 900.31 1333.00 107.55 1.00 1.00 1.00 0 12 2232
pse_exactobject !stationaryteleportpad                    200072 873.69 913.82 85.23 1.00 1.00 1.00 0 -8 17743
pse_exactobject !stationaryteleportpad                    200073 874.14 914.08 90.74 1.00 1.00 1.00 0 -1 17743
pse_exactobject  zipline                                   10397 874.52 1033.85 170.61 1.00 1.00 1.00 0 141 14277
pse_exactobject  zipline                                   10398 959.39 945.04 163.92 1.00 1.00 1.00 0 141 14277
pse_exactobject  stationaryteleportpad                     10399 880.88 830.24 84.78 1.00 1.00 1.00 0 0 15493
pse_exactobject  stationaryteleportpad                     10400 886.75 828.15 118.03 1.00 1.00 1.00 0 0 15493
pse_exactobject  zipline                                   10401 885.45 1460.63 122.98 1.00 1.00 1.00 0 65 10079
pse_exactobject  zipline                                   10402 818.00 1401.07 120.73 1.00 1.00 1.00 0 65 10079
pse_exactobject  stationaryteleportpad                     10403 886.45 835.15 118.03 1.00 1.00 1.00 0 0 15767
pse_exactobject  stationaryteleportpad                     10404 897.55 832.48 84.78 1.00 1.00 1.00 0 0 15769
pse_exactobject  zipline                                   10405 911.30 1329.16 107.53 1.00 1.00 1.00 0 -33 14590
pse_exactobject  zipline                                   10406 970.78 1280.27 108.53 1.00 1.00 1.00 0 -33 14590
pse_exactobject  zipline                                   10407 932.08 1322.24 162.79 1.00 1.00 1.00 0 132 14300
pse_exactobject  zipline                                   10408 1051.57 1199.37 154.05 1.00 1.00 1.00 0 132 14300
pse_exactobject  zipline                                   10409 938.64 941.75 163.92 1.00 1.00 1.00 0 728 9266
pse_exactobject  zipline                                   10410 792.95 878.14 118.34 1.00 1.00 1.00 0 728 9266
pse_exactobject !stationaryteleportpad                    200074 944.45 928.99 163.95 1.00 1.00 1.00 -3 -8 9240
pse_exactobject !stationaryteleportpad                    200075 943.81 928.72 169.46 1.00 1.00 1.00 0 -1 9240
pse_exactobject  zipline                                   10411 960.62 1218.65 108.44 1.00 1.00 1.00 0 209 9040
pse_exactobject  zipline                                   10412 857.34 1183.85 99.66 1.00 1.00 1.00 0 209 9040
pse_exactobject  zipline                                   10413 966.72 1345.00 162.79 1.00 1.00 1.00 0 47 2473
pse_exactobject  zipline                                   10414 992.91 1381.51 161.97 1.00 1.00 1.00 0 47 2473
pse_exactobject  zipline                                   10415 961.89 1401.84 161.94 1.00 1.00 1.00 0 -54 10769
pse_exactobject  zipline                                   10416 939.72 1368.20 162.79 1.00 1.00 1.00 0 -54 10769
pse_exactobject  zipline                                   10417 980.96 925.54 163.95 1.00 1.00 1.00 0 166 2924
pse_exactobject  zipline                                   10418 1047.72 1064.00 154.15 1.00 1.00 1.00 0 166 2924
pse_exactobject  zipline                                   10419 982.63 1518.73 106.74 1.00 1.00 1.00 0 -405 9538
pse_exactobject  zipline                                   10420 892.62 1467.70 122.98 1.00 1.00 1.00 0 -405 9538
pse_exactobject  zipline                                   10421 993.09 1516.84 106.74 1.00 1.00 1.00 0 -1365 12229
pse_exactobject  zipline                                   10422 991.21 1433.67 161.95 1.00 1.00 1.00 0 -1365 12229
pse_exactobject  zipline                                   10423 1023.79 1313.80 110.57 1.00 1.00 1.00 0 67 11696
pse_exactobject  zipline                                   10424 1005.78 1235.88 108.49 1.00 1.00 1.00 0 67 11696
pse_exactobject  zipline                                   10425 1027.81 1097.18 154.15 1.00 1.00 1.00 0 -336 9159
pse_exactobject  zipline                                   10426 869.87 1035.82 176.11 1.00 1.00 1.00 0 -336 9159
pse_exactobject  zipline                                   10427 1029.88 982.75 101.51 1.00 1.00 1.00 0 -617 4682
pse_exactobject  zipline                                   10428 1022.01 1017.17 110.03 1.00 1.00 1.00 0 -617 4682
pse_exactobject  zipline                                   10429 1030.96 1102.62 154.15 1.00 1.00 1.00 0 -440 4213
pse_exactobject  zipline                                   10430 1027.96 1169.17 165.51 1.00 1.00 1.00 0 -440 4213
pse_exactobject  zipline                                   10431 1039.71 1370.53 100.02 1.00 1.00 1.00 0 -1204 16123
pse_exactobject  zipline                                   10432 1083.13 1366.16 121.75 1.00 1.00 1.00 0 -1204 16123
pse_exactobject  stationaryteleportpad                     10433 1064.59 1191.32 154.10 1.00 1.00 1.00 0 0 1069
pse_exactobject !stationaryteleportpad                    200076 1077.76 1197.05 160.76 1.00 1.00 1.00 0 0 1069
pse_exactobject  zipline                                   10434 1089.13 1202.37 168.06 1.00 1.00 1.00 0 122 727
pse_exactobject  zipline                                   10435 1254.86 1249.88 159.63 1.00 1.00 1.00 0 122 727
pse_exactobject  zipline                                   10436 1091.90 1357.94 121.73 1.00 1.00 1.00 0 228 16084
pse_exactobject  zipline                                   10437 1267.01 1337.66 106.22 1.00 1.00 1.00 0 228 16084
pse_exactobject  zipline                                   10438 1095.95 1193.43 94.55 1.00 1.00 1.00 0 -1105 14891
pse_exactobject  zipline                                   10439 1107.22 1186.17 100.60 1.00 1.00 1.00 0 -1105 14891
pse_exactobject  stationaryteleportpad                     10440 1110.20 1149.25 105.68 1.00 1.00 1.00 0 0 10961
pse_exactobject  stationaryteleportpad                     10441 1094.66 1121.44 154.20 1.00 1.00 1.00 0 0 10960
pse_exactobject  zipline                                   10442 1119.01 1123.57 90.33 1.00 1.00 1.00 0 -1365 3029
pse_exactobject  zipline                                   10443 1124.88 1137.10 100.58 1.00 1.00 1.00 0 -1365 3029
pse_exactobject !stationaryteleportpad                    200077 1119.49 1167.51 100.68 1.00 1.00 1.00 0 0 8240
pse_exactobject !stationaryteleportpad                    200078 1119.44 1167.51 105.68 1.00 1.00 1.00 0 0 8240
pse_exactobject !stationaryteleportpad                    200079 1138.38 1190.53 95.68 1.00 1.00 1.00 0 0 18996
pse_exactobject !stationaryteleportpad                    200080 1138.42 1190.59 100.68 1.00 1.00 1.00 0 0 2610
pse_exactobject !stationaryteleportpad                    200081 1143.71 1149.86 95.68 1.00 1.00 1.00 0 0 12414
pse_exactobject !stationaryteleportpad                    200082 1143.71 1149.77 100.68 1.00 1.00 1.00 0 0 12414
pse_exactobject  stationaryteleportpad                     10444 1162.81 1142.61 110.61 1.00 1.00 1.00 -10 -21 19077
pse_exactobject  stationaryteleportpad                     10445 1166.22 1148.32 82.27 1.00 1.00 1.00 0 0 2692
pse_exactobject  stationaryteleportpad                     10446 1164.20 1605.40 83.77 1.00 1.00 1.00 0 0 14059
pse_exactobject  stationaryteleportpad                     10447 1166.31 1602.78 147.46 1.00 1.00 1.00 55 -27 14057
pse_exactobject !stationaryteleportpad                    200083 1165.45 1173.57 105.68 1.00 1.00 1.00 0 0 7901
pse_exactobject !stationaryteleportpad                    200084 1165.37 1173.58 110.68 1.00 1.00 1.00 0 0 7901
pse_exactobject  zipline                                   10448 1167.06 1111.94 172.13 1.00 1.00 1.00 0 570 9050
pse_exactobject  zipline                                   10449 1078.79 1081.82 151.37 1.00 1.00 1.00 0 570 9050
pse_exactobject  stationaryteleportpad                     10450 1168.51 1194.82 105.69 1.00 1.00 1.00 -1 -10 16143
pse_exactobject  stationaryteleportpad                     10451 1183.56 1193.42 82.17 1.00 1.00 1.00 0 0 16143
pse_exactobject  stationaryteleportpad                     10452 1185.70 1602.58 147.14 1.00 1.00 1.00 41 247 16423
pse_exactobject  stationaryteleportpad                     10453 1247.56 1603.49 88.01 1.00 1.00 1.00 0 0 38
pse_exactobject  zipline                                   10454 1233.41 925.05 111.92 1.00 1.00 1.00 0 135 7535
pse_exactobject  zipline                                   10455 1039.05 975.06 101.50 1.00 1.00 1.00 0 135 7535
pse_exactobject  stationaryteleportpad                     10456 1234.30 1083.11 85.03 1.00 1.00 1.00 0 0 1358
pse_exactobject  stationaryteleportpad                     10457 1239.22 1085.93 97.93 1.00 1.00 1.00 -3 -2 17744
pse_exactobject  stationaryteleportpad                     10458 1240.28 1097.90 97.92 1.00 1.00 1.00 -3 -1 18350
pse_exactobject  stationaryteleportpad                     10459 1241.53 1099.06 85.03 1.00 1.00 1.00 0 0 18350
pse_exactobject  zipline                                   10460 1253.27 1236.12 159.63 1.00 1.00 1.00 0 1260 9370
pse_exactobject  zipline                                   10461 1169.33 1195.41 110.64 1.00 1.00 1.00 0 1260 9370
pse_exactobject  zipline                                   10462 1271.90 1348.20 106.22 1.00 1.00 1.00 0 98 854
pse_exactobject  zipline                                   10463 1315.17 1362.91 104.50 1.00 1.00 1.00 0 98 854
pse_exactobject  zipline                                   10464 1276.01 890.53 102.44 1.00 1.00 1.00 0 348 16180
pse_exactobject  zipline                                   10465 1357.92 884.09 91.39 1.00 1.00 1.00 0 348 16180
pse_exactobject  zipline                                   10466 1286.97 885.24 161.38 1.00 1.00 1.00 0 1365 6970
pse_exactobject  zipline                                   10467 1207.43 925.51 107.32 1.00 1.00 1.00 0 1365 6970
pse_exactobject  zipline                                   10468 1287.64 1215.97 159.66 1.00 1.00 1.00 0 -282 11354
pse_exactobject  zipline                                   10469 1247.47 1108.69 172.13 1.00 1.00 1.00 0 -282 11354
pse_exactobject  zipline                                   10470 1291.20 1238.77 103.74 1.00 1.00 1.00 0 1303 15746
pse_exactobject  zipline                                   10471 1325.75 1230.15 84.29 1.00 1.00 1.00 0 1303 15746
pse_exactobject  zipline                                   10472 1291.85 933.32 163.01 1.00 1.00 1.00 0 8 1755
pse_exactobject  zipline                                   10473 1377.72 1001.82 162.66 1.00 1.00 1.00 0 8 1755
pse_exactobject  zipline                                   10474 1296.92 1279.44 118.98 1.00 1.00 1.00 0 1133 11224
pse_exactobject  zipline                                   10475 1283.90 1249.34 103.76 1.00 1.00 1.00 0 1133 11224
pse_exactobject  zipline                                   10476 1320.28 1238.30 159.67 1.00 1.00 1.00 0 -286 16337
pse_exactobject  zipline                                   10477 1392.45 1236.99 167.64 1.00 1.00 1.00 0 -286 16337
pse_exactobject  zipline                                   10478 1325.43 1137.91 98.88 1.00 1.00 1.00 0 38 14150
pse_exactobject  zipline                                   10479 1379.13 1075.91 97.66 1.00 1.00 1.00 0 38 14150
pse_exactobject  zipline                                   10480 1330.53 1020.95 95.28 1.00 1.00 1.00 0 3 2407
pse_exactobject  zipline                                   10481 1360.05 1059.98 95.22 1.00 1.00 1.00 0 3 2407
pse_exactobject  zipline                                   10482 1333.04 990.54 107.28 1.00 1.00 1.00 0 658 14525
pse_exactobject  zipline                                   10483 1373.18 955.83 93.58 1.00 1.00 1.00 0 658 14525
pse_exactobject  zipline                                   10484 1345.16 934.55 93.58 1.00 1.00 1.00 0 227 7682
pse_exactobject  zipline                                   10485 1299.22 943.65 89.48 1.00 1.00 1.00 0 227 7682
pse_exactobject  zipline                                   10486 1345.51 1327.55 159.33 1.00 1.00 1.00 0 -10 11478
pse_exactobject  zipline                                   10487 1320.13 1248.52 159.67 1.00 1.00 1.00 0 -10 11478
pse_exactobject  zipline                                   10488 1347.96 726.66 142.26 1.00 1.00 1.00 0 226 2243
pse_exactobject  zipline                                   10489 1479.24 879.23 124.77 1.00 1.00 1.00 0 226 2243
pse_exactobject  zipline                                   10490 1355.09 1036.18 162.66 1.00 1.00 1.00 0 -198 6878
pse_exactobject  zipline                                   10491 1246.34 1096.09 172.13 1.00 1.00 1.00 0 -198 6878
pse_exactobject  zipline                                   10492 1361.15 1322.01 159.33 1.00 1.00 1.00 0 -566 14453
pse_exactobject  zipline                                   10493 1407.34 1279.78 173.15 1.00 1.00 1.00 0 -566 14453
pse_exactobject  zipline                                   10494 1369.54 1047.41 162.66 1.00 1.00 1.00 0 -69 3605
pse_exactobject  zipline                                   10495 1405.05 1233.86 167.71 1.00 1.00 1.00 0 -69 3605
pse_exactobject  zipline                                   10496 1376.22 1112.76 95.22 1.00 1.00 1.00 0 172 6499
pse_exactobject  zipline                                   10497 1334.39 1144.51 91.74 1.00 1.00 1.00 0 172 6499
pse_exactobject  zipline                                   10498 1379.68 1046.94 97.66 1.00 1.00 1.00 0 85 10227
pse_exactobject  zipline                                   10499 1328.26 996.07 95.28 1.00 1.00 1.00 0 85 10227
pse_exactobject  zipline                                   10500 1383.99 936.64 103.35 1.00 1.00 1.00 0 -1365 3982
pse_exactobject  zipline                                   10501 1387.00 1005.56 162.66 1.00 1.00 1.00 0 -1365 3982
pse_exactobject !stationaryteleportpad                    200085 1386.40 1253.51 85.26 1.00 1.00 1.00 0 -8 15106
pse_exactobject !stationaryteleportpad                    200086 1386.75 1253.32 90.77 1.00 1.00 1.00 0 -1 15106
pse_exactobject  zipline                                   10502 1388.56 814.22 97.14 1.00 1.00 1.00 0 -1365 6037
pse_exactobject  zipline                                   10503 1323.16 885.18 164.20 1.00 1.00 1.00 0 -1365 6037
pse_exactobject  zipline                                   10504 1396.94 852.66 120.69 1.00 1.00 1.00 0 266 5901
pse_exactobject  zipline                                   10505 1313.02 953.86 107.23 1.00 1.00 1.00 0 266 5901
pse_exactobject  zipline                                   10506 1399.65 949.67 104.91 1.00 1.00 1.00 0 -544 2991
pse_exactobject  zipline                                   10507 1413.40 980.16 111.99 1.00 1.00 1.00 0 -544 2991
pse_exactobject  zipline                                   10508 1408.41 992.16 111.97 1.00 1.00 1.00 0 768 4367
pse_exactobject  zipline                                   10509 1403.50 1039.05 97.66 1.00 1.00 1.00 0 768 4367
pse_exactobject  zipline                                   10510 1418.27 1281.22 173.16 1.00 1.00 1.00 0 533 4688
pse_exactobject  zipline                                   10511 1403.26 1346.12 159.34 1.00 1.00 1.00 0 533 4688
pse_exactobject  zipline                                   10512 1430.50 1276.45 167.89 1.00 1.00 1.00 0 1365 1925
pse_exactobject  zipline                                   10513 1492.28 1332.68 102.53 1.00 1.00 1.00 0 1365 1925
pse_exactobject  stationaryteleportpad                     10514 1443.66 1403.37 103.80 1.00 1.00 1.00 -3 1 14648
pse_exactobject  stationaryteleportpad                     10515 1447.79 1400.13 81.17 1.00 1.00 1.00 -28 -45 14649
pse_exactobject !stationaryteleportpad                    200087 1446.89 911.31 114.76 1.00 1.00 1.00 0 0 512
pse_exactobject !stationaryteleportpad                    200088 1455.62 913.05 97.33 1.00 1.00 1.00 0 0 512
pse_exactobject  zipline                                   10516 1458.02 872.67 114.70 1.00 1.00 1.00 0 -375 10474
pse_exactobject  zipline                                   10517 1336.53 727.17 142.15 1.00 1.00 1.00 0 -375 10474
pse_exactobject  zipline                                   10518 1459.31 832.73 103.63 1.00 1.00 1.00 0 -772 7247
pse_exactobject  zipline                                   10519 1407.02 852.54 120.69 1.00 1.00 1.00 0 -772 7247
pse_exactobject  zipline                                   10520 1481.56 990.39 100.09 1.00 1.00 1.00 0 -958 9331
pse_exactobject  zipline                                   10521 1337.37 923.13 161.38 1.00 1.00 1.00 0 -958 9331
pse_exactobject  zipline                                   10522 1486.30 1033.35 99.75 1.00 1.00 1.00 0 -38 2701
pse_exactobject  zipline                                   10523 1526.56 1101.29 100.93 1.00 1.00 1.00 0 -38 2701
pse_exactobject  zipline                                   10524 1491.44 1308.89 93.43 1.00 1.00 1.00 0 -1365 10452
pse_exactobject  zipline                                   10525 1439.06 1247.22 173.15 1.00 1.00 1.00 0 -1365 10452
pse_exactobject  zipline                                   10526 1496.41 1291.62 94.02 1.00 1.00 1.00 0 -1181 13240
pse_exactobject  zipline                                   10527 1514.29 1244.80 118.41 1.00 1.00 1.00 0 -1181 13240
pse_exactobject  zipline                                   10528 1510.74 1234.73 118.41 1.00 1.00 1.00 0 429 11410
pse_exactobject  zipline                                   10529 1476.15 1135.99 101.01 1.00 1.00 1.00 0 429 11410
pse_exactobject  zipline                                   10530 1513.12 1102.71 100.98 1.00 1.00 1.00 0 90 8954
pse_exactobject  zipline                                   10531 1421.22 1075.08 97.66 1.00 1.00 1.00 0 90 8954
pse_exactobject !stationaryteleportpad                    200089 1517.59 922.30 97.33 1.00 1.00 1.00 0 0 321
pse_exactobject !stationaryteleportpad                    200090 1526.16 923.36 114.76 1.00 1.00 1.00 0 0 16707
pse_exactobject  zipline                                   10532 1521.52 1415.01 105.16 1.00 1.00 1.00 0 -1063 9432
pse_exactobject  zipline                                   10533 1409.99 1357.61 159.35 1.00 1.00 1.00 0 -1063 9432
pse_exactobject  zipline                                   10534 1529.09 1148.22 100.97 1.00 1.00 1.00 0 115 6074
pse_exactobject  zipline                                   10535 1423.23 1259.87 94.15 1.00 1.00 1.00 0 115 6074
pse_exactobject  stationaryteleportpad                     10536 1554.63 1377.74 98.32 1.00 1.00 1.00 0 0 2100
pse_exactobject  stationaryteleportpad                     10537 1586.62 1411.08 142.56 1.00 1.00 1.00 83 -191 18481
pse_exactobject  zipline                                   10538 1575.63 1422.70 142.10 1.00 1.00 1.00 0 786 8768
pse_exactobject  zipline                                   10539 1455.39 1395.73 103.74 1.00 1.00 1.00 0 786 8768
