vanu_control_point
vanu_control_point_crp
ancient_door_lock
vanu_control_flywheels
vanu_control_console
ancient_door
ancient_door_frame
vanu_spawn_room_pad
vanu_equipment_term
vanu_spawn_room_mechanism
vanu_vehicle_station
vanu_vehicle_station_crp
ancient_garage_door
ancient_garage_frame
vanu_vehicle_term
vanu_vehicle_creation_pad
vanu_air_vehicle_term
vanu_wall_ramp
vanu_wall_vehicle
vanu_core
vanu_core_crp
wall_light
vanu_core_fins
vanu_center_beam
vanu_int_tall_barrier
ground_bldg_b
ground_bldg_b_crp
ground_bldg_c
ground_bldg_c_crp
ground_bldg_d
ground_bldg_d_crp
ground_bldg_i
ground_bldg_i_crp
vanu_int_barrier_long
vanu_block_ramp
vanu_tower_light
vanu_tower_heavy
vanu_tanktrap_light
vanu_cluster_small
vanu_cluster_2way
vanu_cluster_pinwheel
vanu_cluster_aframe
vanu_tanktrap_heavy
vanu_cluster_palm
vanu_carport_cave
vanu_carport
ceiling_bldg_c
ceiling_bldg_c_crp
ceiling_bldg_d
ceiling_bldg_d_crp
ceiling_bldg_a
ceiling_bldg_a_crp
ceiling_bldg_b
ceiling_bldg_b_crp
ancient_window_frame
ceiling_bldg_f
ceiling_bldg_f_crp
vanu_int_barrier
ceiling_bldg_e
ceiling_bldg_e_crp
ceiling_bldg_i
ceiling_bldg_i_crp
ceiling_bldg_g
ceiling_bldg_g_crp
ceiling_bldg_h
ceiling_bldg_h_crp
vanu_block_ramp_soldier
Amerish_soldierA
Amerish_soldierB
Amerish_soldierC
Amerish_soldierD
amerish_pillara
amerish_pillarb
vanu_sentry_turret
crystals_vehicle_b
crystals_vehicle_b_crp
crystals_vehicle_a
crystals_vehicle_a_crp
crystals_health_a
crystals_health_a_crp
crystals_health_b
crystals_health_b_crp
warpgate_cavern
tunnelsuspensionbeam
tunnel_dead_end
soldier_cave_in
ceiling_bldg_z
ceiling_bldg_z_crp
ceiling_bldg_j
ceiling_bldg_j_crp
cavern_rock_splash
cavern_river_mist
vanu_block_ramp_simple
redoubt
redoubt_crp
redoubt_floor
crystals_repair_b
crystals_repair_b_crp
zipline
stationaryteleportpad
