ground_bldg_b
ground_bldg_b_crp
ancient_door
ancient_door_frame
wall_light
ground_bldg_d
ground_bldg_d_crp
vanu_core
vanu_core_crp
vanu_core_fins
vanu_center_beam
vanu_int_tall_barrier
vanu_tower_light
vanu_tower_heavy
vanu_cluster_aframe
vanu_cluster_small
vanu_tanktrap_heavy
ground_bldg_i
ground_bldg_i_crp
vanu_int_barrier_long
vanu_vehicle_station
vanu_vehicle_station_crp
ancient_door_lock
vanu_equipment_term
vanu_control_flywheels
vanu_control_console
ancient_garage_door
ancient_garage_frame
vanu_vehicle_term
vanu_vehicle_creation_pad
vanu_air_vehicle_term
vanu_control_point
vanu_control_point_crp
vanu_spawn_room_pad
vanu_spawn_room_mechanism
ground_bldg_c
ground_bldg_c_crp
vanu_cluster_2way
vanu_cluster_pinwheel
vanu_cluster_palm
vanu_tanktrap_light
ceiling_bldg_b
ceiling_bldg_b_crp
ancient_window_frame
ceiling_bldg_e
ceiling_bldg_e_crp
ceiling_bldg_g
ceiling_bldg_g_crp
ceiling_bldg_h
ceiling_bldg_h_crp
ceiling_bldg_a
ceiling_bldg_a_crp
ceiling_bldg_c
ceiling_bldg_c_crp
ceiling_bldg_j
ceiling_bldg_j_crp
ceiling_bldg_f
ceiling_bldg_f_crp
vanu_int_barrier
ceiling_bldg_i
ceiling_bldg_i_crp
warpgate_cavern
vanu_wall_ramp
vanu_block_ramp_simple
vanu_block_ramp_soldier
vanu_block_ramp
vanu_block_ramp_narrow
vanu_block
vanu_carport_cave
vanu_sentry_turret
ceiling_bldg_z
ceiling_bldg_z_crp
crystals_vehicle_b
crystals_vehicle_b_crp
crystals_energy_b
crystals_energy_b_crp
Hossin_SoldierA
Hossin_SoldierB
Hossin_SoldierC
Hossin_SoldierD
Hossin_SoldierE
Hossin_SoldierF
Hossin_SoldierG
Hossin_SoldierH
Hossin_SoldierI
tunnelsuspensionbeam
tunnel_dead_end
soldier_cave_in
crystals_damage_a
crystals_damage_a_crp
vanu_wall
crystals_energy_a
crystals_energy_a_crp
crystals_vehicle_a
crystals_vehicle_a_crp
crystals_health_a
crystals_health_a_crp
crystals_health_b
crystals_health_b_crp
crystals_repair_a
crystals_repair_a_crp
crystals_repair_b
crystals_repair_b_crp
crystals_damage_b
crystals_damage_b_crp
redoubt
redoubt_crp
redoubt_floor
vanu_wall_vehicle
zipline
stationaryteleportpad
