vanu_core
vanu_core_crp
ancient_door
ancient_door_frame
wall_light
vanu_core_fins
vanu_center_beam
vanu_int_tall_barrier
vanu_control_point
vanu_control_point_crp
ancient_door_lock
vanu_control_flywheels
vanu_control_console
vanu_spawn_room_pad
vanu_equipment_term
vanu_spawn_room_mechanism
ground_bldg_b
ground_bldg_b_crp
ground_bldg_j
ground_bldg_j_crp
ceiling_bldg_d
ceiling_bldg_d_crp
ceiling_bldg_h
ceiling_bldg_h_crp
ancient_window_frame
ceiling_bldg_i
ceiling_bldg_i_crp
vanu_int_barrier_long
ground_bldg_a
ground_bldg_a_crp
vanu_block_ramp_simple
vanu_block_ramp_soldier
vanu_block_ramp_narrow
ground_bldg_e
ground_bldg_e_crp
vanu_wall_ramp
vanu_wall_vehicle
vanu_wall
ground_bldg_g
ground_bldg_g_crp
ground_bldg_c
ground_bldg_c_crp
vanu_block_ramp
vanu_carport
vanu_cluster_palm
vanu_cluster_pinwheel
vanu_tower_heavy
vanu_tower_light
vanu_tanktrap_heavy
vanu_tanktrap_light
vanu_cluster_aframe
vanu_cluster_2way
vanu_cluster_small
ceiling_bldg_a
ceiling_bldg_a_crp
ceiling_bldg_g
ceiling_bldg_g_crp
ceiling_bldg_b
ceiling_bldg_b_crp
ceiling_bldg_f
ceiling_bldg_f_crp
vanu_int_barrier
ceiling_bldg_e
ceiling_bldg_e_crp
ground_bldg_z
ground_bldg_z_crp
ground_bldg_d
ground_bldg_d_crp
vanu_carport_cave
vanu_sentry_turret
crystals_health_a
crystals_health_a_crp
crystals_repair_a
crystals_repair_a_crp
crystals_vehicle_b
crystals_vehicle_b_crp
crystals_vehicle_a
crystals_vehicle_a_crp
Oshur_soldierA
Oshur_soldierB
Oshur_soldierC
Oshur_soldierD
tunnel_dead_end
soldier_cave_in
tunnelsuspensionbeam
warpgate_cavern
ceiling_bldg_z
ceiling_bldg_z_crp
ceiling_bldg_c
ceiling_bldg_c_crp
ground_bldg_h
ground_bldg_h_crp
vanu_vehicle_station
vanu_vehicle_station_crp
ancient_garage_door
ancient_garage_frame
vanu_vehicle_term
vanu_vehicle_creation_pad
vanu_air_vehicle_term
redoubt
redoubt_crp
redoubt_floor
ground_bldg_i
ground_bldg_i_crp
ground_bldg_f
ground_bldg_f_crp
zipline
stationaryteleportpad
