vanu_tower_light
ground_bldg_f
ground_bldg_f_crp
ancient_door
ancient_door_frame
vanu_int_barrier
wall_light
ground_bldg_c
ground_bldg_c_crp
ground_bldg_i
ground_bldg_i_crp
vanu_int_barrier_long
vanu_control_point
vanu_control_point_crp
ancient_door_lock
vanu_control_flywheels
vanu_control_console
vanu_spawn_room_pad
vanu_equipment_term
vanu_spawn_room_mechanism
vanu_vehicle_station
vanu_vehicle_station_crp
ancient_garage_door
ancient_garage_frame
vanu_vehicle_term
vanu_vehicle_creation_pad
vanu_air_vehicle_term
vanu_cluster_pinwheel
vanu_tanktrap_heavy
ceiling_bldg_b
ceiling_bldg_b_crp
ancient_window_frame
vanu_core
vanu_core_crp
vanu_core_fins
vanu_center_beam
vanu_int_tall_barrier
ground_bldg_a
ground_bldg_a_crp
ceiling_bldg_j
ceiling_bldg_j_crp
ceiling_bldg_h
ceiling_bldg_h_crp
ceiling_bldg_g
ceiling_bldg_g_crp
ceiling_bldg_a
ceiling_bldg_a_crp
vanu_tower_heavy
ceiling_bldg_z
ceiling_bldg_z_crp
vanu_tanktrap_light
vanu_cluster_2way
vanu_wall_ramp
vanu_block_ramp_simple
vanu_block_ramp
vanu_block_ramp_soldier
vanu_block_ramp_narrow
ground_bldg_d
ground_bldg_d_crp
ground_bldg_j
ground_bldg_j_crp
ceiling_bldg_d
ceiling_bldg_d_crp
vanu_sentry_turret
vanu_cluster_small
vanu_cluster_palm
vanu_cluster_aframe
vanu_wall_soldier
vanu_carport_cave
ground_bldg_e
ground_bldg_e_crp
ground_bldg_g
ground_bldg_g_crp
ground_bldg_h
ground_bldg_h_crp
crystals_health_b
crystals_health_b_crp
vanu_block
vanu_wall_vehicle
warpgate_cavern
crystals_energy_b
crystals_energy_b_crp
Ceryshen_soldierA
Ceryshen_soldierB
Ceryshen_soldierC
Ceryshen_soldierD
tunnelsuspensionbeam
tunnel_dead_end
soldier_cave_in
crystals_energy_a
crystals_energy_a_crp
ceiling_bldg_c
ceiling_bldg_c_crp
crystals_vehicle_b
crystals_vehicle_b_crp
redoubt
redoubt_crp
redoubt_floor
crystals_health_a
crystals_health_a_crp
crystals_repair_b
crystals_repair_b_crp
crystals_repair_a
crystals_repair_a_crp
crystals_damage_a
crystals_damage_a_crp
stationaryteleportpad
zipline
