vanu_core
vanu_core_crp
ancient_door
ancient_door_frame
wall_light
vanu_core_fins
vanu_center_beam
vanu_int_tall_barrier
ground_bldg_d
ground_bldg_d_crp
ceiling_bldg_b
ceiling_bldg_b_crp
ancient_window_frame
vanu_control_point
vanu_control_point_crp
ancient_door_lock
vanu_control_flywheels
vanu_control_console
vanu_spawn_room_pad
vanu_equipment_term
vanu_spawn_room_mechanism
ceiling_bldg_d
ceiling_bldg_d_crp
ground_bldg_b
ground_bldg_b_crp
ground_bldg_c
ground_bldg_c_crp
ground_bldg_f
ground_bldg_f_crp
vanu_int_barrier
vanu_tower_light
ceiling_bldg_z
ceiling_bldg_z_crp
vanu_cluster_pinwheel
vanu_cluster_2way
ceiling_bldg_i
ceiling_bldg_i_crp
vanu_int_barrier_long
vanu_cluster_palm
vanu_carport
ground_bldg_e
ground_bldg_e_crp
vanu_cluster_small
ground_bldg_i
ground_bldg_i_crp
vanu_tower_heavy
vanu_cluster_aframe
vanu_tanktrap_heavy
ceiling_bldg_g
ceiling_bldg_g_crp
ground_bldg_a
ground_bldg_a_crp
ground_bldg_z
ground_bldg_z_crp
vanu_vehicle_station
vanu_vehicle_station_crp
ancient_garage_door
ancient_garage_frame
vanu_vehicle_term
vanu_vehicle_creation_pad
vanu_air_vehicle_term
vanu_block_ramp
vanu_block_ramp_soldier
vanu_block_ramp_simple
vanu_tanktrap_light
vanu_sentry_turret
warpgate_cavern
ceiling_bldg_j
ceiling_bldg_j_crp
ceiling_bldg_a
ceiling_bldg_a_crp
vanu_block
vanu_block_ramp_narrow
Forseral_soldierA
Forseral_soldierB
tunnelsuspensionbeam
crystals_vehicle_b
crystals_vehicle_b_crp
crystals_energy_b
crystals_energy_b_crp
crystals_health_b
crystals_health_b_crp
tunnel_dead_end
soldier_cave_in
vanu_wall_vehicle
redoubt
redoubt_crp
redoubt_floor
crystals_vehicle_a
crystals_vehicle_a_crp
zipline
stationaryteleportpad
