###########################################################################
### The Addendum Data Resource                                           ##
### Contains additions, deletions, or edits to existing crunched assets. ##
###########################################################################

#####################################################################################
#####ADDENDUM PACKAGE FOR DATA ASSET 'boomer_he_mine'
#####################################################################################
addendum_package boomer_he_mine
addendum_bone_reprogram hp_hand 0.0000 0.0000 0.0000    0.0000 0.0000 0.0000 1.0000
addendum_bone_reprogram hp_hand01 0.0000 0.0000 0.0000    0.0000 0.0000 0.0000 1.0000
addendum_bone_reprogram hp_hand02 0.0000 0.0000 0.0000    0.0000 0.0000 0.0000 1.0000
#####################################################################################

#####################################################################################
#####ADDENDUM PACKAGE FOR DATA ASSET 'twomanheavybuggy_des'
#####################################################################################
addendum_package twomanheavybuggy_des
addendum_outline 29 1.9087
addendum_outline_point 3.1465 0.4667 0.0000
addendum_outline_point 3.0048 1.0986 0.0000
addendum_outline_point 2.5066 1.5994 0.0000
addendum_outline_point 2.4455 1.7028 0.0000
addendum_outline_point 1.8303 1.9582 0.0000
addendum_outline_point 0.8110 1.2414 0.0000
addendum_outline_point 0.2774 0.6740 0.0000
addendum_outline_point -0.0032 0.8260 0.0000
addendum_outline_point -0.4609 1.1262 0.0000
addendum_outline_point -0.7905 1.2110 0.0000
addendum_outline_point -1.8266 1.9437 0.0000
addendum_outline_point -2.5654 1.7342 0.0000
addendum_outline_point -2.7432 1.5917 0.0000
addendum_outline_point -2.9213 0.6419 0.0000
addendum_outline_point -3.3110 0.5680 0.0000
addendum_outline_point -3.3441 -0.4216 0.0000
addendum_outline_point -2.7820 -0.7618 0.0000
addendum_outline_point -2.6075 -1.6978 0.0000
addendum_outline_point -2.6744 -1.8018 0.0000
addendum_outline_point -1.8686 -1.9019 0.0000
addendum_outline_point -0.4642 -0.8283 0.0000
addendum_outline_point -0.0104 -0.0321 0.0000
addendum_outline_point 0.1826 -0.7687 0.0000
addendum_outline_point 0.8248 -1.2519 0.0000
addendum_outline_point 1.7319 -1.9723 0.0000
addendum_outline_point 2.3572 -1.7231 0.0000
addendum_outline_point 2.5206 -1.5706 0.0000
addendum_outline_point 3.0458 -0.8366 0.0000
addendum_outline_point 3.1304 -0.4975 0.0000
#####################################################################################

#####################################################################################
#####ADDENDUM PACKAGE FOR DATA ASSET 'manned_turret_destroyed'
#####################################################################################
addendum_package manned_turret_destroyed
addendum_outline 21 3.3932
addendum_outline_point 2.1845 0.1014 0.0000
addendum_outline_point 1.9549 0.4398 0.0000
addendum_outline_point 1.3066 0.5560 0.0000
addendum_outline_point 1.7579 1.3773 0.0000
addendum_outline_point 0.7720 0.9040 0.0000
addendum_outline_point 0.4325 0.8091 0.0000
addendum_outline_point 0.6697 2.1598 0.0000
addendum_outline_point -0.6689 2.1601 0.0000
addendum_outline_point -1.7574 1.3780 0.0000
addendum_outline_point -2.1845 0.1023 0.0000
addendum_outline_point -1.6777 -1.1164 0.0000
addendum_outline_point -1.7778 -1.1899 0.0000
addendum_outline_point -0.6815 -1.9960 0.0000
addendum_outline_point 0.2337 -1.4419 0.0000
addendum_outline_point 0.6823 -1.9957 0.0000
addendum_outline_point 1.1750 -1.7895 0.0000
addendum_outline_point 1.5656 -1.7733 0.0000
addendum_outline_point 2.1271 -1.6339 0.0000
addendum_outline_point 2.7187 -1.4518 0.0000
addendum_outline_point 2.8405 -0.8927 0.0000
addendum_outline_point 2.5993 -0.3927 0.0000
#####################################################################################

#####################################################################################
#####ADDENDUM PACKAGE FOR DATA ASSET 'cryo_facility_017'
#####################################################################################
addendum_package cryo_facility_017
addendum_embedded_effect generator_room 4.4331 -22.9393 13.4936 0000 09FB 07FF
addendum_embedded_effect generator_room 4.4331 -22.9393 13.4936 0000 09FB 07FF
#####################################################################################

#####################################################################################
#####ADDENDUM PACKAGE FOR DATA ASSET 'plasma_grenade'
#####################################################################################
addendum_package plasma_grenade
addendum_bone hp_hand plasma_grenade 0.0000 0.0000 0.0000 0000 0000 0000
#####################################################################################

#####################################################################################
#####ADDENDUM PACKAGE FOR DATA ASSET 'vsflite'
#####################################################################################
addendum_package vsflite
addendum_bone custom_head bip01_head 0.0800 0.0000 0.0000 0000 0000 0000
addendum_bone custom_head bip01_head 0.0400 0.0000 0.0000 0000 0000 0000
#####################################################################################

#####################################################################################
#####ADDENDUM PACKAGE FOR DATA ASSET 'dropship_pad_doors'
#####################################################################################
addendum_package dropship_pad_doors
addendum_bone hp_vehicle_alt hp_vehicle -5.5367 0.0000 0.0000 0000 0000 0000
#####################################################################################

#####################################################################################
#####ADDENDUM PACKAGE FOR DATA ASSET 'jammer_grenade'
#####################################################################################
addendum_package jammer_grenade
addendum_bone hp_hand jammer_grenade 0.0000 0.0000 0.0000 0000 3E14 0000
#####################################################################################

#####################################################################################
#####ADDENDUM PACKAGE FOR DATA ASSET 'mine_sweeper'
#####################################################################################
addendum_package mine_sweeper
addendum_bone hp_hand ms_body 0.0000 0.0000 0.0000 0000 0000 0000
#####################################################################################

#####################################################################################
#####ADDENDUM PACKAGE FOR DATA ASSET 'manned_turret'
#####################################################################################
addendum_package manned_turret
addendum_outline 32 3.7911
addendum_outline_point 2.1999 0.0000 0.0000
addendum_outline_point 0.8112 0.1864 0.0000
addendum_outline_point 0.3471 0.1637 0.0000
addendum_outline_point 1.7800 1.2928 0.0000
addendum_outline_point 0.7095 0.8308 0.0000
addendum_outline_point 0.3900 0.7296 0.0000
addendum_outline_point 0.6805 2.0921 0.0000
addendum_outline_point 0.0616 0.3818 0.0000
addendum_outline_point -0.0406 0.3954 0.0000
addendum_outline_point -0.6797 2.0923 0.0000
addendum_outline_point -0.3263 0.5264 0.0000
addendum_outline_point -0.3698 0.4676 0.0000
addendum_outline_point -1.7795 1.2935 0.0000
addendum_outline_point -0.7688 0.4827 0.0000
addendum_outline_point -0.7199 0.2281 0.0000
addendum_outline_point -0.6632 0.0254 0.0000
addendum_outline_point -2.1999 -0.0008 0.0000
addendum_outline_point -0.5312 -0.2124 0.0000
addendum_outline_point -0.4364 -0.2743 0.0000
addendum_outline_point -1.7795 -1.2935 0.0000
addendum_outline_point -0.8081 -1.1653 0.0000
addendum_outline_point -0.8391 -1.6325 0.0000
addendum_outline_point -0.6797 -2.0923 0.0000
addendum_outline_point -0.0458 -0.5020 0.0000
addendum_outline_point 0.2190 -1.8095 0.0000
addendum_outline_point 0.6805 -2.0921 0.0000
addendum_outline_point 0.5378 -1.1623 0.0000
addendum_outline_point 0.6796 -0.8961 0.0000
addendum_outline_point 1.7800 -1.2928 0.0000
addendum_outline_point 0.6352 -0.4077 0.0000
addendum_outline_point 0.5524 -0.2148 0.0000
addendum_outline_point 0.8391 -0.1038 0.0000
#####################################################################################

#####################################################################################
#####ADDENDUM PACKAGE FOR DATA ASSET 'he_mine'
#####################################################################################
addendum_package he_mine
addendum_bone_reprogram hp_hand 0.0000 0.0000 0.0000    0.0000 0.0000 0.0000 1.0000
addendum_bone_reprogram hp_hand01 0.0000 0.0000 0.0000    0.0000 0.0000 0.0000 1.0000
addendum_bone_reprogram hp_hand02 0.0000 0.0000 0.0000    0.0000 0.0000 0.0000 1.0000
#####################################################################################

#####################################################################################
#####ADDENDUM PACKAGE FOR DATA ASSET 'vanguard_destroyed'
#####################################################################################
addendum_package vanguard_destroyed
addendum_outline 31 2.5998
addendum_outline_point 4.5175 1.3647 0.0000
addendum_outline_point 3.8502 2.4692 0.0000
addendum_outline_point 3.7132 2.9231 0.0000
addendum_outline_point 2.1400 3.0886 0.0000
addendum_outline_point 2.0599 3.1347 0.0000
addendum_outline_point 0.3444 1.4604 0.0000
addendum_outline_point 0.0616 2.0851 0.0000
addendum_outline_point -0.1764 2.3919 0.0000
addendum_outline_point -0.7594 3.1493 0.0000
addendum_outline_point -1.2505 2.4035 0.0000
addendum_outline_point -2.9152 3.0619 0.0000
addendum_outline_point -3.3687 2.9171 0.0000
addendum_outline_point -4.0634 1.8012 0.0000
addendum_outline_point -4.0439 1.5475 0.0000
addendum_outline_point -4.0469 0.2284 0.0000
addendum_outline_point -4.0473 -0.2518 0.0000
addendum_outline_point -4.0440 -1.5653 0.0000
addendum_outline_point -4.0634 -1.8012 0.0000
addendum_outline_point -3.3687 -2.9171 0.0000
addendum_outline_point -2.9152 -3.0619 0.0000
addendum_outline_point -0.7694 -1.5919 0.0000
addendum_outline_point -0.7594 -3.1493 0.0000
addendum_outline_point -0.2969 -1.5813 0.0000
addendum_outline_point 0.4662 -2.4312 0.0000
addendum_outline_point 0.5193 -2.3723 0.0000
addendum_outline_point 2.0599 -3.1347 0.0000
addendum_outline_point 2.1400 -3.0886 0.0000
addendum_outline_point 3.7132 -2.9231 0.0000
addendum_outline_point 3.8502 -2.4692 0.0000
addendum_outline_point 4.5175 -1.3647 0.0000
addendum_outline_point 2.9355 -0.3838 0.0000
#####################################################################################

#####################################################################################
#####ADDENDUM PACKAGE FOR DATA ASSET 'twomanhoverbuggy_destroyed'
#####################################################################################
addendum_package twomanhoverbuggy_destroyed
addendum_outline 32 1.7267
addendum_outline_point 3.2213 0.3835 0.0000
addendum_outline_point 2.9244 0.8408 0.0000
addendum_outline_point 2.4950 1.2463 0.0000
addendum_outline_point 2.0095 1.5969 0.0000
addendum_outline_point 1.4943 1.8038 0.0000
addendum_outline_point 0.9224 1.8918 0.0000
addendum_outline_point 0.7896 1.9834 0.0000
addendum_outline_point 0.1116 1.0030 0.0000
addendum_outline_point -0.0331 0.9290 0.0000
addendum_outline_point -0.4178 1.2535 0.0000
addendum_outline_point -0.8298 1.3869 0.0000
addendum_outline_point -1.6602 1.6641 0.0000
addendum_outline_point -1.7159 1.4905 0.0000
addendum_outline_point -2.7737 1.3040 0.0000
addendum_outline_point -2.9818 0.6624 0.0000
addendum_outline_point -2.9267 0.5356 0.0000
addendum_outline_point -2.9673 -0.5348 0.0000
addendum_outline_point -3.0217 -0.6615 0.0000
addendum_outline_point -2.1157 -0.9146 0.0000
addendum_outline_point -1.4824 -1.0585 0.0000
addendum_outline_point -1.0983 -1.2090 0.0000
addendum_outline_point -0.1806 -0.3354 0.0000
addendum_outline_point -0.5036 -1.3724 0.0000
addendum_outline_point -0.0332 -0.9301 0.0000
addendum_outline_point 0.1116 -1.0030 0.0000
addendum_outline_point 0.6200 -1.8066 0.0000
addendum_outline_point 1.1759 -1.7745 0.0000
addendum_outline_point 1.3768 -1.8430 0.0000
addendum_outline_point 2.3151 -1.7046 0.0000
addendum_outline_point 2.8118 -1.4974 0.0000
addendum_outline_point 3.4347 -0.8898 0.0000
addendum_outline_point 2.8603 -0.0625 0.0000
#####################################################################################

#####################################################################################
#####ADDENDUM PACKAGE FOR DATA ASSET 'twomanheavybuggy_destroyed'
#####################################################################################
addendum_package twomanheavybuggy_destroyed
addendum_outline 29 1.9087
addendum_outline_point 3.1465 0.4667 0.0000
addendum_outline_point 3.0012 1.0765 0.0000
addendum_outline_point 2.4153 1.1961 0.0000
addendum_outline_point 1.8591 1.3093 0.0000
addendum_outline_point 1.1528 1.1760 0.0000
addendum_outline_point 0.8126 1.2439 0.0000
addendum_outline_point 0.2774 0.6740 0.0000
addendum_outline_point -0.0032 0.8260 0.0000
addendum_outline_point -0.4609 1.1262 0.0000
addendum_outline_point -0.7905 1.2110 0.0000
addendum_outline_point -1.1513 1.1991 0.0000
addendum_outline_point -1.5388 1.2560 0.0000
addendum_outline_point -2.5331 1.3118 0.0000
addendum_outline_point -2.9331 0.6339 0.0000
addendum_outline_point -3.3110 0.5680 0.0000
addendum_outline_point -3.3441 -0.4216 0.0000
addendum_outline_point -2.8428 -0.6087 0.0000
addendum_outline_point -2.6075 -1.6978 0.0000
addendum_outline_point -2.6744 -1.8018 0.0000
addendum_outline_point -1.8686 -1.9019 0.0000
addendum_outline_point -0.4559 -0.8128 0.0000
addendum_outline_point -0.0104 -0.0321 0.0000
addendum_outline_point 0.1821 -0.7488 0.0000
addendum_outline_point 0.6368 -0.9578 0.0000
addendum_outline_point 1.7319 -1.9723 0.0000
addendum_outline_point 2.3572 -1.7231 0.0000
addendum_outline_point 2.5206 -1.5706 0.0000
addendum_outline_point 3.0650 -0.7878 0.0000
addendum_outline_point 3.1304 -0.4975 0.0000
#####################################################################################

#####################################################################################
#####ADDENDUM PACKAGE FOR DATA ASSET 'two_man_assault_buggy_destroyed'
#####################################################################################
addendum_package two_man_assault_buggy_destroyed
addendum_outline 32 1.8642
addendum_outline_point 2.9669 0.4250 0.0000
addendum_outline_point 2.8478 0.6086 0.0000
addendum_outline_point 2.5245 1.2659 0.0000
addendum_outline_point 2.4918 1.8422 0.0000
addendum_outline_point 1.8613 2.0129 0.0000
addendum_outline_point 0.5792 0.9408 0.0000
addendum_outline_point 0.3806 0.9766 0.0000
addendum_outline_point 0.1362 1.0901 0.0000
addendum_outline_point 0.0000 0.6241 0.0000
addendum_outline_point -0.2287 1.1077 0.0000
addendum_outline_point -0.6490 1.1581 0.0000
addendum_outline_point -1.8121 1.9048 0.0000
addendum_outline_point -2.5831 1.7649 0.0000
addendum_outline_point -2.6469 1.7336 0.0000
addendum_outline_point -2.6271 0.7629 0.0000
addendum_outline_point -2.6236 0.3032 0.0000
addendum_outline_point -2.9669 -0.5689 0.0000
addendum_outline_point -2.9188 -0.6719 0.0000
addendum_outline_point -2.4020 -1.1473 0.0000
addendum_outline_point -1.3852 -1.1547 0.0000
addendum_outline_point -1.2232 -1.2633 0.0000
addendum_outline_point -0.7096 -1.2262 0.0000
addendum_outline_point -0.2504 -1.2055 0.0000
addendum_outline_point -0.0401 -0.5355 0.0000
addendum_outline_point 0.1780 -1.1784 0.0000
addendum_outline_point 0.4629 -1.1434 0.0000
addendum_outline_point 0.4892 -0.9822 0.0000
addendum_outline_point 0.9259 -1.0553 0.0000
addendum_outline_point 1.8633 -1.2731 0.0000
addendum_outline_point 2.2666 -1.0435 0.0000
addendum_outline_point 2.4464 -0.5543 0.0000
addendum_outline_point 2.9761 -0.3300 0.0000
#####################################################################################

#####################################################################################
#####ADDENDUM PACKAGE FOR DATA ASSET 'threemanheavybuggy_destroyed'
#####################################################################################
addendum_package threemanheavybuggy_destroyed
addendum_outline 30 2.1399
addendum_outline_point 2.9054 0.5076 0.0000
addendum_outline_point 2.8642 0.6432 0.0000
addendum_outline_point 2.4365 1.3902 0.0000
addendum_outline_point 2.1817 1.7365 0.0000
addendum_outline_point 1.6671 1.7781 0.0000
addendum_outline_point 1.0565 1.7906 0.0000
addendum_outline_point 0.6646 1.8308 0.0000
addendum_outline_point 0.2090 1.0831 0.0000
addendum_outline_point -0.3814 2.1256 0.0000
addendum_outline_point -0.4295 1.9229 0.0000
addendum_outline_point -1.0983 2.0155 0.0000
addendum_outline_point -1.9428 1.9849 0.0000
addendum_outline_point -2.0720 1.8621 0.0000
addendum_outline_point -2.5794 1.3295 0.0000
addendum_outline_point -2.8161 0.9870 0.0000
addendum_outline_point -2.8824 0.4729 0.0000
addendum_outline_point -2.8347 -0.2343 0.0000
addendum_outline_point -2.7088 -0.6686 0.0000
addendum_outline_point -2.4924 -1.0741 0.0000
addendum_outline_point -1.9044 -1.4421 0.0000
addendum_outline_point -1.4136 -1.4543 0.0000
addendum_outline_point -0.6695 -1.5041 0.0000
addendum_outline_point -0.3699 -1.4459 0.0000
addendum_outline_point 0.2619 -0.6398 0.0000
addendum_outline_point 0.6397 -1.2318 0.0000
addendum_outline_point 1.0207 -1.0565 0.0000
addendum_outline_point 1.7218 -1.1774 0.0000
addendum_outline_point 2.5827 -1.1853 0.0000
addendum_outline_point 2.7373 -0.7564 0.0000
addendum_outline_point 2.8423 -0.2645 0.0000
#####################################################################################

#####################################################################################
#####ADDENDUM PACKAGE FOR DATA ASSET 'quadstealth_destroyed'
#####################################################################################
addendum_package quadstealth_destroyed
addendum_outline 31 1.2096
addendum_outline_point 1.3408 0.0375 0.0000
addendum_outline_point 1.4377 0.5917 0.0000
addendum_outline_point 1.4066 0.6430 0.0000
addendum_outline_point 1.4202 0.9752 0.0000
addendum_outline_point 1.1255 1.1606 0.0000
addendum_outline_point 0.7510 1.2314 0.0000
addendum_outline_point 0.0494 0.1415 0.0000
addendum_outline_point 0.0290 0.1575 0.0000
addendum_outline_point -0.0407 0.2153 0.0000
addendum_outline_point -0.0704 0.2524 0.0000
addendum_outline_point -0.1576 0.2773 0.0000
addendum_outline_point -1.1057 1.1375 0.0000
addendum_outline_point -1.5812 1.0609 0.0000
addendum_outline_point -1.7612 0.9379 0.0000
addendum_outline_point -1.7854 0.5611 0.0000
addendum_outline_point -1.4425 0.1170 0.0000
addendum_outline_point -1.3874 -0.2331 0.0000
addendum_outline_point -1.7633 -0.5690 0.0000
addendum_outline_point -1.7461 -0.9454 0.0000
addendum_outline_point -1.5985 -1.0690 0.0000
addendum_outline_point -1.1237 -1.1739 0.0000
addendum_outline_point -0.1424 -0.2298 0.0000
addendum_outline_point -0.0668 -0.2349 0.0000
addendum_outline_point 0.0090 -0.1347 0.0000
addendum_outline_point 0.0943 -0.2280 0.0000
addendum_outline_point 0.7252 -1.1669 0.0000
addendum_outline_point 1.0674 -1.1668 0.0000
addendum_outline_point 1.3266 -1.0526 0.0000
addendum_outline_point 1.4475 -0.9608 0.0000
addendum_outline_point 1.4759 -0.5830 0.0000
addendum_outline_point 1.3519 -0.1253 0.0000
#####################################################################################

#####################################################################################
#####ADDENDUM PACKAGE FOR DATA ASSET 'quadassault_destroyed'
#####################################################################################
addendum_package quadassault_destroyed
addendum_outline 30 1.3180
addendum_outline_point 1.3482 0.0797 0.0000
addendum_outline_point 0.8998 0.2276 0.0000
addendum_outline_point 1.3691 0.7393 0.0000
addendum_outline_point 1.2648 1.1236 0.0000
addendum_outline_point 1.1441 1.1680 0.0000
addendum_outline_point 0.8088 1.2155 0.0000
addendum_outline_point 0.4118 1.0448 0.0000
addendum_outline_point 0.0075 0.1103 0.0000
addendum_outline_point -0.0657 0.2127 0.0000
addendum_outline_point -0.1383 0.2267 0.0000
addendum_outline_point -1.1008 1.1429 0.0000
addendum_outline_point -1.4696 1.0082 0.0000
addendum_outline_point -1.7637 0.9014 0.0000
addendum_outline_point -1.7424 0.5235 0.0000
addendum_outline_point -1.3747 0.1749 0.0000
addendum_outline_point -1.3605 -0.2023 0.0000
addendum_outline_point -1.5062 -0.5533 0.0000
addendum_outline_point -1.2608 -0.5833 0.0000
addendum_outline_point -0.2868 -0.2215 0.0000
addendum_outline_point -0.0894 -0.0991 0.0000
addendum_outline_point -0.1290 -0.1946 0.0000
addendum_outline_point -0.0644 -0.1861 0.0000
addendum_outline_point 0.0075 -0.1097 0.0000
addendum_outline_point 0.1270 -0.3797 0.0000
addendum_outline_point 0.7630 -1.1630 0.0000
addendum_outline_point 0.9511 -1.1481 0.0000
addendum_outline_point 1.3848 -1.0001 0.0000
addendum_outline_point 1.4307 -0.6042 0.0000
addendum_outline_point 1.4170 -0.5723 0.0000
addendum_outline_point 1.3442 -0.0836 0.0000
#####################################################################################

#####################################################################################
#####ADDENDUM PACKAGE FOR DATA ASSET 'prowler_destroyed'
#####################################################################################
addendum_package prowler_destroyed
addendum_outline 32 3.6416
addendum_outline_point 4.5277 0.8754 0.0000
addendum_outline_point 4.4657 1.0786 0.0000
addendum_outline_point 4.2927 1.9265 0.0000
addendum_outline_point 4.0907 3.1497 0.0000
addendum_outline_point 2.7374 3.8773 0.0000
addendum_outline_point 1.7245 3.1880 0.0000
addendum_outline_point 1.1039 3.1344 0.0000
addendum_outline_point 0.1219 3.2761 0.0000
addendum_outline_point -0.2064 3.1428 0.0000
addendum_outline_point -0.8976 3.1495 0.0000
addendum_outline_point -1.4544 3.2175 0.0000
addendum_outline_point -3.1836 3.3930 0.0000
addendum_outline_point -3.8747 3.2098 0.0000
addendum_outline_point -3.9097 2.1911 0.0000
addendum_outline_point -3.9385 1.5019 0.0000
addendum_outline_point -4.1059 0.0929 0.0000
addendum_outline_point -2.7052 -0.0010 0.0000
addendum_outline_point -4.1026 -1.3449 0.0000
addendum_outline_point -4.1219 -1.8841 0.0000
addendum_outline_point -4.0437 -2.9822 0.0000
addendum_outline_point -2.8439 -3.4357 0.0000
addendum_outline_point -1.6789 -3.1237 0.0000
addendum_outline_point -1.1860 -3.1172 0.0000
addendum_outline_point -0.4646 -3.1738 0.0000
addendum_outline_point 0.4703 -3.2479 0.0000
addendum_outline_point 1.0972 -3.2915 0.0000
addendum_outline_point 2.0915 -3.2503 0.0000
addendum_outline_point 3.1033 -3.3898 0.0000
addendum_outline_point 4.1184 -3.1111 0.0000
addendum_outline_point 4.2509 -2.1071 0.0000
addendum_outline_point 4.4648 -1.3282 0.0000
addendum_outline_point 4.6076 -0.1609 0.0000
#####################################################################################

#####################################################################################
#####ADDENDUM PACKAGE FOR DATA ASSET 'mosquito_destroyed'
#####################################################################################
addendum_package mosquito_destroyed
addendum_outline 31 2.3427
addendum_outline_point 3.4176 0.1587 0.0000
addendum_outline_point 2.1394 0.4546 0.0000
addendum_outline_point 0.9060 0.3765 0.0000
addendum_outline_point 0.5705 0.5218 0.0000
addendum_outline_point 0.3908 0.3956 0.0000
addendum_outline_point 0.1076 0.2581 0.0000
addendum_outline_point 0.1409 0.6655 0.0000
addendum_outline_point 0.0578 0.6742 0.0000
addendum_outline_point -0.0156 0.1105 0.0000
addendum_outline_point -0.1458 0.6772 0.0000
addendum_outline_point -0.4234 0.6327 0.0000
addendum_outline_point -0.7955 0.7328 0.0000
addendum_outline_point -3.5138 1.6258 0.0000
addendum_outline_point -2.6657 0.5665 0.0000
addendum_outline_point -4.0867 0.5774 0.0000
addendum_outline_point -4.0231 -0.6521 0.0000
addendum_outline_point -2.4342 -0.5114 0.0000
addendum_outline_point -3.3847 -1.6762 0.0000
addendum_outline_point -0.7955 -0.7328 0.0000
addendum_outline_point -0.8588 -0.9042 0.0000
addendum_outline_point -0.6895 -1.5620 0.0000
addendum_outline_point -0.6144 -1.9629 0.0000
addendum_outline_point -0.1134 -1.9425 0.0000
addendum_outline_point 0.1760 -1.7461 0.0000
addendum_outline_point 0.3474 -1.2349 0.0000
addendum_outline_point 0.1076 -0.2581 0.0000
addendum_outline_point 0.3922 -0.3992 0.0000
addendum_outline_point 0.5718 -0.5365 0.0000
addendum_outline_point 0.9089 -0.4046 0.0000
addendum_outline_point 2.1644 -0.4991 0.0000
addendum_outline_point 3.4198 -0.2101 0.0000
#####################################################################################

#####################################################################################
#####ADDENDUM PACKAGE FOR DATA ASSET 'mediumtransport_destroyed'
#####################################################################################
addendum_package mediumtransport_destroyed
addendum_outline 30 2.6186
addendum_outline_point 3.7622 0.3982 0.0000
addendum_outline_point 3.4316 0.7554 0.0000
addendum_outline_point 2.9287 1.4756 0.0000
addendum_outline_point 1.8688 1.5122 0.0000
addendum_outline_point 0.6711 0.9863 0.0000
addendum_outline_point 0.6630 1.1497 0.0000
addendum_outline_point 0.0565 0.5805 0.0000
addendum_outline_point -0.1470 0.7830 0.0000
addendum_outline_point -0.6335 1.1427 0.0000
addendum_outline_point -1.8859 1.9477 0.0000
addendum_outline_point -2.7476 1.8866 0.0000
addendum_outline_point -2.9640 1.7535 0.0000
addendum_outline_point -3.4177 0.8854 0.0000
addendum_outline_point -3.2930 0.5597 0.0000
addendum_outline_point -3.2930 -0.5597 0.0000
addendum_outline_point -3.4177 -0.8854 0.0000
addendum_outline_point -2.8963 -1.9128 0.0000
addendum_outline_point -2.8557 -1.9835 0.0000
addendum_outline_point -2.0984 -2.1621 0.0000
addendum_outline_point -0.7764 -1.7661 0.0000
addendum_outline_point -0.4446 -1.7437 0.0000
addendum_outline_point -0.1470 -0.7830 0.0000
addendum_outline_point 0.1425 -1.7082 0.0000
addendum_outline_point 0.4551 -1.6976 0.0000
addendum_outline_point 0.6630 -1.1497 0.0000
addendum_outline_point 2.2289 -2.2306 0.0000
addendum_outline_point 3.0094 -2.1091 0.0000
addendum_outline_point 3.1713 -1.9290 0.0000
addendum_outline_point 3.5484 -0.8801 0.0000
addendum_outline_point 3.8316 -0.5549 0.0000
#####################################################################################

#####################################################################################
#####ADDENDUM PACKAGE FOR DATA ASSET 'magrider_destroyed'
#####################################################################################
addendum_package magrider_destroyed
addendum_outline 32 2.7075
addendum_outline_point 3.6101 0.6008 0.0000
addendum_outline_point 4.3004 0.9294 0.0000
addendum_outline_point 3.5423 1.8742 0.0000
addendum_outline_point 2.6865 2.2220 0.0000
addendum_outline_point 2.0952 2.3242 0.0000
addendum_outline_point 1.3501 2.0753 0.0000
addendum_outline_point 0.2091 0.5837 0.0000
addendum_outline_point 0.0183 2.3880 0.0000
addendum_outline_point -0.1531 2.5070 0.0000
addendum_outline_point -1.0590 2.5819 0.0000
addendum_outline_point -1.7023 2.5904 0.0000
addendum_outline_point -2.2387 2.5260 0.0000
addendum_outline_point -2.3985 1.8585 0.0000
addendum_outline_point -4.1230 1.7936 0.0000
addendum_outline_point -4.6431 1.0053 0.0000
addendum_outline_point -4.6441 0.8481 0.0000
addendum_outline_point -4.4200 -0.8282 0.0000
addendum_outline_point -4.5727 -1.1491 0.0000
addendum_outline_point -4.0709 -1.9349 0.0000
addendum_outline_point -2.8792 -2.0096 0.0000
addendum_outline_point -2.1827 -2.6995 0.0000
addendum_outline_point -1.6528 -2.7172 0.0000
addendum_outline_point -1.0076 -2.6791 0.0000
addendum_outline_point -0.1310 -2.5470 0.0000
addendum_outline_point 0.0849 -2.4331 0.0000
addendum_outline_point 0.1355 -0.6091 0.0000
addendum_outline_point 1.0616 -1.6610 0.0000
addendum_outline_point 2.1352 -2.2085 0.0000
addendum_outline_point 2.7067 -2.1106 0.0000
addendum_outline_point 3.5697 -1.8072 0.0000
addendum_outline_point 4.0890 -1.4879 0.0000
addendum_outline_point 4.4006 -0.8368 0.0000
#####################################################################################

#####################################################################################
#####ADDENDUM PACKAGE FOR DATA ASSET 'lightning_destroyed'
#####################################################################################
addendum_package lightning_destroyed
addendum_outline 32 2.0307
addendum_outline_point 2.9481 0.3705 0.0000
addendum_outline_point 3.0827 1.0394 0.0000
addendum_outline_point 2.9923 1.9337 0.0000
addendum_outline_point 2.9558 1.9750 0.0000
addendum_outline_point 1.3527 2.0045 0.0000
addendum_outline_point 1.3355 2.0806 0.0000
addendum_outline_point 0.7619 1.9819 0.0000
addendum_outline_point 0.1499 1.0522 0.0000
addendum_outline_point -0.0021 0.2617 0.0000
addendum_outline_point -0.8730 2.1192 0.0000
addendum_outline_point -1.1723 2.1396 0.0000
addendum_outline_point -1.4399 2.0988 0.0000
addendum_outline_point -2.6613 1.9004 0.0000
addendum_outline_point -3.1033 1.8118 0.0000
addendum_outline_point -3.0863 0.9104 0.0000
addendum_outline_point -2.6186 0.1639 0.0000
addendum_outline_point -2.6015 -0.3808 0.0000
addendum_outline_point -3.0861 -0.9001 0.0000
addendum_outline_point -3.1102 -1.8015 0.0000
addendum_outline_point -2.6683 -1.8946 0.0000
addendum_outline_point -1.4475 -2.1029 0.0000
addendum_outline_point -1.1799 -2.1458 0.0000
addendum_outline_point -0.4806 -1.8641 0.0000
addendum_outline_point -0.0021 -0.2617 0.0000
addendum_outline_point 0.1499 -1.0522 0.0000
addendum_outline_point 0.6963 -1.7969 0.0000
addendum_outline_point 1.0356 -1.6466 0.0000
addendum_outline_point 0.7859 -0.9232 0.0000
addendum_outline_point 1.6419 -1.4032 0.0000
addendum_outline_point 2.6071 -1.5034 0.0000
addendum_outline_point 2.8651 -0.6100 0.0000
addendum_outline_point 2.6185 -0.4647 0.0000
#####################################################################################

#####################################################################################
#####ADDENDUM PACKAGE FOR DATA ASSET 'lightgunship_destroyed'
#####################################################################################
addendum_package lightgunship_destroyed
addendum_outline 31 2.1059
addendum_outline_point 3.2132 0.2494 0.0000
addendum_outline_point 2.0914 0.4789 0.0000
addendum_outline_point 1.5174 0.9805 0.0000
addendum_outline_point 1.5002 1.3163 0.0000
addendum_outline_point 1.0034 1.4783 0.0000
addendum_outline_point 0.8829 2.0816 0.0000
addendum_outline_point 0.6141 2.7446 0.0000
addendum_outline_point 0.2609 2.8869 0.0000
addendum_outline_point -0.2810 2.8527 0.0000
addendum_outline_point -0.5015 1.8824 0.0000
addendum_outline_point -0.6557 1.4157 0.0000
addendum_outline_point -0.7480 1.1167 0.0000
addendum_outline_point -0.7877 0.6167 0.0000
addendum_outline_point -0.8742 0.3668 0.0000
addendum_outline_point -0.6951 0.2675 0.0000
addendum_outline_point -4.4564 0.2446 0.0000
addendum_outline_point -4.1745 -0.0144 0.0000
addendum_outline_point -3.9806 -1.6043 0.0000
addendum_outline_point -3.4959 -1.6256 0.0000
addendum_outline_point -0.7639 -0.7604 0.0000
addendum_outline_point -0.7200 -0.8250 0.0000
addendum_outline_point -0.6630 -1.3009 0.0000
addendum_outline_point -0.4602 -1.5985 0.0000
addendum_outline_point 0.1917 -1.4361 0.0000
addendum_outline_point 0.5437 -1.6084 0.0000
addendum_outline_point 0.8625 -1.6592 0.0000
addendum_outline_point 1.3719 -1.4963 0.0000
addendum_outline_point 1.4815 -1.2073 0.0000
addendum_outline_point 1.8420 -0.8437 0.0000
addendum_outline_point 2.3454 -0.5884 0.0000
addendum_outline_point 3.2025 -0.3614 0.0000
#####################################################################################

#####################################################################################
#####ADDENDUM PACKAGE FOR DATA ASSET 'dropship_destroyed'
#####################################################################################
addendum_package dropship_destroyed
addendum_outline 32 8.5523
addendum_outline_point 7.1785 0.5434 0.0000
addendum_outline_point 6.2927 1.3423 0.0000
addendum_outline_point 4.6439 2.0224 0.0000
addendum_outline_point 3.5375 2.4955 0.0000
addendum_outline_point 1.7267 1.9528 0.0000
addendum_outline_point 1.1277 1.9248 0.0000
addendum_outline_point 1.0714 3.6630 0.0000
addendum_outline_point 0.1180 7.3237 0.0000
addendum_outline_point -0.7558 8.1890 0.0000
addendum_outline_point -1.9794 7.8766 0.0000
addendum_outline_point -3.6324 8.1777 0.0000
addendum_outline_point -2.1506 2.9232 0.0000
addendum_outline_point -4.7924 3.2906 0.0000
addendum_outline_point -7.8650 3.4395 0.0000
addendum_outline_point -10.1742 2.3462 0.0000
addendum_outline_point -17.3222 0.4053 0.0000
addendum_outline_point -17.2885 -0.3514 0.0000
addendum_outline_point -16.2733 -6.2917 0.0000
addendum_outline_point -15.0925 -6.4012 0.0000
addendum_outline_point -4.7924 -3.2906 0.0000
addendum_outline_point -6.5344 -9.3618 0.0000
addendum_outline_point -5.9467 -9.4549 0.0000
addendum_outline_point -3.9726 -9.6326 0.0000
addendum_outline_point -1.8959 -9.7662 0.0000
addendum_outline_point 1.0876 -9.7389 0.0000
addendum_outline_point 1.9161 -9.3330 0.0000
addendum_outline_point 1.4001 -2.1042 0.0000
addendum_outline_point 1.7267 -1.9528 0.0000
addendum_outline_point 3.5375 -2.4955 0.0000
addendum_outline_point 4.6439 -2.0224 0.0000
addendum_outline_point 6.2927 -1.3423 0.0000
addendum_outline_point 7.1785 -0.5434 0.0000
#####################################################################################

#####################################################################################
#####ADDENDUM PACKAGE FOR DATA ASSET 'apc_destroyed'
#####################################################################################
addendum_package apc_destroyed
addendum_outline 32 4.9555
addendum_outline_point 5.2955 0.9860 0.0000
addendum_outline_point 5.1893 1.3656 0.0000
addendum_outline_point 4.5312 2.2137 0.0000
addendum_outline_point 2.1591 2.0041 0.0000
addendum_outline_point 1.9091 2.1574 0.0000
addendum_outline_point 1.2598 2.4282 0.0000
addendum_outline_point 0.4099 2.0441 0.0000
addendum_outline_point 0.1747 2.2170 0.0000
addendum_outline_point -0.0986 2.1414 0.0000
addendum_outline_point -0.4851 1.7583 0.0000
addendum_outline_point -1.6862 2.5596 0.0000
addendum_outline_point -2.3318 2.6007 0.0000
addendum_outline_point -3.2846 2.3645 0.0000
addendum_outline_point -5.2842 2.2388 0.0000
addendum_outline_point -5.4091 1.9354 0.0000
addendum_outline_point -5.3291 0.6884 0.0000
addendum_outline_point -5.3291 -0.6884 0.0000
addendum_outline_point -5.1649 -1.6755 0.0000
addendum_outline_point -3.2972 -1.6155 0.0000
addendum_outline_point -3.3181 -2.3674 0.0000
addendum_outline_point -2.4017 -2.5597 0.0000
addendum_outline_point -1.6963 -2.5856 0.0000
addendum_outline_point -0.4149 -1.8987 0.0000
addendum_outline_point -0.0496 -2.1573 0.0000
addendum_outline_point 0.0319 -2.1860 0.0000
addendum_outline_point 0.5304 -1.9368 0.0000
addendum_outline_point 1.4747 -2.2860 0.0000
addendum_outline_point 1.9092 -2.1575 0.0000
addendum_outline_point 2.1584 -2.0050 0.0000
addendum_outline_point 4.5342 -2.1275 0.0000
addendum_outline_point 5.1175 -1.3656 0.0000
addendum_outline_point 5.2724 -0.9816 0.0000
#####################################################################################

#####################################################################################
#####ADDENDUM PACKAGE FOR DATA ASSET 'ams_destroyed'
#####################################################################################
addendum_package ams_destroyed
addendum_outline 32 4.0128
addendum_outline_point 3.3790 0.3852 0.0000
addendum_outline_point 3.2008 0.7718 0.0000
addendum_outline_point 3.1410 1.7225 0.0000
addendum_outline_point 2.6184 1.7597 0.0000
addendum_outline_point 0.8724 1.1258 0.0000
addendum_outline_point 0.5092 0.9614 0.0000
addendum_outline_point 0.2556 0.9390 0.0000
addendum_outline_point 0.1744 0.8985 0.0000
addendum_outline_point -0.0091 0.7926 0.0000
addendum_outline_point -0.4819 1.2769 0.0000
addendum_outline_point -0.6028 1.0746 0.0000
addendum_outline_point -0.9703 1.3114 0.0000
addendum_outline_point -1.6874 1.2484 0.0000
addendum_outline_point -3.9839 1.7204 0.0000
addendum_outline_point -4.6672 1.5240 0.0000
addendum_outline_point -4.8100 0.7531 0.0000
addendum_outline_point -4.7980 -0.7607 0.0000
addendum_outline_point -4.5938 -1.6755 0.0000
addendum_outline_point -4.2720 -1.7926 0.0000
addendum_outline_point -2.8002 -1.8944 0.0000
addendum_outline_point -1.1740 -1.3652 0.0000
addendum_outline_point -0.7927 -1.3365 0.0000
addendum_outline_point -0.3904 -1.4810 0.0000
addendum_outline_point -0.0212 -0.2513 0.0000
addendum_outline_point 0.0056 -0.7006 0.0000
addendum_outline_point 0.1668 -0.5387 0.0000
addendum_outline_point 0.8112 -1.3221 0.0000
addendum_outline_point 1.1798 -1.3572 0.0000
addendum_outline_point 2.5497 -1.8910 0.0000
addendum_outline_point 3.2372 -1.5939 0.0000
addendum_outline_point 3.1980 -0.8115 0.0000
addendum_outline_point 3.3102 -0.5079 0.0000
#####################################################################################

#####################################################################################
#####ADDENDUM PACKAGE FOR DATA ASSET 'vanguard'
#####################################################################################
addendum_package vanguard
addendum_outline 31 2.5998
addendum_outline_point 4.5175 1.3647 0.0000
addendum_outline_point 3.8502 2.4692 0.0000
addendum_outline_point 3.7132 2.9231 0.0000
addendum_outline_point 2.1400 3.0886 0.0000
addendum_outline_point 2.0599 3.1347 0.0000
addendum_outline_point 0.3444 1.4604 0.0000
addendum_outline_point 0.0616 2.0851 0.0000
addendum_outline_point -0.1764 2.3919 0.0000
addendum_outline_point -0.7594 3.1493 0.0000
addendum_outline_point -1.2505 2.4035 0.0000
addendum_outline_point -2.9152 3.0619 0.0000
addendum_outline_point -3.3687 2.9171 0.0000
addendum_outline_point -4.0634 1.8012 0.0000
addendum_outline_point -4.0439 1.5475 0.0000
addendum_outline_point -4.0469 0.2284 0.0000
addendum_outline_point -4.0473 -0.2518 0.0000
addendum_outline_point -4.0440 -1.5653 0.0000
addendum_outline_point -4.0634 -1.8012 0.0000
addendum_outline_point -3.3687 -2.9171 0.0000
addendum_outline_point -2.9152 -3.0619 0.0000
addendum_outline_point -0.7694 -1.5919 0.0000
addendum_outline_point -0.7594 -3.1493 0.0000
addendum_outline_point -0.2969 -1.5813 0.0000
addendum_outline_point 0.4662 -2.4312 0.0000
addendum_outline_point 0.5193 -2.3723 0.0000
addendum_outline_point 2.0599 -3.1347 0.0000
addendum_outline_point 2.1400 -3.0886 0.0000
addendum_outline_point 3.7132 -2.9231 0.0000
addendum_outline_point 3.8502 -2.4692 0.0000
addendum_outline_point 4.5175 -1.3647 0.0000
addendum_outline_point 2.9355 -0.3838 0.0000
#####################################################################################

#####################################################################################
#####ADDENDUM PACKAGE FOR DATA ASSET 'twomanhoverbuggy'
#####################################################################################
addendum_package twomanhoverbuggy
addendum_bone wheel_fl thresher_body 1.2000 1.0800 0.2800 0000 0000 0000
addendum_bone wheel_fr thresher_body 1.2000 -1.0800 0.2800 0000 0000 0000
addendum_bone wheel_rr thresher_body -1.5600 -1.0800 0.2800 0000 0000 0000
addendum_bone wheel_rl thresher_body -1.5600 1.0800 0.2800 0000 0000 0000
addendum_outline 32 2.1949
addendum_outline_point 2.8527 0.0000 0.0000
addendum_outline_point 3.3206 0.9437 0.0000
addendum_outline_point 3.0316 1.2598 0.0000
addendum_outline_point 2.2152 1.6298 0.0000
addendum_outline_point 1.2821 1.7287 0.0000
addendum_outline_point 1.0787 1.6470 0.0000
addendum_outline_point 0.5529 1.6546 0.0000
addendum_outline_point 0.0569 0.6784 0.0000
addendum_outline_point -0.0329 0.6353 0.0000
addendum_outline_point -0.3628 0.9970 0.0000
addendum_outline_point -0.1224 0.2489 0.0000
addendum_outline_point -1.1812 1.4957 0.0000
addendum_outline_point -2.0471 1.4701 0.0000
addendum_outline_point -2.6551 1.3288 0.0000
addendum_outline_point -2.6955 0.9808 0.0000
addendum_outline_point -2.7107 0.4907 0.0000
addendum_outline_point -2.7107 -0.4907 0.0000
addendum_outline_point -2.6955 -0.9808 0.0000
addendum_outline_point -2.6551 -1.3288 0.0000
addendum_outline_point -1.5604 -1.5425 0.0000
addendum_outline_point -1.1812 -1.4957 0.0000
addendum_outline_point -0.1224 -0.2489 0.0000
addendum_outline_point -0.3628 -0.9970 0.0000
addendum_outline_point -0.0329 -0.6353 0.0000
addendum_outline_point 0.0569 -0.6784 0.0000
addendum_outline_point 0.5529 -1.6546 0.0000
addendum_outline_point 1.0787 -1.6470 0.0000
addendum_outline_point 1.2821 -1.7287 0.0000
addendum_outline_point 2.2152 -1.6298 0.0000
addendum_outline_point 3.0316 -1.2598 0.0000
addendum_outline_point 3.3206 -0.9437 0.0000
addendum_outline_point 2.7119 -0.0759 0.0000
#####################################################################################

#####################################################################################
#####ADDENDUM PACKAGE FOR DATA ASSET 'twomanheavybuggy'
#####################################################################################
addendum_package twomanheavybuggy
addendum_outline 30 2.0686
addendum_outline_point 3.1400 0.5151 0.0000
addendum_outline_point 3.0692 0.8077 0.0000
addendum_outline_point 2.8579 1.2082 0.0000
addendum_outline_point 2.4873 1.6925 0.0000
addendum_outline_point 1.7894 1.9013 0.0000
addendum_outline_point 0.8164 1.2465 0.0000
addendum_outline_point 0.2592 1.1084 0.0000
addendum_outline_point -0.1638 1.1075 0.0000
addendum_outline_point -0.2442 0.6976 0.0000
addendum_outline_point -0.6273 1.0521 0.0000
addendum_outline_point -1.8007 1.8856 0.0000
addendum_outline_point -2.5243 1.7982 0.0000
addendum_outline_point -2.7143 1.6797 0.0000
addendum_outline_point -2.8751 0.5811 0.0000
addendum_outline_point -3.2860 0.5442 0.0000
addendum_outline_point -3.2860 -0.5442 0.0000
addendum_outline_point -2.8751 -0.5811 0.0000
addendum_outline_point -2.7143 -1.6797 0.0000
addendum_outline_point -2.5243 -1.7982 0.0000
addendum_outline_point -1.8007 -1.8856 0.0000
addendum_outline_point -0.3967 -0.7029 0.0000
addendum_outline_point -0.0172 -0.0426 0.0000
addendum_outline_point -0.1638 -1.1075 0.0000
addendum_outline_point 0.2592 -1.1084 0.0000
addendum_outline_point 0.8164 -1.2465 0.0000
addendum_outline_point 1.7894 -1.9013 0.0000
addendum_outline_point 2.4873 -1.6925 0.0000
addendum_outline_point 2.8579 -1.2082 0.0000
addendum_outline_point 3.0692 -0.8077 0.0000
addendum_outline_point 3.1400 -0.5151 0.0000
#####################################################################################

#####################################################################################
#####ADDENDUM PACKAGE FOR DATA ASSET 'two_man_assault_buggy'
#####################################################################################
addendum_package two_man_assault_buggy
addendum_outline 32 1.7905
addendum_outline_point 2.9338 0.3881 0.0000
addendum_outline_point 2.8081 0.6385 0.0000
addendum_outline_point 2.4997 1.2367 0.0000
addendum_outline_point 2.4658 1.8141 0.0000
addendum_outline_point 1.8309 1.9846 0.0000
addendum_outline_point 0.5870 0.9414 0.0000
addendum_outline_point 0.3815 1.0471 0.0000
addendum_outline_point 0.1292 1.1253 0.0000
addendum_outline_point -0.0217 0.6724 0.0000
addendum_outline_point -0.2586 1.1536 0.0000
addendum_outline_point -0.6777 1.2302 0.0000
addendum_outline_point -1.8359 1.9717 0.0000
addendum_outline_point -2.6720 1.8017 0.0000
addendum_outline_point -2.7034 1.2257 0.0000
addendum_outline_point -3.1384 0.6481 0.0000
addendum_outline_point -3.1967 0.4717 0.0000
addendum_outline_point -3.1967 -0.4717 0.0000
addendum_outline_point -3.1384 -0.6481 0.0000
addendum_outline_point -2.7034 -1.2257 0.0000
addendum_outline_point -2.6720 -1.8017 0.0000
addendum_outline_point -1.8359 -1.9717 0.0000
addendum_outline_point -0.6777 -1.2302 0.0000
addendum_outline_point -0.2586 -1.1536 0.0000
addendum_outline_point -0.0217 -0.6724 0.0000
addendum_outline_point 0.1292 -1.1253 0.0000
addendum_outline_point 0.3815 -1.0471 0.0000
addendum_outline_point 0.5870 -0.9414 0.0000
addendum_outline_point 1.8309 -1.9846 0.0000
addendum_outline_point 2.4658 -1.8141 0.0000
addendum_outline_point 2.4997 -1.2367 0.0000
addendum_outline_point 2.8081 -0.6385 0.0000
addendum_outline_point 2.9339 -0.3870 0.0000
#####################################################################################

#####################################################################################
#####ADDENDUM PACKAGE FOR DATA ASSET 'threemanheavybuggy'
#####################################################################################
addendum_package threemanheavybuggy
addendum_outline 32 2.8698
addendum_outline_point 2.9234 0.5606 0.0000
addendum_outline_point 2.7335 0.8315 0.0000
addendum_outline_point 2.5535 1.3013 0.0000
addendum_outline_point 2.1789 1.5433 0.0000
addendum_outline_point 1.5408 1.7158 0.0000
addendum_outline_point 1.0316 1.7317 0.0000
addendum_outline_point 0.6247 1.6477 0.0000
addendum_outline_point 0.2091 1.3662 0.0000
addendum_outline_point -0.2697 1.3615 0.0000
addendum_outline_point -0.4955 1.6610 0.0000
addendum_outline_point -1.1176 1.7515 0.0000
addendum_outline_point -1.6076 1.7588 0.0000
addendum_outline_point -2.2712 1.5866 0.0000
addendum_outline_point -2.6831 1.3686 0.0000
addendum_outline_point -2.8621 0.8754 0.0000
addendum_outline_point -2.9047 0.3526 0.0000
addendum_outline_point -2.9047 -0.3458 0.0000
addendum_outline_point -2.8620 -0.8682 0.0000
addendum_outline_point -2.6828 -1.3621 0.0000
addendum_outline_point -2.2659 -1.5932 0.0000
addendum_outline_point -1.6013 -1.7668 0.0000
addendum_outline_point -1.1110 -1.7589 0.0000
addendum_outline_point -0.4955 -1.6610 0.0000
addendum_outline_point -0.2699 -1.3622 0.0000
addendum_outline_point 0.2091 -1.3664 0.0000
addendum_outline_point 0.6247 -1.6477 0.0000
addendum_outline_point 1.0312 -1.7325 0.0000
addendum_outline_point 1.5411 -1.7161 0.0000
addendum_outline_point 2.1786 -1.5443 0.0000
addendum_outline_point 2.5536 -1.2940 0.0000
addendum_outline_point 2.7337 -0.8235 0.0000
addendum_outline_point 2.9234 -0.5466 0.0000
#####################################################################################

#####################################################################################
#####ADDENDUM PACKAGE FOR DATA ASSET 'quadstealth'
#####################################################################################
addendum_package quadstealth
addendum_outline 32 1.3243
addendum_outline_point 1.3302 0.0827 0.0000
addendum_outline_point 0.8995 0.2661 0.0000
addendum_outline_point 1.4099 0.6237 0.0000
addendum_outline_point 1.3706 1.0108 0.0000
addendum_outline_point 1.0801 1.1609 0.0000
addendum_outline_point 0.7006 1.2064 0.0000
addendum_outline_point 0.0304 0.1132 0.0000
addendum_outline_point 0.0239 0.5945 0.0000
addendum_outline_point -0.0165 0.5655 0.0000
addendum_outline_point -0.0578 0.1970 0.0000
addendum_outline_point -0.3229 0.5861 0.0000
addendum_outline_point -1.0888 1.1453 0.0000
addendum_outline_point -1.5632 1.0733 0.0000
addendum_outline_point -1.7047 0.9743 0.0000
addendum_outline_point -1.7350 0.5947 0.0000
addendum_outline_point -1.3967 0.1826 0.0000
addendum_outline_point -1.3967 -0.1826 0.0000
addendum_outline_point -1.7350 -0.5947 0.0000
addendum_outline_point -1.7047 -0.9743 0.0000
addendum_outline_point -1.5632 -1.0733 0.0000
addendum_outline_point -1.0888 -1.1453 0.0000
addendum_outline_point -0.3229 -0.5861 0.0000
addendum_outline_point -0.0578 -0.1970 0.0000
addendum_outline_point -0.0165 -0.5655 0.0000
addendum_outline_point 0.0239 -0.5945 0.0000
addendum_outline_point 0.0304 -0.1132 0.0000
addendum_outline_point 0.7006 -1.2064 0.0000
addendum_outline_point 1.0801 -1.1609 0.0000
addendum_outline_point 1.3706 -1.0108 0.0000
addendum_outline_point 1.4099 -0.6237 0.0000
addendum_outline_point 0.8995 -0.2661 0.0000
addendum_outline_point 1.3302 -0.0827 0.0000
#####################################################################################

#####################################################################################
#####ADDENDUM PACKAGE FOR DATA ASSET 'quadassault'
#####################################################################################
addendum_package quadassault
addendum_outline 32 1.3243
addendum_outline_point 1.3302 0.0827 0.0000
addendum_outline_point 0.8995 0.2661 0.0000
addendum_outline_point 1.4099 0.6237 0.0000
addendum_outline_point 1.3706 1.0108 0.0000
addendum_outline_point 1.0801 1.1609 0.0000
addendum_outline_point 0.7006 1.2064 0.0000
addendum_outline_point 0.0304 0.1132 0.0000
addendum_outline_point 0.0239 0.5945 0.0000
addendum_outline_point -0.0165 0.5655 0.0000
addendum_outline_point -0.0578 0.1970 0.0000
addendum_outline_point -0.3229 0.5861 0.0000
addendum_outline_point -1.0888 1.1453 0.0000
addendum_outline_point -1.5632 1.0733 0.0000
addendum_outline_point -1.7047 0.9743 0.0000
addendum_outline_point -1.7350 0.5947 0.0000
addendum_outline_point -1.3967 0.1826 0.0000
addendum_outline_point -1.3967 -0.1826 0.0000
addendum_outline_point -1.7350 -0.5947 0.0000
addendum_outline_point -1.7047 -0.9743 0.0000
addendum_outline_point -1.5632 -1.0733 0.0000
addendum_outline_point -1.0888 -1.1453 0.0000
addendum_outline_point -0.3229 -0.5861 0.0000
addendum_outline_point -0.0578 -0.1970 0.0000
addendum_outline_point -0.0165 -0.5655 0.0000
addendum_outline_point 0.0239 -0.5945 0.0000
addendum_outline_point 0.0304 -0.1132 0.0000
addendum_outline_point 0.7006 -1.2064 0.0000
addendum_outline_point 1.0801 -1.1609 0.0000
addendum_outline_point 1.3706 -1.0108 0.0000
addendum_outline_point 1.4099 -0.6237 0.0000
addendum_outline_point 0.8995 -0.2661 0.0000
addendum_outline_point 1.3302 -0.0827 0.0000
#####################################################################################

#####################################################################################
#####ADDENDUM PACKAGE FOR DATA ASSET 'prowler'
#####################################################################################
addendum_package prowler
addendum_outline 32 3.9546
addendum_outline_point 4.3146 0.0000 0.0000
addendum_outline_point 4.1659 1.2150 0.0000
addendum_outline_point 4.2660 2.0096 0.0000
addendum_outline_point 4.1583 3.0032 0.0000
addendum_outline_point 3.2167 3.2891 0.0000
addendum_outline_point 1.6877 3.2866 0.0000
addendum_outline_point 1.2578 3.2534 0.0000
addendum_outline_point 0.5427 3.2533 0.0000
addendum_outline_point -0.3721 3.2527 0.0000
addendum_outline_point -1.0859 3.2535 0.0000
addendum_outline_point -1.5823 3.2866 0.0000
addendum_outline_point -3.2155 3.2903 0.0000
addendum_outline_point -4.0628 3.1506 0.0000
addendum_outline_point -4.0431 2.1056 0.0000
addendum_outline_point -4.1040 1.4542 0.0000
addendum_outline_point -4.1870 0.0016 0.0000
addendum_outline_point -1.9453 -0.0007 0.0000
addendum_outline_point -4.1040 -1.4542 0.0000
addendum_outline_point -4.0431 -2.1056 0.0000
addendum_outline_point -4.0628 -3.1506 0.0000
addendum_outline_point -3.3146 -3.3146 0.0000
addendum_outline_point -1.5823 -3.2866 0.0000
addendum_outline_point -1.0859 -3.2535 0.0000
addendum_outline_point -0.3721 -3.2527 0.0000
addendum_outline_point 0.5427 -3.2533 0.0000
addendum_outline_point 1.2578 -3.2534 0.0000
addendum_outline_point 1.6877 -3.2866 0.0000
addendum_outline_point 3.2167 -3.2891 0.0000
addendum_outline_point 4.1583 -3.0032 0.0000
addendum_outline_point 4.2660 -2.0096 0.0000
addendum_outline_point 4.1583 -1.2163 0.0000
addendum_outline_point 3.1218 -0.3087 0.0000
#####################################################################################

#####################################################################################
#####ADDENDUM PACKAGE FOR DATA ASSET 'mosquito'
#####################################################################################
addendum_package mosquito
addendum_bone ef_exhaust180a mosquito_engine_l -0.6400 1.2600 0.0000 0000 0000 2000
addendum_bone ef_exhaust180b mosquito_engine_r -0.6400 -1.2600 0.0000 0000 0000 2000
addendum_bone rooster_tail trunkmount 0.0000 0.0000 -0.3600 0000 0000 0000
addendum_outline 32 2.2966
addendum_outline_point 3.4451 0.1904 0.0000
addendum_outline_point 2.1404 0.4548 0.0000
addendum_outline_point 1.1784 0.4881 0.0000
addendum_outline_point 0.5705 0.5300 0.0000
addendum_outline_point 0.3916 0.3961 0.0000
addendum_outline_point 0.1081 0.2587 0.0000
addendum_outline_point 0.3429 1.1526 0.0000
addendum_outline_point 0.1674 1.7913 0.0000
addendum_outline_point -0.1230 1.9526 0.0000
addendum_outline_point -0.6312 1.9585 0.0000
addendum_outline_point -1.0092 1.6128 0.0000
addendum_outline_point -1.1491 1.6144 0.0000
addendum_outline_point -2.0873 1.4203 0.0000
addendum_outline_point -3.4256 1.6411 0.0000
addendum_outline_point -2.6358 0.5359 0.0000
addendum_outline_point -4.0568 0.6161 0.0000
addendum_outline_point -4.0568 -0.6161 0.0000
addendum_outline_point -2.6358 -0.5359 0.0000
addendum_outline_point -3.4256 -1.6411 0.0000
addendum_outline_point -2.0873 -1.4203 0.0000
addendum_outline_point -1.1495 -1.6137 0.0000
addendum_outline_point -1.0121 -1.6024 0.0000
addendum_outline_point -0.6312 -1.9585 0.0000
addendum_outline_point -0.1230 -1.9526 0.0000
addendum_outline_point 0.1674 -1.7913 0.0000
addendum_outline_point 0.3429 -1.1526 0.0000
addendum_outline_point 0.1081 -0.2587 0.0000
addendum_outline_point 0.3916 -0.3961 0.0000
addendum_outline_point 0.5705 -0.5300 0.0000
addendum_outline_point 1.0249 -0.5438 0.0000
addendum_outline_point 2.1404 -0.4548 0.0000
addendum_outline_point 3.4451 -0.1904 0.0000
#####################################################################################

#####################################################################################
#####ADDENDUM PACKAGE FOR DATA ASSET 'mediumtransport'
#####################################################################################
addendum_package mediumtransport
addendum_outline 30 2.8788
addendum_outline_point 3.5009 0.5647 0.0000
addendum_outline_point 3.1921 1.2766 0.0000
addendum_outline_point 3.1744 1.7172 0.0000
addendum_outline_point 2.7192 1.8518 0.0000
addendum_outline_point 0.6623 0.9733 0.0000
addendum_outline_point 0.6538 1.1338 0.0000
addendum_outline_point 0.1869 1.0946 0.0000
addendum_outline_point -0.1434 0.7635 0.0000
addendum_outline_point -0.3291 1.1032 0.0000
addendum_outline_point -0.6258 1.1287 0.0000
addendum_outline_point -1.8356 1.9059 0.0000
addendum_outline_point -2.6983 1.8406 0.0000
addendum_outline_point -2.9140 1.7315 0.0000
addendum_outline_point -3.4086 0.8830 0.0000
addendum_outline_point -3.2803 0.5575 0.0000
addendum_outline_point -3.2803 -0.5575 0.0000
addendum_outline_point -3.4086 -0.8830 0.0000
addendum_outline_point -2.9140 -1.7315 0.0000
addendum_outline_point -2.6983 -1.8406 0.0000
addendum_outline_point -1.8356 -1.9059 0.0000
addendum_outline_point -0.6258 -1.1287 0.0000
addendum_outline_point -0.3291 -1.1032 0.0000
addendum_outline_point -0.1434 -0.7635 0.0000
addendum_outline_point 0.1869 -1.0946 0.0000
addendum_outline_point 0.6538 -1.1338 0.0000
addendum_outline_point 0.6623 -0.9733 0.0000
addendum_outline_point 2.7192 -1.8518 0.0000
addendum_outline_point 3.1744 -1.7172 0.0000
addendum_outline_point 3.1921 -1.2766 0.0000
addendum_outline_point 3.5009 -0.5647 0.0000
#####################################################################################

#####################################################################################
#####ADDENDUM PACKAGE FOR DATA ASSET 'magrider'
#####################################################################################
addendum_package magrider
addendum_bone wheel_fl magrider_body 2.0000 1.1200 0.7200 0000 0000 0000
addendum_bone wheel_fr magrider_body 2.0000 -1.1200 0.7200 0000 0000 0000
addendum_bone wheel_rr magrider_body -2.0000 -1.1200 0.7200 0000 0000 0000
addendum_bone wheel_rl magrider_body -2.0000 1.1200 0.7200 0000 0000 0000
addendum_outline 32 3.4315
addendum_outline_point 3.5781 0.5406 0.0000
addendum_outline_point 4.3484 0.8684 0.0000
addendum_outline_point 3.4649 1.7876 0.0000
addendum_outline_point 2.6368 2.1404 0.0000
addendum_outline_point 2.0847 2.2321 0.0000
addendum_outline_point 0.9345 2.1458 0.0000
addendum_outline_point 0.4277 2.1247 0.0000
addendum_outline_point 0.0811 2.1572 0.0000
addendum_outline_point -0.1296 2.2506 0.0000
addendum_outline_point -0.5668 2.1570 0.0000
addendum_outline_point -0.9164 2.1560 0.0000
addendum_outline_point -1.4603 1.9977 0.0000
addendum_outline_point -2.1471 1.7731 0.0000
addendum_outline_point -3.9015 1.7870 0.0000
addendum_outline_point -4.4322 1.0364 0.0000
addendum_outline_point -4.1803 0.6973 0.0000
addendum_outline_point -4.1803 -0.6973 0.0000
addendum_outline_point -4.4322 -1.0364 0.0000
addendum_outline_point -3.9015 -1.7870 0.0000
addendum_outline_point -2.1471 -1.7731 0.0000
addendum_outline_point -1.4603 -1.9977 0.0000
addendum_outline_point -0.9164 -2.1560 0.0000
addendum_outline_point -0.5668 -2.1570 0.0000
addendum_outline_point -0.1296 -2.2506 0.0000
addendum_outline_point 0.0811 -2.1572 0.0000
addendum_outline_point 0.4273 -2.1268 0.0000
addendum_outline_point 0.9344 -2.1479 0.0000
addendum_outline_point 2.0847 -2.2321 0.0000
addendum_outline_point 2.6368 -2.1404 0.0000
addendum_outline_point 3.4649 -1.7876 0.0000
addendum_outline_point 4.3484 -0.8684 0.0000
addendum_outline_point 3.1238 -0.0899 0.0000
#####################################################################################

#####################################################################################
#####ADDENDUM PACKAGE FOR DATA ASSET 'lightning'
#####################################################################################
addendum_package lightning
addendum_outline 32 2.0307
addendum_outline_point 2.9181 0.3667 0.0000
addendum_outline_point 3.0862 0.9894 0.0000
addendum_outline_point 3.0432 1.8945 0.0000
addendum_outline_point 2.8385 1.9299 0.0000
addendum_outline_point 1.3926 1.9951 0.0000
addendum_outline_point 1.3779 2.0656 0.0000
addendum_outline_point 0.8081 2.0503 0.0000
addendum_outline_point 0.1499 1.0522 0.0000
addendum_outline_point -0.0021 0.2617 0.0000
addendum_outline_point -0.8073 2.0506 0.0000
addendum_outline_point -1.3771 2.0662 0.0000
addendum_outline_point -1.3918 1.9957 0.0000
addendum_outline_point -2.8377 1.9309 0.0000
addendum_outline_point -3.0424 1.8957 0.0000
addendum_outline_point -3.0858 0.9906 0.0000
addendum_outline_point -2.6186 0.1639 0.0000
addendum_outline_point -2.6015 -0.3808 0.0000
addendum_outline_point -3.0858 -0.9906 0.0000
addendum_outline_point -3.0424 -1.8957 0.0000
addendum_outline_point -2.8377 -1.9309 0.0000
addendum_outline_point -1.3918 -1.9957 0.0000
addendum_outline_point -1.3771 -2.0662 0.0000
addendum_outline_point -0.8073 -2.0506 0.0000
addendum_outline_point -0.0021 -0.2617 0.0000
addendum_outline_point 0.1499 -1.0522 0.0000
addendum_outline_point 0.8081 -2.0503 0.0000
addendum_outline_point 1.3779 -2.0656 0.0000
addendum_outline_point 1.3926 -1.9951 0.0000
addendum_outline_point 2.8385 -1.9299 0.0000
addendum_outline_point 3.0432 -1.8945 0.0000
addendum_outline_point 3.0862 -0.9894 0.0000
addendum_outline_point 2.5884 -0.4594 0.0000
#####################################################################################

#####################################################################################
#####ADDENDUM PACKAGE FOR DATA ASSET 'lightgunship'
#####################################################################################
addendum_package lightgunship
addendum_bone rooster_tail trunkmount 0.0000 0.0000 -0.5600 0000 0000 0000
addendum_outline 32 2.0101
addendum_outline_point 2.5301 0.2983 0.0000
addendum_outline_point 2.0112 0.4137 0.0000
addendum_outline_point 1.4179 0.5950 0.0000
addendum_outline_point 0.8510 0.6342 0.0000
addendum_outline_point 1.1748 1.2330 0.0000
addendum_outline_point 0.8468 1.3995 0.0000
addendum_outline_point 0.3269 1.5708 0.0000
addendum_outline_point 0.1865 2.1088 0.0000
addendum_outline_point -0.3416 2.8414 0.0000
addendum_outline_point -0.8773 2.8332 0.0000
addendum_outline_point -1.4461 2.4899 0.0000
addendum_outline_point -1.4700 2.0304 0.0000
addendum_outline_point -1.3034 1.0755 0.0000
addendum_outline_point -4.1617 1.7859 0.0000
addendum_outline_point -4.6383 1.7627 0.0000
addendum_outline_point -5.2340 0.0964 0.0000
addendum_outline_point -5.2340 -0.0964 0.0000
addendum_outline_point -4.6383 -1.7627 0.0000
addendum_outline_point -4.1617 -1.7859 0.0000
addendum_outline_point -1.3034 -1.0755 0.0000
addendum_outline_point -1.4700 -2.0304 0.0000
addendum_outline_point -1.4461 -2.4899 0.0000
addendum_outline_point -0.8773 -2.8332 0.0000
addendum_outline_point -0.3416 -2.8414 0.0000
addendum_outline_point 0.1865 -2.1088 0.0000
addendum_outline_point 0.3269 -1.5708 0.0000
addendum_outline_point 0.8468 -1.3995 0.0000
addendum_outline_point 1.1748 -1.2330 0.0000
addendum_outline_point 0.8088 -0.8088 0.0000
addendum_outline_point 1.4179 -0.5950 0.0000
addendum_outline_point 2.0112 -0.4137 0.0000
addendum_outline_point 2.5301 -0.2983 0.0000
#####################################################################################

#####################################################################################
#####ADDENDUM PACKAGE FOR DATA ASSET 'dropship'
#####################################################################################
addendum_package dropship
addendum_bone cargoa_real_mount cargoa_mount -3.0000 0.0000 0.0000 0000 0000 0000
addendum_bone rooster_tail cargoa_mount 0.0000 0.0000 -0.5600 0000 0000 0000
addendum_outline 32 8.5365
addendum_outline_point 7.1944 0.3673 0.0000
addendum_outline_point 6.2927 1.3423 0.0000
addendum_outline_point 4.6439 2.0224 0.0000
addendum_outline_point 3.5375 2.4955 0.0000
addendum_outline_point 2.0793 2.1050 0.0000
addendum_outline_point 1.3998 2.1107 0.0000
addendum_outline_point 1.9279 9.5014 0.0000
addendum_outline_point 1.0929 9.8899 0.0000
addendum_outline_point -1.7061 9.8551 0.0000
addendum_outline_point -3.1172 9.8792 0.0000
addendum_outline_point -5.2025 9.3333 0.0000
addendum_outline_point -6.4700 9.2772 0.0000
addendum_outline_point -4.7924 3.2906 0.0000
addendum_outline_point -15.2671 6.3926 0.0000
addendum_outline_point -16.1759 6.3684 0.0000
addendum_outline_point -17.3153 0.4384 0.0000
addendum_outline_point -17.3152 -0.4317 0.0000
addendum_outline_point -16.1747 -6.3607 0.0000
addendum_outline_point -15.2657 -6.3851 0.0000
addendum_outline_point -4.7924 -3.2906 0.0000
addendum_outline_point -6.4700 -9.2772 0.0000
addendum_outline_point -5.2007 -9.3217 0.0000
addendum_outline_point -3.1175 -9.8670 0.0000
addendum_outline_point -1.7041 -9.8433 0.0000
addendum_outline_point 1.0955 -9.8782 0.0000
addendum_outline_point 1.9292 -9.4892 0.0000
addendum_outline_point 1.4004 -2.0976 0.0000
addendum_outline_point 2.0794 -2.0922 0.0000
addendum_outline_point 3.5375 -2.4955 0.0000
addendum_outline_point 4.6439 -2.0224 0.0000
addendum_outline_point 6.2927 -1.3423 0.0000
addendum_outline_point 7.1944 -0.3673 0.0000
#####################################################################################

#####################################################################################
#####ADDENDUM PACKAGE FOR DATA ASSET 'droppod'
#####################################################################################
addendum_package droppod
addendum_outline 28 3.5607
addendum_outline_point 1.1155 0.1572 0.0000
addendum_outline_point 0.5962 0.1341 0.0000
addendum_outline_point 0.8235 0.3564 0.0000
addendum_outline_point 0.3915 0.5801 0.0000
addendum_outline_point 0.4180 1.0016 0.0000
addendum_outline_point 0.3187 1.0881 0.0000
addendum_outline_point 0.2719 1.5959 0.0000
addendum_outline_point -0.2618 1.5957 0.0000
addendum_outline_point -0.3090 1.0873 0.0000
addendum_outline_point -0.3684 0.8434 0.0000
addendum_outline_point -0.3594 0.5303 0.0000
addendum_outline_point -0.8091 0.3579 0.0000
addendum_outline_point -0.5852 0.1338 0.0000
addendum_outline_point -1.1040 0.1586 0.0000
addendum_outline_point -1.0545 -0.1606 0.0000
addendum_outline_point -1.2077 -0.4664 0.0000
addendum_outline_point -1.8203 -0.9919 0.0000
addendum_outline_point -1.5501 -1.4895 0.0000
addendum_outline_point -1.3638 -1.3785 0.0000
addendum_outline_point -0.6306 -0.9949 0.0000
addendum_outline_point -0.1101 -1.0143 0.0000
addendum_outline_point 0.0081 -1.5139 0.0000
addendum_outline_point 0.6409 -0.9959 0.0000
addendum_outline_point 1.2871 -1.3211 0.0000
addendum_outline_point 1.5615 -1.4901 0.0000
addendum_outline_point 1.8317 -0.9926 0.0000
addendum_outline_point 1.2200 -0.4669 0.0000
addendum_outline_point 1.0673 -0.1596 0.0000
#####################################################################################

#####################################################################################
#####ADDENDUM PACKAGE FOR DATA ASSET 'apc'
#####################################################################################
addendum_package apc
addendum_outline 32 5.2372
addendum_outline_point 5.3167 0.9625 0.0000
addendum_outline_point 5.2623 1.3396 0.0000
addendum_outline_point 4.6233 2.1715 0.0000
addendum_outline_point 3.3905 2.3840 0.0000
addendum_outline_point 1.9495 2.0571 0.0000
addendum_outline_point 1.4128 2.1662 0.0000
addendum_outline_point 0.4628 1.4727 0.0000
addendum_outline_point 0.0462 2.1131 0.0000
addendum_outline_point -0.0154 2.1131 0.0000
addendum_outline_point -0.6106 1.9560 0.0000
addendum_outline_point -1.7140 2.6280 0.0000
addendum_outline_point -2.5474 2.5967 0.0000
addendum_outline_point -3.5704 2.4758 0.0000
addendum_outline_point -5.0922 2.3183 0.0000
addendum_outline_point -5.5244 1.9815 0.0000
addendum_outline_point -5.4546 0.7110 0.0000
addendum_outline_point -5.4546 -0.7110 0.0000
addendum_outline_point -5.5244 -1.9814 0.0000
addendum_outline_point -5.0918 -2.3441 0.0000
addendum_outline_point -3.7563 -2.5350 0.0000
addendum_outline_point -2.5458 -2.6231 0.0000
addendum_outline_point -1.7124 -2.6544 0.0000
addendum_outline_point -0.6106 -1.9559 0.0000
addendum_outline_point -0.0154 -2.1130 0.0000
addendum_outline_point 0.0462 -2.1143 0.0000
addendum_outline_point 0.4627 -1.4724 0.0000
addendum_outline_point 1.4136 -2.1655 0.0000
addendum_outline_point 1.9496 -2.0572 0.0000
addendum_outline_point 3.3903 -2.3838 0.0000
addendum_outline_point 4.6233 -2.1715 0.0000
addendum_outline_point 5.2623 -1.3396 0.0000
addendum_outline_point 5.3167 -0.9625 0.0000
#####################################################################################

#####################################################################################
#####ADDENDUM PACKAGE FOR DATA ASSET 'ant'
#####################################################################################
addendum_package ant
addendum_bone drivera_mount_alt drivera_mount 0.0000 0.7200 0.0000 0000 0000 0000
addendum_bone driverb_mount_alt driverb_mount 0.0000 -0.7200 0.0000 0000 0000 0000
#####################################################################################

#####################################################################################
#####ADDENDUM PACKAGE FOR DATA ASSET 'ams'
#####################################################################################
addendum_package ams
addendum_outline 32 3.8000
addendum_outline_point 3.6456 0.4866 0.0000
addendum_outline_point 3.1957 0.8057 0.0000
addendum_outline_point 3.1717 1.6750 0.0000
addendum_outline_point 2.5141 1.7880 0.0000
addendum_outline_point 1.1689 1.3353 0.0000
addendum_outline_point 0.7948 1.2833 0.0000
addendum_outline_point 0.3069 1.4890 0.0000
addendum_outline_point 0.2867 1.4498 0.0000
addendum_outline_point -0.0089 1.5537 0.0000
addendum_outline_point -0.3063 1.4891 0.0000
addendum_outline_point -0.7943 1.2836 0.0000
addendum_outline_point -1.1684 1.3358 0.0000
addendum_outline_point -2.5668 1.7843 0.0000
addendum_outline_point -4.1838 1.7405 0.0000
addendum_outline_point -4.6119 1.6203 0.0000
addendum_outline_point -4.7637 0.7496 0.0000
addendum_outline_point -4.7637 -0.7496 0.0000
addendum_outline_point -4.6114 -1.6480 0.0000
addendum_outline_point -4.1829 -1.7684 0.0000
addendum_outline_point -2.5644 -1.8134 0.0000
addendum_outline_point -1.1684 -1.3358 0.0000
addendum_outline_point -0.7943 -1.2836 0.0000
addendum_outline_point -0.3063 -1.4891 0.0000
addendum_outline_point -0.2861 -1.4499 0.0000
addendum_outline_point 0.0095 -1.5537 0.0000
addendum_outline_point 0.3069 -1.4890 0.0000
addendum_outline_point 0.7948 -1.2833 0.0000
addendum_outline_point 1.1689 -1.3353 0.0000
addendum_outline_point 2.7362 -1.8329 0.0000
addendum_outline_point 3.1715 -1.6858 0.0000
addendum_outline_point 3.1957 -0.8057 0.0000
addendum_outline_point 3.6456 -0.4866 0.0000
#####################################################################################

#####################################################################################
#####ADDENDUM PACKAGE FOR DATA ASSET 'motionalarmsensor'
#####################################################################################
addendum_package motionalarmsensor
addendum_bone_reprogram motionalarmsensor 0.0000 0.0000 0.0000    0.0000 0.0000 0.0000 1.0000
addendum_bone_reprogram motionalarmsensor01 0.0000 0.0000 0.0000    0.0000 0.0000 0.0000 1.0000
addendum_bone_reprogram motionalarmsensor02 0.0000 0.0000 0.0000    0.0000 0.0000 0.0000 1.0000
addendum_bone_reprogram motionalarmsensor03 0.0000 0.0000 0.0000    0.0000 0.0000 0.0000 1.0000
#####################################################################################

#####################################################################################
#####ADDENDUM PACKAGE FOR DATA ASSET 'spitfire_turret'
#####################################################################################
addendum_package spitfire_turret
addendum_outline 18 1.2232
addendum_outline_point 0.3718 0.0228 0.0000
addendum_outline_point 0.8230 0.1653 0.0000
addendum_outline_point 0.7799 0.3489 0.0000
addendum_outline_point 0.1942 0.1609 0.0000
addendum_outline_point 0.0002 0.4101 0.0000
addendum_outline_point -0.1941 0.1609 0.0000
addendum_outline_point -0.7796 0.3502 0.0000
addendum_outline_point -0.8043 0.2850 0.0000
addendum_outline_point -0.8410 0.1623 0.0000
addendum_outline_point -0.7682 -0.0150 0.0000
addendum_outline_point -0.8215 -0.1951 0.0000
addendum_outline_point -0.7797 -0.3492 0.0000
addendum_outline_point 0.0018 -0.3355 0.0000
addendum_outline_point 0.1175 -0.3847 0.0000
addendum_outline_point 0.1914 -0.1419 0.0000
addendum_outline_point 0.7510 -0.3489 0.0000
addendum_outline_point 0.8044 -0.2847 0.0000
addendum_outline_point 0.8410 -0.1619 0.0000
#####################################################################################

alias door_airlock_shuttle gr_door_int
alias map09_0 lava09_0
alias map09_1 lava09_1
alias map09_2 lava09_2
alias map09_3 lava09_3
alias map09_7 lava09_7

alias door_mb_ramp gr_unknown
alias mb_flight_win_frame gr_unknown
alias door_airlock gr_door_airlock
alias garage_door gr_door_garage_ext
alias door_garage gr_door_garage_int
alias cryo_med_door gr_door_med
alias door_mb_side gr_door_mb_lrg
alias door_mb gr_door_mb_int
alias door_mb_garage gr_unknown
alias main_door gr_door_main
alias door_mb_orb gr_door_mb_orb
alias door gr_door_int

## Script commands to nudge specific buildings up/down to better match the terrain.
##   (mapno)    (building)  (height change)
nudge map45           2          0.10

nudge map10           37         0.40
nudge map10           38         0.55
nudge map10           39         0.30
nudge map10           40         0.80
nudge map10           41         0.60
nudge map10           42         0.80
nudge map10           43         0.80
nudge map10           25         0.15
nudge map10           35         0.70
nudge map10           46         0.25

nudge map07           21         0.25
nudge map07           40         0.55
nudge map07           31         0.35
nudge map07           39         0.60
nudge map07           25         0.40
nudge map07           43         0.15
nudge map07           50         0.35
nudge map07           49         0.50
nudge map07           53         0.25

nudge map09           37         0.30
nudge map09           1          -0.75
nudge map09		    21         0.45
nudge map09           28         0.55
nudge map09           38         0.65
nudge map09           46         0.70
nudge map09           45	   0.70
nudge map09           35         0.50
nudge map09           25         0.15
nudge map09           27         0.30
nudge map09           41         -0.05
nudge map09           50         1.05
nudge map09           47         0.20
nudge map09           20         0.60
nudge map09           43         0.10
nudge map09           42        -0.10
nudge map09           44         0.35
nudge map09           49         0.65




nudge map02		    27         0.10
nudge map02		    49         0.10
nudge map02		    47        -0.10

nudge map06           38         0.30
nudge map06           35         0.90
nudge map06           12         -0.75
nudge map06           3          -0.10
nudge map06           36         0.45
nudge map06           34         0.20
nudge map06           48         0.65
nudge map06           47         0.60
nudge map06           50         0.15
nudge map06           46         0.20
nudge map06           29         0.65
nudge map06           55         0.30
nudge map06		    28         0.10
nudge map06		    23	   0.15

nudge map01		    36	   0.15
nudge map01           40         -0.05
nudge map01           22         0.40
nudge map01           23         0.15
nudge map01           37         0.30
nudge map01           16         0.30
nudge map01		    42         -0.05
nudge map01		    33         0.10
nudge map01		    7          0.15

nudge map03           68         0.60
nudge map03		    32         0.15
nudge map03		    38         0.10
nudge map03		    25         0.45
nudge map03           63         0.30
nudge map03           56         0.50
nudge map03           64         1.05
nudge map03           73         0.55
nudge map03           48         0.15
nudge map03           62         0.45
nudge map03           70         0.35
nudge map03           66         1.00
nudge map03           65         0.30
nudge map03           43         0.30
nudge map03 	    45         0.20
nudge map03           22         0.40
nudge map03     	    28         0.15
nudge map03		    17         -0.95
nudge map03           37         0.75
nudge map03           40         0.50
nudge map03           53         0.45
nudge map03           67         0.55
nudge map03           24         1.15
nudge map03           49         0.45
nudge map03           71         0.40

nudge map05           16         0.20
nudge map05           30         0.40
nudge map05           40         1.00
nudge map05		    21         0.30
nudge map05           27         0.55
nudge map05           23         0.65
nudge map05           5          0.20

nudge map04		    40         0.20
nudge map04		    63         0.45
nudge map04		    65         0.20

nudge map08		    46         0.50
nudge map08		    45         0.20

nudge map11		    47         0.40
nudge map11           51         0.40
nudge map11           54         0.20
nudge map11           58         0.40
nudge map11           35         0.35

nudge map12		    66	   0.40
nudge map12		    61         0.20












