ad_terminal
amp_station
ancient_door
ancient_door_facade
ancient_door_frame
ancient_door_lock
ancient_garage_door
ancient_garage_door_facade
ancient_garage_frame
ancient_window_frame
articcluttera
articclutterb
articclutterc
articrocka
articrockb
articrockc
articrockd
articrocke
articrockf
articrockg
articrockh
articshruba
articshrubb
articshrubc
articshrubd
articshrube
articshrubf
articshrubg
artictreea
artictreeb
artictreec
artictreed
artictreee
br_coffee_table
br_couch_a
br_dining_table
br_end_table
br_entertain
br_fridge
br_game_table
br_sink
br_stairs
bunker_guantlet
bunker_lg
bunker_sm
bunker_test
ceiling_bldg_a
ceiling_bldg_b
ceiling_bldg_c
ceiling_bldg_d
ceiling_bldg_e
ceiling_bldg_f
ceiling_bldg_g
ceiling_bldg_h
ceiling_bldg_i
ceiling_bldg_z
comm_station
comm_station_dsp
cryo_facility
crystals_damage_a
crystals_damage_b
crystals_energy_a
crystals_energy_b
crystals_health_a
crystals_health_a
crystals_health_b
crystals_repair_a
crystals_repair_a
crystals_repair_b
crystals_vehicle_a
crystals_vehicle_a
crystals_vehicle_b
crystals_vehicle_b
desertcluttera
desertclutterf
desertclutterg
desertclutterh
desertdetail_ra
desertdetail_rb
desertdetail_rc
desertdetail_rd
desertdetail_re
desertdetail_rf
desertdetail_rg
desertdetail_sa
desertdetail_sb
desertrocka
desertrockb
desertrockc
desertrockd
desertrocke
desertrockk
desertrockl
desertrockm
desertrockn
desertrocko
desertrockp
desertrockq
desertrockr
desertshruba
desertshrubb
desertshrubc
desertshrubd
desertshrube
desertshrubf
desertshrubg
desertshrubh
desertshrubi
desertshrubj
deserttreea
deserttreeb
deserttreec
deserttreed
deserttreee
deserttreef
deserttreeg
deserttreeh
deserttreei
dome4
door_mb_main
door_orbspawn
door_spawn_mb
drop_pod_brakes_interiore
earth_shrub1
earth_shrub2
earth_shrub3
earth_shrub4
earth_shrub5
earth_shrub6
earthclutter_a
earthclutter_b
earthclutter_c
earthclutter_d
earthclutter_e
earthclutter_f
earthclutter_g
earthclutter_h
earthclutter_i
earthclutter_j
earthclutter_k
earthclutter_l
earthclutter_m
earthclutter_n
earthclutter_o
earthclutter_p
earthclutter_q
earthclutter_r
earthclutter_s
earthclutter_t
earthrocka
earthrockb
earthrockc
earthrockd
earthrocke
earthrockh
earthrocki
earthrockj
earthrockk
earthrockl
earthshrub1
earthshruba
earthshrubb
earthshrubc
earthshrubd
earthshrube
earthshrubf
earthshrubg
earthshrubh
earthshrubi
earthtreea
earthtreeb
earthtreec
earthtreed
earthtreee
earthtreef
earthtreeg
earthtreeh
earthtreei
earthtreej
flightpadpad_sign
frame_mb_inside
gr_door_airlock
gr_door_ext
gr_door_garage_ext
gr_door_garage_int
gr_door_int
gr_door_main
gr_door_mb_ext
gr_door_mb_int
gr_door_mb_lrg
gr_door_mb_obsd
gr_door_mb_orb
ground_bldg_a
ground_bldg_b
ground_bldg_c
ground_bldg_d
ground_bldg_e
ground_bldg_f
ground_bldg_g
ground_bldg_h
ground_bldg_i
ground_bldg_j
ground_bldg_z
hologram_mosquito
hologram_warp
hologram_warp_amerish
hologram_warp_cyssor
hologram_warp_esamir
hologram_warp_forseral
hologram_warp_hossin
hologram_warp_ishundar
lava_pool
lava_test
lava09_0
lava09_1
lava09_10
lava09_2
lava09_3
lava09_7
lava09_8
lava09_9
mb_bed
mb_light_sm
mb_locker
mb_magdisk
mb_meet_beams
mb_meet_monitor
mb_meet_podium
mb_meet2_beams
mb_pad_creation
mb_ped_braces
mb_ped_lights
mb_prop_monitor3
mb_prop_monitor4
mb_ramp_lights
mb_ramp_lights_sm
mb_respawn_tube
mb_skylight
mb_spawn_casing
mb_stairs_droppad
mb_stairs_hangar
mb_stairs_main
mb_stairs_pier
mbbr_monitors
mbhb_lights_sm
mbht_wndw
mbht1_lights_sm
mbht2_lights_sm
mbob_stairs
meeting_center_nc
meeting_center_tr
meeting_center_vs
meeting_sign
mosquito_hologram
ob_blocker
ob_countdown
ob_greenlight
ob_greenlight_glow
ob_observ_glass
ob_plant
ob_pltform_mroom_podium
ob_redlight
ob_redlight_glow
ob_stairs_lrg
ob_stairs_sml
obbasemesh
ods_sign
op_shuttle_light
opbaselight
opbasemesh
orb_column
orb_hangar_glass
orb_hangar_shudders
orb_hanger_term
orb_implantwall
orb_light
orb_locker
orb_mech_spacer
orb_meet_grates
orb_mroom_sign
orb_mroom_sign1
orb_mroom_sign2
orb_mroom_sign3
orb_mroom_sign4
orb_mroom_sign5
orb_mroom_sign6
orb_mroom_sign7
orb_mroom_sign8
orb_observ_glass
orb_plat_banner
orb_platform_airlock
orb_platform_doorplug
orb_respawn_tube
orb_shuttle_sign
orb_shuttle_sign1
orb_shuttle_sign2
orb_shuttle_sign3
orb_shuttle_sign4
orb_shuttle_sign5
orb_shuttle_sign6
orb_shuttle_sign7
orb_shuttle_sign8
orb_space
orb_spawn_sign2
orb_spawn_sign3
orb_spawn_sign6
orb_spawn_sign7
orb_wait_airlock
orbital_building
orbital_building_nc
orbital_building_tr
orbital_building_vs
orbital_platform_mechanism
orbital_platform_spawntube
orbital_shuttle
orbital_station
order_terminal
oshh1_glass
oshh2_glass
Oshur_soldierA
Oshur_soldierB
Oshur_soldierC
Oshur_soldierD
painbox
painbox_radius
redoubt
redoubt_floor
rock_formationa
rock_formationb
rock_formationc
rock_formationd
rock_formatione
rock_formationf
rock_formationg
rock_formationm
rock_formationn
rock_formationo
rock_formationp
rock_formationq
rock_formationr
rock_formations
rockform_a
rockform_b
rockform_c
rockform_d
rockform_e
rockform_f
rockform_g
rockform_h
rockform_i
rockform_k
rockform_l
rockform_m
rockform_n
rockform_o
rockform_p
rockform_q
rockform_r
rockform_s
rockformation_h
rockformationh
rockformationi
rockformationj
rockformationk
rockformationl
sign_locker
sign_lockerarrow
sign_lockerarrow_rev
skydome1
skydome10
skydome11
skydome12
skydome13
skydome14
skydome15
skydome16
skydome17
skydome18
skydome2
skydome20
skydome3
skydome4
skydome5
skydome6
skydome7
skydome8
skydome9
soldier_cave_in
spawn_pad
spawn_zone
stair_sign_five
stair_sign_four
stair_sign_one
stair_sign_three
stair_sign_two
stairs_gate
stairs_mb
stairs_mb_side_ent
stairs_standard
stairs_t1d
stairs_wall
stationaryteleportpad
swamptreea
swamptreeb
swamptreec
swamptreed
teapot_test
tech_plant
test_cloud
test_level
test_scene
test_sphere
tower_a
tower_b
tower_c
tunnel_dead_end
tunnelsuspensionbeam
vanu_air_vehicle_term
vanu_block_ramp
vanu_block_ramp_narrow
vanu_block_ramp_simple
vanu_block_ramp_soldier
vanu_carport
vanu_carport_cave
vanu_center_beam
vanu_cluster_2way
vanu_cluster_aframe
vanu_cluster_palm
vanu_cluster_pinwheel
vanu_cluster_small
vanu_control_console
vanu_control_flywheels
vanu_control_point
vanu_core
vanu_core_fins
vanu_equipment_term
vanu_int_barrier
vanu_int_barrier_long
vanu_int_tall_barrier
vanu_sentry_turret
vanu_sentry_turret_weapon
vanu_spawn_room_mechanism
vanu_spawn_room_pad
vanu_tanktrap_heavy
vanu_tanktrap_light
vanu_tower_heavy
vanu_tower_light
vanu_vehicle_creation_pad
vanu_vehicle_station
vanu_vehicle_term
vanu_wall
vanu_wall_ramp
vanu_wall_vehicle
volcanicclutter_a
volcanicclutter_b
volcanicclutter_c
volcanicclutter_d
volcanicclutter_e
volcanicclutter_f
volcanicclutter_g
volcanicclutter_h
volcanicclutter_i
volcanicclutter_j
volcanicclutter_k
volcanicclutter_l
volcanicclutter_m
volcanicclutter_n
volcanicclutter_o
volcanicclutter_p
volcanicrocka
volcanicrockb
volcanicrockc
volcanicrockd
volcanicrocke
volcanicrockf
volcanicrockg
volcanicrockh
volcanicshrub_a
volcanicshrub_b
volcanicshrub_c
volcanictreea
volcanictreeb
volcanictreec
volcanictreed
volcanictreeg
vr_training
vrrocka
vrrockb
vrrockc
vrskydome
vrskydomea
vrskydomeb
vrtb_sign
vrtreea
vrtreeb
vrtreec
vt_air_vehicle
vt_building_nc
vt_building_tr
vt_building_vs
vt_dropship
vt_holo
vt_holodome
vt_order
vt_spawn
vt_stairs
vt_stairs2
vt_vehicle
wall_light
warp_hologram
warpgate_cavern
warpgate_small
warpgate_temp
waterplanta
waterplantb
waterplantc
waterplantd
waterplante
waterplantf
waterplantg
waterplanth
zipline

threemansus
dome3
lasher01
dome2
gr_door_med
spawn_tube_door
secondary_capture
pad_landing_tower_frame
pad_landing_frame
pad_landing
pad_creation
locker_med
locker_cryo
lock_garage
implant_terminal
generator
g_barricades
dropship_vehicle_terminal
dropship_pad_doors
door_interior
door_dsp
dome
cs_comm_dish
cryo_tubes
gr_door_ext_facade
bunker_tunnel
bunker_gauntlet
bed
amp_cap_door
air_vehicle_terminal
adv_med_terminal
warpgate
vehicle_terminal
respawn_tube
spawn_terminal
medical_terminal
main_terminal
lock_small
lock_external
cert_terminal
resource_silo
capture_terminal
repair_silo_veh
gr_door_garage_facade
gr_door_mb_ext_facade
gr_door_main_facade
repair_silo
helix
wall16_straight
galaxy_trans
waiting_bench
frame_tunnels
frame_mb_side
frame_mb_garage_cstm
frame_mb_garage
frame_maindoor
frame_internal
frame_garage
frame_external
frame_dsp_rampdoor
pod1tech_bricabrac
pod4btech_barrels
pod4tech_crates
pod4tech_pallets
pod_comm_25
pod_comm_24
pod_comm_22
pod_comm_21
pod_comm_20
pod_comm_19
pod_comm_18
pod_comm_17
pod_comm_16
pod_comm_14
pod_comm_13
pod_comm_12
pod_comm_11
pod_comm_10
pod_comm_09
pod_comm_08
pod_comm_07
pod_comm_06
pod_comm_05
pod_comm_04
pod_comm_03
pod_comm_02
pod_comm_015
pod_comm_01
mc_stairs
pod7amp_crates
pod6amp_crates2
pod5amp_crates
pod4amp_crates
pod3amp_crates2
pod3amp_crates
pod2amp_barrels2
pod2amp_barrels
pod1amp_barrels2
barrels_l
barrels3group
