phys_tri_info force_dome_cryo
#############################################################################
phys_tri_num_tris 130
phys_tri_vert_info   72.801430   40.009632   -5.546844   48.670242   64.024590   -5.515741   48.573559   63.895287    4.383420
phys_tri_vert_info   48.573559   63.895287    4.383420   72.578140   39.890682    4.383425   72.801430   40.009632   -5.546844
phys_tri_vert_info   24.617569   88.077255   -5.515742   24.568953   87.899857    4.383420   48.573559   63.895287    4.383420
phys_tri_vert_info   48.573559   63.895287    4.383420   48.670242   64.024590   -5.515741   24.617569   88.077255   -5.515742
phys_tri_vert_info   23.236458   86.303635   14.190856   46.677036   62.873066   14.190856   48.573559   63.895287    4.383420
phys_tri_vert_info   48.573559   63.895287    4.383420   24.568953   87.899857    4.383420   23.236458   86.303635   14.190856
phys_tri_vert_info   70.192589   39.479141   14.175139   72.578140   39.890682    4.383425   48.573559   63.895287    4.383420
phys_tri_vert_info   48.573559   63.895287    4.383420   46.677036   62.873066   14.190856   70.192589   39.479141   14.175139
phys_tri_vert_info   24.617569   88.077255   -5.515742  -29.854321   88.162231   -5.546849  -29.771847   87.899857    4.383420
phys_tri_vert_info  -29.771847   87.899857    4.383420   24.568953   87.899857    4.383420   24.617569   88.077255   -5.515742
phys_tri_vert_info  -74.197517   88.077255   -5.515742  -74.960518   87.899857    4.383420  -29.771847   87.899857    4.383420
phys_tri_vert_info  -29.771847   87.899857    4.383420  -29.854321   88.162231   -5.546849  -74.197517   88.077255   -5.515742
phys_tri_vert_info  -74.979919   86.303635   14.190856  -30.194582   86.303627   14.190856  -29.771847   87.899857    4.383420
phys_tri_vert_info  -29.771847   87.899857    4.383420  -74.960518   87.899857    4.383420  -74.979919   86.303635   14.190856
phys_tri_vert_info   23.236458   86.303635   14.190856   24.568953   87.899857    4.383420  -29.771847   87.899857    4.383420
phys_tri_vert_info  -29.771847   87.899857    4.383420  -30.194582   86.303627   14.190856   23.236458   86.303635   14.190856
phys_tri_vert_info  -21.256931    5.643644   59.178482  -28.416660   13.459289   57.822411  -28.299988    5.670944   57.822411
phys_tri_vert_info  -13.420993   -2.117402   57.822411  -13.420993    2.576791   57.809853  -21.256931    5.643644   59.178482
phys_tri_vert_info  -21.256931    5.643644   59.178482  -28.183315   -2.117401   57.822411  -20.802155   -2.117402   57.822411
phys_tri_vert_info  -13.420993    7.270986   57.797283  -15.152203   10.365137   57.798492  -21.256931    5.643644   59.178482
phys_tri_vert_info   70.192589   39.479141   14.175139   46.677036   62.873066   14.190856   38.219826   56.156208   27.441259
phys_tri_vert_info   38.219826   56.156208   27.441259   58.611111   35.804886   27.441259   70.192589   39.479141   14.175139
phys_tri_vert_info   23.236458   86.303635   14.190856   17.852942   76.580467   27.438314   38.219826   56.156208   27.441259
phys_tri_vert_info   38.219826   56.156208   27.441259   46.677036   62.873066   14.190856   23.236458   86.303635   14.190856
phys_tri_vert_info    9.301000   63.002789   37.327179   26.269203   45.712036   37.380795   38.219826   56.156208   27.441259
phys_tri_vert_info   38.219826   56.156208   27.441259   17.852942   76.580467   27.438314    9.301000   63.002789   37.327179
phys_tri_vert_info   44.038658   29.683237   37.327179   58.611111   35.804886   27.441259   38.219826   56.156208   27.441259
phys_tri_vert_info   38.219826   56.156208   27.441259   26.269203   45.712036   37.380795   44.038658   29.683237   37.327179
phys_tri_vert_info   23.236458   86.303635   14.190856  -30.194582   86.303627   14.190856  -29.813803   76.580467   27.438314
phys_tri_vert_info  -29.813803   76.580467   27.438314   17.852942   76.580467   27.438314   23.236458   86.303635   14.190856
phys_tri_vert_info  -74.979919   86.303635   14.190856  -73.246658   76.507538   27.441257  -29.813803   76.580467   27.438314
phys_tri_vert_info  -29.813803   76.580467   27.438314  -30.194582   86.303627   14.190856  -74.979919   86.303635   14.190856
phys_tri_vert_info  -66.753639   63.255486   37.327179  -28.358467   62.969410   37.380795  -29.813803   76.580467   27.438314
phys_tri_vert_info  -29.813803   76.580467   27.438314  -73.246658   76.507538   27.441257  -66.753639   63.255486   37.327179
phys_tri_vert_info    9.301000   63.002789   37.327179   17.852942   76.580467   27.438314  -29.813803   76.580467   27.438314
phys_tri_vert_info  -29.813803   76.580467   27.438314  -28.358467   62.969410   37.380795    9.301000   63.002789   37.327179
phys_tri_vert_info   39.150146  -76.386169   37.318539    9.561906  -33.493557   49.077942  -16.719486  -41.322559   49.077942
phys_tri_vert_info  -16.719486  -41.322559   49.077942  -12.463413  -76.603409   37.372097   39.150146  -76.386169   37.318539
phys_tri_vert_info  -67.711884  -76.723274   37.318539  -12.463413  -76.603409   37.372097  -16.719486  -41.322559   49.077942
phys_tri_vert_info  -16.719486  -41.322559   49.077942  -43.000866  -31.299528   49.077942  -67.711884  -76.723274   37.318539
phys_tri_vert_info   44.038658   29.683237   37.327179   16.081272   15.749993   49.052994   18.322399  -10.006552   49.077942
phys_tri_vert_info   18.322399  -10.006552   49.077942   42.158878  -21.559998   37.380795   44.038658   29.683237   37.327179
phys_tri_vert_info   39.150146  -76.386169   37.318539   42.158878  -21.559998   37.380795   18.322399  -10.006552   49.077942
phys_tri_vert_info   18.322399  -10.006552   49.077942    9.561906  -33.493557   49.077942   39.150146  -76.386169   37.318539
phys_tri_vert_info    9.301000   63.002789   37.327179   -4.386216   36.743179   49.052994    9.357802   30.387623   48.978149
phys_tri_vert_info    9.357802   30.387623   48.978149   26.269203   45.712036   37.380795    9.301000   63.002789   37.327179
phys_tri_vert_info   44.038658   29.683237   37.327179   26.269203   45.712036   37.380795    9.357802   30.387623   48.978149
phys_tri_vert_info    9.357802   30.387623   48.978149   16.081272   15.749993   49.052994   44.038658   29.683237   37.327179
phys_tri_vert_info  -66.753639   63.255486   37.327179  -45.342262   28.838673   49.077942  -26.085064   38.861702   49.077942
phys_tri_vert_info  -26.085064   38.861702   49.077942  -28.358467   62.969410   37.380795  -66.753639   63.255486   37.327179
phys_tri_vert_info    9.301000   63.002789   37.327179  -28.358467   62.969410   37.380795  -26.085064   38.861702   49.077942
phys_tri_vert_info  -26.085064   38.861702   49.077942   -4.386216   36.743179   49.052994    9.301000   63.002789   37.327179
phys_tri_vert_info  -67.711884  -76.723274   37.318539  -43.000866  -31.299528   49.077942  -51.761326   -1.230427   49.077942
phys_tri_vert_info  -51.761326   -1.230427   49.077942  -67.563309   -5.834357   37.372097  -67.711884  -76.723274   37.318539
phys_tri_vert_info  -66.753639   63.255486   37.327179  -67.563309   -5.834357   37.372097  -51.761326   -1.230427   49.077942
phys_tri_vert_info  -51.761326   -1.230427   49.077942  -45.342262   28.838673   49.077942  -66.753639   63.255486   37.327179
phys_tri_vert_info  -16.719486  -41.322559   49.077942  -20.802155   -2.117402   57.822411  -28.183315   -2.117401   57.822411
phys_tri_vert_info  -13.420993   -2.117402   57.822411  -16.719486  -41.322559   49.077942    9.561906  -33.493557   49.077942
phys_tri_vert_info  -16.719486  -41.322559   49.077942  -28.183315   -2.117401   57.822411  -43.000866  -31.299528   49.077942
phys_tri_vert_info  -13.420993   -2.117402   57.822411   18.322399  -10.006552   49.077942  -13.420993    2.576791   57.809853
phys_tri_vert_info   18.322399  -10.006552   49.077942  -13.420993   -2.117402   57.822411    9.561906  -33.493557   49.077942
phys_tri_vert_info  -16.883415   13.459290   57.799698    9.357802   30.387623   48.978149   -4.386216   36.743179   49.052994
phys_tri_vert_info   16.081272   15.749993   49.052994    9.357802   30.387623   48.978149  -13.420993    7.270986   57.797283
phys_tri_vert_info  -28.416660   13.459289   57.822411  -26.085064   38.861702   49.077942  -45.342262   28.838673   49.077942
phys_tri_vert_info  -13.420993    7.270986   57.797283    9.357802   30.387623   48.978149  -15.152203   10.365137   57.798492
phys_tri_vert_info  -26.085064   38.861702   49.077942  -16.883415   13.459290   57.799698   -4.386216   36.743179   49.052994
phys_tri_vert_info  -51.761326   -1.230427   49.077942  -28.299988    5.670944   57.822411  -28.416660   13.459289   57.822411
phys_tri_vert_info  -28.183315   -2.117401   57.822411  -51.761326   -1.230427   49.077942  -43.000866  -31.299528   49.077942
phys_tri_vert_info  -51.761326   -1.230427   49.077942  -28.416660   13.459289   57.822411  -45.342262   28.838673   49.077942
phys_tri_vert_info   72.722946 -103.516068   -5.515735   72.722946  -34.886932   -5.515732   72.578140  -34.818546    4.383420
phys_tri_vert_info   72.578140  -34.818546    4.383420   72.578140 -103.371666    4.383420   72.722946 -103.516068   -5.515735
phys_tri_vert_info   72.801430   40.009632   -5.546844   72.578140   39.890682    4.383425   72.578140  -34.818546    4.383420
phys_tri_vert_info   72.578140  -34.818546    4.383420   72.722946  -34.886932   -5.515732   72.801430   40.009632   -5.546844
phys_tri_vert_info   70.192589   39.479141   14.175139   70.192589  -33.873852   14.175136   72.578140  -34.818546    4.383420
phys_tri_vert_info   72.578140  -34.818546    4.383420   72.578140   39.890682    4.383425   70.192589   39.479141   14.175139
phys_tri_vert_info   70.117699 -101.778191   14.190868   72.578140 -103.371666    4.383420   72.578140  -34.818546    4.383420
phys_tri_vert_info   72.578140  -34.818546    4.383420   70.192589  -33.873852   14.175136   70.117699 -101.778191   14.190868
phys_tri_vert_info   70.117699 -101.778191   14.190868   70.192589  -33.873852   14.175136   58.611092  -28.963758   27.441254
phys_tri_vert_info   58.611092  -28.963758   27.441254   58.611076  -92.910530   27.441254   70.117699 -101.778191   14.190868
phys_tri_vert_info   70.192589   39.479141   14.175139   58.611111   35.804886   27.441259   58.611092  -28.963758   27.441254
phys_tri_vert_info   58.611092  -28.963758   27.441254   70.192589  -33.873852   14.175136   70.192589   39.479141   14.175139
phys_tri_vert_info   44.038658   29.683237   37.327179   42.158878  -21.559998   37.380795   58.611092  -28.963758   27.441254
phys_tri_vert_info   58.611092  -28.963758   27.441254   58.611111   35.804886   27.441259   44.038658   29.683237   37.327179
phys_tri_vert_info   39.150146  -76.386169   37.318539   58.611076  -92.910530   27.441254   58.611092  -28.963758   27.441254
phys_tri_vert_info   58.611092  -28.963758   27.441254   42.158878  -21.559998   37.380795   39.150146  -76.386169   37.318539
phys_tri_vert_info  -74.197517   88.077255   -5.515742  -74.197517  -10.834252   -5.515744  -74.960518  -10.813941    4.383420
phys_tri_vert_info  -74.960518  -10.813941    4.383420  -74.960518   87.899857    4.383420  -74.197517   88.077255   -5.515742
phys_tri_vert_info  -74.197517 -103.516068   -5.515737  -74.960518 -103.371666    4.383420  -74.960518  -10.813941    4.383420
phys_tri_vert_info  -74.960518  -10.813941    4.383420  -74.197517  -10.834252   -5.515744  -74.197517 -103.516068   -5.515737
phys_tri_vert_info  -74.979919 -101.778191   14.190868  -74.979919  -10.409055   14.190872  -74.960518  -10.813941    4.383420
phys_tri_vert_info  -74.960518  -10.813941    4.383420  -74.960518 -103.371666    4.383420  -74.979919 -101.778191   14.190868
phys_tri_vert_info  -74.979919   86.303635   14.190856  -74.960518   87.899857    4.383420  -74.960518  -10.813941    4.383420
phys_tri_vert_info  -74.960518  -10.813941    4.383420  -74.979919  -10.409055   14.190872  -74.979919   86.303635   14.190856
phys_tri_vert_info  -74.979919   86.303635   14.190856  -74.979919  -10.409055   14.190872  -73.246658   -8.612429   27.441257
phys_tri_vert_info  -73.246658   -8.612429   27.441257  -73.246658   76.507538   27.441257  -74.979919   86.303635   14.190856
phys_tri_vert_info  -74.979919 -101.778191   14.190868  -73.246658  -92.910530   27.441250  -73.246658   -8.612429   27.441257
phys_tri_vert_info  -73.246658   -8.612429   27.441257  -74.979919  -10.409055   14.190872  -74.979919 -101.778191   14.190868
phys_tri_vert_info  -67.711884  -76.723274   37.318539  -67.563309   -5.834357   37.372097  -73.246658   -8.612429   27.441257
phys_tri_vert_info  -73.246658   -8.612429   27.441257  -73.246658  -92.910530   27.441250  -67.711884  -76.723274   37.318539
phys_tri_vert_info  -66.753639   63.255486   37.327179  -73.246658   76.507538   27.441257  -73.246658   -8.612429   27.441257
phys_tri_vert_info  -73.246658   -8.612429   27.441257  -67.563309   -5.834357   37.372097  -66.753639   63.255486   37.327179
phys_tri_vert_info  -74.197517 -103.516068   -5.515737   -5.779395 -103.516068   -5.515735   -5.767241 -103.371666    4.383420
phys_tri_vert_info   -5.767241 -103.371666    4.383420  -74.960518 -103.371666    4.383420  -74.197517 -103.516068   -5.515737
phys_tri_vert_info   72.722946 -103.516068   -5.515735   72.578140 -103.371666    4.383420   -5.767241 -103.371666    4.383420
phys_tri_vert_info   -5.767241 -103.371666    4.383420   -5.779395 -103.516068   -5.515735   72.722946 -103.516068   -5.515735
phys_tri_vert_info   70.117699 -101.778191   14.190868   -6.753984 -101.778191   14.190868   -5.767241 -103.371666    4.383420
phys_tri_vert_info   -5.767241 -103.371666    4.383420   72.578140 -103.371666    4.383420   70.117699 -101.778191   14.190868
phys_tri_vert_info  -74.979919 -101.778191   14.190868  -74.960518 -103.371666    4.383420   -5.767241 -103.371666    4.383420
phys_tri_vert_info   -5.767241 -103.371666    4.383420   -6.753984 -101.778191   14.190868  -74.979919 -101.778191   14.190868
phys_tri_vert_info  -74.979919 -101.778191   14.190868   -6.753984 -101.778191   14.190868   -9.400592  -92.910530   27.441254
phys_tri_vert_info   -9.400592  -92.910530   27.441254  -73.246658  -92.910530   27.441250  -74.979919 -101.778191   14.190868
phys_tri_vert_info   70.117699 -101.778191   14.190868   58.611076  -92.910530   27.441254   -9.400592  -92.910530   27.441254
phys_tri_vert_info   -9.400592  -92.910530   27.441254   -6.753984 -101.778191   14.190868   70.117699 -101.778191   14.190868
phys_tri_vert_info   39.150146  -76.386169   37.318539  -12.463413  -76.603409   37.372097   -9.400592  -92.910530   27.441254
phys_tri_vert_info   -9.400592  -92.910530   27.441254   58.611076  -92.910530   27.441254   39.150146  -76.386169   37.318539
phys_tri_vert_info  -67.711884  -76.723274   37.318539  -73.246658  -92.910530   27.441250   -9.400592  -92.910530   27.441254
phys_tri_vert_info   -9.400592  -92.910530   27.441254  -12.463413  -76.603409   37.372097  -67.711884  -76.723274   37.318539
phys_tri_vert_info  -22.650038   13.459289   57.811050  -26.085064   38.861702   49.077942  -28.416660   13.459289   57.822411
phys_tri_vert_info  -22.650038   13.459289   57.811050  -28.416660   13.459289   57.822411  -21.256931    5.643644   59.178482
phys_tri_vert_info  -13.420993    7.270986   57.797283   18.322399  -10.006552   49.077942   16.081272   15.749993   49.052994
phys_tri_vert_info  -16.883415   13.459290   57.799698  -22.650038   13.459289   57.811050  -21.256931    5.643644   59.178482
phys_tri_vert_info  -16.883415   13.459290   57.799698  -26.085064   38.861702   49.077942  -22.650038   13.459289   57.811050
phys_tri_vert_info  -51.761326   -1.230427   49.077942  -28.183315   -2.117401   57.822411  -28.299988    5.670944   57.822411
phys_tri_vert_info  -21.256931    5.643644   59.178482  -28.299988    5.670944   57.822411  -28.183315   -2.117401   57.822411
phys_tri_vert_info  -16.719486  -41.322559   49.077942  -13.420993   -2.117402   57.822411  -20.802155   -2.117402   57.822411
phys_tri_vert_info  -21.256931    5.643644   59.178482  -20.802155   -2.117402   57.822411  -13.420993   -2.117402   57.822411
phys_tri_vert_info  -13.420993    2.576791   57.809853   18.322399  -10.006552   49.077942  -13.420993    7.270986   57.797283
phys_tri_vert_info  -13.420993    2.576791   57.809853  -13.420993    7.270986   57.797283  -21.256931    5.643644   59.178482
phys_tri_vert_info  -15.152203   10.365137   57.798492    9.357802   30.387623   48.978149  -16.883415   13.459290   57.799698
phys_tri_vert_info  -15.152203   10.365137   57.798492  -16.883415   13.459290   57.799698  -21.256931    5.643644   59.178482
phys_tri_end

phys_tri_info force_dome_dsp
#############################################################################
phys_tri_num_tris 126
phys_tri_vert_info  -83.101234  114.506485   -5.610703  -83.031563   -5.913372   -5.610701  -83.031563   -5.913372    5.614078
phys_tri_vert_info  -83.031563   -5.913372    5.614078  -83.101234  114.506485    5.614076  -83.101234  114.506485   -5.610703
phys_tri_vert_info  -83.031563  -93.189209   -5.610699  -83.031563  -93.189209    5.614080  -83.031563   -5.913372    5.614078
phys_tri_vert_info  -83.031563   -5.913372    5.614078  -83.031563   -5.913372   -5.610701  -83.031563  -93.189209   -5.610699
phys_tri_vert_info  -78.621681  -88.613525   19.110985  -78.621681   -3.605404   19.110983  -83.031563   -5.913372    5.614078
phys_tri_vert_info  -83.031563   -5.913372    5.614078  -83.031563  -93.189209    5.614080  -78.621681  -88.613525   19.110985
phys_tri_vert_info  -79.988640  113.015396   19.110983  -83.101234  114.506485    5.614076  -83.031563   -5.913372    5.614078
phys_tri_vert_info  -83.031563   -5.913372    5.614078  -78.621681   -3.605404   19.110983  -79.988640  113.015396   19.110983
phys_tri_vert_info  -83.031563  -93.189209   -5.610699  -24.188887  -93.189209   -5.610699  -24.188887  -93.189209    5.614080
phys_tri_vert_info  -24.188887  -93.189209    5.614080  -83.031563  -93.189209    5.614080  -83.031563  -93.189209   -5.610699
phys_tri_vert_info   34.926933  -93.189209   -5.610699   34.926933  -93.189209    5.614080  -24.188887  -93.189209    5.614080
phys_tri_vert_info  -24.188887  -93.189209    5.614080  -24.188887  -93.189209   -5.610699   34.926933  -93.189209   -5.610699
phys_tri_vert_info   34.362167  -88.613525   19.110985  -21.856611  -88.613525   19.110985  -24.188887  -93.189209    5.614080
phys_tri_vert_info  -24.188887  -93.189209    5.614080   34.926933  -93.189209    5.614080   34.362167  -88.613525   19.110985
phys_tri_vert_info  -78.621681  -88.613525   19.110985  -83.031563  -93.189209    5.614080  -24.188887  -93.189209    5.614080
phys_tri_vert_info  -24.188887  -93.189209    5.614080  -21.856611  -88.613525   19.110985  -78.621681  -88.613525   19.110985
phys_tri_vert_info   34.926933  -93.189209   -5.610699   83.020630  -44.668430   -5.610702   83.020630  -44.668430    5.614079
phys_tri_vert_info   83.020630  -44.668430    5.614079   34.926933  -93.189209    5.614080   34.926933  -93.189209   -5.610699
phys_tri_vert_info  130.227768    3.425262   -5.610703  130.227768    3.425262    5.614077   83.020630  -44.668430    5.614079
phys_tri_vert_info   83.020630  -44.668430    5.614079   83.020630  -44.668430   -5.610702  130.227768    3.425262   -5.610703
phys_tri_vert_info  127.680779    5.158279   19.110981   80.014290  -40.493839   19.110983   83.020630  -44.668430    5.614079
phys_tri_vert_info   83.020630  -44.668430    5.614079  130.227768    3.425262    5.614077  127.680779    5.158279   19.110981
phys_tri_vert_info   34.362167  -88.613525   19.110985   34.926933  -93.189209    5.614080   83.020630  -44.668430    5.614079
phys_tri_vert_info   83.020630  -44.668430    5.614079   80.014290  -40.493839   19.110983   34.362167  -88.613525   19.110985
phys_tri_vert_info  130.227768    3.425262   -5.610703  130.227768   96.108017   -5.610704  130.227768   96.108017    5.614076
phys_tri_vert_info  130.227768   96.108017    5.614076  130.227768    3.425262    5.614077  130.227768    3.425262   -5.610703
phys_tri_vert_info  130.227768  188.059357   -5.610707  130.227768  188.059357    5.614073  130.227768   96.108017    5.614076
phys_tri_vert_info  130.227768   96.108017    5.614076  130.227768   96.108017   -5.610704  130.227768  188.059357   -5.610707
phys_tri_vert_info  128.104416  183.061478   20.962889  127.892586   92.558868   18.815861  130.227768   96.108017    5.614076
phys_tri_vert_info  130.227768   96.108017    5.614076  130.227768  188.059357    5.614073  128.104416  183.061478   20.962889
phys_tri_vert_info  127.680779    5.158279   19.110981  130.227768    3.425262    5.614077  130.227768   96.108017    5.614076
phys_tri_vert_info  130.227768   96.108017    5.614076  127.892586   92.558868   18.815861  127.680779    5.158279   19.110981
phys_tri_vert_info  130.227768  188.059357   -5.610707   68.420334  188.059433   -5.610706   68.420334  188.059433    5.614073
phys_tri_vert_info   68.420334  188.059433    5.614073  130.227768  188.059357    5.614073  130.227768  188.059357   -5.610707
phys_tri_vert_info  -12.033812  188.122955   -5.610707  -12.033812  188.122955    5.614073   68.420334  188.059433    5.614073
phys_tri_vert_info   68.420334  188.059433    5.614073   68.420334  188.059433   -5.610706  -12.033812  188.122955   -5.610707
phys_tri_vert_info  -12.070539  184.214172   20.882191   66.130432  183.530365   21.258011   68.420334  188.059433    5.614073
phys_tri_vert_info   68.420334  188.059433    5.614073  -12.033812  188.122955    5.614073  -12.070539  184.214172   20.882191
phys_tri_vert_info  128.104416  183.061478   20.962889  130.227768  188.059357    5.614073   68.420334  188.059433    5.614073
phys_tri_vert_info   68.420334  188.059433    5.614073   66.130432  183.530365   21.258011  128.104416  183.061478   20.962889
phys_tri_vert_info   -2.044996   34.087990   49.213982   -4.248230   22.550386   49.597092   12.804420   24.958588   51.252747
phys_tri_vert_info   12.804420   24.958588   51.252747    8.809599   40.892944   49.588932   -2.044996   34.087990   49.213982
phys_tri_vert_info   -0.001656    9.765549   49.215378   16.555088    9.005505   49.448208   12.804420   24.958588   51.252747
phys_tri_vert_info   12.804420   24.958588   51.252747   -4.248230   22.550386   49.597092   -0.001656    9.765549   49.215378
phys_tri_vert_info   17.116892   40.304008   49.576538    8.809599   40.892944   49.588932   12.804420   24.958588   51.252747
phys_tri_vert_info   12.804420   24.958588   51.252747   27.230619   24.692053   49.818031   24.442442   35.945213   49.689503
phys_tri_vert_info  -79.988640  113.015396   19.110983  -78.621681   -3.605404   19.110983  -70.412170   -0.836418   33.078384
phys_tri_vert_info  -70.412170   -0.836418   33.078384  -73.926277  101.715851   33.078384  -79.988640  113.015396   19.110983
phys_tri_vert_info  -78.621681  -88.613525   19.110985  -70.412170  -77.187668   33.078384  -70.412170   -0.836418   33.078384
phys_tri_vert_info  -70.412170   -0.836418   33.078384  -78.621681   -3.605404   19.110983  -78.621681  -88.613525   19.110985
phys_tri_vert_info  -17.913862  -10.662029   44.859451  -19.609213   19.411501   46.102116  -70.412170   -0.836418   33.078384
phys_tri_vert_info  -70.412170   -0.836418   33.078384  -70.412170  -77.187668   33.078384  -17.913862  -10.662029   44.859451
phys_tri_vert_info  -20.518263   49.805828   44.838699  -73.926277  101.715851   33.078384  -70.412170   -0.836418   33.078384
phys_tri_vert_info  -70.412170   -0.836418   33.078384  -19.609213   19.411501   46.102116  -20.518263   49.805828   44.838699
phys_tri_vert_info  -78.621681  -88.613525   19.110985  -21.856611  -88.613525   19.110985  -18.286200  -77.187668   33.078384
phys_tri_vert_info  -18.286200  -77.187668   33.078384  -70.412170  -77.187668   33.078384  -78.621681  -88.613525   19.110985
phys_tri_vert_info   34.362167  -88.613525   19.110985   33.839775  -77.187668   33.078384  -18.286200  -77.187668   33.078384
phys_tri_vert_info  -18.286200  -77.187668   33.078384  -21.856611  -88.613525   19.110985   34.362167  -88.613525   19.110985
phys_tri_vert_info   23.585518  -16.054531   44.549015    3.469748  -13.430183   46.102116  -18.286200  -77.187668   33.078384
phys_tri_vert_info  -18.286200  -77.187668   33.078384   33.839775  -77.187668   33.078384   23.585518  -16.054531   44.549015
phys_tri_vert_info  -17.913862  -10.662029   44.859451  -70.412170  -77.187668   33.078384  -18.286200  -77.187668   33.078384
phys_tri_vert_info  -18.286200  -77.187668   33.078384    3.469748  -13.430183   46.102116  -17.913862  -10.662029   44.859451
phys_tri_vert_info   34.362167  -88.613525   19.110985   80.014290  -40.493839   19.110983   75.875336  -35.152119   33.078384
phys_tri_vert_info   75.875336  -35.152119   33.078384   33.839775  -77.187668   33.078384   34.362167  -88.613525   19.110985
phys_tri_vert_info  127.680779    5.158279   19.110981  117.910889    6.883430   33.078384   75.875336  -35.152119   33.078384
phys_tri_vert_info   75.875336  -35.152119   33.078384   80.014290  -40.493839   19.110983  127.680779    5.158279   19.110981
phys_tri_vert_info   61.723610   22.318739   44.380447   46.980034    1.086933   44.722404   75.875336  -35.152119   33.078384
phys_tri_vert_info   75.875336  -35.152119   33.078384  117.910889    6.883430   33.078384   61.723610   22.318739   44.380447
phys_tri_vert_info   23.585518  -16.054531   44.549015   33.839775  -77.187668   33.078384   75.875336  -35.152119   33.078384
phys_tri_vert_info   75.875336  -35.152119   33.078384   46.980034    1.086933   44.722404   23.585518  -16.054531   44.549015
phys_tri_vert_info  127.680779    5.158279   19.110981  127.892586   92.558868   18.815861  119.898468   85.360367   32.087776
phys_tri_vert_info  119.898468   85.360367   32.087776  117.910889    6.883430   33.078384  127.680779    5.158279   19.110981
phys_tri_vert_info  128.104416  183.061478   20.962889  116.708717  165.189392   31.097162  119.898468   85.360367   32.087776
phys_tri_vert_info  119.898468   85.360367   32.087776  127.892586   92.558868   18.815861  128.104416  183.061478   20.962889
phys_tri_vert_info   64.156265   85.742615   42.923546   62.490982   52.800438   45.138878  119.898468   85.360367   32.087776
phys_tri_vert_info  119.898468   85.360367   32.087776  116.708717  165.189392   31.097162   64.156265   85.742615   42.923546
phys_tri_vert_info   61.723610   22.318739   44.380447  117.910889    6.883430   33.078384  119.898468   85.360367   32.087776
phys_tri_vert_info  119.898468   85.360367   32.087776   62.490982   52.800438   45.138878   61.723610   22.318739   44.380447
phys_tri_vert_info  128.104416  183.061478   20.962889   66.130432  183.530365   21.258011   63.005493  166.810852   32.087776
phys_tri_vert_info   63.005493  166.810852   32.087776  116.708717  165.189392   31.097162  128.104416  183.061478   20.962889
phys_tri_vert_info  -12.070539  184.214172   20.882191   -6.936018  162.700439   32.830734   63.005493  166.810852   32.087776
phys_tri_vert_info   63.005493  166.810852   32.087776   66.130432  183.530365   21.258011  -12.070539  184.214172   20.882191
phys_tri_vert_info   13.682693   89.816246   45.454880   47.038918   95.561325   43.598621   63.005493  166.810852   32.087776
phys_tri_vert_info   63.005493  166.810852   32.087776   -6.936018  162.700439   32.830734   13.682693   89.816246   45.454880
phys_tri_vert_info   64.156265   85.742615   42.923546  116.708717  165.189392   31.097162   63.005493  166.810852   32.087776
phys_tri_vert_info   63.005493  166.810852   32.087776   47.038918   95.561325   43.598621   64.156265   85.742615   42.923546
phys_tri_vert_info   -2.044996   34.087990   49.213982    8.809599   40.892944   49.588932   -6.142008   72.384331   46.080124
phys_tri_vert_info   -6.142008   72.384331   46.080124  -20.518263   49.805828   44.838699   -2.044996   34.087990   49.213982
phys_tri_vert_info   13.682693   89.816246   45.454880    8.809599   40.892944   49.588932   17.116892   40.304008   49.576538
phys_tri_vert_info   -0.001656    9.765549   49.215378   -4.248230   22.550386   49.597092  -19.609213   19.411501   46.102116
phys_tri_vert_info  -19.609213   19.411501   46.102116  -17.913862  -10.662029   44.859451   -0.001656    9.765549   49.215378
phys_tri_vert_info   -2.044996   34.087990   49.213982  -20.518263   49.805828   44.838699  -19.609213   19.411501   46.102116
phys_tri_vert_info  -19.609213   19.411501   46.102116   -4.248230   22.550386   49.597092   -2.044996   34.087990   49.213982
phys_tri_vert_info   23.585518  -16.054531   44.549015   16.555088    9.005505   49.448208    3.469748  -13.430183   46.102116
phys_tri_vert_info   -0.001656    9.765549   49.215378  -17.913862  -10.662029   44.859451    3.469748  -13.430183   46.102116
phys_tri_vert_info    3.469748  -13.430183   46.102116   16.555088    9.005505   49.448208   -0.001656    9.765549   49.215378
phys_tri_vert_info   25.670692   15.854055   49.289024   23.585518  -16.054531   44.549015   46.980034    1.086933   44.722404
phys_tri_vert_info   46.980034    1.086933   44.722404   61.723610   22.318739   44.380447   25.670692   15.854055   49.289024
phys_tri_vert_info   64.156265   85.742615   42.923546   24.442442   35.945213   49.689503   62.490982   52.800438   45.138878
phys_tri_vert_info   27.230619   24.692053   49.818031   62.490982   52.800438   45.138878   24.442442   35.945213   49.689503
phys_tri_vert_info   27.230619   24.692053   49.818031   61.723610   22.318739   44.380447   62.490982   52.800438   45.138878
phys_tri_vert_info   17.116892   40.304008   49.576538   64.156265   85.742615   42.923546   47.038918   95.561325   43.598621
phys_tri_vert_info   47.038918   95.561325   43.598621   13.682693   89.816246   45.454880   17.116892   40.304008   49.576538
phys_tri_vert_info  -12.033812  188.122955   -5.610707  -51.277481  154.108719   -5.610704  -51.277481  154.108719    5.614074
phys_tri_vert_info  -51.277481  154.108719    5.614074  -12.033812  188.122955    5.614073  -12.033812  188.122955   -5.610707
phys_tri_vert_info  -83.101234  114.506485   -5.610703  -83.101234  114.506485    5.614076  -51.277481  154.108719    5.614074
phys_tri_vert_info  -51.277481  154.108719    5.614074  -51.277481  154.108719   -5.610704  -83.101234  114.506485   -5.610703
phys_tri_vert_info  -79.988640  113.015396   19.110983  -49.445412  150.576752   19.110979  -51.277481  154.108719    5.614074
phys_tri_vert_info  -51.277481  154.108719    5.614074  -83.101234  114.506485    5.614076  -79.988640  113.015396   19.110983
phys_tri_vert_info  -12.070539  184.214172   20.882191  -12.033812  188.122955    5.614073  -51.277481  154.108719    5.614074
phys_tri_vert_info  -51.277481  154.108719    5.614074  -49.445412  150.576752   19.110979  -12.070539  184.214172   20.882191
phys_tri_vert_info  -12.070539  184.214172   20.882191  -49.445412  150.576752   19.110979  -40.601616  134.052567   33.078384
phys_tri_vert_info  -40.601616  134.052567   33.078384   -6.936018  162.700439   32.830734  -12.070539  184.214172   20.882191
phys_tri_vert_info  -79.988640  113.015396   19.110983  -73.926277  101.715851   33.078384  -40.601616  134.052567   33.078384
phys_tri_vert_info  -40.601616  134.052567   33.078384  -49.445412  150.576752   19.110979  -79.988640  113.015396   19.110983
phys_tri_vert_info  -20.518263   49.805828   44.838699   -6.142008   72.384331   46.080124  -40.601616  134.052567   33.078384
phys_tri_vert_info  -40.601616  134.052567   33.078384  -73.926277  101.715851   33.078384  -20.518263   49.805828   44.838699
phys_tri_vert_info   13.682693   89.816246   45.454880   -6.936018  162.700439   32.830734  -40.601616  134.052567   33.078384
phys_tri_vert_info  -40.601616  134.052567   33.078384   -6.142008   72.384331   46.080124   13.682693   89.816246   45.454880
phys_tri_vert_info   61.723610   22.318739   44.380447   27.230619   24.692053   49.818031   25.670692   15.854055   49.289024
phys_tri_vert_info   25.670692   15.854055   49.289024   27.230619   24.692053   49.818031   12.804420   24.958588   51.252747
phys_tri_vert_info   16.555088    9.005505   49.448208   23.585518  -16.054531   44.549015   25.670692   15.854055   49.289024
phys_tri_vert_info   12.804420   24.958588   51.252747   16.555088    9.005505   49.448208   25.670692   15.854055   49.289024
phys_tri_vert_info   24.442442   35.945213   49.689503   64.156265   85.742615   42.923546   17.116892   40.304008   49.576538
phys_tri_vert_info   12.804420   24.958588   51.252747   24.442442   35.945213   49.689503   17.116892   40.304008   49.576538
phys_tri_vert_info   13.682693   89.816246   45.454880   -6.142008   72.384331   46.080124    8.809599   40.892944   49.588932
phys_tri_end

phys_tri_info force_dome_tech
#############################################################################
phys_tri_num_tris 150
phys_tri_vert_info  -92.073997  -96.145844   -7.678852  -82.804939 -105.414909   -7.678852  -82.804939 -105.414917    6.464686
phys_tri_vert_info  -92.073997  -96.145844   -7.678852  -82.804939 -105.414917    6.464686  -92.073997  -96.145851    6.464686
phys_tri_vert_info  -82.804939 -105.414909   -7.678852  -73.535889 -114.683975   -7.678852  -73.535889 -114.683983    6.464684
phys_tri_vert_info  -82.804939 -105.414909   -7.678852  -73.535889 -114.683983    6.464684  -82.804939 -105.414917    6.464686
phys_tri_vert_info  -73.535889 -114.683975   -7.678852    3.330395 -114.683975   -7.678852    3.330397 -114.683983    6.464684
phys_tri_vert_info  -73.535889 -114.683975   -7.678852    3.330397 -114.683983    6.464684  -73.535889 -114.683983    6.464684
phys_tri_vert_info    3.330395 -114.683975   -7.678852  102.037331 -114.683975   -7.678851  102.037331 -114.683983    6.464684
phys_tri_vert_info    3.330395 -114.683975   -7.678852  102.037331 -114.683983    6.464684    3.330397 -114.683983    6.464684
phys_tri_vert_info  102.037331 -114.683975   -7.678851  116.055161 -104.967392   -7.678851  116.055161 -104.967400    6.464684
phys_tri_vert_info  102.037331 -114.683975   -7.678851  116.055161 -104.967400    6.464684  102.037331 -114.683983    6.464684
phys_tri_vert_info  116.055161 -104.967392   -7.678851  130.073044  -95.250816   -7.678851  130.073044  -95.250824    6.464684
phys_tri_vert_info  116.055161 -104.967392   -7.678851  130.073044  -95.250824    6.464684  116.055161 -104.967400    6.464684
phys_tri_vert_info  130.073044  -95.250816   -7.678851  130.073044  -30.397736   -7.678855  130.073044  -30.397713    6.464684
phys_tri_vert_info  130.073044  -95.250816   -7.678851  130.073044  -30.397713    6.464684  130.073044  -95.250824    6.464684
phys_tri_vert_info  130.073044  -30.397736   -7.678855  130.073044   34.455391   -7.678855  130.073044   34.455391    6.464683
phys_tri_vert_info  130.073044  -30.397736   -7.678855  130.073044   34.455391    6.464683  130.073044  -30.397713    6.464684
phys_tri_vert_info  130.073044   34.455391   -7.678855  117.041260   43.488472   -7.678855  117.041260   43.488472    6.464683
phys_tri_vert_info  130.073044   34.455391   -7.678855  117.041260   43.488472    6.464683  130.073044   34.455391    6.464683
phys_tri_vert_info  117.041260   43.488472   -7.678855  104.009453   52.521545   -7.678855  104.009453   52.521545    6.464684
phys_tri_vert_info  117.041260   43.488472   -7.678855  104.009453   52.521545    6.464684  117.041260   43.488472    6.464683
phys_tri_vert_info  104.009453   52.521545   -7.678855   55.464939   53.639656   -7.678855   55.464939   53.639656    6.464682
phys_tri_vert_info  104.009453   52.521545   -7.678855   55.464939   53.639656    6.464682  104.009453   52.521545    6.464684
phys_tri_vert_info   55.464939   53.639656   -7.678855   16.424610   54.757767   -7.678856   16.424610   54.757767    6.464683
phys_tri_vert_info   55.464939   53.639656   -7.678855   16.424610   54.757767    6.464683   55.464939   53.639656    6.464682
phys_tri_vert_info   16.424610   54.757767   -7.678856   15.306501   80.863113   -7.678855   15.306501   80.863106    6.464682
phys_tri_vert_info   16.424610   54.757767   -7.678856   15.306501   80.863106    6.464682   16.424610   54.757767    6.464683
phys_tri_vert_info   15.306501   80.863113   -7.678855   14.188395  106.968460   -7.678853   14.188395  106.968452    6.464684
phys_tri_vert_info   15.306501   80.863113   -7.678855   14.188395  106.968452    6.464684   15.306501   80.863106    6.464682
phys_tri_vert_info   14.188395  106.968460   -7.678853  -38.942802  106.968460   -7.678853  -38.942802  106.968452    6.464684
phys_tri_vert_info   14.188395  106.968460   -7.678853  -38.942802  106.968452    6.464684   14.188395  106.968452    6.464684
phys_tri_vert_info  -38.942802  106.968460   -7.678853  -92.073997  106.968460   -7.678853  -92.073997  106.968452    6.464684
phys_tri_vert_info  -38.942802  106.968460   -7.678853  -92.073997  106.968452    6.464684  -38.942802  106.968452    6.464684
phys_tri_vert_info  -92.073997  106.968460   -7.678853  -92.073997    5.411308   -7.678855  -92.073997    5.411307    6.464684
phys_tri_vert_info  -92.073997  106.968460   -7.678853  -92.073997    5.411307    6.464684  -92.073997  106.968452    6.464684
phys_tri_vert_info  -92.073997    5.411308   -7.678855  -92.073997  -96.145844   -7.678852  -92.073997  -96.145851    6.464686
phys_tri_vert_info  -92.073997    5.411308   -7.678855  -92.073997  -96.145851    6.464686  -92.073997    5.411307    6.464684
phys_tri_vert_info   13.395227  -34.893600   61.674347   -2.694324  -30.518799   59.147385    0.920111  -41.665600   59.147385
phys_tri_vert_info   13.395227  -34.893600   61.674347   12.023869  -44.268188   59.147385   22.060631  -40.946243   59.147385
phys_tri_vert_info   24.058323  -33.568226   59.147385   13.395227  -34.893600   61.674347   22.060631  -40.946243   59.147385
phys_tri_vert_info   21.593153  -24.697582   58.985847   13.395227  -34.893600   61.674347   24.058323  -33.568226   59.147385
phys_tri_vert_info  -92.073997  -96.145851    6.464686  -82.804939 -105.414917    6.464686  -83.326057 -105.952339   18.745394
phys_tri_vert_info  -83.326057 -105.952339   18.745394  -91.231636  -98.046783   18.745398  -92.073997  -96.145851    6.464686
phys_tri_vert_info  -82.804939 -105.414917    6.464686  -73.535889 -114.683983    6.464684  -75.420479 -113.857925   18.745405
phys_tri_vert_info  -75.420479 -113.857925   18.745405  -83.326057 -105.952339   18.745394  -82.804939 -105.414917    6.464686
phys_tri_vert_info  -73.535889 -114.683983    6.464684    3.330397 -114.683983    6.464684    2.784359 -113.857925   18.745405
phys_tri_vert_info    2.784359 -113.857925   18.745405  -75.420479 -113.857925   18.745405  -73.535889 -114.683983    6.464684
phys_tri_vert_info    3.330397 -114.683983    6.464684  102.037331 -114.683983    6.464684  103.180634 -113.857925   18.745405
phys_tri_vert_info  103.180634 -113.857925   18.745405    2.784359 -113.857925   18.745405    3.330397 -114.683983    6.464684
phys_tri_vert_info  102.037331 -114.683983    6.464684  116.055161 -104.967400    6.464684  115.264503 -105.481934   18.745405
phys_tri_vert_info  115.264503 -105.481934   18.745405  103.180634 -113.857925   18.745405  102.037331 -114.683983    6.464684
phys_tri_vert_info  116.055161 -104.967400    6.464684  130.073044  -95.250824    6.464684  127.348450  -97.105873   18.745398
phys_tri_vert_info  127.348450  -97.105873   18.745398  115.264503 -105.481934   18.745405  116.055161 -104.967400    6.464684
phys_tri_vert_info  130.073044  -95.250824    6.464684  130.073044  -30.397713    6.464684  127.348450  -31.529722   18.745398
phys_tri_vert_info  127.348450  -31.529722   18.745398  127.348450  -97.105873   18.745398  130.073044  -95.250824    6.464684
phys_tri_vert_info  130.073044  -30.397713    6.464684  130.073044   34.455391    6.464683  127.348450   34.046410   18.745396
phys_tri_vert_info  127.348450   34.046410   18.745396  127.348450  -31.529722   18.745398  130.073044  -30.397713    6.464684
phys_tri_vert_info  130.073044   34.455391    6.464683  117.041260   43.488472    6.464683  116.301140   41.703926   18.745398
phys_tri_vert_info  116.301140   41.703926   18.745398  127.348450   34.046410   18.745396  130.073044   34.455391    6.464683
phys_tri_vert_info  117.041260   43.488472    6.464683  104.009453   52.521545    6.464684  105.126045   49.450020   18.745398
phys_tri_vert_info  105.126045   49.450020   18.745398  116.301140   41.703926   18.745398  117.041260   43.488472    6.464683
phys_tri_vert_info  104.009453   52.521545    6.464684   55.464939   53.639656    6.464682   57.741970   50.540512   18.745398
phys_tri_vert_info   57.741970   50.540512   18.745398  105.126045   49.450020   18.745398  104.009453   52.521545    6.464684
phys_tri_vert_info   55.464939   53.639656    6.464682   16.424610   54.757767    6.464683   16.620720   51.915264   18.745398
phys_tri_vert_info   16.620720   51.915264   18.745398   57.741970   50.540512   18.745398   55.464939   53.639656    6.464682
phys_tri_vert_info   16.424610   54.757767    6.464683   15.306501   80.863106    6.464682   11.704453   78.157600   18.745396
phys_tri_vert_info   11.704453   78.157600   18.745396   16.620720   51.915264   18.745398   16.424610   54.757767    6.464683
phys_tri_vert_info   15.306501   80.863106    6.464682   14.188395  106.968452    6.464684    8.185051  106.598099   18.745394
phys_tri_vert_info    8.185051  106.598099   18.745394   11.704453   78.157600   18.745396   15.306501   80.863106    6.464682
phys_tri_vert_info   14.188395  106.968452    6.464684  -38.942802  106.968452    6.464684  -41.654812  106.598099   18.745394
phys_tri_vert_info  -41.654812  106.598099   18.745394    8.185051  106.598099   18.745394   14.188395  106.968452    6.464684
phys_tri_vert_info  -38.942802  106.968452    6.464684  -92.073997  106.968452    6.464684  -91.231636  106.598099   18.745394
phys_tri_vert_info  -91.231636  106.598099   18.745394  -41.654812  106.598099   18.745394  -38.942802  106.968452    6.464684
phys_tri_vert_info  -92.073997  106.968452    6.464684  -92.073997    5.411307    6.464684  -91.231636    4.592571   18.745399
phys_tri_vert_info  -91.231636    4.592571   18.745399  -91.231636  106.598099   18.745394  -92.073997  106.968452    6.464684
phys_tri_vert_info  -92.073997    5.411307    6.464684  -92.073997  -96.145851    6.464686  -91.231636  -98.046783   18.745398
phys_tri_vert_info  -91.231636  -98.046783   18.745398  -91.231636    4.592571   18.745399  -92.073997    5.411307    6.464684
phys_tri_vert_info  -41.654812  106.598099   18.745394  -91.231636  106.598099   18.745394  -68.908333   85.304199   31.853630
phys_tri_vert_info  -68.908333   85.304199   31.853630  -38.942802   88.126038   31.853630  -41.654812  106.598099   18.745394
phys_tri_vert_info  -91.231636  106.598099   18.745394  -91.231636    4.592571   18.745399  -73.231575   -0.229334   31.853632
phys_tri_vert_info  -73.231575   -0.229334   31.853632  -68.908333   85.304199   31.853630  -91.231636  106.598099   18.745394
phys_tri_vert_info   11.704453   78.157600   18.745396    8.185051  106.598099   18.745394   -6.417914   81.905609   33.411060
phys_tri_vert_info   -6.417914   81.905609   33.411060    2.647382   56.381729   31.853630   11.704453   78.157600   18.745396
phys_tri_vert_info    8.185051  106.598099   18.745394  -41.654812  106.598099   18.745394  -38.942802   88.126038   31.853630
phys_tri_vert_info  -38.942802   88.126038   31.853630   -6.417914   81.905609   33.411060    8.185051  106.598099   18.745394
phys_tri_vert_info   16.620720   51.915264   18.745398   11.704453   78.157600   18.745396    2.647382   56.381729   31.853630
phys_tri_vert_info    2.647382   56.381729   31.853630   16.239277   36.524887   31.853630   16.620720   51.915264   18.745398
phys_tri_vert_info  -91.231636    4.592571   18.745399  -91.231636  -98.046783   18.745398  -65.445412  -89.690514   31.853630
phys_tri_vert_info  -65.445412  -89.690514   31.853630  -73.231575   -0.229334   31.853632  -91.231636    4.592571   18.745399
phys_tri_vert_info  -91.231636  -98.046783   18.745398  -83.326057 -105.952339   18.745394  -65.445412  -89.690514   31.853630
phys_tri_vert_info  -83.326057 -105.952339   18.745394  -75.420479 -113.857925   18.745405  -65.445412  -89.690514   31.853630
phys_tri_vert_info  -75.420479 -113.857925   18.745405    2.784359 -113.857925   18.745405    3.330396  -93.871140   31.853632
phys_tri_vert_info    3.330396  -93.871140   31.853632  -65.445412  -89.690514   31.853630  -75.420479 -113.857925   18.745405
phys_tri_vert_info    2.784359 -113.857925   18.745405  103.180634 -113.857925   18.745405   89.966713  -88.237061   31.853634
phys_tri_vert_info   89.966713  -88.237061   31.853634    3.330396  -93.871140   31.853632    2.784359 -113.857925   18.745405
phys_tri_vert_info  103.180634 -113.857925   18.745405  115.264503 -105.481934   18.745405   89.966713  -88.237061   31.853634
phys_tri_vert_info   57.741970   50.540512   18.745398   16.620720   51.915264   18.745398   16.239277   36.524887   31.853630
phys_tri_vert_info   16.239277   36.524887   31.853630   54.532299   34.808327   31.853630   57.741970   50.540512   18.745398
phys_tri_vert_info  115.264503 -105.481934   18.745405  127.348450  -97.105873   18.745398   89.966713  -88.237061   31.853634
phys_tri_vert_info  127.348450  -97.105873   18.745398  127.348450  -31.529722   18.745398  102.889549  -30.397713   31.853630
phys_tri_vert_info  102.889549  -30.397713   31.853630   89.966713  -88.237061   31.853634  127.348450  -97.105873   18.745398
phys_tri_vert_info  127.348450  -31.529722   18.745398  127.348450   34.046410   18.745396   92.688828   27.318773   31.853630
phys_tri_vert_info   92.688828   27.318773   31.853630  102.889549  -30.397713   31.853630  127.348450  -31.529722   18.745398
phys_tri_vert_info  105.126045   49.450020   18.745398   57.741970   50.540512   18.745398   54.532299   34.808327   31.853630
phys_tri_vert_info   54.532299   34.808327   31.853630   92.688828   27.318773   31.853630  105.126045   49.450020   18.745398
phys_tri_vert_info  116.301140   41.703926   18.745398  105.126045   49.450020   18.745398   92.688828   27.318773   31.853630
phys_tri_vert_info  127.348450   34.046410   18.745396  116.301140   41.703926   18.745398   92.688828   27.318773   31.853630
phys_tri_vert_info  -38.942802   88.126038   31.853630  -68.908333   85.304199   31.853630  -38.615433   50.992645   44.730114
phys_tri_vert_info  -68.908333   85.304199   31.853630  -73.231575   -0.229334   31.853632  -38.567074  -10.292416   47.985535
phys_tri_vert_info  -38.567074  -10.292416   47.985535  -38.615433   50.992645   44.730114  -68.908333   85.304199   31.853630
phys_tri_vert_info   -9.098750   48.209541   44.730114   -6.417914   81.905609   33.411060  -38.615433   50.992645   44.730114
phys_tri_vert_info   -6.417914   81.905609   33.411060   -9.098750   48.209541   44.730114    2.647382   56.381729   31.853630
phys_tri_vert_info   -6.417914   81.905609   33.411060  -38.942802   88.126038   31.853630  -38.615433   50.992645   44.730114
phys_tri_vert_info   16.239277   36.524887   31.853630    2.647382   56.381729   31.853630   14.154743   11.169497   47.985535
phys_tri_vert_info  -73.231575   -0.229334   31.853632  -65.445412  -89.690514   31.853630  -31.070694  -62.125370   47.985535
phys_tri_vert_info  -31.070694  -62.125370   47.985535  -38.567074  -10.292416   47.985535  -73.231575   -0.229334   31.853632
phys_tri_vert_info  -65.445412  -89.690514   31.853630    3.330396  -93.871140   31.853632    6.210551  -64.306656   47.985535
phys_tri_vert_info    6.210551  -64.306656   47.985535  -31.070694  -62.125370   47.985535  -65.445412  -89.690514   31.853630
phys_tri_vert_info    3.330396  -93.871140   31.853632   89.966713  -88.237061   31.853634   52.604023  -61.795441   47.985535
phys_tri_vert_info   52.604023  -61.795441   47.985535    6.210551  -64.306656   47.985535    3.330396  -93.871140   31.853632
phys_tri_vert_info   54.532299   34.808327   31.853630   16.239277   36.524887   31.853630   14.154743   11.169497   47.985535
phys_tri_vert_info   14.154743   11.169497   47.985535   51.849819    3.213549   47.985535   54.532299   34.808327   31.853630
phys_tri_vert_info   89.966713  -88.237061   31.853634  102.889549  -30.397713   31.853630   54.764374  -30.275593   47.985535
phys_tri_vert_info   54.764374  -30.275593   47.985535   52.604023  -61.795441   47.985535   89.966713  -88.237061   31.853634
phys_tri_vert_info  102.889549  -30.397713   31.853630   92.688828   27.318773   31.853630   51.849819    3.213549   47.985535
phys_tri_vert_info   51.849819    3.213549   47.985535   54.764374  -30.275593   47.985535  102.889549  -30.397713   31.853630
phys_tri_vert_info   92.688828   27.318773   31.853630   54.532299   34.808327   31.853630   51.849819    3.213549   47.985535
phys_tri_vert_info   12.023869  -44.268188   59.147385   13.395227  -34.893600   61.674347    0.920111  -41.665600   59.147385
phys_tri_vert_info   13.395227  -34.893600   61.674347    3.406163  -18.041660   59.147385   -2.694324  -30.518799   59.147385
phys_tri_vert_info   -9.098750   48.209541   44.730114   14.154743   11.169497   47.985535    2.647382   56.381729   31.853630
phys_tri_vert_info  -38.615433   50.992645   44.730114  -38.567074  -10.292416   47.985535   -2.694324  -30.518799   59.147385
phys_tri_vert_info   -2.694324  -30.518799   59.147385    3.406163  -18.041660   59.147385  -38.615433   50.992645   44.730114
phys_tri_vert_info   -2.694324  -30.518799   59.147385  -31.070694  -62.125370   47.985535    0.920111  -41.665600   59.147385
phys_tri_vert_info  -31.070694  -62.125370   47.985535   -2.694324  -30.518799   59.147385  -38.567074  -10.292416   47.985535
phys_tri_vert_info    6.210551  -64.306656   47.985535   52.604023  -61.795441   47.985535   22.060631  -40.946243   59.147385
phys_tri_vert_info   22.060631  -40.946243   59.147385   12.023869  -44.268188   59.147385    6.210551  -64.306656   47.985535
phys_tri_vert_info   21.593153  -24.697582   58.985847   14.154743   11.169497   47.985535   13.715275  -17.069435   59.147385
phys_tri_vert_info   14.154743   11.169497   47.985535   21.593153  -24.697582   58.985847   51.849819    3.213549   47.985535
phys_tri_vert_info   52.604023  -61.795441   47.985535   54.764374  -30.275593   47.985535   24.058323  -33.568226   59.147385
phys_tri_vert_info   24.058323  -33.568226   59.147385   22.060631  -40.946243   59.147385   52.604023  -61.795441   47.985535
phys_tri_vert_info   54.764374  -30.275593   47.985535   51.849819    3.213549   47.985535   21.593153  -24.697582   58.985847
phys_tri_vert_info   21.593153  -24.697582   58.985847   24.058323  -33.568226   59.147385   54.764374  -30.275593   47.985535
phys_tri_vert_info   -9.098750   48.209541   44.730114  -38.615433   50.992645   44.730114    3.406163  -18.041660   59.147385
phys_tri_vert_info  -31.070694  -62.125370   47.985535    6.210551  -64.306656   47.985535   12.023869  -44.268188   59.147385
phys_tri_vert_info   12.023869  -44.268188   59.147385    0.920111  -41.665600   59.147385  -31.070694  -62.125370   47.985535
phys_tri_vert_info    8.426710  -17.568186   59.147385   14.154743   11.169497   47.985535   -9.098750   48.209541   44.730114
phys_tri_vert_info   -9.098750   48.209541   44.730114    3.406163  -18.041660   59.147385    8.426710  -17.568186   59.147385
phys_tri_vert_info   21.593153  -24.697582   58.985847   13.715275  -17.069435   59.147385   13.395227  -34.893600   61.674347
phys_tri_vert_info    8.426710  -17.568186   59.147385    3.406163  -18.041660   59.147385   13.395227  -34.893600   61.674347
phys_tri_vert_info   13.715275  -17.069435   59.147385    8.426710  -17.568186   59.147385   13.395227  -34.893600   61.674347
phys_tri_vert_info   13.715275  -17.069435   59.147385   14.154743   11.169497   47.985535    8.426710  -17.568186   59.147385
phys_tri_end

phys_tri_info force_dome_comm
#############################################################################
phys_tri_num_tris 130
phys_tri_vert_info  -20.326981   -3.664047   51.242920  -20.391048  -14.832216   50.158352   -8.992060  -17.390865   49.488693
phys_tri_vert_info   -6.674416    7.550060   49.200314  -16.130585    9.028865   50.158352  -20.326981   -3.664047   51.242920
phys_tri_vert_info  -20.326981   -3.664047   51.242920   -5.716652   -1.777145   50.158352   -6.674416    7.550060   49.200314
phys_tri_vert_info  -20.326981   -3.664047   51.242920  -16.130585    9.028865   50.158352  -24.756733   10.632330   49.583939
phys_tri_vert_info  -29.145985  -15.291671   49.663628  -20.391048  -14.832216   50.158352  -20.326981   -3.664047   51.242920
phys_tri_vert_info  -20.326981   -3.664047   51.242920  -29.531214   -5.073704   50.158352  -29.145985  -15.291671   49.663628
phys_tri_vert_info  -32.338982   52.882195   39.663231  -35.675900   78.811676   28.314644  -76.158188   37.585190   28.314644
phys_tri_vert_info  -76.158188   37.585190   28.314644  -59.201790   27.175922   39.534164  -32.338982   52.882195   39.663231
phys_tri_vert_info  -36.862339   88.028343   14.889624  -81.778961   43.600796   14.889625  -76.158188   37.585190   28.314644
phys_tri_vert_info  -76.158188   37.585190   28.314644  -35.675900   78.811676   28.314644  -36.862339   88.028343   14.889624
phys_tri_vert_info   16.975044  -56.074413   39.534164   34.116673  -80.965729   28.314640   74.994698  -44.374893   28.314640
phys_tri_vert_info   74.994698  -44.374893   28.314640   44.295322  -29.850586   39.534164   16.975044  -56.074413   39.534164
phys_tri_vert_info   34.702526  -88.195396   14.889627   79.992851  -42.984283   14.889627   74.994698  -44.374893   28.314640
phys_tri_vert_info   74.994698  -44.374893   28.314640   34.116673  -80.965729   28.314640   34.702526  -88.195396   14.889627
phys_tri_vert_info   44.150040   52.889385   39.536423   44.088634   11.480108   39.663231   73.291832   18.379593   28.314640
phys_tri_vert_info   73.291832   18.379593   28.314640   73.295235   78.811272   28.314644   44.150040   52.889385   39.536423
phys_tri_vert_info   44.295322  -29.850586   39.534164   74.994698  -44.374893   28.314640   73.291832   18.379593   28.314640
phys_tri_vert_info   73.291832   18.379593   28.314640   44.088634   11.480108   39.663231   44.295322  -29.850586   39.534164
phys_tri_vert_info   79.992851  -42.984283   14.889627   79.012184   22.786642   14.889625   73.291832   18.379593   28.314640
phys_tri_vert_info   73.291832   18.379593   28.314640   74.994698  -44.374893   28.314640   79.992851  -42.984283   14.889627
phys_tri_vert_info   79.013954   88.028130   14.889624   73.295235   78.811272   28.314644   73.291832   18.379593   28.314640
phys_tri_vert_info   73.291832   18.379593   28.314640   79.012184   22.786642   14.889625   79.013954   88.028130   14.889624
phys_tri_vert_info  -30.823694    5.472124   49.525146  -29.808125   29.238512   46.904648  -43.876534   15.713004   46.886570
phys_tri_vert_info  -32.338982   52.882195   39.663231  -59.201790   27.175922   39.534164  -43.876534   15.713004   46.886570
phys_tri_vert_info  -43.876534   15.713004   46.886570  -29.808125   29.238512   46.904648  -32.338982   52.882195   39.663231
phys_tri_vert_info  -59.041676  -55.907253   39.536423  -43.630272  -34.121201   46.904648  -43.922806   -9.286099   46.904648
phys_tri_vert_info  -43.922806   -9.286099   46.904648  -59.112427  -14.354277   39.663231  -59.041676  -55.907253   39.536423
phys_tri_vert_info  -29.145985  -15.291671   49.663628  -29.531214   -5.073704   50.158352  -43.922806   -9.286099   46.904648
phys_tri_vert_info  -43.922806   -9.286099   46.904648  -43.630272  -34.121201   46.904648  -29.145985  -15.291671   49.663628
phys_tri_vert_info  -29.531214   -5.073704   50.158352  -43.876534   15.713004   46.886570  -43.922806   -9.286099   46.904648
phys_tri_vert_info  -59.201790   27.175922   39.534164  -59.112427  -14.354277   39.663231  -43.922806   -9.286099   46.904648
phys_tri_vert_info  -43.922806   -9.286099   46.904648  -43.876534   15.713004   46.886570  -59.201790   27.175922   39.534164
phys_tri_vert_info   16.975044  -56.074413   39.534164    2.684857  -34.394630   46.886570  -20.566681  -34.421940   46.904648
phys_tri_vert_info  -20.566681  -34.421940   46.904648  -21.072090  -55.917038   39.663231   16.975044  -56.074413   39.534164
phys_tri_vert_info    2.684857  -34.394630   46.886570   -8.992060  -17.390865   49.488693  -20.566681  -34.421940   46.904648
phys_tri_vert_info  -20.391048  -14.832216   50.158352  -20.566681  -34.421940   46.904648   -8.992060  -17.390865   49.488693
phys_tri_vert_info  -29.145985  -15.291671   49.663628  -43.630272  -34.121201   46.904648  -20.566681  -34.421940   46.904648
phys_tri_vert_info  -20.566681  -34.421940   46.904648  -20.391048  -14.832216   50.158352  -29.145985  -15.291671   49.663628
phys_tri_vert_info  -59.041676  -55.907253   39.536423  -21.072090  -55.917038   39.663231  -20.566681  -34.421940   46.904648
phys_tri_vert_info  -20.566681  -34.421940   46.904648  -43.630272  -34.121201   46.904648  -59.041676  -55.907253   39.536423
phys_tri_vert_info    2.684857  -34.394630   46.886570   17.091125  -20.707544   46.886570   -4.178484  -12.469790   49.486469
phys_tri_vert_info   16.975044  -56.074413   39.534164   44.295322  -29.850586   39.534164   17.091125  -20.707544   46.886570
phys_tri_vert_info   17.091125  -20.707544   46.886570    2.684857  -34.394630   46.886570   16.975044  -56.074413   39.534164
phys_tri_vert_info   44.150040   52.889385   39.536423   16.816431   28.924236   46.904648   17.095751    4.186147   46.904648
phys_tri_vert_info   17.095751    4.186147   46.904648   44.088634   11.480108   39.663231   44.150040   52.889385   39.536423
phys_tri_vert_info   -6.674416    7.550060   49.200314   -5.716652   -1.777145   50.158352   17.095751    4.186147   46.904648
phys_tri_vert_info   17.095751    4.186147   46.904648   16.816431   28.924236   46.904648   -6.674416    7.550060   49.200314
phys_tri_vert_info   -4.178484  -12.469790   49.486469   17.091125  -20.707544   46.886570   17.095751    4.186147   46.904648
phys_tri_vert_info   44.295322  -29.850586   39.534164   44.088634   11.480108   39.663231   17.095751    4.186147   46.904648
phys_tri_vert_info   17.095751    4.186147   46.904648   17.091125  -20.707544   46.886570   44.295322  -29.850586   39.534164
phys_tri_vert_info  -32.338982   52.882195   39.663231  -29.808125   29.238512   46.904648   -6.349139   29.237940   46.904648
phys_tri_vert_info   -6.349139   29.237940   46.904648    5.880181   52.881771   39.663231  -32.338982   52.882195   39.663231
phys_tri_vert_info  -29.808125   29.238512   46.904648  -16.130585    9.028865   50.158352   -6.349139   29.237940   46.904648
phys_tri_vert_info  -16.130585    9.028865   50.158352  -29.808125   29.238512   46.904648  -24.756733   10.632330   49.583939
phys_tri_vert_info   -6.674416    7.550060   49.200314   16.816431   28.924236   46.904648   -6.349139   29.237940   46.904648
phys_tri_vert_info   -6.349139   29.237940   46.904648  -16.130585    9.028865   50.158352   -6.674416    7.550060   49.200314
phys_tri_vert_info   44.150040   52.889385   39.536423    5.880181   52.881771   39.663231   -6.349139   29.237940   46.904648
phys_tri_vert_info   -6.349139   29.237940   46.904648   16.816431   28.924236   46.904648   44.150040   52.889385   39.536423
phys_tri_vert_info  -36.862339   88.028343   14.889624  -37.257809   91.100639    3.142036  -83.652557   45.606075    3.142037
phys_tri_vert_info  -83.652557   45.606075    3.142037  -81.778961   43.600796   14.889625  -36.862339   88.028343   14.889624
phys_tri_vert_info  -37.257809   91.100761   -5.620245  -83.652557   45.606201   -5.620245  -83.652557   45.606075    3.142037
phys_tri_vert_info  -83.652557   45.606075    3.142037  -37.257809   91.100639    3.142036  -37.257809   91.100761   -5.620245
phys_tri_vert_info  -81.778961   43.600796   14.889625  -83.652557   45.606075    3.142037  -83.652534  -22.637281    3.142038
phys_tri_vert_info  -83.652534  -22.637281    3.142038  -81.778893  -21.745768   14.889627  -81.778961   43.600796   14.889625
phys_tri_vert_info  -83.652557   45.606201   -5.620245  -83.652557  -22.636429   -5.620244  -83.652534  -22.637281    3.142038
phys_tri_vert_info  -83.652534  -22.637281    3.142038  -83.652557   45.606075    3.142037  -83.652557   45.606201   -5.620245
phys_tri_vert_info  -83.652557  -89.833336   -5.620242  -83.652527  -89.834305    3.142039  -83.652534  -22.637281    3.142038
phys_tri_vert_info  -83.652534  -22.637281    3.142038  -83.652557  -22.636429   -5.620244  -83.652557  -89.833336   -5.620242
phys_tri_vert_info  -81.778831  -87.494705   14.889627  -81.778893  -21.745768   14.889627  -83.652534  -22.637281    3.142038
phys_tri_vert_info  -83.652534  -22.637281    3.142038  -83.652527  -89.834305    3.142039  -81.778831  -87.494705   14.889627
phys_tri_vert_info  -81.778831  -87.494705   14.889627  -83.652527  -89.834305    3.142039  -24.453985  -89.833351    3.142039
phys_tri_vert_info  -24.453985  -89.833351    3.142039  -24.107199  -87.492439   14.889627  -81.778831  -87.494705   14.889627
phys_tri_vert_info  -83.652557  -89.833336   -5.620242  -24.454002  -89.833336   -5.620242  -24.453985  -89.833351    3.142039
phys_tri_vert_info  -24.453985  -89.833351    3.142039  -83.652527  -89.834305    3.142039  -83.652557  -89.833336   -5.620242
phys_tri_vert_info   35.172794  -89.833336   -5.620242   35.172794  -89.832390    3.142039  -24.453985  -89.833351    3.142039
phys_tri_vert_info  -24.453985  -89.833351    3.142039  -24.454002  -89.833336   -5.620242   35.172794  -89.833336   -5.620242
phys_tri_vert_info   34.702526  -88.195396   14.889627  -24.107199  -87.492439   14.889627  -24.453985  -89.833351    3.142039
phys_tri_vert_info  -24.453985  -89.833351    3.142039   35.172794  -89.832390    3.142039   34.702526  -88.195396   14.889627
phys_tri_vert_info   34.702526  -88.195396   14.889627   35.172794  -89.832390    3.142039   80.918297  -43.693798    3.142038
phys_tri_vert_info   80.918297  -43.693798    3.142038   79.992851  -42.984283   14.889627   34.702526  -88.195396   14.889627
phys_tri_vert_info   35.172794  -89.833336   -5.620242   80.919090  -43.693810   -5.620243   80.918297  -43.693798    3.142038
phys_tri_vert_info   80.918297  -43.693798    3.142038   35.172794  -89.832390    3.142039   35.172794  -89.833336   -5.620242
phys_tri_vert_info   79.013954   88.028130   14.889624   80.919754   91.100540    3.142036   22.663780   91.100586    3.142036
phys_tri_vert_info   22.663780   91.100586    3.142036   20.833353   88.028221   14.889624   79.013954   88.028130   14.889624
phys_tri_vert_info   80.919090   91.100761   -5.620245   22.663084   91.100761   -5.620245   22.663780   91.100586    3.142036
phys_tri_vert_info   22.663780   91.100586    3.142036   80.919754   91.100540    3.142036   80.919090   91.100761   -5.620245
phys_tri_vert_info  -37.257809   91.100761   -5.620245  -37.257809   91.100639    3.142036   22.663780   91.100586    3.142036
phys_tri_vert_info   22.663780   91.100586    3.142036   22.663084   91.100761   -5.620245  -37.257809   91.100761   -5.620245
phys_tri_vert_info  -36.862339   88.028343   14.889624   20.833353   88.028221   14.889624   22.663780   91.100586    3.142036
phys_tri_vert_info   22.663780   91.100586    3.142036  -37.257809   91.100639    3.142036  -36.862339   88.028343   14.889624
phys_tri_vert_info   80.919090  -43.693810   -5.620243   80.919090   24.255911   -5.620245   80.919022   24.255756    3.142037
phys_tri_vert_info   80.919022   24.255756    3.142037   80.918297  -43.693798    3.142038   80.919090  -43.693810   -5.620243
phys_tri_vert_info   80.919090   91.100761   -5.620245   80.919754   91.100540    3.142036   80.919022   24.255756    3.142037
phys_tri_vert_info   80.919022   24.255756    3.142037   80.919090   24.255911   -5.620245   80.919090   91.100761   -5.620245
phys_tri_vert_info   79.013954   88.028130   14.889624   79.012184   22.786642   14.889625   80.919022   24.255756    3.142037
phys_tri_vert_info   80.919022   24.255756    3.142037   80.919754   91.100540    3.142036   79.013954   88.028130   14.889624
phys_tri_vert_info   79.992851  -42.984283   14.889627   80.918297  -43.693798    3.142038   80.919022   24.255756    3.142037
phys_tri_vert_info   80.919022   24.255756    3.142037   79.012184   22.786642   14.889625   79.992851  -42.984283   14.889627
phys_tri_vert_info  -32.338982   52.882195   39.663231    5.880181   52.881771   39.663231   15.340670   78.811478   28.314644
phys_tri_vert_info   15.340670   78.811478   28.314644  -35.675900   78.811676   28.314644  -32.338982   52.882195   39.663231
phys_tri_vert_info   44.150040   52.889385   39.536423   73.295235   78.811272   28.314644   15.340670   78.811478   28.314644
phys_tri_vert_info   15.340670   78.811478   28.314644    5.880181   52.881771   39.663231   44.150040   52.889385   39.536423
phys_tri_vert_info   79.013954   88.028130   14.889624   20.833353   88.028221   14.889624   15.340670   78.811478   28.314644
phys_tri_vert_info   15.340670   78.811478   28.314644   73.295235   78.811272   28.314644   79.013954   88.028130   14.889624
phys_tri_vert_info  -36.862339   88.028343   14.889624  -35.675900   78.811676   28.314644   15.340670   78.811478   28.314644
phys_tri_vert_info   15.340670   78.811478   28.314644   20.833353   88.028221   14.889624  -36.862339   88.028343   14.889624
phys_tri_vert_info  -59.041676  -55.907253   39.536423  -59.112427  -14.354277   39.663231  -76.157997  -19.069530   28.314644
phys_tri_vert_info  -76.157997  -19.069530   28.314644  -76.157806  -80.473976   28.314640  -59.041676  -55.907253   39.536423
phys_tri_vert_info  -59.201790   27.175922   39.534164  -76.158188   37.585190   28.314644  -76.157997  -19.069530   28.314644
phys_tri_vert_info  -76.157997  -19.069530   28.314644  -59.112427  -14.354277   39.663231  -59.201790   27.175922   39.534164
phys_tri_vert_info  -81.778961   43.600796   14.889625  -81.778893  -21.745768   14.889627  -76.157997  -19.069530   28.314644
phys_tri_vert_info  -76.157997  -19.069530   28.314644  -76.158188   37.585190   28.314644  -81.778961   43.600796   14.889625
phys_tri_vert_info  -81.778831  -87.494705   14.889627  -76.157806  -80.473976   28.314640  -76.157997  -19.069530   28.314644
phys_tri_vert_info  -76.157997  -19.069530   28.314644  -81.778893  -21.745768   14.889627  -81.778831  -87.494705   14.889627
phys_tri_vert_info   16.975044  -56.074413   39.534164  -21.072090  -55.917038   39.663231  -23.066877  -80.469696   28.314640
phys_tri_vert_info  -23.066877  -80.469696   28.314640   34.116673  -80.965729   28.314640   16.975044  -56.074413   39.534164
phys_tri_vert_info  -59.041676  -55.907253   39.536423  -76.157806  -80.473976   28.314640  -23.066877  -80.469696   28.314640
phys_tri_vert_info  -23.066877  -80.469696   28.314640  -21.072090  -55.917038   39.663231  -59.041676  -55.907253   39.536423
phys_tri_vert_info  -81.778831  -87.494705   14.889627  -24.107199  -87.492439   14.889627  -23.066877  -80.469696   28.314640
phys_tri_vert_info  -23.066877  -80.469696   28.314640  -76.157806  -80.473976   28.314640  -81.778831  -87.494705   14.889627
phys_tri_vert_info   34.702526  -88.195396   14.889627   34.116673  -80.965729   28.314640  -23.066877  -80.469696   28.314640
phys_tri_vert_info  -23.066877  -80.469696   28.314640  -24.107199  -87.492439   14.889627   34.702526  -88.195396   14.889627
phys_tri_vert_info  -24.756733   10.632330   49.583939  -29.808125   29.238512   46.904648  -30.823694    5.472124   49.525146
phys_tri_vert_info  -20.326981   -3.664047   51.242920  -24.756733   10.632330   49.583939  -30.823694    5.472124   49.525146
phys_tri_vert_info  -43.876534   15.713004   46.886570  -29.531214   -5.073704   50.158352  -30.823694    5.472124   49.525146
phys_tri_vert_info  -30.823694    5.472124   49.525146  -29.531214   -5.073704   50.158352  -20.326981   -3.664047   51.242920
phys_tri_vert_info   -8.992060  -17.390865   49.488693    2.684857  -34.394630   46.886570   -4.178484  -12.469790   49.486469
phys_tri_vert_info  -20.326981   -3.664047   51.242920   -8.992060  -17.390865   49.488693   -4.178484  -12.469790   49.486469
phys_tri_vert_info   17.095751    4.186147   46.904648   -5.716652   -1.777145   50.158352   -4.178484  -12.469790   49.486469
phys_tri_vert_info   -4.178484  -12.469790   49.486469   -5.716652   -1.777145   50.158352  -20.326981   -3.664047   51.242920
phys_tri_end

phys_tri_info force_dome_amp
#############################################################################
phys_tri_num_tris 104
phys_tri_vert_info   -9.378355  -29.681099   54.190536   -0.335684  -29.552704   55.606651    0.181756  -21.794044   56.336655
phys_tri_vert_info    0.181756  -21.794044   56.336655   -8.485236  -20.035862   55.779976   -9.378355  -29.681099   54.190536
phys_tri_vert_info    8.124291  -29.681103   54.190536    7.813869  -20.035866   55.606651    0.181756  -21.794044   56.336655
phys_tri_vert_info    0.181756  -21.794044   56.336655   -0.335684  -29.552704   55.606651    8.124291  -29.681103   54.190536
phys_tri_vert_info    8.124291   -8.410728   54.190536   -0.335684  -10.519030   55.280579    0.181756  -21.794044   56.336655
phys_tri_vert_info    0.181756  -21.794044   56.336655    7.813869  -20.035866   55.606651    8.124291   -8.410728   54.190536
phys_tri_vert_info   -9.378355   -8.410728   54.190536   -8.485236  -20.035862   55.779976    0.181756  -21.794044   56.336655
phys_tri_vert_info    0.181756  -21.794044   56.336655   -0.335684  -10.519030   55.280579   -9.378355   -8.410728   54.190536
phys_tri_vert_info  -54.481556  -72.529091   35.898460   -3.156034  -75.820122   38.675991   -1.728013  -52.044178   48.162415
phys_tri_vert_info   -1.728013  -52.044178   48.162415  -23.792692  -42.859375   48.162415  -54.481556  -72.529091   35.898460
phys_tri_vert_info   47.677483  -72.529099   35.898460   20.336668  -42.859375   48.162415   -1.728013  -52.044178   48.162415
phys_tri_vert_info   -1.728013  -52.044178   48.162415   -3.156034  -75.820122   38.675991   47.677483  -72.529099   35.898460
phys_tri_vert_info    8.124291  -29.681103   54.190536   -0.335684  -29.552704   55.606651   -1.728013  -52.044178   48.162415
phys_tri_vert_info   -1.728013  -52.044178   48.162415   20.336668  -42.859375   48.162415    8.124291  -29.681103   54.190536
phys_tri_vert_info   -9.378355  -29.681099   54.190536  -23.792692  -42.859375   48.162415   -1.728013  -52.044178   48.162415
phys_tri_vert_info   -1.728013  -52.044178   48.162415   -0.335684  -29.552704   55.606651   -9.378355  -29.681099   54.190536
phys_tri_vert_info   47.677483  -72.529099   35.898460   49.369667   -8.859683   38.686451   27.691561  -15.304958   48.162415
phys_tri_vert_info   27.691561  -15.304958   48.162415   20.336668  -42.859375   48.162415   47.677483  -72.529099   35.898460
phys_tri_vert_info   47.677483   58.124794   35.898460   20.336668   12.249462   48.162415   27.691561  -15.304958   48.162415
phys_tri_vert_info   27.691561  -15.304958   48.162415   49.369667   -8.859683   38.686451   47.677483   58.124794   35.898460
phys_tri_vert_info    8.124291   -8.410728   54.190536    7.813869  -20.035866   55.606651   27.691561  -15.304958   48.162415
phys_tri_vert_info   27.691561  -15.304958   48.162415   20.336668   12.249462   48.162415    8.124291   -8.410728   54.190536
phys_tri_vert_info    8.124291  -29.681103   54.190536   20.336668  -42.859375   48.162415   27.691561  -15.304958   48.162415
phys_tri_vert_info   27.691561  -15.304958   48.162415    7.813869  -20.035866   55.606651    8.124291  -29.681103   54.190536
phys_tri_vert_info   47.677483   58.124794   35.898460   -3.156398   58.168980   38.686451   -1.728013   21.434269   48.162415
phys_tri_vert_info   -1.728013   21.434269   48.162415   20.336668   12.249462   48.162415   47.677483   58.124794   35.898460
phys_tri_vert_info  -54.481552   58.124794   35.898460  -23.792692   12.249462   48.162415   -1.728013   21.434269   48.162415
phys_tri_vert_info   -1.728013   21.434269   48.162415   -3.156398   58.168980   38.686451  -54.481552   58.124794   35.898460
phys_tri_vert_info   -9.378355   -8.410728   54.190536   -0.335684  -10.519030   55.280579   -1.728013   21.434269   48.162415
phys_tri_vert_info   -1.728013   21.434269   48.162415  -23.792692   12.249462   48.162415   -9.378355   -8.410728   54.190536
phys_tri_vert_info    8.124291   -8.410728   54.190536   20.336668   12.249462   48.162415   -1.728013   21.434269   48.162415
phys_tri_vert_info   -1.728013   21.434269   48.162415   -0.335684  -10.519030   55.280579    8.124291   -8.410728   54.190536
phys_tri_vert_info  -54.481552   58.124794   35.898460  -55.682465   -8.859680   38.686451  -31.147585  -15.304955   48.162415
phys_tri_vert_info  -31.147585  -15.304955   48.162415  -23.792692   12.249462   48.162415  -54.481552   58.124794   35.898460
phys_tri_vert_info  -54.481556  -72.529091   35.898460  -23.792692  -42.859375   48.162415  -31.147585  -15.304955   48.162415
phys_tri_vert_info  -31.147585  -15.304955   48.162415  -55.682465   -8.859680   38.686451  -54.481556  -72.529091   35.898460
phys_tri_vert_info   -9.378355  -29.681099   54.190536   -8.485236  -20.035862   55.779976  -31.147585  -15.304955   48.162415
phys_tri_vert_info  -31.147585  -15.304955   48.162415  -23.792692  -42.859375   48.162415   -9.378355  -29.681099   54.190536
phys_tri_vert_info   -9.378355   -8.410728   54.190536  -23.792692   12.249462   48.162415  -31.147585  -15.304955   48.162415
phys_tri_vert_info  -31.147585  -15.304955   48.162415   -8.485236  -20.035862   55.779976   -9.378355   -8.410728   54.190536
phys_tri_vert_info   81.210167  111.200241   19.262587   81.290794    2.439138   19.248680   83.060555    3.986156    8.291267
phys_tri_vert_info   83.060555    3.986156    8.291267   83.060555  115.020592    8.291267   81.210167  111.200241   19.262587
phys_tri_vert_info   81.210167 -106.338074   19.262596   82.975822 -106.948326    8.314816   83.060555    3.986156    8.291267
phys_tri_vert_info   83.060555    3.986156    8.291267   81.290794    2.439138   19.248680   81.210167 -106.338074   19.262596
phys_tri_vert_info   82.975822 -106.948334   -3.875073   82.975822    3.976500   -3.875074   83.060555    3.986156    8.291267
phys_tri_vert_info   83.060555    3.986156    8.291267   82.975822 -106.948326    8.314816   82.975822 -106.948334   -3.875073
phys_tri_vert_info   83.060555  115.020592   -3.906989   83.060555  115.020592    8.291267   83.060555    3.986156    8.291267
phys_tri_vert_info   83.060555    3.986156    8.291267   82.975822    3.976500   -3.875074   83.060555  115.020592   -3.906989
phys_tri_vert_info   47.677483   58.124794   35.898460   49.369667   -8.859683   38.686451   67.519463   -2.493048   29.894554
phys_tri_vert_info   67.519463   -2.493048   29.894554   67.587769   88.817223   29.892857   47.677483   58.124794   35.898460
phys_tri_vert_info   47.677483  -72.529099   35.898460   67.587769  -93.796799   29.892859   67.519463   -2.493048   29.894554
phys_tri_vert_info   67.519463   -2.493048   29.894554   49.369667   -8.859683   38.686451   47.677483  -72.529099   35.898460
phys_tri_vert_info   81.210167 -106.338074   19.262596   81.290794    2.439138   19.248680   67.519463   -2.493048   29.894554
phys_tri_vert_info   67.519463   -2.493048   29.894554   67.587769  -93.796799   29.892859   81.210167 -106.338074   19.262596
phys_tri_vert_info   81.210167  111.200241   19.262587   67.587769   88.817223   29.892857   67.519463   -2.493048   29.894554
phys_tri_vert_info   67.519463   -2.493048   29.894554   81.290794    2.439138   19.248680   81.210167  111.200241   19.262587
phys_tri_vert_info  -88.484039  111.200241   19.262587   -3.637778  111.312637   19.248684   -3.636937  114.901337    8.314816
phys_tri_vert_info   -3.636937  114.901337    8.314816  -90.249695  114.901337    8.314816  -88.484039  111.200241   19.262587
phys_tri_vert_info   81.210167  111.200241   19.262587   83.060555  115.020592    8.291267   -3.636937  114.901337    8.314816
phys_tri_vert_info   -3.636937  114.901337    8.314816   -3.637778  111.312637   19.248684   81.210167  111.200241   19.262587
phys_tri_vert_info   83.060555  115.020592   -3.906989   -3.637778  115.020592   -3.906989   -3.636937  114.901337    8.314816
phys_tri_vert_info   -3.636937  114.901337    8.314816   83.060555  115.020592    8.291267   83.060555  115.020592   -3.906989
phys_tri_vert_info  -90.249695  114.901337   -3.875075  -90.249695  114.901337    8.314816   -3.636937  114.901337    8.314816
phys_tri_vert_info   -3.636937  114.901337    8.314816   -3.637778  115.020592   -3.906989  -90.249695  114.901337   -3.875075
phys_tri_vert_info  -54.481552   58.124794   35.898460   -3.156398   58.168980   38.686451   -3.636098   88.633591   29.896248
phys_tri_vert_info   -3.636098   88.633591   29.896248  -74.793343   88.725403   29.894552  -54.481552   58.124794   35.898460
phys_tri_vert_info   47.677483   58.124794   35.898460   67.587769   88.817223   29.892857   -3.636098   88.633591   29.896248
phys_tri_vert_info   -3.636098   88.633591   29.896248   -3.156398   58.168980   38.686451   47.677483   58.124794   35.898460
phys_tri_vert_info   81.210167  111.200241   19.262587   -3.637778  111.312637   19.248684   -3.636098   88.633591   29.896248
phys_tri_vert_info   -3.636098   88.633591   29.896248   67.587769   88.817223   29.892857   81.210167  111.200241   19.262587
phys_tri_vert_info  -88.484039  111.200241   19.262587  -74.793343   88.725403   29.894552   -3.636098   88.633591   29.896248
phys_tri_vert_info   -3.636098   88.633591   29.896248   -3.637778  111.312637   19.248684  -88.484039  111.200241   19.262587
phys_tri_vert_info  -88.566345 -106.434349   19.248695  -88.484039    2.431083   19.262583  -90.249695    3.976503    8.314816
phys_tri_vert_info  -90.249695    3.976503    8.314816  -90.336113 -107.048256    8.291267  -88.566345 -106.434349   19.248695
phys_tri_vert_info  -88.484039  111.200241   19.262587  -90.249695  114.901337    8.314816  -90.249695    3.976503    8.314816
phys_tri_vert_info  -90.249695    3.976503    8.314816  -88.484039    2.431083   19.262583  -88.484039  111.200241   19.262587
phys_tri_vert_info  -90.249695  114.901337   -3.875075  -90.249695    3.976503   -3.875074  -90.249695    3.976503    8.314816
phys_tri_vert_info  -90.249695    3.976503    8.314816  -90.249695  114.901337    8.314816  -90.249695  114.901337   -3.875075
phys_tri_vert_info  -90.249695 -106.948326   -3.875073  -90.336113 -107.048256    8.291267  -90.249695    3.976503    8.314816
phys_tri_vert_info  -90.249695    3.976503    8.314816  -90.249695    3.976503   -3.875074  -90.249695 -106.948326   -3.875073
phys_tri_vert_info  -54.481556  -72.529091   35.898460  -55.682465   -8.859680   38.686451  -74.863327   -2.489778   29.892859
phys_tri_vert_info  -74.863327   -2.489778   29.892859  -74.793343  -93.711502   29.894554  -54.481556  -72.529091   35.898460
phys_tri_vert_info  -54.481552   58.124794   35.898460  -74.793343   88.725403   29.894552  -74.863327   -2.489778   29.892859
phys_tri_vert_info  -74.863327   -2.489778   29.892859  -55.682465   -8.859680   38.686451  -54.481552   58.124794   35.898460
phys_tri_vert_info  -88.484039  111.200241   19.262587  -88.484039    2.431083   19.262583  -74.863327   -2.489778   29.892859
phys_tri_vert_info  -74.863327   -2.489778   29.892859  -74.793343   88.725403   29.894552  -88.484039  111.200241   19.262587
phys_tri_vert_info  -88.566345 -106.434349   19.248695  -74.793343  -93.711502   29.894554  -74.863327   -2.489778   29.892859
phys_tri_vert_info  -74.863327   -2.489778   29.892859  -88.484039    2.431083   19.262583  -88.566345 -106.434349   19.248695
phys_tri_vert_info   81.210167 -106.338074   19.262596   -3.636937 -106.338074   19.262596   -3.636937 -106.948318    8.314816
phys_tri_vert_info   -3.636937 -106.948318    8.314816   82.975822 -106.948326    8.314816   81.210167 -106.338074   19.262596
phys_tri_vert_info  -88.566345 -106.434349   19.248695  -90.336113 -107.048256    8.291267   -3.636937 -106.948318    8.314816
phys_tri_vert_info   -3.636937 -106.948318    8.314816   -3.636937 -106.338074   19.262596  -88.566345 -106.434349   19.248695
phys_tri_vert_info  -90.249695 -106.948326   -3.875073   -3.636937 -106.948326   -3.875073   -3.636937 -106.948318    8.314816
phys_tri_vert_info   -3.636937 -106.948318    8.314816  -90.336113 -107.048256    8.291267  -90.249695 -106.948326   -3.875073
phys_tri_vert_info   82.975822 -106.948334   -3.875073   82.975822 -106.948326    8.314816   -3.636937 -106.948318    8.314816
phys_tri_vert_info   -3.636937 -106.948318    8.314816   -3.636937 -106.948326   -3.875073   82.975822 -106.948334   -3.875073
phys_tri_vert_info   47.677483  -72.529099   35.898460   -3.156034  -75.820122   38.675991   -3.636939  -93.711502   29.894554
phys_tri_vert_info   -3.636939  -93.711502   29.894554   67.587769  -93.796799   29.892859   47.677483  -72.529099   35.898460
phys_tri_vert_info  -54.481556  -72.529091   35.898460  -74.793343  -93.711502   29.894554   -3.636939  -93.711502   29.894554
phys_tri_vert_info   -3.636939  -93.711502   29.894554   -3.156034  -75.820122   38.675991  -54.481556  -72.529091   35.898460
phys_tri_vert_info  -88.566345 -106.434349   19.248695   -3.636937 -106.338074   19.262596   -3.636939  -93.711502   29.894554
phys_tri_vert_info   -3.636939  -93.711502   29.894554  -74.793343  -93.711502   29.894554  -88.566345 -106.434349   19.248695
phys_tri_vert_info   81.210167 -106.338074   19.262596   67.587769  -93.796799   29.892859   -3.636939  -93.711502   29.894554
phys_tri_vert_info   -3.636939  -93.711502   29.894554   -3.636937 -106.338074   19.262596   81.210167 -106.338074   19.262596
phys_tri_end

