driverassist apc
driverassist aurora
driverassist aphelion_gunner
driverassist battlewagon
driverassist colossus_gunner
driverassist dropship
driverassist galaxy_gunship
driverassist liberator
driverassist magrider
driverassist mediumtransport
driverassist peregrine_gunner
driverassist prowler
driverassist skyguard
driverassist threemanheavybuggy
driverassist thunderer
driverassist two_man_assault_buggy
driverassist twomanheavybuggy
driverassist twomanhoverbuggy
driverassist vanguard
driverassist vulture

