#wav_begin

##aphelion_immolation_cannon

wav_file Aphelion_Immolation_cannon2.wav
wav_end

##brass_ejection

wav_file brass_ejection2.wav
wav_end

##bullet_energy_impact_liquid

wav_file bullet_energy_impact_liquid_01.wav
wav_end

##bullet_energy_impact_shield

wav_file bullet_energy_impact_shield_03.wav
wav_file bullet_energy_impact_shield_02.wav
wav_file bullet_energy_impact_shield_01.wav
wav_end

##bullet_impact_flesh

wav_file bullet_impact_flesh_03.wav
wav_file bullet_impact_flesh_02.wav
wav_file bullet_impact_flesh_01.wav
wav_end

##bullet_impact_hard

wav_file bullet_impact_hard_02.wav
wav_file bullet_impact_hard_01.wav
wav_end

##bullet_impact_liquid

wav_file bullet_impact_liquid_03.wav
wav_file bullet_impact_liquid_02.wav
wav_file bullet_impact_liquid_01.wav
wav_end

##bullet_impact_medium

wav_file bullet_impact_medium_02.wav
wav_file bullet_impact_medium_01.wav
wav_end

##bullet_impact_soft

wav_file bullet_impact_soft_02.wav
wav_file bullet_impact_soft_01.wav
wav_end

##bullet_impact_wood

wav_file bullet_impact_wood_04.wav
wav_file bullet_impact_wood_03.wav
wav_file bullet_impact_wood_02.wav
wav_file bullet_impact_wood_01.wav
wav_end

##explosion_vehicle_large

wav_file explosion_vehicle_large_04.wav
wav_file explosion_vehicle_large_03.wav
wav_file explosion_vehicle_large_02.wav
wav_file explosion_vehicle_large_01.wav
wav_end

##explosion_vehicle_medium

wav_file explosion_vehicle_medium_03.wav
wav_file explosion_vehicle_medium_02.wav
wav_file explosion_vehicle_medium_01.wav
wav_end

##explosion_vehicle_small

wav_file explosion_vehicle_small_04.wav
wav_file explosion_vehicle_small_03.wav
wav_file explosion_vehicle_small_02.wav
wav_file explosion_vehicle_small_01.wav
wav_end

##flail_projectile_explosion

wav_file flail_projectile_explosion_03.wav
wav_file flail_projectile_explosion_02.wav
wav_file flail_projectile_explosion_01.wav
wav_end

##maelstrom_grenade_explosion

wav_file maelstrom_grenade_explosion_03.wav
wav_file maelstrom_grenade_explosion_01.wav
wav_end

##meteor_large_exploding

wav_file meteor_large_exploding_02.wav
wav_file meteor_large_exploding_01.wav
wav_end

##meteor_medium_exploding

wav_file meteor_medium_exploding_02.wav
wav_file meteor_medium_exploding_01.wav
wav_end

##meteor_small_exploding

wav_file meteor_small_exploding_02.wav
wav_file meteor_small_exploding_01.wav
wav_end

##module_timer

wav_file module_timer2.wav
wav_end

##oicw_bomblet

wav_file oicw_explosion_small_sharper1.wav
wav_file oicw_explosion_small_sharper2.wav
wav_end

##PEREGRINE_AV_Cannon

wav_file Peregrine_AV_Cannon2.wav
wav_end

##radiator_grenade_explosion

wav_file radiator_grenade_explosion_02.wav
wav_file radiator_grenade_explosion_01.wav
wav_end

##scythe_nearmiss

wav_file scythe_nearmiss3.wav
wav_file scythe_nearmiss2.wav
wav_file scythe_nearmiss1.wav
wav_end

##vehicle_collision_large

wav_file vehicle_collision_large02.wav
wav_file vehicle_collision_large01.wav
wav_end

##vehicle_collision_medium

wav_file vehicle_collision_medium02.wav
wav_file vehicle_collision_medium01.wav
wav_end

##vehicle_collision_small

wav_file vehicle_collision_small02.wav
wav_file vehicle_collision_small01.wav
wav_end
