pse_exactobject  swamptreeb                                10000     885.90      88.29      63.02 0.80 0.80 0.64      0      0  15399
pse_exactobject  swamptreea                                10001    1033.45      96.16      66.45 1.13 1.13 1.24      0      0   8374
pse_exactobject  swamptreed                                10002     793.19     152.28      78.97 1.90 1.90 1.52      0      0    758
pse_exactobject  swamptreec                                10003     917.52     154.61      80.54 1.47 1.47 1.66      0      0   8287
pse_exactobject  swamptreec                                10004    1004.92     104.26      68.48 0.80 0.80 0.85      0      0  14068
pse_exactobject  swamptreec                                10005    1099.95     107.13      68.52 1.12 1.12 1.12      0      0   3523
pse_exactobject  swamptreec                                10006     750.46     167.65      80.56 1.09 1.09 1.30      0      0   3890
pse_exactobject  swamptreeb                                10007     775.66     199.65      85.15 1.35 1.35 1.62      0      0   8117
pse_exactobject  swamptreec                                10008     839.79     208.57      87.02 2.00 2.00 1.70      0      0  12262
pse_exactobject  swamptreed                                10009     882.13     182.16      84.25 1.21 1.21 1.01      0      0   2173
pse_exactobject  swamptreed                                10010     879.24     146.12      79.11 0.96 0.96 1.15      0      0   1595
pse_exactobject  swamptreec                                10011     953.41     185.44      85.10 1.49 1.49 1.39      0      0   3149
pse_exactobject  swamptreed                                10012     938.48     225.90      89.90 1.00 1.00 0.84      0      0   6849
pse_exactobject  swamptreea                                10013     988.78     190.35      83.22 0.82 0.82 0.99      0      0  12731
pse_exactobject  swamptreec                                10014     991.89     229.66      89.40 1.61 1.61 1.45      0      0  12116
pse_exactobject  swamptreeb                                10015    1029.22     179.76      82.04 1.40 1.40 1.67      0      0   1336
pse_exactobject  swamptreea                                10016     981.18     160.41      80.98 1.00 1.00 0.96      0      0   3208
pse_exactobject  swamptreed                                10017    1066.47     224.84      88.35 0.82 0.82 0.65      0      0  12690
pse_exactobject  swamptreec                                10018    1081.10     181.60      80.73 0.83 0.83 0.88      0      0  15947
pse_exactobject  swamptreeb                                10019    1150.49     226.24      89.30 1.41 1.41 1.70      0      0    445
pse_exactobject  swamptreed                                10020    1404.14     204.17      89.96 1.52 1.52 1.35      0      0    965
pse_exactobject  swamptreec                                10021    1422.14     238.81      90.02 0.80 0.80 0.91      0      0  12242
pse_exactobject  swamptreec                                10022    1685.61     237.99      79.68 1.85 1.85 1.89      0      0   4291
pse_exactobject  swamptreeb                                10023     643.18     270.28      89.13 1.77 1.77 1.87      0      0  12585
pse_exactobject  swamptreeb                                10024     693.79     243.57      88.98 1.80 1.80 1.81      0      0   6087
pse_exactobject  swamptreea                                10025     743.72     252.72      89.89 1.04 1.04 0.97      0      0   3589
pse_exactobject  swamptreec                                10026     768.34     238.00      89.74 0.80 0.80 0.81      0      0  13584
pse_exactobject  swamptreed                                10027     801.99     243.20      89.89 1.26 1.26 1.17      0      0   3265
pse_exactobject  swamptreeb                                10028     895.02     236.84      89.95 1.15 1.15 1.38      0      0  13078
pse_exactobject  swamptreec                                10029    1039.88     226.66      88.41 0.80 0.80 0.64      0      0  12419
pse_exactobject  swamptreeb                                10030    1104.15     229.28      88.76 0.80 0.80 0.87      0      0  16318
pse_exactobject  swamptreec                                10031    1414.64     263.88      89.87 0.80 0.80 0.68      0      0   1909
pse_exactobject  swamptreed                                10032    1634.20     264.45      86.86 2.00 2.00 2.40      0      0   6801
pse_exactobject  swamptreec                                10033    1832.70     241.90      59.57 2.00 2.00 1.71      0      0   1212
pse_exactobject  swamptreed                                10034    1895.30     301.01      58.67 1.21 1.21 1.27      0      0   4731
pse_exactobject  swamptreea                                10035    1866.88     278.21      64.26 0.88 0.88 0.82      0      0  10467
pse_exactobject  swamptreec                                10036     599.25     331.01      90.06 0.80 0.80 0.96      0      0    532
pse_exactobject  swamptreea                                10037     568.48     331.87      89.33 0.80 0.80 0.96      0      0  12479
pse_exactobject  swamptreeb                                10038     647.75     310.77      90.01 0.80 0.80 0.78      0      0    660
pse_exactobject  swamptreea                                10039     683.97     291.87      90.07 1.01 1.01 1.03      0      0  14898
pse_exactobject  swamptreec                                10040     977.97     335.91      89.50 0.80 0.80 0.82      0      0   3398
pse_exactobject  swamptreed                                10041    1011.34     329.24      89.58 1.03 1.03 1.08      0      0   3626
pse_exactobject  swamptreea                                10042    1058.55     343.56      89.52 1.26 1.26 1.26      0      0  11121
pse_exactobject  swamptreea                                10043    1072.01     308.15      89.54 1.24 1.24 1.29      0      0  15556
pse_exactobject  swamptreed                                10044    1038.57     314.26      90.01 0.80 0.80 0.85      0      0   4034
pse_exactobject  swamptreea                                10045    1133.59     319.25      89.64 1.58 1.58 1.76      0      0  15552
pse_exactobject  swamptreec                                10046    1248.96     345.25      85.38 1.27 1.27 1.16      0      0   2709
pse_exactobject  swamptreeb                                10047    1458.48     293.73      90.10 0.80 0.80 0.86      0      0   8674
pse_exactobject  swamptreea                                10048    1584.33     330.39      90.16 0.80 0.80 0.85      0      0   4976
pse_exactobject  swamptreed                                10049    1601.79     355.07      89.86 1.07 1.07 1.15      0      0   4759
pse_exactobject  swamptreed                                10050    1656.23     323.00      82.97 1.38 1.38 1.42      0      0   3024
pse_exactobject  swamptreed                                10051    1616.49     317.85      87.87 1.01 1.01 0.96      0      0    220
pse_exactobject  swamptreed                                10052    1646.43     355.73      84.70 0.80 0.80 0.96      0      0   7977
pse_exactobject  swamptreed                                10053    1671.72     351.98      81.82 0.80 0.80 0.64      0      0  10844
pse_exactobject  swamptreec                                10054    1902.11     337.54      58.10 0.93 0.93 0.96      0      0   9256
pse_exactobject  swamptreeb                                10055     287.07     403.09      63.82 0.80 0.80 0.64      0      0   9176
pse_exactobject  swamptreea                                10056     512.71     387.06      89.67 1.64 1.64 1.31      0      0  13260
pse_exactobject  swamptreeb                                10057     582.89     353.87      89.80 0.80 0.80 0.66      0      0   9811
pse_exactobject  swamptreeb                                10058     747.51     419.91      89.77 0.95 0.95 1.14      0      0     80
pse_exactobject  swamptreea                                10059     803.79     380.91      89.66 1.34 1.34 1.27      0      0  13801
pse_exactobject  swamptreec                                10060     846.76     382.39      89.40 0.80 0.80 0.77      0      0   5180
pse_exactobject  swamptreec                                10061     905.99     353.55      89.74 0.80 0.80 0.84      0      0  10047
pse_exactobject  swamptreea                                10062     876.17     381.98      87.80 0.92 0.92 0.87      0      0  16271
pse_exactobject  swamptreea                                10063     976.36     422.26      81.94 1.31 1.31 1.18      0      0   5906
pse_exactobject  swamptreeb                                10064     945.79     365.38      89.49 0.80 0.80 0.64      0      0  12938
pse_exactobject  swamptreec                                10065    1062.05     391.06      85.17 0.92 0.92 1.11      0      0   5944
pse_exactobject  swamptreed                                10066    1023.13     395.60      85.70 1.41 1.41 1.58      0      0  14563
pse_exactobject  swamptreec                                10067    1096.72     399.75      85.11 0.98 0.98 0.90      0      0  11849
pse_exactobject  swamptreea                                10068    1474.11     412.90      89.33 0.80 0.80 0.64      0      0  12735
pse_exactobject  swamptreea                                10069    1448.38     420.03      89.56 0.80 0.80 0.96      0      0   5111
pse_exactobject  swamptreed                                10070    1631.64     389.24      89.38 1.56 1.56 1.87      0      0    753
pse_exactobject  swamptreeb                                10071    1857.21     416.85      65.58 1.87 1.87 2.06      0      0   4934
pse_exactobject  swamptreeb                                10072     204.33     453.57      58.82 0.85 0.85 0.99      0      0   9966
pse_exactobject  swamptreeb                                10073     294.40     481.01      74.67 1.66 1.66 1.40      0      0  15416
pse_exactobject  swamptreeb                                10074     319.72     449.19      74.11 0.84 0.84 0.70      0      0   5548
pse_exactobject  swamptreed                                10075     279.19     431.47      68.00 0.80 0.80 0.96      0      0   2555
pse_exactobject  swamptreea                                10076     470.33     436.47      89.92 0.80 0.80 0.96      0      0   1122
pse_exactobject  swamptreeb                                10077     604.75     452.62      90.09 0.80 0.80 0.78      0      0    299
pse_exactobject  swamptreeb                                10078     703.13     440.77      89.20 0.80 0.80 0.89      0      0   9880
pse_exactobject  swamptreeb                                10079     701.66     467.31      85.69 0.80 0.80 0.88      0      0   9739
pse_exactobject  swamptreed                                10080     767.23     399.79      89.80 0.80 0.80 0.80      0      0   4938
pse_exactobject  swamptreec                                10081     855.43     466.10      80.65 1.86 1.86 2.14      0      0   8398
pse_exactobject  swamptreec                                10082     904.46     448.55      81.61 1.51 1.51 1.40      0      0   2498
pse_exactobject  swamptreed                                10083     948.79     448.50      81.45 1.04 1.04 1.24      0      0   7855
pse_exactobject  swamptreea                                10084    1002.16     451.85      81.53 0.89 0.89 1.07      0      0  12419
pse_exactobject  swamptreeb                                10085    1064.43     461.11      81.89 1.40 1.40 1.12      0      0   5343
pse_exactobject  swamptreed                                10086    1033.71     444.80      81.39 0.80 0.80 0.77      0      0   5585
pse_exactobject  swamptreea                                10087    1099.16     452.28      81.52 0.80 0.80 0.64      0      0  12392
pse_exactobject  swamptreec                                10088    1151.18     450.92      81.61 0.86 0.86 1.03      0      0   8377
pse_exactobject  swamptreed                                10089    1117.04     435.39      81.54 0.80 0.80 0.74      0      0  12120
pse_exactobject  swamptreea                                10090    1177.31     426.63      82.07 1.38 1.38 1.11      0      0   4945
pse_exactobject  swamptreeb                                10091    1404.79     487.61      83.46 0.88 0.88 0.82      0      0   5409
pse_exactobject  swamptreea                                10092    1439.95     478.08      85.19 1.55 1.55 1.40      0      0    577
pse_exactobject  swamptreeb                                10093    1491.88     464.35      89.69 2.00 2.00 2.40      0      0  15936
pse_exactobject  swamptreea                                10094     146.39     520.84      51.95 2.00 2.00 1.77      0      0   9602
pse_exactobject  swamptreec                                10095     206.61     502.46      61.64 1.22 1.22 1.28      0      0   5917
pse_exactobject  swamptreec                                10096     187.94     528.78      60.76 0.80 0.80 0.64      0      0   9830
pse_exactobject  swamptreeb                                10097     334.88     506.14      78.08 1.30 1.30 1.30      0      0  14898
pse_exactobject  swamptreea                                10098     566.73     537.50      85.37 1.18 1.18 1.04      0      0   3801
pse_exactobject  swamptreea                                10099     604.46     507.75      85.61 1.16 1.16 0.93      0      0  14704
pse_exactobject  swamptreed                                10100     610.90     548.87      81.32 1.35 1.35 1.37      0      0  15846
pse_exactobject  swamptreeb                                10101     675.11     546.14      81.26 1.07 1.07 0.91      0      0   5854
pse_exactobject  swamptreea                                10102     655.63     515.47      82.27 1.07 1.07 0.88      0      0   1405
pse_exactobject  swamptreec                                10103     727.74     538.43      81.02 1.55 1.55 1.24      0      0  12420
pse_exactobject  swamptreec                                10104     827.22     509.47      80.90 1.59 1.59 1.90      0      0   5491
pse_exactobject  swamptreeb                                10105     791.48     489.19      82.01 0.87 0.87 0.93      0      0   9095
pse_exactobject  swamptreec                                10106    1114.25     562.00      83.13 1.30 1.30 1.31      0      0   6090
pse_exactobject  swamptreed                                10107    1733.06     550.74      89.84 1.93 1.93 1.54      0      0  10901
pse_exactobject  swamptreea                                10108     189.42     574.15      59.61 1.33 1.33 1.44      0      0   8755
pse_exactobject  swamptreeb                                10109     342.17     630.20      88.98 1.15 1.15 1.38      0      0  15235
pse_exactobject  swamptreeb                                10110     336.77     574.63      86.18 1.37 1.37 1.10      0      0   8401
pse_exactobject  swamptreed                                10111     974.92     622.27      83.57 1.33 1.33 1.06      0      0  10293
pse_exactobject  swamptreeb                                10112    1014.12     593.60      83.48 0.80 0.80 0.64      0      0   7744
pse_exactobject  swamptreea                                10113    1013.19     621.29      84.22 0.80 0.80 0.81      0      0   1727
pse_exactobject  swamptreed                                10114    1069.21     596.25      83.41 1.28 1.28 1.32      0      0   3286
pse_exactobject  swamptreec                                10115    1043.99     571.37      83.28 0.80 0.80 0.82      0      0   9417
pse_exactobject  swamptreed                                10116    1063.30     551.46      82.00 1.00 1.00 1.05      0      0  13608
pse_exactobject  swamptreec                                10117    1103.32     597.36      85.16 0.88 0.88 0.90      0      0   2616
pse_exactobject  swamptreea                                10118    1147.44     590.54      83.28 1.22 1.22 1.08      0      0  11728
pse_exactobject  swamptreed                                10119    1607.18     563.63      89.68 1.55 1.55 1.86      0      0   3851
pse_exactobject  swamptreec                                10120    1578.01     586.51      89.91 0.80 0.80 0.75      0      0    110
pse_exactobject  swamptreea                                10121    1744.53     621.72      89.93 1.62 1.62 1.75      0      0   2178
pse_exactobject  swamptreec                                10122     104.97     671.85      49.74 1.78 1.78 1.99      0      0   5128
pse_exactobject  swamptreec                                10123    1050.54     627.56      84.92 1.09 1.09 1.14      0      0  12869
pse_exactobject  swamptreed                                10124    1393.78     669.89      82.54 0.80 0.80 0.87      0      0  11037
pse_exactobject  swamptreea                                10125    1394.61     640.20      82.88 0.80 0.80 0.82      0      0   6879
pse_exactobject  swamptreea                                10126    1545.37     657.39      89.87 2.00 2.00 2.31      0      0   9915
pse_exactobject  swamptreed                                10127    1748.27     676.22      87.92 2.00 2.00 2.11      0      0   9793
pse_exactobject  swamptreec                                10128     216.68     729.51      60.91 1.85 1.85 2.09      0      0   3668
pse_exactobject  swamptreed                                10129     260.95     696.62      71.16 1.40 1.40 1.67      0      0   1988
pse_exactobject  swamptreeb                                10130     284.70     746.51      64.65 1.39 1.39 1.31      0      0  15283
pse_exactobject  swamptreec                                10131     296.73     682.37      77.28 0.81 0.81 0.71      0      0   2194
pse_exactobject  swamptreea                                10132     465.45     713.56      85.63 1.84 1.84 2.21      0      0  10306
pse_exactobject  swamptreec                                10133     509.85     736.76      82.80 0.88 0.88 0.99      0      0  10940
pse_exactobject  swamptreeb                                10134     480.61     754.28      81.83 0.80 0.80 0.83      0      0  16072
pse_exactobject  swamptreed                                10135     735.79     712.33      82.73 1.12 1.12 1.04      0      0   5819
pse_exactobject  swamptreeb                                10136     724.98     739.58      83.11 0.80 0.80 0.64      0      0   1435
pse_exactobject  swamptreec                                10137     760.57     736.02      85.88 1.04 1.04 0.83      0      0  12363
pse_exactobject  swamptreed                                10138     832.47     733.14      85.75 1.22 1.22 1.08      0      0   3695
pse_exactobject  swamptreea                                10139     874.72     719.52      85.29 1.72 1.72 1.53      0      0  12707
pse_exactobject  swamptreea                                10140     916.00     741.35      89.46 1.26 1.26 1.12      0      0   7271
pse_exactobject  swamptreea                                10141     915.76     696.80      85.43 1.10 1.10 1.31      0      0   2411
pse_exactobject  swamptreea                                10142     981.85     715.15      89.66 1.12 1.12 1.15      0      0  11801
pse_exactobject  swamptreed                                10143     947.75     703.13      86.03 0.83 0.83 0.75      0      0   6801
pse_exactobject  swamptreec                                10144    1159.23     720.75      89.10 1.35 1.35 1.62      0      0  10873
pse_exactobject  swamptreea                                10145    1119.28     710.04      90.09 1.39 1.39 1.46      0      0   5449
pse_exactobject  swamptreeb                                10146    1222.32     720.42      82.70 1.44 1.44 1.51      0      0   8701
pse_exactobject  swamptreed                                10147    1456.67     703.93      83.64 0.80 0.80 0.95      0      0   8530
pse_exactobject  swamptreea                                10148      95.21     773.37      50.59 1.09 1.09 1.02      0      0  14439
pse_exactobject  swamptreed                                10149     719.48     765.20      83.80 0.80 0.80 0.78      0      0  12664
pse_exactobject  swamptreed                                10150     687.31     747.21      81.70 1.00 1.00 0.80      0      0   9869
pse_exactobject  swamptreed                                10151     756.58     766.12      87.58 0.85 0.85 0.91      0      0   1571
pse_exactobject  swamptreea                                10152     826.59     783.01      89.25 1.59 1.59 1.38      0      0  14722
pse_exactobject  swamptreeb                                10153     875.97     761.81      90.10 0.80 0.80 0.64      0      0   4667
pse_exactobject  swamptreec                                10154     472.31     875.04      86.24 1.54 1.54 1.51      0      0  14862
pse_exactobject  swamptreec                                10155    1530.81     876.41      81.95 1.16 1.16 0.93      0      0   3896
pse_exactobject  swamptreed                                10156    1554.27     837.79      85.59 0.80 0.80 0.90      0      0   9995
pse_exactobject  swamptreea                                10157    1566.07     886.35      85.38 1.05 1.05 1.04      0      0  12196
pse_exactobject  swamptreec                                10158    1593.86     817.75      91.11 1.28 1.28 1.10      0      0   6933
pse_exactobject  swamptreeb                                10159    1594.58     861.79      86.51 0.80 0.80 0.86      0      0   7978
pse_exactobject  swamptreea                                10160    1662.98     806.41      91.06 0.80 0.80 0.67      0      0   3149
pse_exactobject  swamptreea                                10161     154.79     953.11      64.26 1.76 1.76 1.52      0      0   9367
pse_exactobject  swamptreea                                10162     483.80     910.85      85.89 0.80 0.80 0.96      0      0  15483
pse_exactobject  swamptreeb                                10163     450.21     912.15      90.01 0.84 0.84 0.67      0      0  14764
pse_exactobject  swamptreec                                10164     509.28     903.62      82.18 0.80 0.80 0.96      0      0  10783
pse_exactobject  swamptreec                                10165     540.43     909.31      81.65 1.19 1.19 1.43      0      0  15465
pse_exactobject  swamptreed                                10166     693.69     929.84      81.38 1.51 1.51 1.55      0      0  11207
pse_exactobject  swamptreed                                10167     785.66     923.38      86.96 1.06 1.06 1.13      0      0   1419
pse_exactobject  swamptreeb                                10168     775.98     895.88      87.72 0.80 0.80 0.85      0      0   6849
pse_exactobject  swamptreec                                10169    1553.18     929.35      85.75 1.06 1.06 0.98      0      0   4338
pse_exactobject  swamptreea                                10170    1527.13     911.57      81.62 0.97 0.97 0.95      0      0   8073
pse_exactobject  swamptreec                                10171    1649.92     918.66      89.08 1.45 1.45 1.49      0      0  15878
pse_exactobject  swamptreea                                10172    1651.60     875.61      89.75 0.84 0.84 0.92      0      0  11201
pse_exactobject  swamptreeb                                10173    1771.22     904.03      89.73 0.80 0.80 0.78      0      0   6090
pse_exactobject  swamptreeb                                10174    1767.22     937.11      89.88 1.17 1.17 1.14      0      0   9949
pse_exactobject  swamptreeb                                10175    1795.27     893.56      90.01 0.80 0.80 0.64      0      0  10709
pse_exactobject  swamptreec                                10176    1797.18     928.81      89.97 0.85 0.85 1.02      0      0   4307
pse_exactobject  swamptreea                                10177    1836.59     912.38      45.48 1.08 1.08 1.30      0      0   2158
pse_exactobject  swamptreeb                                10178     100.89     951.57      60.35 1.51 1.51 1.55      0      0   6576
pse_exactobject  swamptreec                                10179     202.31     987.10      71.77 1.27 1.27 1.52      0      0  10922
pse_exactobject  swamptreea                                10180     267.64     976.02      80.22 1.55 1.55 1.46      0      0  11485
pse_exactobject  swamptreed                                10181     477.81     947.82      85.82 1.04 1.04 1.24      0      0    417
pse_exactobject  swamptreeb                                10182     446.20     939.51      89.94 0.82 0.82 0.99      0      0   5139
pse_exactobject  swamptreea                                10183     543.54     963.88      81.99 1.11 1.11 1.07      0      0   5352
pse_exactobject  swamptreed                                10184     555.83     997.02      81.83 0.80 0.80 0.64      0      0   6215
pse_exactobject  swamptreea                                10185     718.44     998.87      81.26 1.33 1.33 1.24      0      0   8500
pse_exactobject  swamptreec                                10186     725.88     958.15      84.18 0.94 0.94 1.04      0      0   8751
pse_exactobject  swamptreec                                10187     684.49     977.97      81.65 0.96 0.96 0.79      0      0   4579
pse_exactobject  swamptreec                                10188     809.27     964.85      89.69 2.00 2.00 2.01      0      0   2970
pse_exactobject  swamptreeb                                10189     816.13     918.95      89.40 0.80 0.80 0.75      0      0   9540
pse_exactobject  swamptreed                                10190    1230.71    1005.66      87.14 1.73 1.73 1.59      0      0   9891
pse_exactobject  swamptreec                                10191    1527.88     956.78      81.62 1.23 1.23 1.46      0      0  10914
pse_exactobject  swamptreec                                10192    1642.50     986.47      89.58 1.16 1.16 1.39      0      0   3085
pse_exactobject  swamptreec                                10193    1637.56     954.21      89.81 0.80 0.80 0.83      0      0  12648
pse_exactobject  swamptreec                                10194    1605.91     993.68      88.99 1.04 1.04 1.23      0      0  14635
pse_exactobject  swamptreea                                10195    1793.24     961.37      89.97 0.80 0.80 0.69      0      0    456
pse_exactobject  swamptreed                                10196    1868.98     934.93      46.05 0.80 0.80 0.81      0      0  10864
pse_exactobject  swamptreed                                10197     680.30    1032.36      81.21 0.82 0.82 0.91      0      0   8046
pse_exactobject  swamptreed                                10198     697.87    1050.20      81.80 0.80 0.80 0.76      0      0   7903
pse_exactobject  swamptreed                                10199     817.76    1009.84      89.49 0.99 0.99 0.85      0      0   4984
pse_exactobject  swamptreea                                10200    1515.00    1001.12      81.77 0.80 0.80 0.85      0      0   3624
pse_exactobject  swamptreec                                10201    1494.86    1017.30      81.22 0.85 0.85 0.74      0      0  14443
pse_exactobject  swamptreed                                10202    1504.86    1074.31      81.45 0.91 0.91 0.76      0      0    480
pse_exactobject  swamptreec                                10203    1512.31    1037.49      80.70 0.80 0.80 0.79      0      0    912
pse_exactobject  swamptreeb                                10204    1532.20    1056.50      81.75 0.80 0.80 0.96      0      0   3648
pse_exactobject  swamptreec                                10205    1535.28    1023.78      81.63 0.89 0.89 0.71      0      0   1161
pse_exactobject  swamptreec                                10206    1622.57    1023.54      88.77 1.07 1.07 1.06      0      0   9873
pse_exactobject  swamptreec                                10207    1668.76    1075.47      89.80 1.69 1.69 1.79      0      0   9361
pse_exactobject  swamptreed                                10208    1780.79     995.46      90.80 1.53 1.53 1.45      0      0  13970
pse_exactobject  swamptreed                                10209    1923.85    1043.82      45.34 1.69 1.69 1.70      0      0  11013
pse_exactobject  swamptreed                                10210     335.90    1111.83      87.22 1.51 1.51 1.32      0      0  11038
pse_exactobject  swamptreeb                                10211     344.37    1065.04      88.99 1.30 1.30 1.19      0      0  11044
pse_exactobject  swamptreeb                                10212     681.48    1092.27      81.62 1.93 1.93 1.55      0      0  11786
pse_exactobject  swamptreed                                10213     744.66    1103.04      81.25 1.54 1.54 1.85      0      0  16147
pse_exactobject  swamptreec                                10214     736.75    1057.81      83.55 1.19 1.19 0.95      0      0   6477
pse_exactobject  swamptreec                                10215     904.77    1135.31      89.58 1.59 1.59 1.69      0      0  13347
pse_exactobject  swamptreec                                10216    1482.87    1119.38      81.76 0.85 0.85 0.68      0      0   3159
pse_exactobject  swamptreea                                10217    1462.31    1089.90      80.57 1.18 1.18 1.10      0      0   5875
pse_exactobject  swamptreea                                10218    1517.26    1108.50      84.44 1.46 1.46 1.72      0      0  14625
pse_exactobject  swamptreec                                10219    1508.54    1141.68      85.77 0.80 0.80 0.84      0      0  12207
pse_exactobject  swamptreeb                                10220    1532.15    1146.56      85.86 0.80 0.80 0.90      0      0  13165
pse_exactobject  swamptreeb                                10221    1617.27    1099.21      88.58 1.95 1.95 1.87      0      0   9851
pse_exactobject  swamptreeb                                10222    1661.30    1119.01      89.53 0.80 0.80 0.96      0      0   5344
pse_exactobject  swamptreeb                                10223    1867.01    1112.99      59.70 1.06 1.06 0.91      0      0  10962
pse_exactobject  swamptreea                                10224    1935.30    1093.66      46.26 1.65 1.65 1.88      0      0   5730
pse_exactobject  swamptreeb                                10225    1892.64    1080.54      49.49 0.80 0.80 0.85      0      0  14182
pse_exactobject  swamptreeb                                10226    1885.24    1052.13      50.05 0.80 0.80 0.82      0      0   6106
pse_exactobject  swamptreed                                10227      94.08    1183.38      59.86 1.36 1.36 1.64      0      0  14343
pse_exactobject  swamptreea                                10228     365.36    1142.61      89.68 0.80 0.80 0.96      0      0   5432
pse_exactobject  swamptreeb                                10229     308.79    1150.40      84.16 1.20 1.20 1.34      0      0   1734
pse_exactobject  swamptreeb                                10230     497.09    1150.02      85.50 1.51 1.51 1.63      0      0  11449
pse_exactobject  swamptreec                                10231     540.46    1165.88      82.50 0.80 0.80 0.68      0      0   1114
pse_exactobject  swamptreeb                                10232     571.81    1167.94      83.15 0.94 0.94 0.92      0      0   6758
pse_exactobject  swamptreed                                10233     949.96    1161.18      89.32 1.33 1.33 1.38      0      0   8493
pse_exactobject  swamptreea                                10234     984.87    1187.69      89.33 0.80 0.80 0.64      0      0  14166
pse_exactobject  swamptreeb                                10235    1171.12    1183.73      88.59 0.80 0.80 0.64      0      0   1246
pse_exactobject  swamptreeb                                10236    1169.96    1145.49      89.19 1.09 1.09 1.17      0      0  11443
pse_exactobject  swamptreec                                10237    1152.55    1202.41      88.50 0.89 0.89 0.77      0      0   4326
pse_exactobject  swamptreec                                10238    1268.28    1141.14      84.79 1.56 1.56 1.65      0      0   1168
pse_exactobject  swamptreed                                10239    1279.78    1185.78      84.87 1.31 1.31 1.40      0      0   2304
pse_exactobject  swamptreed                                10240    1316.43    1175.03      83.98 1.19 1.19 1.20      0      0   2680
pse_exactobject  swamptreed                                10241    1320.86    1136.60      83.36 0.80 0.80 0.96      0      0   7144
pse_exactobject  swamptreea                                10242    1359.72    1173.19      82.14 1.37 1.37 1.55      0      0  12692
pse_exactobject  swamptreed                                10243    1480.77    1183.22      81.12 1.33 1.33 1.08      0      0  11222
pse_exactobject  swamptreeb                                10244    1516.06    1166.64      85.83 0.80 0.80 0.96      0      0  10657
pse_exactobject  swamptreec                                10245    1464.95    1146.97      81.29 0.92 0.92 1.11      0      0  11161
pse_exactobject  swamptreed                                10246    1514.12    1199.93      85.83 0.80 0.80 0.68      0      0  14416
pse_exactobject  swamptreec                                10247    1596.08    1176.81      85.17 1.55 1.55 1.29      0      0  10369
pse_exactobject  swamptreed                                10248    1629.12    1144.54      90.01 1.12 1.12 1.34      0      0   1101
pse_exactobject  swamptreeb                                10249    1634.19    1178.48      88.97 0.80 0.80 0.96      0      0  11177
pse_exactobject  swamptreec                                10250    1650.07    1201.02      89.71 0.80 0.80 0.75      0      0  11026
pse_exactobject  swamptreeb                                10251    1654.54    1159.28      89.26 0.80 0.80 0.80      0      0   9981
pse_exactobject  swamptreec                                10252    1866.76    1149.63      58.04 1.05 1.05 1.03      0      0   7065
pse_exactobject  swamptreea                                10253    1912.51    1157.76      53.62 1.86 1.86 2.23      0      0   7140
pse_exactobject  swamptreeb                                10254    1952.19    1164.79      47.03 0.80 0.80 0.69      0      0   4639
pse_exactobject  swamptreed                                10255    1948.69    1134.18      48.86 0.94 0.94 0.84      0      0   5411
pse_exactobject  swamptreed                                10256      95.46    1220.76      60.02 1.13 1.13 0.96      0      0    296
pse_exactobject  swamptreed                                10257     124.42    1195.06      60.68 0.80 0.80 0.89      0      0  14334
pse_exactobject  swamptreea                                10258     363.43    1217.68      88.94 2.00 2.00 1.60      0      0   3011
pse_exactobject  swamptreea                                10259     553.93    1203.70      81.72 0.93 0.93 0.86      0      0  12447
pse_exactobject  swamptreec                                10260     518.19    1211.15      90.74 0.98 0.98 0.80      0      0  13583
pse_exactobject  swamptreea                                10261     597.84    1203.75      81.04 1.64 1.64 1.31      0      0  15804
pse_exactobject  swamptreeb                                10262     825.17    1226.27      82.65 1.14 1.14 0.91      0      0  10494
pse_exactobject  swamptreea                                10263     950.80    1210.61      86.98 1.42 1.42 1.71      0      0   8053
pse_exactobject  swamptreeb                                10264     912.23    1179.33      87.27 1.21 1.21 1.46      0      0    601
pse_exactobject  swamptreeb                                10265     974.77    1237.82      89.60 0.80 0.80 0.69      0      0  11643
pse_exactobject  swamptreea                                10266    1117.62    1222.18      89.18 1.26 1.26 1.51      0      0  12805
pse_exactobject  swamptreec                                10267    1150.96    1230.36      88.26 0.80 0.80 0.88      0      0   6263
pse_exactobject  swamptreed                                10268    1252.84    1234.14      85.03 0.80 0.80 0.96      0      0  11140
pse_exactobject  swamptreea                                10269    1331.16    1218.94      84.03 1.13 1.13 1.06      0      0   6826
pse_exactobject  swamptreea                                10270    1478.66    1248.20      81.38 2.00 2.00 2.02      0      0  15038
pse_exactobject  swamptreec                                10271    1530.65    1222.22      85.91 1.01 1.01 0.99      0      0   7120
pse_exactobject  swamptreec                                10272    1619.63    1218.64      87.93 0.88 0.88 1.06      0      0   9986
pse_exactobject  swamptreec                                10273    1835.67    1191.37      61.39 1.56 1.56 1.49      0      0   3147
pse_exactobject  swamptreeb                                10274    1858.63    1263.53      61.81 1.62 1.62 1.63      0      0   1864
pse_exactobject  swamptreed                                10275    1870.55    1222.35      58.88 0.80 0.80 0.70      0      0  15229
pse_exactobject  swamptreeb                                10276    1895.56    1220.85      57.46 0.80 0.80 0.88      0      0  11193
pse_exactobject  swamptreeb                                10277    1904.16    1258.02      57.56 0.93 0.93 1.05      0      0  11638
pse_exactobject  swamptreeb                                10278    1922.67    1220.65      53.31 0.80 0.80 0.81      0      0    113
pse_exactobject  swamptreec                                10279    1931.40    1270.20      54.67 0.80 0.80 0.64      0      0  13263
pse_exactobject  swamptreec                                10280    1956.58    1201.60      46.02 0.80 0.80 0.71      0      0   3459
pse_exactobject  swamptreeb                                10281     737.86    1260.21      81.31 1.77 1.77 1.98      0      0   3541
pse_exactobject  swamptreec                                10282     699.73    1239.12      81.53 0.80 0.80 0.96      0      0  14397
pse_exactobject  swamptreeb                                10283     781.28    1229.91      81.39 1.43 1.43 1.25      0      0   5099
pse_exactobject  swamptreec                                10284     839.21    1285.16      81.15 1.60 1.60 1.68      0      0  12841
pse_exactobject  swamptreed                                10285     929.95    1276.32      83.63 2.00 2.00 1.60      0      0  15974
pse_exactobject  swamptreea                                10286     885.69    1249.99      83.43 0.80 0.80 0.91      0      0  13897
pse_exactobject  swamptreea                                10287     970.12    1302.77      87.12 0.87 0.87 0.99      0      0   9085
pse_exactobject  swamptreeb                                10288    1009.32    1299.09      89.17 1.71 1.71 1.63      0      0  13508
pse_exactobject  swamptreec                                10289    1124.79    1292.50      89.60 0.80 0.80 0.87      0      0   1239
pse_exactobject  swamptreed                                10290    1168.11    1294.72      86.47 1.64 1.64 1.53      0      0   2360
pse_exactobject  swamptreec                                10291    1272.04    1261.07      84.51 1.25 1.25 1.29      0      0  12453
pse_exactobject  swamptreed                                10292    1249.81    1308.49      83.98 1.07 1.07 1.19      0      0  13837
pse_exactobject  swamptreed                                10293    1290.85    1298.94      83.87 1.53 1.53 1.84      0      0   5167
pse_exactobject  swamptreec                                10294    1330.52    1261.12      83.71 1.58 1.58 1.51      0      0  10072
pse_exactobject  swamptreea                                10295    1362.01    1298.51      81.55 1.37 1.37 1.09      0      0  13778
pse_exactobject  swamptreec                                10296    1326.77    1296.76      83.68 0.80 0.80 0.78      0      0   7423
pse_exactobject  swamptreea                                10297    1390.96    1257.51      81.72 0.91 0.91 0.78      0      0   4164
pse_exactobject  swamptreea                                10298    1500.30    1285.25      81.46 0.80 0.80 0.66      0      0     31
pse_exactobject  swamptreec                                10299    1593.06    1259.61      85.64 1.40 1.40 1.43      0      0  13088
pse_exactobject  swamptreed                                10300    1607.84    1325.64      89.69 0.95 0.95 1.01      0      0  10154
pse_exactobject  swamptreed                                10301    1613.18    1299.69      89.68 0.80 0.80 0.91      0      0   3230
pse_exactobject  swamptreeb                                10302    1646.73    1268.28      89.63 1.48 1.48 1.78      0      0   4181
pse_exactobject  swamptreec                                10303    1648.95    1225.64      89.96 0.80 0.80 0.64      0      0    161
pse_exactobject  swamptreea                                10304    1773.51    1259.10      89.57 1.38 1.38 1.45      0      0   2993
pse_exactobject  swamptreea                                10305    1951.71    1341.76      46.07 0.87 0.87 0.70      0      0  12536
pse_exactobject  swamptreea                                10306    1900.07    1338.97      57.08 1.56 1.56 1.25      0      0  10903
pse_exactobject  swamptreea                                10307    1905.39    1299.07      58.00 0.89 0.89 0.96      0      0   6877
pse_exactobject  swamptreed                                10308    1952.30    1291.24      45.97 0.80 0.80 0.73      0      0   9930
pse_exactobject  swamptreea                                10309    1960.28    1246.12      45.66 0.80 0.80 0.80      0      0  11714
pse_exactobject  swamptreec                                10310     266.37    1361.31      89.99 1.18 1.18 1.05      0      0  16193
pse_exactobject  swamptreed                                10311     296.44    1380.16      90.04 0.84 0.84 0.98      0      0    162
pse_exactobject  swamptreeb                                10312     299.94    1349.51      89.91 0.80 0.80 0.88      0      0   6107
pse_exactobject  swamptreea                                10313     646.44    1380.35      81.80 2.00 2.00 2.13      0      0   6368
pse_exactobject  swamptreeb                                10314     618.24    1340.52      82.07 1.08 1.08 0.89      0      0   5237
pse_exactobject  swamptreed                                10315     841.39    1329.02      81.63 1.03 1.03 1.10      0      0   2286
pse_exactobject  swamptreea                                10316     888.80    1371.72      81.62 0.80 0.80 0.70      0      0  16218
pse_exactobject  swamptreec                                10317     941.47    1395.11      83.88 1.95 1.95 1.67      0      0  11315
pse_exactobject  swamptreec                                10318     976.50    1346.93      84.59 2.00 2.00 1.70      0      0   1124
pse_exactobject  swamptreea                                10319    1016.27    1363.14      85.73 0.83 0.83 0.81      0      0  13673
pse_exactobject  swamptreea                                10320    1231.16    1343.22      81.98 1.46 1.46 1.18      0      0   2738
pse_exactobject  swamptreea                                10321    1269.80    1341.85      81.70 1.04 1.04 1.03      0      0   5911
pse_exactobject  swamptreeb                                10322    1324.79    1360.35      81.62 1.87 1.87 2.24      0      0   8703
pse_exactobject  swamptreec                                10323    1308.21    1398.05      81.77 0.80 0.80 0.80      0      0  11491
pse_exactobject  swamptreed                                10324    1344.80    1397.01      81.64 0.80 0.80 0.68      0      0    989
pse_exactobject  swamptreec                                10325    1369.15    1343.23      81.52 1.24 1.24 0.99      0      0  10729
pse_exactobject  swamptreea                                10326    1500.46    1341.90      81.20 1.51 1.51 1.37      0      0   8184
pse_exactobject  swamptreec                                10327    1516.93    1306.41      81.11 0.80 0.80 0.87      0      0   9682
pse_exactobject  swamptreeb                                10328    1522.72    1382.66      81.92 0.83 0.83 0.89      0      0   2782
pse_exactobject  swamptreea                                10329    1634.88    1352.28      89.64 0.88 0.88 0.98      0      0   5700
pse_exactobject  swamptreeb                                10330    1612.39    1365.14      89.70 0.80 0.80 0.90      0      0   2310
pse_exactobject  swamptreed                                10331    1633.71    1388.79      89.94 0.80 0.80 0.87      0      0   4614
pse_exactobject  swamptreeb                                10332    1634.88    1326.15      89.85 0.80 0.80 0.94      0      0   2833
pse_exactobject  swamptreec                                10333    1775.05    1336.27      89.48 1.73 1.73 1.44      0      0   3941
pse_exactobject  swamptreeb                                10334    1772.13    1380.53      89.04 1.15 1.15 1.34      0      0  16207
pse_exactobject  swamptreed                                10335    1866.67    1317.87      62.77 0.80 0.80 0.65      0      0   8662
pse_exactobject  swamptreec                                10336    1954.57    1367.57      45.34 0.80 0.80 0.85      0      0   7301
pse_exactobject  swamptreec                                10337      98.38    1420.20      89.58 1.99 1.99 2.39      0      0  15068
pse_exactobject  swamptreeb                                10338     110.45    1372.69      90.03 0.80 0.80 0.96      0      0   2542
pse_exactobject  swamptreeb                                10339     589.77    1420.79      86.08 1.09 1.09 1.15      0      0   6416
pse_exactobject  swamptreeb                                10340     623.36    1456.81      85.99 1.27 1.27 1.01      0      0    367
pse_exactobject  swamptreeb                                10341     620.81    1421.75      85.88 0.80 0.80 0.64      0      0   7433
pse_exactobject  swamptreec                                10342     696.55    1417.43      82.00 2.00 2.00 1.60      0      0   7671
pse_exactobject  swamptreec                                10343     653.11    1424.38      85.99 0.80 0.80 0.88      0      0  15800
pse_exactobject  swamptreeb                                10344     744.45    1434.34      81.75 0.80 0.80 0.78      0      0   3159
pse_exactobject  swamptreec                                10345     885.97    1411.45      82.05 1.12 1.12 1.34      0      0   6654
pse_exactobject  swamptreeb                                10346     867.14    1384.37      81.42 0.80 0.80 0.76      0      0   5657
pse_exactobject  swamptreec                                10347     966.93    1430.65      83.36 0.80 0.80 0.96      0      0   6243
pse_exactobject  swamptreea                                10348    1012.46    1412.49      81.93 2.00 2.00 2.39      0      0  11161
pse_exactobject  swamptreeb                                10349    1230.48    1383.00      83.12 0.80 0.80 0.66      0      0  11956
pse_exactobject  swamptreed                                10350    1276.28    1385.19      81.23 1.43 1.43 1.19      0      0   2245
pse_exactobject  swamptreed                                10351    1538.57    1429.91      84.71 1.60 1.60 1.71      0      0   3312
pse_exactobject  swamptreea                                10352    1570.47    1452.39      90.03 0.80 0.80 0.82      0      0   5922
pse_exactobject  swamptreed                                10353    1728.10    1424.31      89.81 1.56 1.56 1.56      0      0  12134
pse_exactobject  swamptreeb                                10354      97.67    1477.70      90.00 0.92 0.92 0.99      0      0   7191
pse_exactobject  swamptreeb                                10355     118.40    1457.67      89.96 0.80 0.80 0.74      0      0   3937
pse_exactobject  swamptreeb                                10356     363.28    1482.81      89.58 1.10 1.10 1.15      0      0    448
pse_exactobject  swamptreea                                10357     379.55    1441.33      89.70 0.93 0.93 1.12      0      0   7135
pse_exactobject  swamptreec                                10358     661.21    1490.34      85.73 1.72 1.72 2.06      0      0   8304
pse_exactobject  swamptreec                                10359     602.77    1521.66      90.08 1.79 1.79 2.14      0      0    395
pse_exactobject  swamptreeb                                10360     711.77    1466.25      85.68 0.94 0.94 0.93      0      0   2516
pse_exactobject  swamptreed                                10361     720.86    1497.20      86.00 0.80 0.80 0.86      0      0     37
pse_exactobject  swamptreea                                10362     769.57    1468.96      82.21 0.85 0.85 0.80      0      0   8527
pse_exactobject  swamptreec                                10363    1498.35    1495.40      89.75 2.00 2.00 1.66      0      0  10457
pse_exactobject  swamptreec                                10364     592.26    1480.30      89.25 0.80 0.80 0.96      0      0  13084
pse_exactobject  swamptreed                                10365     640.43    1547.43      90.06 0.89 0.89 0.73      0      0   7587
pse_exactobject  swamptreed                                10366     703.28    1589.29      89.56 1.48 1.48 1.48      0      0   6359
pse_exactobject  swamptreeb                                10367     691.03    1540.71      90.02 1.30 1.30 1.04      0      0   5142
pse_exactobject  swamptreec                                10368     668.79    1567.54      89.94 0.80 0.80 0.89      0      0  15815
pse_exactobject  swamptreed                                10369     749.90    1554.54      85.46 1.82 1.82 1.66      0      0  15260
pse_exactobject  swamptreea                                10370     783.43    1589.00      85.70 1.33 1.33 1.07      0      0   9763
pse_exactobject  swamptreec                                10371     788.82    1499.70      85.69 1.42 1.42 1.44      0      0  10690
pse_exactobject  swamptreea                                10372     807.99    1539.57      85.57 1.30 1.30 1.22      0      0    128
pse_exactobject  swamptreec                                10373    1138.04    1559.12      81.38 1.33 1.33 1.49      0      0   4955
pse_exactobject  swamptreeb                                10374    1171.90    1567.88      83.98 0.81 0.81 0.70      0      0   1779
pse_exactobject  swamptreeb                                10375    1151.66    1524.09      82.78 1.16 1.16 1.04      0      0   5832
pse_exactobject  swamptreeb                                10376     151.84    1634.72      89.74 0.87 0.87 0.77      0      0  15221
pse_exactobject  swamptreec                                10377     131.12    1612.43      89.80 1.07 1.07 0.89      0      0  15223
pse_exactobject  swamptreeb                                10378     434.12    1644.38      61.46 0.80 0.80 0.94      0      0  10022
pse_exactobject  swamptreec                                10379     439.56    1606.30      66.69 1.04 1.04 1.24      0      0   9594
pse_exactobject  swamptreea                                10380     743.80    1601.51      89.42 1.24 1.24 1.13      0      0  14023
pse_exactobject  swamptreed                                10381     922.41    1589.26      83.35 0.80 0.80 0.96      0      0  15387
pse_exactobject  swamptreed                                10382     978.88    1641.27      85.81 2.00 2.00 2.39      0      0   7400
pse_exactobject  swamptreeb                                10383    1167.94    1600.67      85.82 1.15 1.15 1.25      0      0   2657
pse_exactobject  swamptreeb                                10384    1230.89    1618.83      89.99 1.71 1.71 1.69      0      0   7832
pse_exactobject  swamptreed                                10385    1203.11    1593.12      86.09 0.80 0.80 0.65      0      0  15747
pse_exactobject  swamptreeb                                10386    1265.02    1600.59      89.96 0.80 0.80 0.74      0      0  10016
pse_exactobject  swamptreeb                                10387     168.95    1685.40      89.12 1.91 1.91 2.10      0      0  12127
pse_exactobject  swamptreed                                10388     406.17    1692.25      64.21 1.39 1.39 1.66      0      0  14038
pse_exactobject  swamptreea                                10389     374.51    1714.13      65.94 1.05 1.05 0.97      0      0  10926
pse_exactobject  swamptreeb                                10390     457.46    1651.73      65.33 0.80 0.80 0.96      0      0   9600
pse_exactobject  swamptreeb                                10391     655.08    1698.00      89.85 2.00 2.00 2.40      0      0  10150
pse_exactobject  swamptreec                                10392     605.01    1673.87      89.55 1.57 1.57 1.51      0      0  11330
pse_exactobject  swamptreeb                                10393     719.26    1703.74      89.62 0.80 0.80 0.78      0      0   8102
pse_exactobject  swamptreea                                10394     916.22    1668.63      89.32 1.10 1.10 0.88      0      0   2565
pse_exactobject  swamptreeb                                10395     935.61    1633.45      85.56 0.80 0.80 0.84      0      0   6285
pse_exactobject  swamptreec                                10396     952.41    1685.11      89.85 0.93 0.93 0.74      0      0     84
pse_exactobject  swamptreea                                10397     997.92    1681.53      89.88 0.83 0.83 0.87      0      0   4549
pse_exactobject  swamptreea                                10398    1425.61    1682.29      89.51 1.31 1.31 1.05      0      0    641
pse_exactobject  swamptreeb                                10399    1464.96    1661.35      91.21 0.80 0.80 0.73      0      0   9178
pse_exactobject  swamptreea                                10400     157.15    1780.98      58.72 2.00 2.00 2.16      0      0   3232
pse_exactobject  swamptreea                                10401     287.74    1766.81      73.76 0.90 0.90 0.83      0      0   1014
pse_exactobject  swamptreec                                10402     434.21    1724.70      60.88 0.80 0.80 0.91      0      0   7495
pse_exactobject  swamptreeb                                10403     417.83    1768.93      63.27 1.54 1.54 1.23      0      0   5449
pse_exactobject  swamptreea                                10404     463.57    1763.17      60.77 1.15 1.15 1.00      0      0   2368
pse_exactobject  swamptreec                                10405     406.17    1726.30      62.94 0.80 0.80 0.71      0      0  12956
pse_exactobject  swamptreeb                                10406     506.54    1715.36      65.37 1.17 1.17 1.16      0      0  14450
pse_exactobject  swamptreeb                                10407     519.92    1767.96      63.16 1.69 1.69 1.55      0      0   3509
pse_exactobject  swamptreed                                10408     477.21    1731.86      62.87 0.81 0.81 0.71      0      0   2664
pse_exactobject  swamptreed                                10409     567.69    1739.88      67.95 1.29 1.29 1.21      0      0   7958
pse_exactobject  swamptreec                                10410     602.37    1763.22      68.51 0.90 0.90 0.91      0      0  15700
pse_exactobject  swamptreea                                10411     697.58    1717.06      89.52 0.82 0.82 0.89      0      0   9505
pse_exactobject  swamptreed                                10412     731.65    1728.08      89.71 0.80 0.80 0.96      0      0   1620
pse_exactobject  swamptreea                                10413     236.96    1789.87      74.19 1.92 1.92 1.94      0      0   1903
pse_exactobject  swamptreed                                10414     283.65    1805.82      75.52 0.80 0.80 0.96      0      0   2751
pse_exactobject  swamptreea                                10415     341.96    1822.69      73.28 1.40 1.40 1.12      0      0   1485
pse_exactobject  swamptreea                                10416     309.94    1808.40      74.53 0.93 0.93 0.94      0      0   8943
pse_exactobject  swamptreed                                10417     480.33    1791.22      61.13 0.80 0.80 0.88      0      0   5786
pse_exactobject  swamptreea                                10418     564.29    1780.43      63.76 1.34 1.34 1.48      0      0   2931
pse_exactobject  swamptreeb                                10419     641.61    1779.53      68.62 1.38 1.38 1.61      0      0   2004
pse_exactobject  swamptreea                                10420     951.61    1789.02      89.78 0.80 0.80 0.73      0      0   8393
pse_exactobject  swamptreeb                                10421    1003.50    1815.20      89.41 1.94 1.94 2.33      0      0  11650
pse_exactobject  swamptreed                                10422     196.88    1891.85      56.87 1.31 1.31 1.33      0      0    418
pse_exactobject  swamptreea                                10423     232.30    1844.38      62.21 0.84 0.84 0.92      0      0   3786
pse_exactobject  swamptreed                                10424     282.32    1834.07      75.68 1.01 1.01 0.81      0      0   7465
pse_exactobject  swamptreea                                10425     324.43    1864.34      75.79 0.90 0.90 0.91      0      0  15550
pse_exactobject  swamptreec                                10426     376.20    1846.19      75.12 0.89 0.89 0.87      0      0   9076
pse_exactobject  swamptreea                                10427     476.55    1886.15      70.26 0.80 0.80 0.90      0      0  11455
pse_exactobject  swamptreeb                                10428     433.59    1874.28      75.66 1.96 1.96 2.31      0      0   5882
pse_exactobject  swamptreeb                                10429     547.58    1878.14      62.33 1.46 1.46 1.17      0      0  13485
pse_exactobject  swamptreea                                10430     513.14    1888.24      65.47 0.84 0.84 0.99      0      0  14642
pse_exactobject  swamptreec                                10431     619.54    1869.29      60.34 1.79 1.79 1.70      0      0    846
pse_exactobject  swamptreea                                10432     682.97    1891.41      55.69 1.46 1.46 1.74      0      0   7604
pse_exactobject  swamptreeb                                10433     659.47    1860.80      59.07 0.85 0.85 0.68      0      0  11411
pse_exactobject  swamptreeb                                10434    1114.49    1890.39      65.83 2.00 2.00 2.07      0      0  14491
pse_exactobject  swamptreed                                10435    1364.32    1861.40      49.86 2.00 2.00 2.02      0      0   2844
pse_exactobject  swamptreeb                                10436     161.40    1947.09      50.31 0.99 0.99 1.04      0      0  16257
pse_exactobject  swamptreeb                                10437     229.95    1936.09      59.01 1.57 1.57 1.33      0      0   1617
pse_exactobject  swamptreea                                10438     185.71    1930.50      53.59 0.80 0.80 0.64      0      0   2847
pse_exactobject  swamptreec                                10439     233.02    1897.90      60.99 0.80 0.80 0.96      0      0   4137
pse_exactobject  swamptreec                                10440     349.52    1901.76      71.70 2.00 2.00 1.91      0      0  12317
pse_exactobject  swamptreed                                10441     306.04    1905.06      69.16 0.80 0.80 0.84      0      0  13769
pse_exactobject  swamptreea                                10442     637.36    1909.67      59.56 1.08 1.08 1.07      0      0   4650
pse_exactobject  swamptreeb                                10443    1092.50    1935.17      61.95 0.80 0.80 0.94      0      0  11277
pse_exactobject  swamptreed                                10444     193.37    1958.85      53.15 0.83 0.83 0.92      0      0   6048
pse_exactobject  swamptreed                                10445    1260.08    1642.77      89.83 0.80 0.80 0.76      0      0   3941
pse_exactobject  swamptreea                                10446    1226.51     919.81      89.02 1.32 1.32 1.28      0      0   2131
pse_exactobject  swamptreed                                10447      74.84    1532.20      89.78 1.02 1.02 1.07      0      0  10489
pse_exactobject  swamptreea                                10448      78.12    1495.43      89.62 1.41 1.41 1.25      0      0  12560
pse_exactobject  swamptreed                                10449    1439.90     160.07      90.08 1.09 1.09 1.07      0      0  12994
pse_exactobject  swamptreed                                10450    1557.57     108.18      87.35 0.80 0.80 0.91      0      0   9560
pse_exactobject  swamptreec                                10451    1650.32     209.88      80.91 0.80 0.80 0.69      0      0  11477
pse_exactobject  swamptreea                                10452    1846.11     303.82      66.29 2.00 2.00 1.82      0      0  13955
pse_exactobject  swamptreed                                10453    1833.80     600.78      68.72 1.00 1.00 1.00      0      0      0
pse_exactobject  swamptreec                                10454    1887.62     677.57      57.21 1.00 1.00 1.00      0      0      0
pse_exactobject  swamptreeb                                10455    1885.92     643.36      59.81 1.00 1.00 1.00      0      0      0
pse_exactobject  swamptreea                                10456    1889.18     592.19      60.86 1.00 1.00 1.00      0      0      0
pse_exactobject  swamptreec                                10457    1787.05     605.80      81.03 1.40 1.40 1.40      0      0      0
pse_exactobject  swamptreed                                10458    1817.89     726.90      58.84 1.64 1.64 1.64      0      0      0
pse_exactobject  swamptreec                                10459     178.08     989.49      70.12 1.07 1.07 0.86      0      0   4279
pse_exactobject  swamptreed                                10460    1468.14     146.57      90.06 1.21 1.21 1.29      0      0   1406
pse_exactobject  warpgate_small                            10461     174.85    1070.78      66.32 1.00 1.00 1.00      0      0  15074 "Map99_Gate_One"
pse_exactobject  warpgate_small                            10462    1467.85    1824.95      62.31 1.00 1.00 1.00      0      0  16084 "Map99_Gate_Two"
pse_exactobject  swamptreeb                                10463    1585.86    1876.46      62.92 1.93 1.93 2.32      0      0   6590
pse_exactobject  warpgate_small                            10464    1523.98     213.04      89.09 1.00 1.00 1.00      0      0   5241 "Map99_Gate_Three"
pse_exactobject  swamptreea                                10465     288.28     195.19      64.58 1.59 1.59 1.39      0      0  15864
pse_exactobject  swamptreeb                                10466    1982.39    1662.18      88.37 0.80 0.80 0.92      0      0   1555
pse_exactobject  swamptreed                                10467    1947.10    1641.13      88.55 1.23 1.23 1.34      0      0   8575
pse_exactobject  swamptreeb                                10468    1915.29    1594.72      88.54 1.52 1.52 1.75     25     54  15486
pse_exactobject  swamptreeb                                10469    1968.53    1601.49      81.75 1.02 1.02 0.99      0      0   4889
pse_exactobject  swamptreec                                10470    1959.45    1630.59      88.08 0.94 0.94 0.92      0      0   2331
pse_exactobject  swamptreed                                10471    1990.44    1676.47      87.27 0.80 0.80 0.75      0      0   3394
pse_exactobject  swamptreea                                10472    1952.58    1705.28      88.54 0.80 0.80 0.96      0      0   3001
pse_exactobject  swamptreed                                10473    1942.38    1742.13      88.41 1.05 1.05 1.24      0      0   8526
pse_exactobject  swamptreec                                10474    1920.14    1762.78      88.53 1.21 1.21 1.11      0      0   2665
pse_exactobject  swamptreec                                10475    1900.53    1799.59      88.50 0.80 0.80 0.69      0      0   2791
pse_exactobject  swamptreea                                10476    1889.15    1824.32      88.44 0.80 0.80 0.65      0      0  12670
pse_exactobject  swamptreec                                10477    1650.83    1760.50      68.27 0.82 0.82 0.73      0      0   3062
pse_exactobject  swamptreeb                                10478    1666.21    1729.83      74.78 1.00 1.00 1.01      0      0    964
pse_exactobject  swamptreec                                10479     340.34     952.30      87.96 0.80 0.80 0.71      0      0  12082
pse_exactobject  swamptreed                                10480     737.68     435.84      85.29 1.25 1.25 1.00      0      0  12082
pse_exactobject  swamptreea                                10481     920.74     396.42      85.87 0.93 0.93 1.12      0      0   8168
pse_exactobject  swamptreea                                10482    1125.90     389.64      84.65 0.80 0.80 0.78      0      0   3850
pse_exactobject  swamptreeb                                10483    1162.94     610.30      84.45 2.00 2.00 2.02      0      0  16375
pse_exactobject  swamptreeb                                10484    1250.65     767.87      89.67 0.80 0.80 0.73      0      0   7291
pse_exactobject  swamptreed                                10485    1281.64     965.76      88.55 1.49 1.49 1.19      0      0   2839
pse_exactobject  swamptreec                                10486     775.01    1184.26      83.60 1.74 1.74 1.45      0      0   4035
pse_exactobject  swamptreec                                10487     799.34    1262.27      82.00 1.47 1.47 1.38      0      0  13102
pse_exactobject  swamptreea                                10488     883.66    1328.37      81.90 0.82 0.82 0.92      0      0    103
pse_exactobject  swamptreec                                10489     487.45    1009.18      86.76 1.22 1.22 1.24      0      0  12355
pse_exactobject  swamptreea                                10490    1013.32    1608.74      82.62 1.18 1.18 1.34      0      0   2166
pse_exactobject  swamptreeb                                10491     902.06    1308.64      82.72 1.34 1.34 1.47      0      0  10683
pse_exactobject  swamptreeb                                10492    1382.73     852.73      86.12 1.39 1.39 1.35      0      0   6896
pse_exactobject  swamptreed                                10493    1404.03     799.84      82.54 1.51 1.51 1.58      0      0   1328
pse_exactobject  swamptreeb                                10494    1816.25    1887.64      79.51 1.00 1.00 1.00      0      0      0
pse_exactobject  swamptreea                                10495    1792.61    1877.39      79.65 1.33 1.33 1.56      0      0  14801
pse_exactobject  swamptreea                                10496    1762.58    1852.76      81.48 1.56 1.56 1.25      0      0  12739
pse_exactobject  swamptreea                                10497    1695.55    1781.11      88.55 0.80 0.80 0.74      0      0   1100
pse_exactobject  swamptreec                                10498    1665.82    1782.61      71.45 1.85 1.85 2.22      0      0   2363
pse_exactobject  swamptreec                                10499     482.73     324.56      88.34 1.46 1.46 1.72      0      0   3375
pse_exactobject  swamptreea                                10500     438.81     342.27      86.10 1.05 1.05 1.05      0      0   9019
pse_exactobject  swamptreec                                10501     359.39     285.12      76.96 1.17 1.17 1.07      0      0   7028
pse_exactobject  swamptreea                                10502     363.75     245.31      83.92 0.80 0.80 0.81      0      0  13370
pse_exactobject  swamptreeb                                10503     327.15     280.76      65.94 1.12 1.12 1.02      0      0  14952
pse_exactobject  swamptreec                                10504     555.54     125.50      88.44 0.80 0.80 0.86      0      0  16264
pse_exactobject  swamptreec                                10505     584.35     154.93      88.56 0.80 0.80 0.92      0      0  14951
pse_exactobject  swamptreed                                10506     586.26     121.78      88.54 0.99 0.99 0.85      0      0   5232
pse_exactobject  swamptreed                                10507     561.70     170.60      88.54 0.85 0.85 0.88      0      0    917
pse_exactobject  swamptreea                                10508     323.43    1488.35      87.99 1.38 1.38 1.53      0      0  16206
pse_exactobject  swamptreec                                10509     115.99    1558.16      87.99 1.88 1.88 1.78      0      0   4056
pse_exactobject  swamptreed                                10510     127.23    1405.89      87.99 0.84 0.84 1.01      0      0  10830
pse_exactobject  swamptreed                                10511     226.20    1340.81      88.12 2.00 2.00 1.65      0      0   2175
pse_exactobject  swamptreec                                10512    1140.14    1317.15      87.48 2.00 2.00 2.40      0      0   8949
pse_exactobject  swamptreed                                10513    1348.41    1711.61      88.96 1.04 1.04 1.19      0      0   7808
pse_exactobject @swamptreec                               100000    1662.35    1487.58      89.46 2.00 2.00 2.40      0      0   9412
pse_exactobject @swamptreeb                               100001    1624.73    1454.71      91.18 0.81 0.81 0.97      0      0  11727
pse_exactobject @swamptreed                               100002    1681.84    1449.72      90.09 0.80 0.80 0.83      0      0    914
pse_exactobject @swamptreed                               100003    1728.50    1482.23      87.04 1.85 1.85 2.23      0      0   9610
pse_exactobject @swamptreed                               100004    1809.68    1486.24      72.33 1.66 1.66 1.85      0      0   4232
pse_exactobject @swamptreea                               100005    1628.67    1515.81      89.53 0.80 0.80 0.64      0      0   2338
pse_exactobject @swamptreeb                               100006    1702.46    1558.74      84.76 0.96 0.96 0.77      0      0   1602
pse_exactobject @swamptreed                               100007    1705.35    1606.78      72.43 1.20 1.20 1.16      0      0  16226
pse_exactobject @swamptreed                               100008    1754.55    1587.68      78.50 1.28 1.28 1.53      0      0   4806
pse_exactobject @swamptreeb                               100009    1859.17    1536.68      84.00 1.21 1.21 0.97      0      0   1534
pse_exactobject  swamptreec                                10514     800.52     725.16      87.00 1.39 1.39 1.20      0      0    460
pse_exactobject  swamptreeb                                10515    1452.29    1705.46      88.90 1.12 1.12 0.99      0      0   2003
pse_exactobject  swamptreeb                                10516    1526.26    1919.26      52.16 1.80 1.80 2.16      0      0  11309
pse_exactobject  swamptreed                                10517     253.73     992.04      67.10 0.80 0.80 0.75      0      0   4059
pse_exactobject  swamptreed                                10518     268.41    1148.01      80.46 1.20 1.20 0.96      0      0   9046
pse_exactobject  swamptreea                                10519     692.46    1190.26      84.00 0.80 0.80 0.94      0      0   3295
pse_exactobject  swamptreeb                                10520     362.40    1587.55      84.47 1.33 1.33 1.43      0      0    907
pse_exactobject  swamptreeb                                10521     339.99    1616.61      82.50 0.80 0.80 0.79      0      0   2730
pse_exactobject  swamptreed                                10522     416.40      99.66      76.19 1.40 1.40 1.48      0      0   3835
pse_exactobject  swamptreeb                                10523     388.80     117.65      80.70 0.80 0.80 0.96      0      0  12514
pse_exactobject  swamptreec                                10524     321.66     112.06      54.17 0.96 0.96 1.02      0      0   3505
pse_exactobject  swamptreed                                10525     255.87     160.32      45.77 1.05 1.05 1.18      0      0   9732
pse_exactobject  swamptreeb                                10526    1184.83    1770.47      80.25 0.91 0.91 1.02      0      0  16117
pse_exactobject  swamptreeb                                10527     385.15     296.99      84.76 0.96 0.96 0.93      0      0   6474
pse_exactobject  swamptreeb                                10528    1847.92    1868.04      88.19 1.65 1.65 1.34      0      0    822
pse_exactobject @swamptreec                               100010    1744.98    1643.09      78.89 1.17 1.17 1.38      0      0   6743
pse_exactobject  swamptreec                                10529    1436.36     279.47      90.32 0.80 0.80 0.74      0      0  13552
pse_exactobject  swamptreea                                10530    1345.60    1129.61      82.93 1.35 1.35 1.25      0      0   6727
pse_exactobject  swamptreec                                10531    1319.66    1084.33      81.88 1.89 1.89 2.25      0      0   9571
pse_exactobject  swamptreec                                10532    1429.08    1922.17      60.03 1.46 1.46 1.17      0      0   7583
pse_exactobject  swamptreea                                10533    1503.63     706.56      85.42 1.91 1.91 1.71      0      0   9598
