pse_link bunker_gauntlet_1 bunker_gauntlet_1
pse_link bunker_gauntlet_2 bunker_gauntlet_1
pse_link bunker_gauntlet_3 bunker_gauntlet_1
pse_link bunker_gauntlet_4 bunker_gauntlet_1
pse_link bunker_gauntlet_5 bunker_gauntlet_1
pse_link bunker_gauntlet_6 bunker_gauntlet_1
pse_link Blue_Base amp_station_6
pse_link Indigo_Base comm_station_6
pse_link Red_Gun_Tower tower_a_1
pse_link Red_Air_Tower tower_c_1
pse_link Indigo_Air_Tower tower_c_1
pse_link Indigo_Gun_Tower tower_a_1
pse_link Blue_Gun_Tower tower_a_1
pse_link Blue_Air_Tower tower_c_1
pse_link Red_Watch_Tower tower_b_1
pse_link Indigo_Watch_Tower tower_b_1
pse_link Blue_Watch_Tower tower_b_1
pse_link Red_Base cryo_facility_6
pse_link bunker_lg_19 bunker_lg_1
pse_link bunker_sm_20 bunker_sm_1
pse_link bunker_sm_21 bunker_sm_1
pse_link bunker_sm_22 bunker_sm_1
pse_link bunker_sm_23 bunker_sm_1
