pse_relativeobject ext_barrier_heavy -62.2974 -62.9438 -0.2300 1 1 1 0 0 -6121
pse_relativeobject ext_barrier_medium 43.0840 -78.9277 -0.2500 1 1 1 0 0 0
pse_relativeobject ext_barrier_medium -31.9656 87.8581 -0.2500 1 1 1 0 0 8055
pse_relativeobject ext_sandbags_a -62.1164 41.0830 -0.2300 1 1 1 0 0 2366
pse_relativeobject ext_sandbags_a -1.5024 -60.2158 6.0575 1 1 1 -325 0 0
pse_relativeobject ext_sandbags_a 40.1393 -29.6124 9.4507 1 1 1 225 109 2917
pse_relativeobject ext_sandbags_a -50.4480 29.0575 8.9294 1 1 1 172 57 -4936
pse_relativeobject ext_sandbags_b 17.7579 67.4468 9.3875 1 1 1 127 129 6124
pse_relativeobject ext_sandbags_b -83.8352 78.3328 -0.2300 1 1 1 0 0 -4096
pse_relativeobject ext_barrier_heavy 21.6109 76.5602 -0.2300 1 1 1 0 0 -4096
pse_relativeobject ext_barrier_heavy 21.6526 66.7412 -0.2300 1 1 1 0 0 4096
pse_relativeobject ext_sandbags_a 60.3837 92.0129 -0.2300 1 1 1 0 0 -2980
pse_relativeobject ext_barrier_heavy -40.6963 -92.2055 -0.2300 1 1 1 0 0 0
pse_relativeobject ext_barrier_heavy -57.3874 -92.2055 -0.2300 1 1 1 0 0 0
pse_relativeobject ext_sandbags_b -74.7928 -99.2029 -0.2300 1 1 1 0 0 -637
pse_relativeobject ext_sandbags_a -26.8839 -99.5461 -0.2300 1 1 1 0 0 -2594
pse_relativeobject ext_sandbags_b 71.4514 68.5032 13.3210 1 1 1 0 0 2161
pse_relativeobject ext_sandbags_b -75.4694 -12.2243 8.2117 1 1 1 0 0 6144
pse_relativeobject ext_sandbags_a -14.5292 102.0450 8.1991 1 1 1 0 0 3072
pse_relativeobject ext_sandbags_a 70.0544 -83.1804 8.2136 1 1 1 0 0 7259
pse_relativeobject ext_sandbags_a 69.8527 10.2964 8.2100 1 1 1 0 0 7145
pse_relativeobject ext_barrier_medium 37.2243 3.0000 0.0000 1 1 1 0 0 -1365
pse_relativeobject ext_barrier_medium 37.2243 -3.0000 0.0000 1 1 1 0 0 1365
pse_relativeobject BFR_building -15.2005 -77.7000 -0.5000 1 1 1 0 0 -6144
