pse_relativeobject ext_barrier_heavy -62.7302 -60.0655 -0.2300 1 1 1 0 0 -5256
pse_relativeobject ext_barrier_medium 43.0840 -78.9277 -0.2500 1 1 1 0 0 0
pse_relativeobject ext_barrier_medium -28.7950 87.8581 -0.2500 1 1 1 0 0 8055
pse_relativeobject ext_sandbags_a -62.1164 41.0830 -0.2300 1 1 1 0 0 2366
pse_relativeobject ext_barrier_medium 36.5900 3.0761 -0.0500 1 1 1 0 0 -1206
pse_relativeobject ext_barrier_medium 36.5900 -3.0760 -0.0500 1 1 1 0 0 1206
pse_relativeobject ext_sandbags_a 24.3745 -29.6124 10.2999 1 1 1 0 0 2912
pse_relativeobject ext_sandbags_a -62.9811 29.0575 8.2009 1 1 1 0 0 -4937
pse_relativeobject ext_sandbags_b 17.7579 92.3146 8.2003 1 1 1 0 0 6121
pse_relativeobject ext_sandbags_b -84.9540 78.3328 -0.2300 1 1 1 0 0 -4096
pse_relativeobject ext_barrier_heavy 21.6109 76.5602 -0.2300 1 1 1 0 0 -4096
pse_relativeobject ext_barrier_heavy 21.6526 66.7412 -0.2300 1 1 1 0 0 4096
pse_relativeobject ext_barrier_heavy -40.6963 -87.3232 -0.2300 1 1 1 0 0 0
pse_relativeobject ext_barrier_heavy -57.3874 -87.3232 -0.2300 1 1 1 0 0 0
pse_relativeobject ext_sandbags_b -74.7928 -99.9750 -0.2300 1 1 1 0 0 -637
pse_relativeobject ext_sandbags_a -26.5117 -99.5461 -0.2300 1 1 1 0 0 -2594
pse_relativeobject ext_sandbags_b 71.4514 68.5032 13.3210 1 1 1 0 0 2161
pse_relativeobject ext_sandbags_b -76.0123 -10.9437 8.2117 1 1 1 0 0 6144
pse_relativeobject ext_sandbags_a -49.7636 99.0990 8.1991 1 1 1 0 0 3072
pse_relativeobject ext_sandbags_a 69.6358 -86.2967 8.2136 1 1 1 0 0 7259
pse_relativeobject ext_sandbags_a 69.8527 25.9835 8.2100 1 1 1 0 0 7145
pse_relativeobject ext_sandbags_a 10.0373 -83.8493 -0.2300 1 1 1 0 0 -7486
pse_relativeobject ext_sandbags_a 16.2636 -93.8682 8.2085 1 1 1 0 0 -4960
pse_relativeobject ext_sandbags_a 59.7984 86.5228 -0.2300 1 1 1 0 0 -295
pse_relativeobject ext_sandbags_a 53.7699 91.5151 -0.2300 1 1 1 0 0 -5484
pse_relativeobject ext_sandbags_b 55.4741 87.5007 -0.2300 1 1 1 0 0 -3845
pse_relativeobject ext_barrier_heavy 59.9551 -19.0595 -0.2300 1 1 1 0 0 0
pse_relativeobject ext_sandbags_a 63.9704 77.1935 13.3097 1 1 1 0 0 -5120
pse_relativeobject ext_sandbags_a 63.9704 60.1929 13.3097 1 1 1 0 0 -5120
pse_relativeobject ext_sandbags_a -35.9218 -37.2445 -0.2300 1 1 1 0 0 1888
pse_relativeobject ext_sandbags_a -41.1503 -34.6459 -0.2300 1 1 1 0 0 -6303
pse_relativeobject ext_sandbags_b -39.6342 -38.1225 -0.2300 1 1 1 0 0 -3276
pse_relativeobject ext_sandbags_a 65.9008 -51.0764 8.2127 1 1 1 0 0 7099
pse_relativeobject ext_sandbags_a -30.3320 25.9127 10.1980 1 1 1 0 0 -5051
pse_relativeobject ext_sandbags_a 54.9643 -25.9173 8.1967 1 1 1 0 0 3094
pse_relativeobject ext_sandbags_a -1.4934 -78.7821 8.1946 1 1 1 0 0 -955
pse_relativeobject ext_sandbags_a -1.7943 -44.4498 5.3075 1 1 1 0 0 -955
pse_relativeobject ext_sandbags_a 16.7783 51.9207 10.3345 1 1 1 0 0 -1069
pse_relativeobject ext_sandbags_a 34.9302 59.0336 -0.2300 1 1 1 0 0 -2366
pse_relativeobject ext_sandbags_b 38.4972 62.8510 -0.2300 1 1 1 0 0 2958
pse_relativeobject ext_sandbags_a 33.5244 63.9257 -0.2300 1 1 1 0 0 -6872
pse_relativeobject ext_barrier_heavy -62.9530 -78.1884 -0.2300 1 1 1 0 0 0
pse_relativeobject ext_barrier_heavy -35.0489 -78.1884 -0.2300 1 1 1 0 0 0
pse_relativeobject ext_sandbags_b 5.9929 101.2370 8.1929 1 1 1 0 0 2093
pse_relativeobject ext_sandbags_b 51.3215 101.2160 8.2000 1 1 1 0 0 2116
pse_relativeobject ext_sandbags_b 66.7025 -6.4614 8.2027 1 1 1 0 0 -2048
pse_relativeobject ext_sandbags_b 52.5885 21.3035 -0.2300 1 1 1 0 0 6235
pse_relativeobject ext_sandbags_a 49.5627 17.0886 -0.2300 1 1 1 0 0 -3595
pse_relativeobject ext_sandbags_a 54.9708 16.7534 -0.2300 1 1 1 0 0 910
pse_relativeobject ext_sandbags_b -55.4067 -7.8499 0.0000 1 1 1 0 0 -1979
pse_relativeobject ext_barrier_medium -49.4621 -96.7568 13.0560 1 1 1 0 0 0
pse_relativeobject ext_sandbags_b -74.6110 -75.8541 8.2117 1 1 1 0 0 6144
pse_relativeobject ext_sandbags_a -74.0657 38.9768 8.1889 1 1 1 0 0 -978
pse_relativeobject ext_sandbags_a -77.6412 83.5430 8.1889 1 1 1 0 0 -978
pse_relativeobject BFR_building -15.2005 -77.7000 -0.5000 1 1 1 0 0 -6144


