pse_relativeobject ext_barrier_heavy -62.7302 -60.0655 -0.2300 1 1 1 0 0 -5256
pse_relativeobject ext_barrier_medium 43.0840 -78.9277 -0.2500 1 1 1 0 0 0
pse_relativeobject ext_barrier_medium -28.7950 87.7786 -0.2500 1 1 1 0 0 8055
pse_relativeobject ext_sandbags_a -62.1164 41.0830 -0.2300 1 1 1 0 0 2366
pse_relativeobject ext_barrier_medium 36.5084 3.0765 -0.0451 1 1 1 0 0 -1206
pse_relativeobject ext_sandbags_a -1.5024 -60.2158 6.0575 1 1 1 -325 0 0
pse_relativeobject ext_sandbags_a 40.1393 -29.6124 9.4507 1 1 1 225 109 2917
pse_relativeobject ext_sandbags_a -50.4480 29.0575 8.9294 1 1 1 172 57 -4936
pse_relativeobject ext_sandbags_b 17.7579 67.4468 9.3875 1 1 1 127 129 6124
pse_relativeobject ext_sandbags_b -84.9540 78.3328 -0.2300 1 1 1 0 0 -4096
pse_relativeobject ext_barrier_heavy 21.6109 76.5602 -0.2300 1 1 1 0 0 -4096
pse_relativeobject ext_barrier_heavy 21.6526 66.7412 -0.2300 1 1 1 0 0 4096
pse_relativeobject ext_barrier_heavy -40.6963 -92.2607 -0.2300 1 1 1 0 0 0
pse_relativeobject ext_barrier_heavy -57.3874 -92.2607 -0.2300 1 1 1 0 0 0
pse_relativeobject ext_sandbags_a -26.5117 -99.5461 -0.2300 1 1 1 0 0 -2594
pse_relativeobject ext_sandbags_b 71.4514 68.5032 13.3210 1 1 1 0 0 2161
pse_relativeobject ext_sandbags_b -75.4694 -12.2243 8.2117 1 1 1 0 0 6144
pse_relativeobject ext_sandbags_a -14.5292 102.0450 8.1991 1 1 1 0 0 3072
pse_relativeobject ext_sandbags_a 70.0544 -83.1804 8.2136 1 1 1 0 0 7259
pse_relativeobject ext_sandbags_a 69.8527 10.2964 8.2100 1 1 1 0 0 7145
pse_relativeobject ext_sandbags_a 8.9688 -83.8493 -0.2300 1 1 1 0 0 -7190
pse_relativeobject ext_sandbags_a 34.4732 -93.8682 8.2085 1 1 1 0 0 -4960
pse_relativeobject ext_sandbags_a 59.7984 86.5228 -0.2300 1 1 1 0 0 -295
pse_relativeobject ext_sandbags_a 53.7699 91.5151 -0.2300 1 1 1 0 0 -5484
pse_relativeobject ext_sandbags_b 55.4741 87.5007 -0.2300 1 1 1 0 0 -3845
pse_relativeobject ext_barrier_heavy 59.9551 -19.0595 -0.2300 1 1 1 0 0 0
pse_relativeobject ext_sandbags_a 63.9704 77.1935 13.3097 1 1 1 0 0 -5120
pse_relativeobject ext_sandbags_a 63.9704 60.1929 13.3097 1 1 1 0 0 -5120
pse_relativeobject ext_sandbags_a -29.0853 -71.6619 -0.2300 1 1 1 0 0 2480
pse_relativeobject ext_sandbags_a -31.8271 -68.3549 -0.2300 1 1 1 0 0 6985
pse_relativeobject ext_sandbags_b -33.2548 -72.1670 -0.2300 1 1 1 0 0 -4073
pse_relativeobject ext_sandbags_a 70.0216 -41.5029 8.2127 1 1 1 0 0 7099
pse_relativeobject ext_barrier_medium 36.5084 -3.0765 -0.0451 1 1 1 8192 0 1206
