pse_relativeobject ext_barrier_heavy -64.8359 -62.9320 -0.2300 1 1 1 0 0 -6781
pse_relativeobject ext_barrier_medium -28.7950 87.8581 -0.2500 1 1 1 0 0 -8192
pse_relativeobject ext_sandbags_b 58.8640 36.4998 -0.2300 1 1 1 0 0 -5415
pse_relativeobject ext_sandbags_a -62.1164 41.0830 -0.2300 1 1 1 0 0 2366
pse_relativeobject ext_barrier_medium 36.6425 3.0322 -0.0500 1 1 1 0 0 -1137
pse_relativeobject ext_sandbags_a -1.5712 -60.7325 6.1254 1 1 1 -301 -103 -858
pse_relativeobject ext_sandbags_a 20.4353 71.6052 9.1126 1 1 1 166 72 7124
pse_relativeobject ext_sandbags_a 69.8304 10.0243 8.2046 1 1 1 0 0 7213
pse_relativeobject ext_sandbags_a -73.8406 -9.3894 8.1900 1 1 1 0 0 7304
pse_relativeobject ext_sandbags_a -18.9801 101.9090 8.1820 1 1 1 0 0 2935
pse_relativeobject ext_sandbags_a 39.3939 -89.9920 8.2003 1 1 1 0 0 -5370
pse_relativeobject ext_sandbags_b 59.2397 91.6876 -0.2300 1 1 1 0 0 -4073
pse_relativeobject ext_sandbags_b -83.9736 85.6431 -0.2300 1 1 1 0 0 8055
pse_relativeobject ext_sandbags_b -75.2323 -99.4410 -0.2300 1 1 1 0 0 -2958
pse_relativeobject ext_sandbags_a 76.8589 46.3365 -0.2300 1 1 1 0 0 2252
pse_relativeobject ext_sandbags_b 75.8513 89.6933 -0.2300 1 1 1 0 0 3800
pse_relativeobject ext_barrier_heavy 21.1176 77.6422 -0.2300 1 1 1 0 0 4096
pse_relativeobject ext_barrier_heavy 21.1173 66.5936 -0.2300 1 1 1 0 0 4096
pse_relativeobject ext_sandbags_b -45.7055 29.2494 9.2455 1 1 1 134 122 -6027
pse_relativeobject ext_sandbags_a -20.2623 -27.0837 10.2027 1 1 1 0 0 -4801
pse_relativeobject ext_sandbags_a 19.1599 -22.7168 10.2027 1 1 1 0 0 1752
pse_relativeobject ext_sandbags_b 59.9248 -20.4644 -0.2300 1 1 1 0 0 6166
pse_relativeobject ext_sandbags_b 59.3911 -29.2530 8.2018 1 1 1 0 0 -6553
pse_relativeobject ext_barrier_heavy 39.1710 -77.5415 -0.2300 1 1 1 0 0 0
pse_relativeobject ext_sandbags_a -67.8915 25.3237 -0.2300 1 1 1 0 0 -955
pse_relativeobject ext_barrier_medium 36.6425 -3.0322 -0.0500 1 1 1 8192 0 1137
pse_relativeobject BFR_building -15.2005 -77.7000 -0.5000 1 1 1 0 0 -6144