pse_relativeobject ext_barrier_medium 91.0759 6.6877 -0.2500 1 1 1 0 0 3549
pse_relativeobject ext_barrier_medium 42.7960 161.7170 -0.2500 1 1 1 0 0 -1547
pse_relativeobject ext_sandbags_a -55.4915 -47.9288 -0.2300 1 1 1 0 0 2844
pse_relativeobject ext_sandbags_b -16.4757 112.0110 -0.2300 1 1 1 0 0 -3891
pse_relativeobject ext_sandbags_b -50.1971 92.8630 13.4591 1 1 1 0 0 8100
pse_relativeobject ext_sandbags_a 45.4238 -63.9233 13.2090 1 1 1 0 0 955
pse_relativeobject ext_sandbags_a 56.4192 -52.8586 13.2090 1 1 1 0 0 1274
pse_relativeobject ext_sandbags_b 97.9403 73.7388 -0.2300 1 1 1 0 0 -887
pse_relativeobject ext_sandbags_b 88.1895 74.0028 -0.2300 1 1 1 0 0 -3117
pse_relativeobject ext_sandbags_a -12.4124 57.7263 5.9068 1 1 1 -144 -66 7078
pse_relativeobject ext_sandbags_a -69.4828 14.8571 8.0000 1 1 1 0 0 7304
pse_relativeobject ext_sandbags_a -69.5722 -14.1468 8.0000 1 1 1 0 0 -1024
pse_relativeobject ext_sandbags_a -20.0064 -77.5440 8.0000 1 1 1 0 0 2958
pse_relativeobject ext_sandbags_a 24.4483 12.0890 12.5510 1 1 1 0 0 -1774
pse_relativeobject ext_sandbags_a 23.3805 16.4868 12.5510 1 1 1 0 0 -7190
pse_relativeobject ext_sandbags_a -55.2700 22.1374 -0.2300 1 1 1 0 0 -4687
pse_relativeobject ext_sandbags_a -50.5497 20.3192 -0.2300 1 1 1 0 0 955
pse_relativeobject ext_sandbags_a -51.4038 25.2435 -0.2300 1 1 1 0 0 6030
pse_relativeobject ext_sandbags_a -22.3051 -6.8409 12.5510 1 1 1 0 0 -3367
pse_relativeobject ext_sandbags_a -22.2620 -1.3893 12.5510 1 1 1 0 0 -7304
pse_relativeobject ext_sandbags_a 116.4290 127.7850 8.0000 1 1 1 0 0 7213
pse_relativeobject ext_barrier_medium -10.3312 -67.6158 -0.2500 1 1 1 0 0 -4096
pse_relativeobject ext_sandbags_a 56.5793 18.1657 11.4651 1 1 1 256 147 2737
pse_relativeobject ext_sandbags_a 79.8810 21.9300 9.0335 1 1 1 236 136 2736
pse_relativeobject ext_sandbags_a -8.6554 88.9275 7.6371 1 1 1 -126 -52 7169
pse_relativeobject ext_sandbags_a -22.8133 23.8035 5.1000 1 1 1 0 0 -7577
pse_relativeobject ext_sandbags_a -69.5504 46.2684 8.0000 1 1 1 0 0 7395
pse_relativeobject ext_sandbags_a -65.7254 -56.4809 8.0000 1 1 1 0 0 -978
pse_relativeobject ext_sandbags_a 48.6641 139.5080 5.1000 1 1 1 0 0 -7213
pse_relativeobject ext_sandbags_a 47.0812 124.9670 5.1000 1 1 1 0 0 -5211
pse_relativeobject ext_sandbags_a 48.2448 110.0950 5.1000 1 1 1 0 0 -3276
pse_relativeobject ext_sandbags_b -37.3327 -2.8629 5.1684 1 1 1 14 17 -6348
pse_relativeobject ext_sandbags_b 28.7128 -4.1323 -0.2300 1 1 1 0 0 2048
pse_relativeobject ext_sandbags_b -2.7603 135.4900 8.0000 1 1 1 0 0 4141
pse_relativeobject ext_sandbags_a 56.1572 174.1460 8.0000 1 1 1 0 0 -5051
pse_relativeobject ext_sandbags_b 106.9800 59.3264 -0.2300 1 1 1 0 0 -3982
pse_relativeobject ext_barrier_medium -53.0610 85.1196 -0.2500 1 1 1 0 0 2048
pse_relativeobject ext_barrier_medium -42.4056 95.7772 -0.2500 1 1 1 0 0 2048
pse_relativeobject ext_sandbags_b 73.7393 -19.3292 -0.2300 1 1 1 0 0 -6212
pse_relativeobject ext_sandbags_a -36.1557 37.1868 -0.2300 1 1 1 0 0 -6849
pse_relativeobject ext_sandbags_a -31.7460 39.9152 -0.2300 1 1 1 0 0 7668
pse_relativeobject ext_barrier_heavy -10.2675 58.5348 -0.2300 1 1 1 0 0 4096
pse_relativeobject ext_sandbags_b 113.5090 43.6572 8.0000 1 1 1 0 0 -2025
pse_relativeobject ext_sandbags_b 45.2136 -53.6034 13.2090 1 1 1 0 0 8146
pse_relativeobject ext_sandbags_a -39.0487 33.3483 -0.2300 1 1 1 0 0 -6599
pse_relativeobject ext_sandbags_a 22.3125 -12.8492 -0.1484 1 1 1 0 0 -1137
pse_relativeobject ext_sandbags_a 88.8222 124.9670 5.1000 1 1 1 0 0 3117
pse_relativeobject ext_barrier_medium 47.2961 74.4758 -0.2500 1 1 1 0 0 4096
pse_relativeobject ext_barrier_heavy 60.9387 66.1387 0.0000 1 1 1 0 0 -1592
pse_relativeobject ext_barrier_heavy 75.7162 66.1387 0.0000 1 1 1 0 0 1592
pse_relativeobject ext_barrier_heavy -39.4710 82.0342 0.0000 1 1 1 0 0 2048
pse_relativeobject ext_barrier_heavy -10.2675 83.0017 -0.2300 1 1 1 0 0 4096
pse_relativeobject ext_sandbags_b 109.8630 18.8634 8.0000 1 1 1 0 0 2002
pse_relativeobject ext_sandbags_a 74.8735 -25.7334 8.0000 1 1 1 0 0 -3049
pse_relativeobject ext_sandbags_b 27.2520 15.0811 12.5510 1 1 1 0 0 2639
pse_relativeobject ext_sandbags_a 94.8541 170.1560 8.0000 1 1 1 0 0 3072
pse_relativeobject ext_sandbags_a -55.2941 -73.5932 8.0000 1 1 1 0 0 -5142
pse_relativeobject ext_sandbags_b -9.6103 -49.1899 6.0383 1 1 1 -276 -270 -2010
pse_relativeobject ext_sandbags_a 113.0620 152.5690 8.0000 1 1 1 0 0 -910
pse_relativeobject ext_sandbags_a 115.7370 96.4504 8.0000 1 1 1 0 0 -1001
pse_relativeobject ext_sandbags_a 16.6586 -73.6529 8.0000 1 1 1 0 0 -4915
