pse_relativeobject ext_barrier_medium 91.0759 6.6877 -0.2450 1 1 1 0 0 3549
pse_relativeobject ext_barrier_medium 42.7960 161.7170 -0.2500 1 1 1 0 0 -1547
pse_relativeobject ext_sandbags_a -55.4915 -47.9288 -0.2300 1 1 1 0 0 2844
pse_relativeobject ext_sandbags_b -15.9119 112.6650 -0.2300 1 1 1 0 0 -3754
pse_relativeobject ext_sandbags_b -49.9652 93.6555 13.2088 1 1 1 0 0 8100
pse_relativeobject ext_sandbags_a 45.2156 -64.2154 13.2090 1 1 1 0 0 955
pse_relativeobject ext_sandbags_a 56.2111 -51.9980 13.2090 1 1 1 0 0 1160
pse_relativeobject ext_sandbags_b 97.6009 65.9663 -0.2300 1 1 1 0 0 -887
pse_relativeobject ext_sandbags_b 87.8501 66.2303 -0.2300 1 1 1 0 0 -3117
pse_relativeobject ext_sandbags_a -12.4124 57.6809 5.9103 1 1 1 -144 -66 7078
pse_relativeobject ext_sandbags_a -69.6420 14.8961 8.0000 1 1 1 0 0 7304
pse_relativeobject ext_sandbags_a -65.8929 -14.1468 8.0000 1 1 1 0 0 -1024
pse_relativeobject ext_sandbags_a -20.0064 -77.7059 8.0000 1 1 1 0 0 2958
pse_relativeobject ext_sandbags_a 18.5194 17.4160 12.5510 1 1 1 0 0 -2298
pse_relativeobject ext_sandbags_a 18.3259 22.6098 12.5507 1 1 1 0 0 -7714
pse_relativeobject ext_sandbags_a 22.9182 19.7884 12.5510 1 1 1 0 0 2776
pse_relativeobject ext_sandbags_a -41.4595 40.4123 -0.2300 1 1 1 0 0 -5506
pse_relativeobject ext_sandbags_a -37.4414 37.1157 -0.2300 1 1 1 0 0 -91
pse_relativeobject ext_sandbags_a -36.3035 41.9823 -0.2300 1 1 1 0 0 4983
pse_relativeobject ext_sandbags_a -22.3051 -6.8409 12.5510 1 1 1 0 0 -3367
pse_relativeobject ext_sandbags_a -22.1594 -1.3893 12.5510 1 1 1 0 0 -7304
pse_relativeobject ext_barrier_medium -50.6058 105.3710 -0.2500 1 1 1 0 0 0
pse_relativeobject ext_barrier_medium -62.9159 93.7342 -0.2500 1 1 1 0 0 4096
pse_relativeobject ext_sandbags_a 124.7980 78.1680 -0.2300 1 1 1 0 0 1501
pse_relativeobject ext_sandbags_b 124.3700 88.9524 -0.2300 1 1 1 0 0 4346
pse_relativeobject ext_barrier_medium 53.8159 -61.6754 -0.2500 1 1 1 0 0 2048
pse_relativeobject ext_sandbags_a 115.6620 128.7450 8.0000 1 1 1 0 0 7031
pse_relativeobject ext_barrier_medium -16.8557 -67.5608 -0.2500 1 1 1 0 0 -4096
pse_relativeobject ext_sandbags_a 56.5793 19.1256 11.4638 1 1 1 236 136 2736
pse_relativeobject ext_sandbags_a 79.8810 22.1194 9.0369 1 1 1 236 136 2736
pse_relativeobject ext_sandbags_a -8.6554 88.9275 7.6389 1 1 1 -126 -52 7169
pse_relativeobject ext_sandbags_a -23.1941 24.2303 5.1002 1 1 1 0 0 -7577
pse_relativeobject BFR_building 8.9702 -62.8321 0.0000 1 1 1 0 0 6144
