pse_relativeobject ext_barrier_medium 91.0759 6.6877 -0.2500 1 1 1 0 0 3549
pse_relativeobject ext_barrier_medium 42.7960 161.7170 -0.2500 1 1 1 0 0 -1547
pse_relativeobject ext_sandbags_a -55.4915 -47.9288 -0.2300 1 1 1 0 0 2844
pse_relativeobject ext_sandbags_b -50.1971 92.8630 13.2090 1 1 1 0 0 8100
pse_relativeobject ext_sandbags_a 45.3715 -63.9233 -0.2300 1 1 1 0 0 955
pse_relativeobject ext_sandbags_a 56.3669 -52.8586 -0.2300 1 1 1 0 0 1274
pse_relativeobject ext_sandbags_b 97.9403 73.7388 -0.2300 1 1 1 0 0 -887
pse_relativeobject ext_sandbags_b 88.1895 74.0028 -0.2300 1 1 1 0 0 -3117
pse_relativeobject ext_sandbags_a -12.4124 57.7263 5.6768 1 1 1 -144 -66 7078
pse_relativeobject ext_sandbags_a -69.6931 14.8571 8.0000 1 1 1 0 0 7304
pse_relativeobject ext_sandbags_a -66.0601 -14.1468 8.0000 1 1 1 0 0 -1024
pse_relativeobject ext_sandbags_a -20.0064 -77.6791 8.0000 1 1 1 0 0 2958
pse_relativeobject ext_sandbags_a 13.7101 17.2676 12.5510 1 1 1 0 0 -4300
pse_relativeobject ext_sandbags_a 17.1788 21.1382 12.5510 1 1 1 0 0 6667
pse_relativeobject ext_sandbags_a 18.5224 15.9185 12.5510 1 1 1 0 0 773
pse_relativeobject ext_sandbags_a -52.3626 25.5336 -0.2300 1 1 1 0 0 7213
pse_relativeobject ext_sandbags_a -54.9508 21.0264 -0.2300 1 1 1 0 0 -3754
pse_relativeobject ext_sandbags_a -49.9632 20.7073 -0.2300 1 1 1 0 0 1319
pse_relativeobject ext_sandbags_a -22.4888 -7.1164 12.5510 1 1 1 0 0 -3367
pse_relativeobject ext_sandbags_a -22.3526 -1.0944 12.5510 1 1 1 0 0 -7304
pse_relativeobject ext_sandbags_a 114.9800 127.7850 8.0000 1 1 1 0 0 7213
pse_relativeobject ext_barrier_medium -17.5081 -67.7348 -0.2500 1 1 1 0 0 -4096
pse_relativeobject ext_sandbags_a 56.5793 18.1657 11.2351 1 1 1 256 147 2737
pse_relativeobject ext_sandbags_a 79.8810 21.9300 8.8035 1 1 1 236 136 2736
pse_relativeobject ext_sandbags_a -8.6554 88.9275 7.4071 1 1 1 -126 -52 7169
pse_relativeobject ext_sandbags_a -23.1665 24.1136 5.1000 1 1 1 0 0 -7395
pse_relativeobject ext_sandbags_a -65.4923 46.2684 8.0000 1 1 1 0 0 7395
pse_relativeobject ext_sandbags_a -69.6456 -55.4126 8.0000 1 1 1 0 0 -978
pse_relativeobject ext_sandbags_a 48.6784 139.5080 4.8500 1 1 1 0 0 -7213
pse_relativeobject ext_sandbags_a 47.0955 124.9670 4.8500 1 1 1 0 0 -5211
pse_relativeobject ext_sandbags_a 48.2591 110.0950 4.8500 1 1 1 0 0 -3276
pse_relativeobject ext_sandbags_b -37.3327 -2.8629 4.9384 1 1 1 14 17 -6348
pse_relativeobject ext_sandbags_b -60.2279 67.3621 -0.2300 1 1 1 0 0 773
pse_relativeobject ext_barrier_heavy -19.9951 107.0780 -0.2300 1 1 1 0 0 -2048
