pse_relativeobject ext_sandbags_b 25.5901 -68.3151 -0.2300 1 1 1 0 0 7281
pse_relativeobject ext_sandbags_b 57.9679 15.1995 -0.2300 1 1 1 0 0 -7600
pse_relativeobject ext_sandbags_a -54.9029 -48.5990 -0.2300 1 1 1 0 0 1228
pse_relativeobject ext_sandbags_a -12.3712 32.1041 5.2701 1 1 1 0 0 7259
pse_relativeobject ext_sandbags_a -8.8130 -39.8921 5.2646 1 1 1 0 0 -864
pse_relativeobject ext_sandbags_a -49.8879 -2.7221 7.1457 1 1 1 -492 -237 -5256
pse_relativeobject ext_sandbags_b -35.5499 78.9860 -0.2300 1 1 1 0 0 -6803
pse_relativeobject ext_sandbags_a -42.9550 -75.0287 8.1953 1 1 1 0 0 2821
pse_relativeobject ext_sandbags_a 50.6839 -59.0537 13.3083 1 1 1 0 0 932
pse_relativeobject ext_barrier_heavy -44.7004 59.2749 -0.2300 1 1 1 0 0 0
pse_relativeobject ext_barrier_heavy 47.4129 -55.8719 -0.2300 1 1 1 0 0 2048
pse_relativeobject ext_sandbags_a 39.4258 83.5590 -0.2300 1 1 1 0 0 4619
pse_relativeobject ext_sandbags_a 31.4007 83.4872 -0.2300 1 1 1 0 0 -6758
pse_relativeobject ext_sandbags_a 59.5558 -31.5616 -0.2300 1 1 1 0 0 -7509
pse_relativeobject ext_sandbags_a -69.6518 11.9663 8.1867 1 1 1 0 0 7236
pse_relativeobject ext_sandbags_a 66.2829 33.4362 8.2016 1 1 1 0 0 -841
pse_relativeobject ext_sandbags_a 29.4407 14.9500 12.6746 1 1 1 0 0 3709
pse_relativeobject ext_sandbags_b -12.7596 13.3156 12.6528 1 1 1 0 0 -8123
pse_relativeobject ext_barrier_heavy -50.5741 53.4718 -0.2300 1 1 1 0 0 4050
pse_relativeobject ext_sandbags_b 36.2039 -78.6023 -0.2300 1 1 1 0 0 1183
pse_relativeobject ext_sandbags_a -44.6592 53.4296 13.3073 1 1 1 0 0 1024
pse_relativeobject ext_barrier_medium -6.6544 68.0416 -0.2450 1 1 1 0 0 4096
pse_relativeobject ext_barrier_medium -18.0088 -67.7905 -0.2500 1 1 1 0 0 4096
pse_relativeobject ext_sandbags_a 27.3488 -10.0040 -0.2300 1 1 1 0 0 1683
pse_relativeobject ext_sandbags_a 28.3521 -4.9504 -0.2300 1 1 1 0 0 2685
pse_relativeobject ext_sandbags_a -26.1211 -77.4564 8.1969 1 1 1 0 0 -4983
pse_relativeobject ext_sandbags_a -67.4557 -38.0895 8.2074 1 1 1 0 0 -955
pse_relativeobject ext_sandbags_a -8.7185 66.8537 8.2058 1 1 1 0 0 7236
pse_relativeobject ext_sandbags_b 67.0419 -18.5168 8.1951 1 1 1 0 0 -1956
pse_relativeobject ext_sandbags_b -29.7387 20.9283 -0.2300 1 1 1 0 0 -8192
pse_relativeobject ext_sandbags_a 4.3517 29.9876 -0.2300 1 1 1 0 0 -6826
pse_relativeobject ext_sandbags_a -12.6265 49.2735 6.7089 1 1 1 -309 -143 7062
pse_relativeobject ext_sandbags_a -69.6518 -62.2361 8.1867 1 1 1 0 0 7236
pse_relativeobject ext_sandbags_a 12.0075 -74.2172 8.1969 1 1 1 0 0 -4983
pse_relativeobject ext_sandbags_a -16.9856 77.8684 8.2016 1 1 1 0 0 3003
pse_relativeobject ext_sandbags_a 17.7120 73.7464 8.2016 1 1 1 0 0 -5074
pse_relativeobject ext_sandbags_a 56.3760 77.8264 8.2016 1 1 1 0 0 2912
pse_relativeobject ext_sandbags_a 70.0113 58.6081 8.2016 1 1 1 0 0 -1115
pse_relativeobject ext_sandbags_b -25.0836 68.6961 0.0000 1 1 1 0 0 -864
pse_relativeobject ext_sandbags_a -60.7231 33.7016 0.0000 1 1 1 0 0 1729
pse_relativeobject ext_sandbags_b -60.6660 -22.2980 -0.2300 1 1 1 0 0 4004
pse_relativeobject ext_sandbags_a 22.7995 67.3248 -0.2300 1 1 1 0 0 1137
pse_relativeobject ext_sandbags_a 50.6490 -7.9494 0.0000 1 1 1 0 0 -682
pse_relativeobject ext_sandbags_b 22.1200 -38.3307 0.0000 1 1 1 0 0 -273
pse_relativeobject ext_sandbags_a 50.9033 21.9974 9.8348 1 1 1 486 194 3112
pse_relativeobject ext_sandbags_a 28.4531 23.9716 12.6746 1 1 1 0 0 4073
pse_relativeobject ext_sandbags_a -8.7071 -68.0964 8.1969 1 1 1 0 0 -1001
pse_relativeobject ext_sandbags_a -29.8501 -23.4418 5.1954 1 1 1 0 0 -3185
pse_relativeobject ext_sandbags_a -29.8501 14.7818 5.1954 1 1 1 0 0 -7122
pse_relativeobject ext_sandbags_a -19.9870 4.5871 5.1954 1 1 1 0 0 7190
pse_relativeobject ext_sandbags_a 5.6917 22.7450 5.1954 1 1 1 0 0 -7714
