pse_relativeobject ext_barrier_medium 91.0759 6.6877 -0.2500 1 1 1 0 0 3549
pse_relativeobject ext_barrier_medium 42.7960 161.6150 -0.2500 1 1 1 0 0 -1547
pse_relativeobject ext_sandbags_a -55.4915 -47.9288 -0.2300 1 1 1 0 0 2844
pse_relativeobject ext_sandbags_b -16.8792 111.5810 -0.2300 1 1 1 0 0 -4027
pse_relativeobject ext_sandbags_b -50.1971 92.8630 13.2090 1 1 1 0 0 8100
pse_relativeobject ext_sandbags_a 45.4238 -63.9233 13.2090 1 1 1 0 0 955
pse_relativeobject ext_sandbags_a 56.4192 -52.8586 13.2090 1 1 1 0 0 1274
pse_relativeobject ext_sandbags_b 97.9403 73.7388 -0.2300 1 1 1 0 0 -887
pse_relativeobject ext_sandbags_b 88.1895 74.0028 -0.2300 1 1 1 0 0 -3117
pse_relativeobject ext_sandbags_a -12.4124 57.7263 5.9068 1 1 1 -144 -66 7078
pse_relativeobject ext_sandbags_a -69.4913 14.8571 8.0000 1 1 1 0 0 7304
pse_relativeobject ext_sandbags_a -66.2069 -14.1468 8.0000 1 1 1 0 0 -1024
pse_relativeobject ext_sandbags_a -20.0064 -77.4334 8.0000 1 1 1 0 0 2958
pse_relativeobject ext_sandbags_a 24.7290 12.7549 12.5510 1 1 1 0 0 -910
pse_relativeobject ext_sandbags_a 23.2541 16.9798 12.5510 1 1 1 0 0 -7236
pse_relativeobject ext_sandbags_a -55.2700 22.1374 -0.2300 1 1 1 0 0 -4687
pse_relativeobject ext_sandbags_a -50.5497 20.3192 -0.2300 1 1 1 0 0 955
pse_relativeobject ext_sandbags_a -51.4038 25.2435 -0.2300 1 1 1 0 0 6030
pse_relativeobject ext_sandbags_a -22.3051 -6.8409 12.5510 1 1 1 0 0 -3367
pse_relativeobject ext_sandbags_a -22.2620 -1.3893 12.5510 1 1 1 0 0 -7304
pse_relativeobject ext_sandbags_a 115.2210 127.7850 8.3264 1 1 1 0 0 7213
pse_relativeobject ext_barrier_medium -10.3312 -67.6158 -0.2500 1 1 1 0 0 -4096
pse_relativeobject ext_sandbags_a 56.5793 18.1657 11.4651 1 1 1 256 147 2737
pse_relativeobject ext_sandbags_a 79.8810 21.9300 9.0335 1 1 1 236 136 2736
pse_relativeobject ext_sandbags_a -8.6554 88.9275 7.6371 1 1 1 -126 -52 7169
pse_relativeobject ext_sandbags_a -22.8133 23.8035 5.1000 1 1 1 0 0 -7577
pse_relativeobject ext_sandbags_a -65.6512 46.2684 8.0000 1 1 1 0 0 7395
pse_relativeobject ext_sandbags_a -69.3653 -56.4809 8.0000 1 1 1 0 0 -978
pse_relativeobject ext_sandbags_a 48.6641 139.5080 5.1000 1 1 1 0 0 -7213
pse_relativeobject ext_sandbags_a 47.0812 124.9670 5.1000 1 1 1 0 0 -5211
pse_relativeobject ext_sandbags_a 48.2448 110.0950 5.1000 1 1 1 0 0 -3276
pse_relativeobject ext_sandbags_b -37.3327 -2.8629 5.1684 1 1 1 14 17 -6348
pse_relativeobject ext_sandbags_b 27.8934 -4.1022 -0.2300 1 1 1 0 0 2070
pse_relativeobject ext_sandbags_b -2.1940 135.4900 8.0000 1 1 1 0 0 4141
pse_relativeobject ext_sandbags_a 56.1572 173.8920 8.0000 1 1 1 0 0 -5051
pse_relativeobject ext_sandbags_b 106.9800 59.3264 -0.2300 1 1 1 0 0 -3982
pse_relativeobject ext_barrier_medium -53.0610 85.1196 -0.2500 1 1 1 0 0 2048
pse_relativeobject ext_barrier_medium -42.4056 95.7772 -0.2500 1 1 1 0 0 2048
pse_relativeobject ext_sandbags_b 73.7393 -19.3292 -0.2300 1 1 1 0 0 -6212
pse_relativeobject ext_sandbags_a -35.8086 37.0755 -0.2300 1 1 1 0 0 -6849
pse_relativeobject ext_sandbags_a -32.1566 40.3291 -0.2300 1 1 1 0 0 -7714
pse_relativeobject ext_barrier_heavy -10.2675 58.5348 -0.2300 1 1 1 0 0 4096
pse_relativeobject ext_sandbags_b 113.5090 43.6572 8.3499 1 1 1 0 0 -2025
pse_relativeobject ext_sandbags_b 45.2136 -53.6034 13.2090 1 1 1 0 0 8146
pse_relativeobject ext_sandbags_a -38.7813 33.2126 -0.2300 1 1 1 0 0 -6599
pse_relativeobject ext_sandbags_a 22.4250 -11.4147 -0.1499 1 1 1 0 0 -1137
pse_relativeobject ext_sandbags_a 88.8222 124.9670 5.1000 1 1 1 0 0 3117
pse_relativeobject ext_barrier_medium 46.3076 74.4758 -0.2500 1 1 1 0 0 4096
pse_relativeobject ext_barrier_heavy 60.9387 66.1387 0.0000 1 1 1 0 0 -1592
pse_relativeobject ext_barrier_heavy 75.7162 66.1387 0.0000 1 1 1 0 0 1592
pse_relativeobject ext_barrier_heavy -39.4710 82.0342 0.0000 1 1 1 0 0 2048
pse_relativeobject ext_barrier_heavy -10.2675 83.0017 -0.2300 1 1 1 0 0 4096
pse_relativeobject ext_sandbags_b 109.8630 18.8634 8.3499 1 1 1 0 0 2002
pse_relativeobject ext_sandbags_a 74.8735 -25.7334 8.0000 1 1 1 0 0 -3049
pse_relativeobject ext_sandbags_b 26.4295 15.7403 12.5510 1 1 1 0 0 2958
pse_relativeobject ext_sandbags_a 94.8541 170.3720 8.0000 1 1 1 0 0 3072
pse_relativeobject BFR_building 8.9702 -62.8321 0.0000 1 1 1 0 0 6144
