pse_relativeobject ext_sandbags_b 22.7507 -66.7753 -0.2300 1 1 1 0 0 7805
pse_relativeobject ext_sandbags_b 56.6437 15.0577 -0.2300 1 1 1 0 0 -7600
pse_relativeobject ext_sandbags_a -54.9029 -48.5990 -0.2300 1 1 1 0 0 1228
pse_relativeobject ext_sandbags_a -12.3712 32.1041 5.2701 1 1 1 0 0 7259
pse_relativeobject ext_sandbags_a -8.8130 -39.8921 5.2646 1 1 1 0 0 -864
pse_relativeobject ext_sandbags_a -49.8879 -1.8590 7.1457 1 1 1 -492 -237 -5256
pse_relativeobject ext_sandbags_b -35.5499 78.9860 -0.2300 1 1 1 0 0 -6803
pse_relativeobject ext_sandbags_a -42.9550 -75.0287 8.1953 1 1 1 0 0 2821
pse_relativeobject ext_sandbags_a 50.6839 -59.0537 13.3083 1 1 1 0 0 932
pse_relativeobject ext_barrier_heavy -48.2541 68.5726 -0.2300 1 1 1 0 0 2048
pse_relativeobject ext_barrier_heavy 53.5231 -61.9853 -0.2300 1 1 1 0 0 2048
pse_relativeobject ext_sandbags_a 41.3913 84.0621 -0.2300 1 1 1 0 0 4892
pse_relativeobject ext_sandbags_a 29.4355 83.8111 -0.2300 1 1 1 0 0 -6758
pse_relativeobject ext_sandbags_a -69.6518 11.9663 8.1867 1 1 1 0 0 7236
pse_relativeobject ext_sandbags_a 66.2829 33.4362 8.2016 1 1 1 0 0 -841
pse_relativeobject ext_sandbags_a 28.7201 16.9926 12.6746 1 1 1 0 0 3026
pse_relativeobject ext_sandbags_b -12.7596 13.3156 12.6528 1 1 1 0 0 -8123
pse_relativeobject ext_barrier_heavy -59.9328 56.8876 -0.2300 1 1 1 0 0 2048
pse_relativeobject ext_sandbags_b 36.2039 -78.6023 -0.2300 1 1 1 0 0 1183
pse_relativeobject ext_sandbags_b -11.6055 67.7311 -0.2300 1 1 1 0 0 -5757
pse_relativeobject ext_sandbags_b 59.7798 -32.1631 -0.2300 1 1 1 0 0 -7168
pse_relativeobject BFR_building 3.4041 -63.2597 0.0000 1 1 1 0 0 6144

