pse_relativeobject ext_barrier_medium 91.0759 6.6877 -0.2500 1 1 1 0 0 3549
pse_relativeobject ext_barrier_medium 42.7960 161.7170 -0.2500 1 1 1 0 0 -1547
pse_relativeobject ext_sandbags_a -55.4915 -47.9288 -0.2300 1 1 1 0 0 2844
pse_relativeobject ext_sandbags_b -15.9831 112.5290 -0.2300 1 1 1 0 0 -3777
pse_relativeobject ext_sandbags_b -50.1971 92.8630 13.2090 1 1 1 0 0 8100
pse_relativeobject ext_sandbags_a 45.4238 -63.9233 13.2090 1 1 1 0 0 955
pse_relativeobject ext_sandbags_a 56.4192 -52.8586 13.2090 1 1 1 0 0 1274
pse_relativeobject ext_sandbags_b 97.9403 73.7388 -0.2300 1 1 1 0 0 -887
pse_relativeobject ext_sandbags_b 88.1895 74.0028 -0.2300 1 1 1 0 0 -3117
pse_relativeobject ext_sandbags_a -12.4124 57.7263 5.9068 1 1 1 -144 -66 7078
pse_relativeobject ext_sandbags_a -69.5810 14.8571 8.0000 1 1 1 0 0 7304
pse_relativeobject ext_sandbags_a -66.1089 -14.1468 8.0000 1 1 1 0 0 -1024
pse_relativeobject ext_sandbags_a -20.0064 -77.6120 7.2500 1 1 1 0 0 2958
pse_relativeobject ext_sandbags_a 13.7101 17.2676 12.5510 1 1 1 0 0 -4300
pse_relativeobject ext_sandbags_a 17.1788 21.1382 12.5510 1 1 1 0 0 6667
pse_relativeobject ext_sandbags_a 18.5224 15.9185 12.5510 1 1 1 0 0 773
pse_relativeobject ext_sandbags_a -54.4352 20.0632 -0.2300 1 1 1 0 0 -2776
pse_relativeobject ext_sandbags_a -49.5713 21.8948 -0.2300 1 1 1 0 0 2639
pse_relativeobject ext_sandbags_a -53.2168 25.3135 -0.2300 1 1 1 0 0 7714
pse_relativeobject ext_sandbags_a -22.3051 -6.8409 12.5510 1 1 1 0 0 -3367
pse_relativeobject ext_sandbags_a -22.2620 -1.3893 12.5510 1 1 1 0 0 -7304
pse_relativeobject ext_sandbags_a 114.9070 127.7850 8.0000 1 1 1 0 0 7213
pse_relativeobject ext_barrier_medium -10.3312 -67.6158 -0.2500 1 1 1 0 0 -4096
pse_relativeobject ext_sandbags_a 56.5793 18.1657 11.4651 1 1 1 256 147 2737
pse_relativeobject ext_sandbags_a 79.8810 21.9300 9.0335 1 1 1 236 136 2736
pse_relativeobject ext_sandbags_a -8.6554 88.9275 7.6371 1 1 1 -126 -52 7169
pse_relativeobject ext_sandbags_a -22.8133 23.8035 5.1000 1 1 1 0 0 -7577
pse_relativeobject ext_sandbags_a -65.4515 46.2684 8.0000 1 1 1 0 0 7395
pse_relativeobject ext_sandbags_a -69.5558 -56.4809 8.0000 1 1 1 0 0 -978
pse_relativeobject ext_sandbags_a 48.6641 139.5080 5.1000 1 1 1 0 0 -7213
pse_relativeobject ext_sandbags_a 47.0812 124.9670 5.1000 1 1 1 0 0 -5211
pse_relativeobject ext_sandbags_a 48.2448 110.0950 5.1000 1 1 1 0 0 -3276
pse_relativeobject ext_sandbags_b -37.3327 -2.8629 5.1684 1 1 1 14 17 -6348
pse_relativeobject ext_sandbags_b 28.4182 -4.1222 -0.2300 1 1 1 0 0 2116
pse_relativeobject ext_sandbags_b -2.6561 135.4900 8.0000 1 1 1 0 0 4141
pse_relativeobject ext_sandbags_a 53.6595 174.1610 8.0000 1 1 1 0 0 -5051
pse_relativeobject ext_sandbags_b 97.1117 49.4676 -0.2300 1 1 1 0 0 -3982
pse_relativeobject ext_barrier_medium -53.0610 85.1196 -0.2500 1 1 1 0 0 2048
pse_relativeobject ext_barrier_medium -42.4056 95.7772 -0.2500 1 1 1 0 0 2048
pse_relativeobject ext_sandbags_b 73.7393 -19.3292 -0.2300 1 1 1 0 0 -6212
pse_relativeobject ext_sandbags_a -37.2307 38.0050 -0.2300 1 1 1 0 0 -6849
pse_relativeobject ext_sandbags_a -32.8210 40.7334 -0.2300 1 1 1 0 0 7668
pse_relativeobject ext_barrier_heavy -10.2675 69.9287 -0.2300 1 1 1 0 0 4096
pse_relativeobject ext_sandbags_b 115.9610 39.8272 8.0000 1 1 1 0 0 -2025
pse_relativeobject ext_sandbags_b 45.2136 -53.6034 13.2090 1 1 1 0 0 8146
pse_relativeobject ext_sandbags_a -40.1237 34.1665 -0.2300 1 1 1 0 0 -6599
pse_relativeobject ext_sandbags_a 21.7103 -11.4147 -0.1488 1 1 1 0 0 -1023
pse_relativeobject BFR_building 8.9702 -62.8321 0.0000 1 1 1 0 0 6144
