pse_relativeobject ext_barrier_medium 9.9415 34.5319 -0.2500 1 1 1 0 0 -1661
pse_relativeobject ext_sandbags_b -59.0012 67.6270 -0.2300 1 1 1 0 0 0
pse_relativeobject ext_sandbags_b 26.8186 78.6795 -0.2300 1 1 1 0 0 2707
pse_relativeobject ext_sandbags_a 63.3167 43.0694 -0.2300 1 1 1 0 0 5529
pse_relativeobject ext_sandbags_b 51.6152 33.0724 -0.2300 1 1 1 0 0 -4915
pse_relativeobject ext_sandbags_a 60.0346 -59.1907 7.9968 1 1 1 0 0 -932
pse_relativeobject ext_sandbags_a -8.5344 47.7219 9.2989 1 1 1 347 109 7402
pse_relativeobject ext_sandbags_a 3.8681 7.4792 10.0131 1 1 1 0 0 7168
pse_relativeobject ext_sandbags_a -9.9646 -65.9761 9.0065 1 1 1 357 147 -1013
pse_relativeobject ext_sandbags_b -59.0766 -83.2693 -0.2300 1 1 1 0 0 4096
pse_relativeobject ext_sandbags_b 40.5538 -99.1525 -0.2300 1 1 1 0 0 0
pse_relativeobject ext_sandbags_a 29.9815 -99.5620 -0.2300 1 1 1 0 0 -2821
pse_relativeobject ext_sandbags_b -73.8821 -72.4627 -0.2300 1 1 1 0 0 -5916
pse_relativeobject ext_sandbags_b -73.3168 -31.6264 -0.2300 1 1 1 0 0 -6781
pse_relativeobject ext_barrier_medium 50.8327 -27.2621 -0.2500 1 1 1 0 0 0
pse_relativeobject ext_barrier_medium -58.9759 -3.9083 -0.2500 1 1 1 0 0 0
pse_relativeobject ext_sandbags_a -67.5129 45.1468 8.0048 1 1 1 0 0 8192
pse_relativeobject ext_barrier_heavy 35.2228 63.4342 -0.2300 1 1 1 0 0 -2048
pse_relativeobject ext_barrier_heavy 46.6321 52.3475 -0.2300 1 1 1 0 0 -2048
pse_relativeobject ext_sandbags_b -10.9754 -2.9900 10.0153 1 1 1 0 0 -6098
pse_relativeobject ext_sandbags_a 42.6569 57.6538 13.1085 1 1 1 0 0 5165
pse_relativeobject ext_sandbags_a -32.3575 -93.0865 7.9933 1 1 1 0 0 -5415
pse_relativeobject ext_sandbags_a 30.7586 -0.8824 10.1257 1 1 1 0 0 3026
pse_relativeobject ext_sandbags_a -20.9500 68.8112 -0.2300 1 1 1 0 0 1115
pse_relativeobject ext_barrier_heavy -66.4347 -52.1501 -0.2300 1 1 1 0 0 4096
pse_relativeobject ext_sandbags_a -39.6049 -5.7624 9.4151 1 1 1 277 103 -5023
pse_relativeobject ext_sandbags_b 29.1927 -89.4727 8.0092 1 1 1 0 0 2048
pse_relativeobject ext_sandbags_b -43.2466 43.5460 -0.2300 1 1 1 0 0 -5939
pse_relativeobject ext_sandbags_a -40.7812 40.2473 -0.2300 1 1 1 0 0 -1774
pse_relativeobject ext_sandbags_b -36.5414 -31.5639 -0.2300 1 1 1 0 0 -5688
pse_relativeobject ext_sandbags_a -33.7370 -34.3919 -0.2300 1 1 1 0 0 -1092
pse_relativeobject ext_sandbags_a -11.0270 19.9391 10.0020 1 1 1 0 0 3072
pse_relativeobject ext_sandbags_a -37.2127 41.0689 -0.2300 1 1 1 0 0 864
