pse_relativeobject ext_barrier_medium 9.9415 33.7362 -0.2450 1 1 1 0 0 -1661
pse_relativeobject ext_sandbags_a 62.4664 43.4020 -0.2300 1 1 1 0 0 6712
pse_relativeobject ext_sandbags_a 60.0346 -59.1907 7.9968 1 1 1 0 0 -932
pse_relativeobject ext_sandbags_a -8.5344 47.7219 9.2989 1 1 1 347 109 7402
pse_relativeobject ext_sandbags_a 3.8681 7.4792 10.0131 1 1 1 0 0 7168
pse_relativeobject ext_sandbags_a -9.9646 -65.9761 9.0065 1 1 1 357 147 -1013
pse_relativeobject ext_sandbags_a 29.9815 -99.5620 -0.2300 1 1 1 0 0 -2821
pse_relativeobject ext_barrier_medium 50.8327 -27.2621 -0.2450 1 1 1 0 0 0
pse_relativeobject ext_barrier_medium -58.7315 -3.0434 -0.2450 1 1 1 0 0 0
pse_relativeobject ext_sandbags_a -68.0525 59.2076 8.0048 1 1 1 0 0 7281
pse_relativeobject ext_barrier_heavy 30.6822 58.6680 -0.2300 1 1 1 0 0 -2048
pse_relativeobject ext_barrier_heavy 42.0916 47.5813 -0.2300 1 1 1 0 0 -2048
pse_relativeobject ext_sandbags_a 42.6569 57.6538 13.1085 1 1 1 0 0 5165
pse_relativeobject ext_sandbags_a -32.3575 -93.0865 7.9933 1 1 1 0 0 -5415
pse_relativeobject ext_sandbags_a 30.7586 -0.8824 10.1257 1 1 1 0 0 3026
pse_relativeobject ext_sandbags_a -20.1548 67.6301 -0.2300 1 1 1 0 0 1115
pse_relativeobject ext_barrier_heavy -66.4347 -52.1501 -0.2300 1 1 1 0 0 4096
pse_relativeobject ext_sandbags_a -39.6049 -5.7624 9.4151 1 1 1 277 103 -5023
pse_relativeobject ext_sandbags_a -39.3461 48.1950 -0.2300 1 1 1 0 0 3822
pse_relativeobject ext_sandbags_a -34.0737 -78.0632 -0.2300 1 1 1 0 0 -4687
pse_relativeobject ext_sandbags_a -11.0270 19.9391 10.0020 1 1 1 0 0 3072
pse_relativeobject ext_sandbags_a -42.2955 51.0799 -0.2300 1 1 1 0 0 6462
pse_relativeobject ext_sandbags_a 57.1097 -14.9632 7.9968 1 1 1 0 0 7054
pse_relativeobject ext_sandbags_a -65.3940 6.8551 8.0048 1 1 1 0 0 -1160
pse_relativeobject ext_sandbags_a -1.1058 77.4672 8.0048 1 1 1 0 0 -5074
pse_relativeobject ext_sandbags_a -48.5470 74.5218 8.0048 1 1 1 0 0 2252
pse_relativeobject ext_sandbags_a 36.8273 52.1981 13.1085 1 1 1 0 0 -3299
pse_relativeobject ext_sandbags_a 21.4235 23.0485 10.0020 1 1 1 0 0 5211
pse_relativeobject ext_sandbags_a -70.9614 -58.7023 13.1085 1 1 1 0 0 -5142
pse_relativeobject ext_sandbags_a -70.9614 -45.3992 13.1085 1 1 1 0 0 -5142
pse_relativeobject bfr_building -26.0000 -19.0000 0.0000 1 1 1 0 0 -2048


