pse_relativeobject ext_barrier_medium 9.9415 33.7362 -0.2500 1 1 1 0 0 -1661
pse_relativeobject ext_sandbags_b -59.0012 67.6270 -0.2300 1 1 1 0 0 0
pse_relativeobject ext_sandbags_b 26.8186 78.6795 -0.2300 1 1 1 0 0 2707
pse_relativeobject ext_sandbags_a 62.5586 42.7565 -0.2300 1 1 1 0 0 5734
pse_relativeobject ext_sandbags_b 51.6152 33.0724 -0.2300 1 1 1 0 0 -4915
pse_relativeobject ext_sandbags_a 57.1939 -63.8964 7.9968 1 1 1 0 0 -932
pse_relativeobject ext_sandbags_a -8.5344 47.7219 9.2989 1 1 1 347 109 7402
pse_relativeobject ext_sandbags_a 3.8681 7.4792 10.0131 1 1 1 0 0 7168
pse_relativeobject ext_sandbags_a -11.3380 -65.9761 9.0065 1 1 1 357 147 -1013
pse_relativeobject ext_sandbags_b -59.0766 -83.2693 -0.2300 1 1 1 0 0 4096
pse_relativeobject ext_sandbags_b 40.5538 -99.1525 -0.2300 1 1 1 0 0 0
pse_relativeobject ext_sandbags_a 29.9815 -99.5620 -0.2300 1 1 1 0 0 -2821
pse_relativeobject ext_sandbags_b -72.9549 -72.4627 -0.2300 1 1 1 0 0 -5916
pse_relativeobject ext_sandbags_b -73.3168 -31.6264 -0.2300 1 1 1 0 0 -6781
pse_relativeobject ext_barrier_medium 50.8327 -27.2621 -0.2500 1 1 1 0 0 0
pse_relativeobject ext_barrier_medium -58.7315 -3.0434 -0.2500 1 1 1 0 0 0
pse_relativeobject ext_sandbags_a -65.2021 54.5812 8.0048 1 1 1 0 0 7281
pse_relativeobject ext_barrier_heavy 30.6822 58.6680 -0.2300 1 1 1 0 0 -2048
pse_relativeobject ext_barrier_heavy 42.0916 47.5813 -0.2300 1 1 1 0 0 -2048
pse_relativeobject ext_sandbags_b -10.9754 -2.9900 10.0153 1 1 1 0 0 -6098
pse_relativeobject ext_sandbags_a 42.6569 57.6538 13.1085 1 1 1 0 0 5165
pse_relativeobject ext_sandbags_a -36.8852 -93.0865 7.9933 1 1 1 0 0 -5415
pse_relativeobject ext_sandbags_a 30.7586 -4.6548 10.1257 1 1 1 0 0 3026
pse_relativeobject ext_sandbags_a -20.1548 67.6301 -0.2300 1 1 1 0 0 1115
pse_relativeobject ext_barrier_heavy -58.2299 -52.1501 -0.2300 1 1 1 0 0 4096
pse_relativeobject ext_sandbags_a -39.6049 -2.1899 9.4151 1 1 1 277 103 -5023
pse_relativeobject ext_sandbags_b 17.4578 -89.4727 8.0092 1 1 1 0 0 2048
pse_relativeobject ext_sandbags_b -54.7961 26.7790 -0.2300 1 1 1 0 0 841
pse_relativeobject ext_sandbags_a -55.6072 30.4932 -0.2300 1 1 1 0 0 5870
pse_relativeobject ext_sandbags_b -37.9591 -29.2551 -0.2300 1 1 1 0 0 -3276
pse_relativeobject ext_sandbags_a -34.6983 -25.5508 -0.2300 1 1 1 0 0 5028
pse_relativeobject ext_sandbags_a -11.0270 19.9391 10.0020 1 1 1 0 0 3072
pse_relativeobject ext_sandbags_a -59.2273 30.3554 -0.2300 1 1 1 0 0 -7668
pse_relativeobject ext_sandbags_a 60.6203 -28.2437 7.9968 1 1 1 0 0 7054
pse_relativeobject ext_sandbags_a -68.2995 14.9778 8.0048 1 1 1 0 0 -1160
pse_relativeobject ext_sandbags_a 9.4100 77.4672 8.0048 1 1 1 0 0 -5074
pse_relativeobject ext_sandbags_a -39.5676 74.5218 8.0048 1 1 1 0 0 2252
pse_relativeobject ext_sandbags_a 36.8273 52.1981 13.1085 1 1 1 0 0 -3299
pse_relativeobject ext_sandbags_a 21.4235 23.0485 10.0020 1 1 1 0 0 5211
pse_relativeobject ext_sandbags_a -70.9614 -58.7023 13.1085 1 1 1 0 0 -5142
pse_relativeobject ext_sandbags_a -70.9614 -45.3992 13.1085 1 1 1 0 0 -5142
pse_relativeobject ext_sandbags_a 54.4705 -0.8598 7.9968 1 1 1 0 0 -5006
pse_relativeobject ext_sandbags_a -5.2590 69.7692 8.0048 1 1 1 0 0 -1160
pse_relativeobject ext_sandbags_a -62.0806 -6.2957 8.0048 1 1 1 0 0 2707
pse_relativeobject ext_sandbags_a -63.2782 -52.6977 13.1085 1 1 1 0 0 3072
pse_relativeobject ext_sandbags_a -8.5038 -87.8391 7.9933 1 1 1 0 0 7236
pse_relativeobject ext_sandbags_b 15.8370 67.6804 -0.2300 1 1 1 0 0 -3299
