pse_relativeobject ext_barrier_medium 9.9415 33.7362 -0.2500 1 1 1 0 0 -1661
pse_relativeobject ext_sandbags_b -54.7126 62.6928 -0.2300 1 1 1 0 0 0
pse_relativeobject ext_sandbags_b 26.4391 79.1478 -0.2300 1 1 1 0 0 2480
pse_relativeobject ext_sandbags_a 62.2342 42.9502 -0.2300 1 1 1 0 0 6007
pse_relativeobject ext_sandbags_b 50.1637 26.9699 -0.2300 1 1 1 0 0 -5961
pse_relativeobject ext_sandbags_a 60.0346 -59.1907 7.9690 1 1 1 0 0 -932
pse_relativeobject ext_sandbags_a -8.5344 47.7219 9.2989 1 1 1 347 109 7402
pse_relativeobject ext_sandbags_a 4.0121 9.2735 10.0131 1 1 1 0 0 7168
pse_relativeobject ext_sandbags_a -9.9646 -65.9761 9.0065 1 1 1 357 147 -1013
pse_relativeobject ext_sandbags_b -57.5945 -81.6643 -0.2300 1 1 1 0 0 4300
pse_relativeobject ext_barrier_medium -58.8391 -2.8005 -0.2500 1 1 1 0 0 0
pse_relativeobject ext_barrier_heavy 48.9308 -24.7650 -0.2300 1 1 1 0 0 0
pse_relativeobject ext_sandbags_a 37.2771 -4.7751 9.3782 1 1 1 325 102 3305
pse_relativeobject ext_sandbags_b 41.6459 57.7635 13.1053 1 1 1 0 0 4027
pse_relativeobject ext_sandbags_a -70.7994 -44.0362 13.0971 1 1 1 0 0 -5256
pse_relativeobject ext_sandbags_a -70.6433 -59.3700 13.0971 1 1 1 0 0 -5142
pse_relativeobject ext_barrier_heavy -65.2208 -51.9863 -0.2300 1 1 1 0 0 -4096
pse_relativeobject ext_sandbags_a -24.9475 -6.2390 10.1110 1 1 1 0 0 -4846
pse_relativeobject ext_sandbags_b -28.5515 -88.5354 7.9921 1 1 1 0 0 6348
pse_relativeobject ext_sandbags_a -32.7424 77.5742 8.0024 1 1 1 0 0 -5006
pse_relativeobject ext_sandbags_a -65.0743 38.0266 7.9890 1 1 1 0 0 -887
pse_relativeobject ext_sandbags_a -1.2612 23.0154 10.0079 1 1 1 0 0 7076
pse_relativeobject ext_sandbags_a 19.2925 -34.3985 9.9839 1 1 1 0 0 1092
