pse_exactobject earthtreec 10000 -28.22 -27.56 -0.39 1.61 1.61 1.67 0 0 4854
pse_exactobject earthtreed 10001 -38.04 -4.79 -0.06 0.83 0.83 0.66 0 0 8855
pse_exactobject earthtreed 10002 -44.24 -26.23 0.00 0.88 0.88 0.70 0 0 8365
pse_exactobject earthtreee 10003 -44.33 -15.12 -0.03 0.80 0.80 0.64 0 0 10450
pse_exactobject earthtreec 10004 -20.92 -7.07 -0.32 2.00 2.00 2.40 0 0 5853
pse_exactobject earthtreee 10005 56.25 -6.60 -0.23 0.80 0.80 0.64 0 0 4153
pse_exactobject earthtreee 10006 139.09 -18.64 -0.29 1.94 1.94 2.29 0 0 2997
pse_exactobject earthtreee 10007 238.94 -22.42 -0.43 1.65 1.65 1.75 0 0 9725
pse_exactobject earthtreed 10008 229.16 -8.59 -0.66 0.99 0.99 0.79 0 0 2446
pse_exactobject earthtreee 10009 240.30 -7.62 -0.12 0.80 0.80 0.64 0 0 840
pse_exactobject earthtreee 10010 531.36 -4.01 -0.11 1.49 1.49 1.48 0 0 7629
pse_exactobject earthtreed 10011 515.81 -17.07 -0.69 1.86 1.86 2.13 0 0 12279
pse_exactobject earthtreee 10012 517.74 3.47 -0.02 0.80 0.80 0.64 0 0 8004
pse_exactobject earthtreec 10013 136.36 104.06 51.96 2.00 2.00 2.40 0 0 10544
pse_exactobject earthtreed 10014 199.60 105.85 56.44 0.80 0.80 0.64 0 0 5598
pse_exactobject earthtreed 10015 217.80 103.47 54.33 0.94 0.94 0.75 0 0 14097
pse_exactobject earthtreed 10016 208.85 96.81 54.81 0.80 0.80 0.64 0 0 4683
pse_exactobject earthtreec 10017 -25.23 133.00 -0.37 0.88 0.88 0.71 0 0 12487
pse_exactobject earthtreed 10018 -16.53 121.26 -0.32 1.49 1.49 1.48 0 0 289
pse_exactobject earthtreee 10019 -11.84 142.23 -0.10 1.14 1.14 0.97 0 0 11819
pse_exactobject earthtreee 10020 110.07 151.14 38.12 2.00 2.00 2.40 0 0 7783
pse_exactobject earthtreee 10021 187.96 140.57 55.34 1.51 1.51 1.52 0 0 14865
pse_exactobject earthtreee 10022 175.47 154.70 54.15 1.44 1.44 1.41 0 0 15619
pse_exactobject earthtreec 10023 239.45 112.83 51.17 0.80 0.80 0.64 0 0 9666
pse_exactobject earthtreec 10024 303.31 133.80 54.83 0.91 0.91 0.73 0 0 11667
pse_exactobject earthtreec 10025 289.18 139.96 53.24 1.01 1.01 0.81 0 0 10430
pse_exactobject earthtreec 10026 307.81 143.29 54.59 0.80 0.80 0.64 0 0 976
pse_exactobject earthtreed 10027 543.26 149.50 -0.18 1.29 1.29 1.18 0 0 10113
pse_exactobject earthtreed 10028 525.74 162.53 -0.23 1.00 1.00 0.80 0 0 375
pse_exactobject earthtreee 10029 528.07 143.54 -0.16 0.89 0.89 0.71 0 0 507
pse_exactobject earthtreed 10030 548.03 161.55 -0.36 0.84 0.84 0.67 0 0 7361
pse_exactobject earthtreed 10031 96.95 170.74 36.26 1.17 1.17 1.02 0 0 13864
pse_exactobject earthtreee 10032 145.20 219.62 42.45 1.00 1.00 0.80 0 0 6436
pse_exactobject earthtreee 10033 151.02 208.22 44.58 0.80 0.80 0.64 0 0 6388
pse_exactobject earthtreec 10034 163.20 202.93 46.75 1.08 1.08 0.89 0 0 3447
pse_exactobject earthtreec 10035 162.86 218.76 43.77 0.91 0.91 0.73 0 0 8854
pse_exactobject earthtreee 10036 179.27 184.43 50.70 2.00 2.00 2.40 0 0 9083
pse_exactobject earthtreed 10037 165.80 173.67 53.53 0.85 0.85 0.68 0 0 15290
pse_exactobject earthtreee 10038 279.81 183.35 45.63 1.86 1.86 2.13 0 0 13702
pse_exactobject earthtreed 10039 348.65 190.20 40.67 1.72 1.72 1.87 0 0 8940
pse_exactobject earthtreee 10040 336.22 170.90 46.58 1.22 1.22 1.09 0 0 5743
pse_exactobject earthtreee 10041 529.33 178.38 0.00 1.47 1.47 1.46 0 0 7681
pse_exactobject earthtreed 10042 516.97 172.45 -0.37 0.80 0.80 0.64 0 0 12577
pse_exactobject earthtreec 10043 -15.60 263.91 -0.08 1.61 1.61 1.69 0 0 11676
pse_exactobject earthtreee 10044 -7.98 249.30 -0.07 0.80 0.80 0.64 0 0 9334
pse_exactobject earthtreec 10045 -21.77 244.33 0.00 1.41 1.41 1.36 0 0 1736
pse_exactobject earthtreec 10046 140.52 246.35 45.12 1.77 1.77 1.96 0 0 14475
pse_exactobject earthtreed 10047 149.26 259.52 46.45 0.80 0.80 0.64 0 0 8575
pse_exactobject earthtreee 10048 157.59 253.31 45.23 0.80 0.80 0.64 0 0 7980
pse_exactobject earthtreee 10049 181.05 215.33 45.28 1.05 1.05 0.86 0 0 11927
pse_exactobject earthtreee 10050 268.88 234.78 32.17 1.31 1.31 1.21 0 0 574
pse_exactobject earthtreee 10051 253.81 236.02 33.17 1.18 1.18 1.03 0 0 3136
pse_exactobject earthtreec 10052 315.67 222.74 34.71 2.00 2.00 2.40 0 0 6091
pse_exactobject earthtreee 10053 333.09 221.78 35.83 0.80 0.80 0.64 0 0 12194
pse_exactobject earthtreec 10054 400.76 282.38 21.34 1.47 1.47 1.45 0 0 15914
pse_exactobject earthtreed 10055 413.57 291.20 21.34 0.90 0.90 0.72 0 0 1
pse_exactobject earthtreee 10056 421.96 276.19 16.75 1.07 1.07 0.89 0 0 8126
pse_exactobject earthtreec 10057 528.04 250.95 0.00 0.96 0.96 0.77 0 0 1188
pse_exactobject earthtreee 10058 520.16 239.87 0.00 0.80 0.80 0.64 0 0 11857
pse_exactobject earthtreee 10059 531.65 231.26 -0.21 1.00 1.00 0.80 0 0 5526
pse_exactobject earthtreec 10060 517.27 255.31 0.00 0.81 0.81 0.65 0 0 5422
pse_exactobject earthtreee 10061 -15.71 351.36 0.00 1.31 1.31 1.22 0 0 5364
pse_exactobject earthtreec 10062 -36.29 350.62 -0.38 0.95 0.95 0.76 0 0 1426
pse_exactobject earthtreee 10063 -23.63 340.21 -0.18 0.80 0.80 0.64 0 0 8952
pse_exactobject earthtreee 10064 -36.06 335.22 -0.23 1.11 1.11 0.93 0 0 7801
pse_exactobject earthtreee 10065 127.34 309.52 47.78 1.25 1.25 1.12 0 0 11203
pse_exactobject earthtreec 10066 194.42 298.22 31.70 1.59 1.59 1.64 0 0 15711
pse_exactobject earthtreec 10067 215.32 294.86 32.85 0.80 0.80 0.64 0 0 2487
pse_exactobject earthtreec 10068 278.28 311.52 25.11 1.66 1.66 1.77 0 0 4907
pse_exactobject earthtreec 10069 295.16 308.70 23.35 1.11 1.11 0.93 0 0 8
pse_exactobject earthtreed 10070 282.97 327.96 22.77 1.11 1.11 0.94 0 0 5566
pse_exactobject earthtreee 10071 418.28 310.55 23.11 0.80 0.80 0.64 0 0 15439
pse_exactobject earthtreee 10072 405.16 302.48 23.25 0.88 0.88 0.71 0 0 652
pse_exactobject earthtreec 10073 437.13 325.34 21.26 1.12 1.12 0.95 0 0 12759
pse_exactobject earthtreee 10074 519.16 326.28 -0.57 1.21 1.21 1.06 0 0 16072
pse_exactobject earthtreec 10075 -31.48 382.67 -0.25 1.90 1.90 2.21 0 0 14718
pse_exactobject earthtreed 10076 -37.20 399.49 -0.34 0.80 0.80 0.64 0 0 12062
pse_exactobject earthtreee 10077 -14.38 388.26 -0.10 0.80 0.80 0.64 0 0 2827
pse_exactobject earthtreed 10078 -21.23 400.40 -0.57 1.19 1.19 1.05 0 0 13998
pse_exactobject earthtreec 10079 124.73 402.35 52.14 0.87 0.87 0.70 0 0 8249
pse_exactobject earthtreee 10080 215.09 372.41 25.03 1.02 1.02 0.82 0 0 7842
pse_exactobject earthtreed 10081 214.38 388.52 24.30 1.67 1.67 1.78 0 0 3287
pse_exactobject earthtreee 10082 203.76 374.35 27.38 0.80 0.80 0.64 0 0 13019
pse_exactobject earthtreed 10083 259.24 357.50 22.29 1.37 1.37 1.30 0 0 13914
pse_exactobject earthtreec 10084 252.88 369.22 22.87 0.80 0.80 0.64 0 0 14941
pse_exactobject earthtreed 10085 391.01 366.71 22.90 1.60 1.60 1.66 0 0 12769
pse_exactobject earthtreec 10086 371.14 349.57 22.87 0.80 0.80 0.64 0 0 5580
pse_exactobject earthtreec 10087 388.48 351.82 23.58 0.80 0.80 0.64 0 0 15077
pse_exactobject earthtreed 10088 371.20 362.89 22.89 1.19 1.19 1.04 0 0 7673
pse_exactobject earthtreec 10089 -8.59 451.91 -0.20 0.80 0.80 0.64 0 0 6752
pse_exactobject earthtreee 10090 -13.08 468.40 -0.40 0.86 0.86 0.69 0 0 6308
pse_exactobject earthtreec 10091 194.72 445.88 24.84 0.86 0.86 0.69 0 0 29
pse_exactobject earthtreee 10092 181.75 435.65 25.23 0.98 0.98 0.79 0 0 15197
pse_exactobject earthtreec 10093 235.59 471.24 23.40 0.80 0.80 0.64 0 0 15806
pse_exactobject earthtreec 10094 421.02 458.22 19.63 0.80 0.80 0.64 0 0 14988
pse_exactobject earthtreec 10095 546.35 429.21 0.00 0.80 0.80 0.64 0 0 14309
pse_exactobject earthtreec 10096 530.41 438.05 -0.19 1.23 1.23 1.10 0 0 328
pse_exactobject earthtreee 10097 549.48 440.98 -0.56 1.11 1.11 0.94 0 0 1681
pse_exactobject earthtreec 10098 78.99 535.31 -0.27 1.59 1.59 1.65 0 0 2446
pse_exactobject earthtreec 10099 59.68 527.50 -0.70 1.80 1.80 2.01 0 0 6129
pse_exactobject earthtreec 10100 76.01 519.12 -0.12 0.83 0.83 0.66 0 0 12299
pse_exactobject earthtreed 10101 111.27 540.90 -0.57 1.58 1.58 1.63 0 0 15782
pse_exactobject earthtreee 10102 127.13 542.06 -0.39 1.04 1.04 0.84 0 0 8923
pse_exactobject earthtreed 10103 124.80 527.44 -0.07 0.83 0.83 0.66 0 0 8936
pse_exactobject earthtreed 10104 110.96 525.25 -0.03 0.80 0.80 0.64 0 0 12872
pse_exactobject earthtreec 10105 218.23 545.76 -0.41 1.55 1.55 1.58 0 0 8699
pse_exactobject earthtreec 10106 198.00 548.46 -0.19 1.12 1.12 0.95 0 0 8769
pse_exactobject earthtreee 10107 199.30 534.68 -0.21 1.15 1.15 0.99 0 0 15468
pse_exactobject earthtreee 10108 235.36 534.15 0.00 1.48 1.48 1.48 0 0 848
pse_exactobject earthtreec 10109 218.74 521.30 0.00 0.89 0.89 0.71 0 0 10803
pse_exactobject earthtreed 10110 326.02 492.32 19.21 1.53 1.53 1.55 0 0 10888
pse_exactobject earthtreee 10111 307.22 487.14 21.19 1.31 1.31 1.22 0 0 1227
pse_exactobject earthtreee 10112 376.09 529.40 0.00 1.74 1.74 1.91 0 0 12498
pse_exactobject earthtreee 10113 396.24 524.96 -0.13 0.92 0.92 0.74 0 0 5827
pse_exactobject earthtreed 10114 464.02 516.89 0.00 0.80 0.80 0.64 0 0 11445
pse_exactobject earthtreec 10115 538.11 516.46 -0.18 1.41 1.41 1.37 0 0 15671
pse_exactobject earthtreec 10116 519.36 527.15 -0.42 1.68 1.68 1.81 0 0 8644
pse_exactobject earthtreec 10117 537.34 539.18 0.00 1.04 1.04 0.85 0 0 5721
pse_exactobject earthtreec 10118 143.54 -21.75 -0.45 1.86 1.86 2.13 0 0 16015
pse_exactobject earthtreee 10119 132.17 -33.62 -0.06 0.82 0.82 0.65 0 0 9576
pse_exactobject earthtreed 10120 123.08 -19.72 0.00 0.80 0.80 0.64 0 0 2136
pse_exactobject earthtreed 10121 139.29 -40.70 -0.03 0.80 0.80 0.64 0 0 4894
pse_exactobject earthtreec 10122 216.43 -32.13 -0.28 1.71 1.71 1.86 0 0 2471
pse_exactobject earthtreec 10123 207.48 -16.51 -0.35 1.21 1.21 1.07 0 0 5749
pse_exactobject earthtreec 10124 225.04 -13.34 -0.21 1.41 1.41 1.36 0 0 12698
pse_exactobject earthtreee 10125 245.16 -15.19 -0.27 1.03 1.03 0.84 0 0 7650
pse_exactobject earthtreed 10126 325.81 -14.53 -1.14 1.71 1.71 1.85 0 0 2911
pse_exactobject earthtreed 10127 308.69 -12.63 -0.13 0.90 0.90 0.72 0 0 15840
pse_exactobject earthtreee 10128 406.87 -10.02 -0.08 1.09 1.09 0.91 0 0 10800
pse_exactobject earthtreee 10129 428.78 -19.40 -0.46 1.26 1.26 1.14 0 0 12144
pse_exactobject earthtreed 10130 441.58 -32.46 -0.03 1.33 1.33 1.25 0 0 4419
pse_exactobject earthtreed 10131 441.78 -10.44 -0.22 1.24 1.24 1.12 0 0 457
pse_exactobject earthtreec 10132 419.80 -32.93 -0.17 0.80 0.80 0.64 0 0 12246
pse_exactobject earthtreee 10133 511.09 -14.99 -0.40 1.63 1.63 1.72 0 0 3188
pse_exactobject earthtreec 10134 505.46 -36.15 -0.54 1.68 1.68 1.79 0 0 5574
pse_exactobject earthtreed 10135 523.72 -27.45 -0.49 1.16 1.16 1.00 0 0 12573
pse_exactobject earthtreee 10136 298.03 82.95 53.39 1.21 1.21 1.07 0 0 13663
pse_exactobject earthtreed 10137 279.87 83.16 52.85 1.62 1.62 1.70 0 0 3827
pse_exactobject earthtreee 10138 -8.01 115.72 -0.10 0.84 0.84 0.67 0 0 15840
pse_exactobject earthtreec 10139 -8.87 131.13 -0.19 0.88 0.88 0.70 0 0 4350
pse_exactobject earthtreed 10140 160.15 151.12 53.90 1.49 1.49 1.49 0 0 11112
pse_exactobject earthtreed 10141 150.22 135.78 57.35 1.20 1.20 1.06 0 0 9721
pse_exactobject earthtreec 10142 183.75 126.11 57.00 0.80 0.80 0.64 0 0 11500
pse_exactobject earthtreec 10143 199.42 124.84 54.52 1.68 1.68 1.80 0 0 4450
pse_exactobject earthtreee 10144 186.84 112.14 56.63 0.80 0.80 0.64 0 0 9609
pse_exactobject earthtreee 10145 285.90 134.35 52.54 1.11 1.11 0.94 0 0 6811
pse_exactobject earthtreee 10146 379.92 155.43 44.52 1.99 1.99 2.38 0 0 142
pse_exactobject earthtreec 10147 141.81 171.15 50.61 1.80 1.80 2.01 0 0 2384
pse_exactobject earthtreee 10148 180.01 215.30 44.92 0.93 0.93 0.74 0 0 9798
pse_exactobject earthtreec 10149 180.67 204.23 46.71 0.80 0.80 0.64 0 0 10086
pse_exactobject earthtreed 10150 178.10 226.19 44.25 0.80 0.80 0.64 0 0 11724
pse_exactobject earthtreed 10151 240.03 196.64 45.89 1.41 1.41 1.36 0 0 15652
pse_exactobject earthtreec 10152 334.57 200.25 39.23 1.65 1.65 1.75 0 0 8907
pse_exactobject earthtreee 10153 329.99 216.12 36.61 0.84 0.84 0.67 0 0 12029
pse_exactobject earthtreee 10154 345.65 212.92 37.91 1.07 1.07 0.89 0 0 14583
pse_exactobject earthtreec 10155 390.34 176.93 42.31 1.34 1.34 1.25 0 0 9541
pse_exactobject earthtreed 10156 369.67 175.67 40.50 1.23 1.23 1.10 0 0 11763
pse_exactobject earthtreec 10157 -26.36 286.06 -0.44 1.63 1.63 1.71 0 0 15968
pse_exactobject earthtreee 10158 -40.30 274.12 0.00 0.80 0.80 0.64 0 0 532
pse_exactobject earthtreee 10159 -17.14 273.74 0.00 0.80 0.80 0.64 0 0 16335
pse_exactobject earthtreed 10160 131.26 249.57 44.96 1.78 1.78 1.97 0 0 11061
pse_exactobject earthtreec 10161 142.92 233.86 43.15 0.80 0.80 0.64 0 0 8663
pse_exactobject earthtreee 10162 132.90 230.62 41.65 0.80 0.80 0.64 0 0 8281
pse_exactobject earthtreee 10163 187.08 276.35 43.82 0.80 0.80 0.64 0 0 7160
pse_exactobject earthtreee 10164 256.54 246.99 31.98 0.89 0.89 0.71 0 0 2650
pse_exactobject earthtreee 10165 266.16 230.30 32.86 1.46 1.46 1.44 0 0 2360
pse_exactobject earthtreed 10166 278.11 244.89 30.68 1.66 1.66 1.76 0 0 14295
pse_exactobject earthtreed 10167 -7.41 332.70 -0.04 0.80 0.80 0.64 0 0 4601
pse_exactobject earthtreed 10168 -15.79 318.51 -0.63 1.75 1.75 1.93 0 0 13083
pse_exactobject earthtreed 10169 117.16 317.60 49.07 1.00 1.00 0.80 0 0 11065
pse_exactobject earthtreee 10170 133.55 304.05 46.18 1.31 1.31 1.21 0 0 5798
pse_exactobject earthtreec 10171 178.07 309.42 29.85 2.00 2.00 2.40 0 0 9326
pse_exactobject earthtreec 10172 259.93 325.45 26.11 0.80 0.80 0.64 0 0 619
pse_exactobject earthtreee 10173 265.27 334.91 24.52 0.80 0.80 0.64 0 0 15680
pse_exactobject earthtreee 10174 274.61 337.81 23.47 0.80 0.80 0.64 0 0 6424
pse_exactobject earthtreed 10175 278.04 322.55 24.33 1.63 1.63 1.71 0 0 12660
pse_exactobject earthtreee 10176 364.42 311.06 22.94 1.72 1.72 1.87 0 0 1587
pse_exactobject earthtreee 10177 368.42 329.78 22.65 1.41 1.41 1.35 0 0 7601
pse_exactobject earthtreed 10178 540.44 297.64 0.00 2.00 2.00 2.40 0 0 2188
pse_exactobject earthtreee 10179 522.58 304.62 0.00 1.02 1.02 0.83 0 0 2437
pse_exactobject earthtreee 10180 521.70 283.29 -0.47 1.17 1.17 1.02 0 0 11719
pse_exactobject earthtreed 10181 -9.26 395.55 -0.27 1.21 1.21 1.07 0 0 7386
pse_exactobject earthtreee 10182 -16.74 419.14 -0.25 1.25 1.25 1.12 0 0 13453
pse_exactobject earthtreed 10183 81.37 385.93 52.84 1.03 1.03 0.83 0 0 4525
pse_exactobject earthtreee 10184 153.07 413.03 28.63 1.12 1.12 0.95 0 0 15189
pse_exactobject earthtreed 10185 153.88 395.89 30.40 1.72 1.72 1.88 0 0 13590
pse_exactobject earthtreec 10186 167.99 415.33 28.43 1.20 1.20 1.06 0 0 1242
pse_exactobject earthtreee 10187 169.12 403.35 30.34 0.80 0.80 0.64 0 0 6380
pse_exactobject earthtreec 10188 241.79 416.24 22.10 1.28 1.28 1.17 0 0 10026
pse_exactobject earthtreee 10189 252.64 424.82 21.85 0.80 0.80 0.64 0 0 13961
pse_exactobject earthtreec 10190 252.39 402.12 21.85 0.80 0.80 0.64 0 0 2213
pse_exactobject earthtreec 10191 241.42 403.15 22.66 0.80 0.80 0.64 0 0 14907
pse_exactobject earthtreec 10192 395.42 393.83 24.05 1.02 1.02 0.82 0 0 7996
pse_exactobject earthtreed 10193 379.35 391.05 24.35 1.47 1.47 1.45 0 0 2368
pse_exactobject earthtreee 10194 395.02 409.54 23.66 0.80 0.80 0.64 0 0 9434
pse_exactobject earthtreee 10195 375.32 410.82 23.91 1.20 1.20 1.06 0 0 6888
pse_exactobject earthtreee 10196 454.46 399.81 19.88 1.37 1.37 1.30 0 0 10125
pse_exactobject earthtreec 10197 533.47 352.57 -0.05 1.05 1.05 0.86 0 0 15258
pse_exactobject earthtreee 10198 545.82 367.23 -0.25 1.43 1.43 1.39 0 0 11178
pse_exactobject earthtreee 10199 546.41 351.29 -0.40 0.80 0.80 0.64 0 0 9405
pse_exactobject earthtreec 10200 526.33 364.57 -0.06 0.88 0.88 0.71 0 0 13127
pse_exactobject earthtreed 10201 -14.86 446.41 -0.90 1.84 1.84 2.10 0 0 13620
pse_exactobject earthtreed 10202 -10.05 462.95 -0.09 0.80 0.80 0.64 0 0 12511
pse_exactobject earthtreed 10203 187.92 433.58 26.11 0.80 0.80 0.64 0 0 4881
pse_exactobject earthtreec 10204 277.41 441.08 22.19 0.80 0.80 0.64 0 0 8059
pse_exactobject earthtreed 10205 269.40 426.22 21.49 0.80 0.80 0.64 0 0 8314
pse_exactobject earthtreec 10206 260.75 434.45 22.32 0.94 0.94 0.75 0 0 13289
pse_exactobject earthtreed 10207 328.26 442.60 21.75 0.80 0.80 0.64 0 0 5412
pse_exactobject earthtreee 10208 314.78 439.53 21.32 0.86 0.86 0.69 0 0 5965
pse_exactobject earthtreec 10209 420.66 459.22 19.39 0.96 0.96 0.77 0 0 8858
pse_exactobject earthtreee 10210 -14.68 482.00 -0.31 1.57 1.57 1.62 0 0 5251
pse_exactobject earthtreed 10211 -24.51 496.90 0.00 0.80 0.80 0.64 0 0 1736
pse_exactobject earthtreed 10212 -7.16 500.23 -0.20 0.91 0.91 0.72 0 0 12916
pse_exactobject earthtreec 10213 129.50 548.04 0.00 0.91 0.91 0.73 0 0 2001
pse_exactobject earthtreed 10214 123.00 528.76 -0.14 0.87 0.87 0.70 0 0 5448
pse_exactobject earthtreee 10215 134.65 529.38 -0.40 0.80 0.80 0.64 0 0 4067
pse_exactobject earthtreec 10216 140.99 537.46 -0.14 0.80 0.80 0.64 0 0 2153
pse_exactobject earthtreed 10217 120.27 541.56 -0.31 0.80 0.80 0.64 0 0 14167
pse_exactobject earthtreec 10218 188.41 516.58 -0.11 0.80 0.80 0.64 0 0 8661
pse_exactobject earthtreec 10219 203.24 530.37 -0.62 1.72 1.72 1.86 0 0 14682
pse_exactobject earthtreee 10220 186.65 528.32 -0.37 0.98 0.98 0.78 0 0 11878
pse_exactobject earthtreee 10221 251.68 548.27 -0.13 1.57 1.57 1.61 0 0 6235
pse_exactobject earthtreed 10222 272.98 539.86 -0.05 1.47 1.47 1.46 0 0 3579
pse_exactobject earthtreed 10223 254.91 525.75 -0.48 1.83 1.83 2.07 0 0 8234
pse_exactobject earthtreed 10224 336.18 518.78 -0.30 1.76 1.76 1.94 0 0 16382
pse_exactobject earthtreed 10225 353.39 519.92 -0.15 0.83 0.83 0.67 0 0 13507
pse_exactobject earthtreec 10226 351.79 510.01 0.00 0.80 0.80 0.64 0 0 12097
pse_exactobject earthtreee 10227 414.43 516.51 0.00 0.80 0.80 0.64 0 0 344
pse_exactobject earthtreee 10228 396.77 526.58 -0.73 1.59 1.59 1.64 0 0 12390
pse_exactobject earthtreed 10229 520.96 530.00 -0.18 1.25 1.25 1.13 0 0 9465
pse_exactobject earthtreee 10230 525.84 512.27 0.00 0.84 0.84 0.67 0 0 13027
pse_exactobject earthtreec 10231 537.82 528.84 -0.11 0.80 0.80 0.64 0 0 7329
pse_exactobject earthtreec 10232 539.77 512.06 0.00 0.92 0.92 0.74 0 0 3375
pse_exactobject earthrockb 10233 149.52 96.04 52.74 2.00 2.00 1.83 -460 -588 21459
pse_exactobject earthrocka 10234 536.82 77.77 -0.07 2.00 2.00 1.80 589 831 16373
pse_exactobject earthrockb 10235 162.52 152.10 53.98 2.00 2.00 1.93 378 -348 11452
pse_exactobject earthrocka 10236 213.48 126.68 53.72 2.00 2.00 1.93 -4 376 19311
pse_exactobject earthrockb 10237 -19.35 208.77 -0.29 2.00 2.00 1.93 325 1924 15616
pse_exactobject earthrocka 10238 88.14 218.52 33.22 2.00 2.00 2.15 467 -210 16796
pse_exactobject earthrocka 10239 124.08 223.65 39.20 2.00 2.00 1.97 -206 628 23737
pse_exactobject earthrocka 10240 195.50 158.91 51.22 2.00 2.00 2.04 -4 511 19001
pse_exactobject earthrockb 10241 261.88 185.93 44.66 2.00 2.00 1.80 122 441 4626
pse_exactobject earthrockb 10242 349.40 161.54 45.94 2.00 2.00 1.83 844 -71 4456
pse_exactobject earthrockb 10243 106.64 254.39 47.38 2.00 2.00 1.80 -623 214 25294
pse_exactobject earthrocka 10244 268.38 241.91 31.66 2.00 2.00 1.80 -183 271 17491
pse_exactobject earthrockb 10245 389.07 264.24 26.50 2.00 2.00 2.11 544 439 5530
pse_exactobject earthrocka 10246 -19.59 295.85 -0.49 2.00 2.00 1.80 4 -1 4824
pse_exactobject earthrockb 10247 126.48 331.51 47.92 2.00 2.00 2.07 -300 -536 25555
pse_exactobject earthrockb 10248 -28.42 360.06 -0.85 2.00 2.00 2.11 -214 -82 11334
pse_exactobject earthrocka 10249 224.75 379.86 23.43 2.05 2.05 2.48 -138 83 15682
pse_exactobject earthrocka 10250 218.99 479.97 19.34 2.00 2.00 2.06 753 -425 10768
pse_exactobject earthrocka 10251 371.58 423.34 22.82 2.00 2.00 2.08 158 -116 10349
pse_exactobject earthrockb 10252 17.77 535.91 -0.42 2.00 2.00 2.39 597 -879 7597
pse_exactobject earthrocka 10253 330.86 511.77 -0.49 2.00 2.00 1.81 486 1019 6262
pse_exactobject earthrocka 10254 389.49 535.39 -1.28 2.00 2.00 1.80 -452 -730 13215
pse_exactobject earthrockb 10255 453.64 529.96 -1.11 2.23 2.23 2.78 -376 773 18762
pse_exactobject earthrockb 10256 534.18 498.09 -0.09 2.00 2.00 2.14 865 -25 7743
