pse_exactobject vrtreec 10000 1741.53 3145.30 17.25 0.50 0.50 0.46 0 0 1242
pse_exactobject vrtreeb 10001 1720.10 3128.83 15.77 1.50 1.50 1.71 0 0 11338
pse_exactobject vrtreec 10002 1707.16 3142.64 16.67 0.50 0.50 0.46 0 0 3686
pse_exactobject vrtreeb 10003 1741.19 3134.72 17.25 0.50 0.50 0.60 0 0 6208
pse_exactobject vrtreec 10004 1721.72 3150.02 17.26 0.50 0.50 0.64 0 0 4420
pse_exactobject vrtreeb 10005 1732.43 3147.79 17.29 0.50 0.50 0.75 0 0 7208
pse_exactobject vrtreeb 10006 1780.83 3237.13 12.97 0.50 0.50 0.61 0 0 15699
pse_exactobject vrtreea 10007 1755.95 3206.50 17.04 0.56 0.56 0.41 0 0 11436
pse_exactobject vrtreea 10008 1767.57 3214.48 16.82 0.58 0.58 0.37 0 0 6532
pse_exactobject vrtreec 10009 1752.89 3231.19 14.32 0.66 0.66 0.68 0 0 14311
pse_exactobject vrtreea 10010 1761.70 3241.94 11.81 0.59 0.59 0.69 0 0 12597
pse_exactobject vrtreeb 10011 1772.64 3232.60 13.93 0.50 0.50 0.48 0 0 5579
pse_exactobject vrrockc 10012 1777.84 3202.51 17.33 0.68 0.68 0.62 -119 69 21767
pse_exactobject vrrocka 10013 1786.01 3219.94 16.52 1.01 1.01 0.83 -194 -75 13993
pse_exactobject vrtreeb 10014 1846.48 3126.22 12.50 1.15 1.15 0.93 0 0 111
pse_exactobject vrtreeb 10015 1876.42 3139.22 12.71 0.62 0.62 0.36 0 0 6466
pse_exactobject vrtreec 10016 1871.59 3157.42 14.32 1.09 1.09 1.08 0 0 2835
pse_exactobject vrtreea 10017 1881.22 3120.57 16.98 1.00 1.00 1.01 0 0 15274
pse_exactobject vrtreec 10018 1870.45 3128.87 13.24 0.50 0.50 0.65 0 0 439
pse_exactobject vrtreea 10019 1843.56 3147.69 13.37 0.50 0.50 0.54 0 0 8480
pse_exactobject vrrocka 10020 1856.39 3156.86 14.16 0.60 0.60 0.66 -161 -303 21225
pse_exactobject vrrockb 10021 1884.10 3147.10 13.99 0.60 0.60 0.59 112 -301 15578
pse_exactobject vrtreea 10022 1874.53 3079.66 23.94 1.33 1.33 1.12 0 0 11308
pse_exactobject vrtreea 10023 1835.83 3071.05 24.65 1.06 1.06 1.04 0 0 10580
pse_exactobject vrtreea 10024 1863.57 3052.97 21.74 0.50 0.50 0.49 0 0 3700
pse_exactobject vrtreea 10025 1854.09 3083.38 20.81 0.73 0.73 0.71 0 0 8574
pse_exactobject vrtreeb 10026 1835.16 3091.03 24.72 0.83 0.83 0.67 0 0 3459
pse_exactobject vrtreea 10027 1873.21 3059.72 23.17 0.50 0.50 0.44 0 0 6239
pse_exactobject vrrocka 10028 1855.15 3067.41 22.25 0.69 0.69 0.96 -353 -267 10918
pse_exactobject vrrockb 10029 1853.46 3050.48 22.72 0.60 0.60 0.44 -71 -312 9011
pse_exactobject vrtreea 10030 1967.41 2982.80 21.82 0.83 0.83 0.88 0 0 12546
pse_exactobject vrtreeb 10031 1960.30 2962.18 18.92 1.47 1.47 1.65 0 0 14651
pse_exactobject vrtreeb 10032 1944.97 2949.35 16.49 0.50 0.50 0.57 0 0 10783
pse_exactobject vrtreec 10033 1934.83 2945.85 13.56 0.66 0.66 0.82 0 0 14979
pse_exactobject vrtreeb 10034 1929.86 2984.91 16.58 1.50 1.50 1.00 0 0 14361
pse_exactobject vrrockc 10035 1950.44 2981.65 17.08 0.68 0.68 0.48 -655 160 24387
pse_exactobject vrtreea 10036 1905.70 2895.29 20.77 0.50 0.50 0.38 0 0 4129
pse_exactobject vrtreea 10037 1878.14 2899.18 17.99 1.31 1.31 1.11 0 0 12269
pse_exactobject vrtreea 10038 1895.27 2878.76 19.68 1.50 1.50 1.24 0 0 240
pse_exactobject vrtreea 10039 1918.07 2889.77 20.44 0.50 0.50 0.51 0 0 5629
pse_exactobject vrtreec 10040 1849.27 3003.00 19.08 0.50 0.50 0.73 0 0 21
pse_exactobject vrtreec 10041 1840.37 2984.26 18.48 0.50 0.50 0.45 0 0 15643
pse_exactobject vrtreea 10042 1822.54 2966.71 20.51 1.19 1.19 1.51 0 0 14063
pse_exactobject vrtreec 10043 1816.92 3000.85 12.60 0.99 0.99 1.22 0 0 4965
pse_exactobject vrtreeb 10044 1850.59 2966.78 22.04 0.73 0.73 0.83 0 0 13846
pse_exactobject vrrockc 10045 1829.62 2981.26 18.69 0.60 0.60 0.76 -450 279 18316
pse_exactobject vrrocka 10046 1837.04 3008.11 17.03 0.70 0.70 0.98 -129 -676 16451
pse_exactobject vrrockc 10047 1833.61 2994.86 15.96 0.97 0.97 1.48 149 484 5744
pse_exactobject vrrocka 10048 1834.29 2884.39 15.59 0.68 0.68 0.58 -594 311 24065
pse_exactobject vrrockc 10049 1846.64 2886.79 16.08 0.75 0.75 0.74 -313 50 26045
pse_exactobject vrrocka 10050 1840.80 2875.43 15.73 0.60 0.60 0.78 182 -344 15210
pse_exactobject vrtreea 10051 1876.94 2852.54 15.34 1.08 1.08 1.03 0 0 16069
pse_exactobject vrtreea 10052 1890.29 2858.61 16.24 0.50 0.50 0.67 0 0 7578
pse_exactobject vrtreea 10053 1944.44 2832.88 16.41 1.08 1.08 1.46 0 0 11669
pse_exactobject vrtreeb 10054 1930.82 2824.35 16.07 0.56 0.56 0.52 0 0 12569
pse_exactobject vrtreeb 10055 1904.12 2810.33 15.19 0.50 0.50 0.70 0 0 63
pse_exactobject vrtreea 10056 1914.72 2816.29 15.48 0.50 0.50 0.63 0 0 1675
pse_exactobject vrtreeb 10057 1939.62 2814.40 14.38 0.52 0.52 0.54 0 0 5011
pse_exactobject vrrocka 10058 1927.81 2810.99 15.47 0.80 0.80 0.80 -264 -7 23203
pse_exactobject vrtreea 10059 2036.53 2837.94 18.19 1.50 1.50 1.30 0 0 547
pse_exactobject vrtreec 10060 1998.00 2852.76 13.73 1.20 1.20 1.20 0 0 13570
pse_exactobject vrtreec 10061 1997.38 2826.13 11.18 0.50 0.50 0.25 0 0 7815
pse_exactobject vrtreeb 10062 2016.43 2821.40 14.66 1.03 1.03 1.05 0 0 2492
pse_exactobject vrtreec 10063 2019.24 2862.99 12.26 1.36 1.36 1.52 0 0 3278
pse_exactobject vrrocka 10064 2008.25 2839.81 9.57 0.66 0.66 0.94 -54 640 22719
pse_exactobject vrrockc 10065 2038.44 2860.64 16.63 0.60 0.60 0.50 135 -666 15355
pse_exactobject vrtreeb 10066 2009.02 2867.73 14.35 1.07 1.07 0.58 0 0 10840
pse_exactobject vrtreec 10067 2043.61 2868.81 17.41 0.50 0.50 0.53 0 0 8465
pse_exactobject vrtreec 10068 2034.57 2856.91 15.88 0.81 0.81 0.76 0 0 13780
pse_exactobject vrtreeb 10069 2009.34 2882.74 17.86 0.57 0.57 0.65 0 0 11103
pse_exactobject vrtreea 10070 2025.31 2889.83 17.80 0.50 0.50 0.36 0 0 12797
pse_exactobject vrtreea 10071 2040.47 2883.10 15.68 0.88 0.88 0.86 0 0 12408
pse_exactobject vrrockc 10072 2027.43 2873.37 14.09 0.84 0.84 0.72 191 -302 14789
pse_exactobject vrrockc 10073 2008.51 2851.68 10.75 0.60 0.60 0.42 262 585 15746
pse_exactobject vrtreeb 10074 2059.96 2947.18 22.59 0.85 0.85 0.70 0 0 2113
pse_exactobject vrtreec 10075 2057.19 2964.41 24.56 0.94 0.94 0.66 0 0 4363
pse_exactobject vrtreec 10076 2090.79 2950.54 24.36 0.50 0.50 0.53 0 0 14859
pse_exactobject vrtreeb 10077 2073.55 2955.50 24.30 0.76 0.76 0.66 0 0 178
pse_exactobject vrtreeb 10078 2084.71 2942.95 23.92 0.50 0.50 0.40 0 0 4070
pse_exactobject vrrocka 10079 2085.92 2898.31 21.82 0.74 0.74 0.98 -430 -252 17217
pse_exactobject vrrockb 10080 2097.83 2885.55 23.43 1.18 1.18 1.31 219 417 10110
pse_exactobject vrrocka 10081 2080.72 2883.17 20.52 0.90 0.90 1.51 -562 122 22902
pse_exactobject vrrockb 10082 2125.13 2886.50 24.66 1.42 1.42 1.83 33 -329 20369
pse_exactobject vrrocka 10083 2120.25 2902.39 25.49 0.64 0.64 0.60 -166 -100 14474
pse_exactobject vrrockb 10084 2106.00 2891.47 24.83 0.83 0.83 0.61 161 263 9327
pse_exactobject vrtreec 10085 2205.82 3050.35 27.31 1.50 1.50 1.77 0 0 8844
pse_exactobject vrtreea 10086 2214.02 3027.37 28.99 0.50 0.50 0.41 0 0 7502
pse_exactobject vrtreeb 10087 2234.18 3039.15 27.65 1.50 1.50 1.63 0 0 8375
pse_exactobject vrtreec 10088 2195.24 3024.77 28.19 0.69 0.69 0.71 0 0 3839
pse_exactobject vrtreec 10089 2204.54 3018.23 27.85 0.50 0.50 0.42 0 0 2179
pse_exactobject vrrockc 10090 2224.09 3018.97 29.87 0.60 0.60 0.53 -129 -4 24440
pse_exactobject vrtreeb 10091 2140.85 3030.98 25.90 0.84 0.84 1.06 0 0 12847
pse_exactobject vrtreec 10096 2173.70 3027.25 27.36 0.72 0.72 0.79 0 0 4998
pse_exactobject vrrockc 10097 2162.90 3035.48 26.47 0.60 0.60 0.57 85 230 11990
pse_exactobject vrtreec 10098 2043.70 3114.67 25.86 0.95 0.95 0.92 0 0 6963
pse_exactobject vrtreec 10099 2028.12 3123.99 23.42 0.95 0.95 1.00 0 0 10452
pse_exactobject vrtreec 10100 2013.35 3142.31 21.99 0.73 0.73 0.79 0 0 5857
pse_exactobject vrtreeb 10101 2035.75 3147.52 24.42 1.50 1.50 1.30 0 0 10839
pse_exactobject vrtreec 10102 2006.96 3115.99 21.00 1.03 1.03 1.09 0 0 4396
pse_exactobject vrtreec 10103 2010.07 3129.46 21.13 0.50 0.50 0.42 0 0 4635
pse_exactobject vrrocka 10104 2007.27 3156.09 22.18 0.91 0.91 0.94 65 -131 15352
pse_exactobject vrtreec 10105 2139.16 3189.66 16.76 0.50 0.50 0.67 0 0 12531
pse_exactobject vrtreeb 10106 2162.08 3193.74 17.47 0.50 0.50 0.46 0 0 2761
pse_exactobject vrtreea 10107 2154.67 3200.20 17.50 0.50 0.50 0.26 0 0 4855
pse_exactobject vrtreec 10108 2151.00 3182.34 17.88 0.87 0.87 1.08 0 0 13315
pse_exactobject vrtreeb 10109 2172.14 3204.98 15.83 1.01 1.01 1.30 0 0 16071
pse_exactobject vrtreeb 10110 2141.21 3213.00 15.34 1.05 1.05 1.15 0 0 3630
pse_exactobject vrtreec 10111 2054.45 3228.89 11.16 0.85 0.85 0.70 0 0 1860
pse_exactobject vrtreec 10112 2073.87 3215.06 15.17 1.50 1.50 1.37 0 0 7734
pse_exactobject vrtreea 10113 2084.45 3238.62 14.05 0.77 0.77 0.71 0 0 11749
pse_exactobject vrtreeb 10114 2069.19 3234.54 12.47 0.50 0.50 0.54 0 0 10235
pse_exactobject vrtreec 10115 2093.78 3221.28 15.72 0.51 0.51 0.54 0 0 15850
pse_exactobject vrrockc 10116 2092.12 3207.48 15.65 0.72 0.72 1.00 1 -33 21041
pse_exactobject vrtreea 10117 2254.90 3114.65 18.15 0.50 0.50 0.54 0 0 2730
pse_exactobject vrtreea 10118 2274.48 3104.55 17.23 1.11 1.11 0.99 0 0 12230
pse_exactobject vrtreeb 10119 2281.01 3125.94 20.48 0.50 0.50 0.53 0 0 7896
pse_exactobject vrtreec 10120 2261.55 3138.58 21.36 0.98 0.98 1.02 0 0 4760
pse_exactobject vrtreec 10121 2264.30 3115.43 18.81 0.50 0.50 0.31 0 0 2021
pse_exactobject vrtreea 10122 2290.07 3110.34 18.25 0.50 0.50 0.71 0 0 4637
pse_exactobject vrrocka 10123 2249.82 3100.99 18.86 0.91 0.91 1.21 39 -526 11053
pse_exactobject vrrockb 10124 2275.73 3141.82 18.32 0.60 0.60 0.46 236 -583 9541
pse_exactobject vrtreec 10125 2310.55 3050.50 21.86 0.61 0.61 0.53 0 0 10993
pse_exactobject vrtreeb 10126 2309.62 3026.67 18.86 0.50 0.50 0.41 0 0 8734
pse_exactobject vrtreea 10127 2325.06 3017.71 20.16 0.72 0.72 0.48 0 0 14956
pse_exactobject vrtreea 10128 2291.59 3052.63 24.00 0.79 0.79 0.82 0 0 7469
pse_exactobject vrtreec 10129 2317.93 3032.67 18.77 0.50 0.50 0.24 0 0 5293
pse_exactobject vrtreeb 10130 2306.88 3016.71 18.84 0.50 0.50 0.42 0 0 10008
pse_exactobject vrrockb 10131 2295.77 3016.14 18.88 0.78 0.78 0.92 -475 -197 25009
pse_exactobject vrrockc 10132 2297.62 3033.46 21.46 0.61 0.61 0.43 -390 -444 24038
pse_exactobject vrrockb 10133 2323.64 3049.68 21.78 0.60 0.60 0.57 2 62 6634
pse_exactobject vrtreec 10134 2338.07 2989.76 23.71 0.86 0.86 0.89 0 0 3231
pse_exactobject vrtreec 10135 2337.84 3022.04 20.61 0.52 0.52 0.45 0 0 13343
pse_exactobject vrtreeb 10136 2300.86 2990.16 24.65 1.34 1.34 0.92 0 0 5006
pse_exactobject vrtreea 10137 2340.29 3007.97 22.38 0.50 0.50 0.53 0 0 5166
pse_exactobject vrtreea 10138 2317.58 3003.94 21.79 0.98 0.98 1.38 0 0 3084
pse_exactobject vrrocka 10139 2324.98 2991.43 24.05 0.67 0.67 0.49 469 341 6503
pse_exactobject vrtreea 10140 2370.79 3070.97 16.40 1.36 1.36 1.03 0 0 7033
pse_exactobject vrtreea 10141 2342.62 3075.66 16.86 0.84 0.84 0.81 0 0 9943
pse_exactobject vrtreea 10142 2363.35 3108.42 13.15 0.79 0.79 0.85 0 0 6036
pse_exactobject vrtreeb 10143 2378.53 3108.35 12.42 0.81 0.81 0.79 0 0 9826
pse_exactobject vrtreea 10144 2343.26 3111.30 14.48 1.38 1.38 1.58 0 0 5050
pse_exactobject vrtreea 10145 2360.97 3093.41 13.54 0.50 0.50 0.31 0 0 5909
pse_exactobject vrrockc 10146 2377.84 3095.44 12.11 0.64 0.64 0.53 60 386 4379
pse_exactobject vrtreeb 10147 2440.31 3155.58 11.37 0.98 0.98 0.91 0 0 15010
pse_exactobject vrtreea 10148 2431.44 3171.43 11.48 1.01 1.01 1.09 0 0 15631
pse_exactobject vrtreea 10149 2414.52 3135.13 15.96 0.56 0.56 0.41 0 0 4463
pse_exactobject vrtreeb 10150 2423.41 3129.56 13.92 0.50 0.50 0.40 0 0 9733
pse_exactobject vrtreeb 10151 2439.35 3138.53 12.37 0.62 0.62 0.65 0 0 9440
pse_exactobject vrtreeb 10152 2414.05 3161.92 14.14 0.52 0.52 0.59 0 0 16192
pse_exactobject vrrockb 10153 2449.49 3130.58 10.82 0.60 0.60 0.77 188 335 15707
pse_exactobject vrrockb 10154 2422.67 3142.77 14.56 0.60 0.60 0.58 -323 209 15487
pse_exactobject vrrocka 10155 2411.58 3149.17 15.47 0.95 0.95 0.84 485 -78 6799
pse_exactobject vrtreea 10156 2402.96 3071.60 14.63 0.76 0.76 0.64 0 0 1386
pse_exactobject vrtreeb 10157 2426.84 3062.48 14.57 1.19 1.19 1.45 0 0 6993
pse_exactobject vrtreea 10158 2439.97 3091.98 16.79 1.46 1.46 1.07 0 0 2397
pse_exactobject vrtreea 10159 2421.13 3083.90 14.84 0.76 0.76 0.65 0 0 1659
pse_exactobject vrtreeb 10160 2404.61 3084.14 13.30 0.50 0.50 0.40 0 0 9027
pse_exactobject vrrockc 10161 2413.29 3095.49 13.01 0.60 0.60 0.59 -533 84 18806
pse_exactobject vrrocka 10162 2409.50 3059.68 14.72 0.60 0.60 0.71 10 33 2237
pse_exactobject vrtreec 10163 2452.53 3060.54 17.52 1.17 1.17 1.50 0 0 3349
pse_exactobject vrtreeb 10164 2433.38 3040.96 15.74 1.24 1.24 1.40 0 0 11361
pse_exactobject vrtreec 10165 2413.10 3035.64 14.95 0.59 0.59 0.52 0 0 4941
pse_exactobject vrtreea 10166 2445.60 3029.39 16.60 0.57 0.57 0.72 0 0 14138
pse_exactobject vrtreec 10167 2417.51 3049.09 15.12 0.50 0.50 0.50 0 0 12255
pse_exactobject vrrockc 10168 2452.06 3038.55 15.46 0.74 0.74 0.60 109 -231 9232
pse_exactobject vrtreeb 10169 2446.40 2934.73 19.37 0.50 0.50 0.39 0 0 15570
pse_exactobject vrtreec 10170 2444.53 2920.61 19.55 0.50 0.50 0.70 0 0 10099
pse_exactobject vrtreeb 10171 2463.86 2950.74 19.36 0.50 0.50 0.59 0 0 14548
pse_exactobject vrtreea 10172 2462.60 2930.12 19.06 0.54 0.54 0.49 0 0 2895
pse_exactobject vrtreeb 10173 2430.14 2923.17 19.83 0.70 0.70 0.67 0 0 8827
pse_exactobject vrtreea 10174 2436.39 2941.96 19.58 0.57 0.57 0.54 0 0 2400
pse_exactobject vrrockc 10175 2452.10 2943.76 19.34 0.60 0.60 0.66 29 35 17159
pse_exactobject vrtreea 10176 2512.13 2943.31 20.46 1.16 1.16 0.91 0 0 8630
pse_exactobject vrtreea 10177 2492.15 2941.59 19.01 0.50 0.50 0.51 0 0 777
pse_exactobject vrtreeb 10178 2489.48 2921.98 19.43 1.50 1.50 1.44 0 0 4893
pse_exactobject vrtreeb 10179 2518.48 2921.91 18.75 0.58 0.58 0.69 0 0 12214
pse_exactobject vrtreec 10180 2510.82 2915.57 20.17 0.50 0.50 0.44 0 0 5828
pse_exactobject vrrockc 10181 2490.34 2955.37 18.39 1.10 1.10 1.14 -290 -120 22499
pse_exactobject vrtreeb 10182 2651.68 2904.07 15.68 1.50 1.50 1.33 0 0 9069
pse_exactobject vrtreea 10183 2653.67 2922.66 15.56 0.50 0.50 0.50 0 0 3553
pse_exactobject vrtreea 10184 2635.36 2917.98 17.28 0.50 0.50 0.64 0 0 14823
pse_exactobject vrtreeb 10185 2630.55 2941.70 12.29 1.10 1.10 1.05 0 0 7696
pse_exactobject vrtreec 10186 2631.63 2905.70 16.55 0.50 0.50 0.54 0 0 2458
pse_exactobject vrtreea 10187 2640.27 2930.20 14.49 0.50 0.50 0.44 0 0 11008
pse_exactobject vrrocka 10188 2648.60 2945.02 12.48 1.03 1.03 0.74 -161 -234 21497
pse_exactobject vrrockc 10189 2623.49 2912.00 17.47 0.60 0.60 0.42 -3 100 28199
pse_exactobject vrtreea 10190 2608.40 2908.26 17.29 0.76 0.76 0.98 0 0 2475
pse_exactobject vrtreeb 10191 2617.54 2891.85 16.88 0.77 0.77 0.85 0 0 12775
pse_exactobject vrtreea 10192 2609.62 2926.04 17.57 0.88 0.88 1.09 0 0 10059
pse_exactobject vrrockb 10193 2634.47 2888.54 15.98 0.60 0.60 0.74 189 -169 7134
pse_exactobject vrtreea 10194 2678.09 2882.63 13.13 0.54 0.54 0.45 0 0 12511
pse_exactobject vrtreec 10195 2713.82 2893.04 11.95 1.50 1.50 1.66 0 0 7597
pse_exactobject vrtreeb 10196 2693.62 2908.33 12.79 1.21 1.21 1.49 0 0 2241
pse_exactobject vrtreea 10197 2693.94 2883.67 12.31 0.84 0.84 0.97 0 0 14678
pse_exactobject vrtreea 10198 2680.75 2894.30 13.70 0.50 0.50 0.29 0 0 3334
pse_exactobject vrtreeb 10199 2711.17 2917.72 11.75 0.51 0.51 0.54 0 0 12010
pse_exactobject vrtreeb 10200 2692.92 2833.34 14.32 0.50 0.50 0.49 0 0 9671
pse_exactobject vrtreec 10201 2717.14 2827.95 13.90 0.99 0.99 0.87 0 0 3833
pse_exactobject vrtreeb 10202 2702.92 2832.69 14.12 0.58 0.58 0.52 0 0 14486
pse_exactobject vrtreeb 10203 2715.39 2856.17 12.53 1.32 1.32 1.04 0 0 9090
pse_exactobject vrtreeb 10204 2700.86 2868.22 12.39 0.50 0.50 0.48 0 0 14254
pse_exactobject vrtreec 10205 2698.48 2844.57 13.70 0.50 0.50 0.59 0 0 7366
pse_exactobject vrtreec 10206 2732.67 2859.02 12.03 0.54 0.54 0.62 0 0 6432
pse_exactobject vrtreec 10207 2735.83 2868.55 11.80 0.50 0.50 0.31 0 0 12560
pse_exactobject vrtreeb 10208 2695.46 2853.11 13.33 0.50 0.50 0.59 0 0 4637
pse_exactobject vrrocka 10209 2730.88 2849.23 12.27 0.60 0.60 0.42 -132 -32 12463
pse_exactobject vrrockc 10210 2734.99 2834.20 12.82 0.76 0.76 0.70 -174 -76 13338
pse_exactobject vrtreeb 10211 2780.61 2803.88 12.53 1.50 1.50 1.27 0 0 15292
pse_exactobject vrtreec 10212 2759.22 2801.41 12.91 0.50 0.50 0.53 0 0 13646
pse_exactobject vrtreec 10213 2787.26 2785.19 12.88 0.66 0.66 0.45 0 0 1722
pse_exactobject vrtreeb 10214 2762.17 2811.85 12.71 0.50 0.50 0.69 0 0 920
pse_exactobject vrtreea 10215 2785.41 2774.63 13.02 0.50 0.50 0.69 0 0 5722
pse_exactobject vrtreeb 10216 2732.34 2740.55 14.51 1.40 1.40 1.50 0 0 4729
pse_exactobject vrtreec 10217 2754.15 2716.22 15.58 1.50 1.50 1.83 0 0 5906
pse_exactobject vrtreeb 10218 2754.35 2737.85 14.00 0.59 0.59 0.68 0 0 6324
pse_exactobject vrtreea 10219 2726.70 2713.58 18.48 0.97 0.97 1.15 0 0 7170
pse_exactobject vrtreeb 10220 2741.70 2695.24 19.00 0.50 0.50 0.40 0 0 9955
pse_exactobject vrtreec 10221 2750.82 2696.29 18.39 0.50 0.50 0.49 0 0 6825
pse_exactobject vrtreea 10222 2713.40 2684.54 21.04 1.10 1.10 1.27 0 0 4116
pse_exactobject vrtreec 10223 2711.81 2702.77 19.39 0.90 0.90 0.78 0 0 11949
pse_exactobject vrtreea 10224 2738.66 2683.03 19.24 0.77 0.77 1.05 0 0 8446
pse_exactobject vrtreeb 10225 2712.59 2720.70 17.59 0.52 0.52 0.40 0 0 716
pse_exactobject vrrockc 10226 2730.16 2695.10 19.52 0.86 0.86 0.94 -188 -39 12801
pse_exactobject vrtreec 10227 2707.66 2644.91 23.92 1.13 1.13 1.29 0 0 9574
pse_exactobject vrtreea 10228 2722.50 2611.21 24.87 0.84 0.84 1.03 0 0 4541
pse_exactobject vrtreea 10229 2732.78 2637.59 21.33 0.67 0.67 0.77 0 0 10931
pse_exactobject vrtreec 10230 2704.50 2605.80 27.04 0.50 0.50 0.54 0 0 14078
pse_exactobject vrtreeb 10231 2708.14 2618.26 25.21 0.50 0.50 0.51 0 0 5350
pse_exactobject vrtreea 10232 2702.08 2626.08 25.04 0.50 0.50 0.51 0 0 9722
pse_exactobject vrrocka 10233 2737.60 2622.32 21.69 1.05 1.05 1.51 422 205 4464
pse_exactobject vrrocka 10234 2718.28 2631.00 23.46 0.60 0.60 0.92 197 -199 6557
pse_exactobject vrrockb 10235 2737.78 2604.92 23.04 1.12 1.12 0.97 -572 -515 10888
pse_exactobject vrtreeb 10236 2713.08 2589.28 27.78 1.50 1.50 1.87 0 0 354
pse_exactobject vrtreec 10237 2690.42 2593.64 30.37 0.50 0.50 0.38 0 0 6231
pse_exactobject vrtreeb 10238 2699.10 2608.95 27.47 1.11 1.11 1.08 0 0 11487
pse_exactobject vrtreea 10239 2719.70 2611.54 25.20 0.98 0.98 1.00 0 0 7484
pse_exactobject vrtreea 10240 2682.04 2598.18 31.73 0.50 0.50 0.37 0 0 6942
pse_exactobject vrtreeb 10241 2681.41 2608.80 30.68 0.50 0.50 0.41 0 0 12870
pse_exactobject vrrockc 10242 2691.79 2580.58 31.51 0.61 0.61 0.59 402 -349 7432
pse_exactobject vrrocka 10243 2686.69 2619.22 28.15 0.60 0.60 0.75 339 -619 7973
pse_exactobject vrtreea 10244 2732.84 2491.93 40.08 1.32 1.32 1.33 0 0 791
pse_exactobject vrtreeb 10245 2717.99 2512.56 36.64 0.50 0.50 0.38 0 0 14947
pse_exactobject vrtreea 10246 2744.54 2513.65 35.05 1.41 1.41 1.05 0 0 1576
pse_exactobject vrtreec 10247 2710.68 2495.18 39.36 1.10 1.10 1.05 0 0 5569
pse_exactobject vrtreeb 10248 2715.26 2527.73 33.37 0.51 0.51 0.48 0 0 880
pse_exactobject vrtreeb 10249 2815.21 2506.66 26.02 0.92 0.92 0.79 0 0 15353
pse_exactobject vrtreec 10250 2832.67 2515.26 24.31 0.50 0.50 0.42 0 0 2677
pse_exactobject vrtreea 10251 2798.11 2476.45 28.18 1.31 1.31 1.74 0 0 5915
pse_exactobject vrtreec 10252 2799.98 2507.67 27.89 0.50 0.50 0.43 0 0 6168
pse_exactobject vrtreeb 10253 2832.56 2506.14 24.00 0.50 0.50 0.58 0 0 12266
pse_exactobject vrtreeb 10254 2816.08 2487.74 26.38 0.50 0.50 0.45 0 0 1784
pse_exactobject vrrocka 10255 2831.32 2490.94 24.91 1.04 1.04 1.16 290 -428 10999
pse_exactobject vrtreec 10256 2817.33 2492.52 25.78 0.78 0.78 0.92 0 0 10028
pse_exactobject vrtreec 10257 2842.65 2513.81 22.95 0.55 0.55 0.36 0 0 12282
pse_exactobject vrtreeb 10258 2841.00 2488.66 25.85 0.70 0.70 0.72 0 0 12329
pse_exactobject vrtreec 10259 2839.95 2503.57 23.24 0.50 0.50 0.67 0 0 9409
pse_exactobject vrtreeb 10260 2829.18 2513.40 24.56 0.53 0.53 0.64 0 0 5947
pse_exactobject vrtreeb 10261 2814.47 2511.23 26.22 0.62 0.62 0.55 0 0 519
pse_exactobject vrrockc 10262 2809.61 2483.31 27.06 0.60 0.60 0.42 76 -39 8845
pse_exactobject vrtreeb 10263 2880.84 2531.04 16.04 0.61 0.61 0.79 0 0 8917
pse_exactobject vrtreea 10264 2920.68 2570.02 14.63 1.29 1.29 1.36 0 0 15121
pse_exactobject vrtreeb 10265 2917.20 2551.57 15.37 0.50 0.50 0.35 0 0 4746
pse_exactobject vrrockb 10266 2954.72 2526.97 13.56 0.96 0.96 1.09 409 119 4180
pse_exactobject vrrockc 10267 2950.05 2509.86 14.55 0.88 0.88 0.82 226 156 2524
pse_exactobject vrrockb 10268 2963.84 2513.83 12.58 0.60 0.60 0.52 -523 -174 12617
pse_exactobject vrrockc 10269 2922.25 2558.04 15.08 0.60 0.60 0.94 104 -44 8645
pse_exactobject vrrocka 10270 2934.19 2543.12 15.13 0.60 0.60 0.55 -231 137 15259
pse_exactobject vrrocka 10271 2922.19 2545.42 15.57 0.84 0.84 0.91 60 65 5918
pse_exactobject vrrockc 10272 2845.74 2428.04 33.29 0.80 0.80 0.60 546 183 4561
pse_exactobject vrrockc 10273 2859.44 2432.81 29.88 0.95 0.95 0.69 638 353 5648
pse_exactobject vrrockb 10274 2882.95 2410.71 32.61 1.23 1.23 1.16 706 -262 10250
pse_exactobject vrtreec 10275 2923.43 2331.89 28.14 1.50 1.50 1.38 0 0 3304
pse_exactobject vrtreeb 10276 2958.33 2329.20 16.75 0.50 0.50 0.45 0 0 4103
pse_exactobject vrtreea 10277 2953.97 2344.35 17.78 0.68 0.68 0.61 0 0 3802
pse_exactobject vrtreeb 10278 2945.67 2324.79 19.65 0.58 0.58 0.57 0 0 10027
pse_exactobject vrtreec 10279 2922.81 2358.19 27.37 0.77 0.77 0.82 0 0 15053
pse_exactobject vrtreea 10280 2947.39 2363.23 18.96 0.88 0.88 0.94 0 0 7392
pse_exactobject vrtreea 10281 2928.76 2271.75 22.06 1.50 1.50 1.21 0 0 8378
pse_exactobject vrtreeb 10282 2926.01 2303.55 26.70 0.98 0.98 1.19 0 0 10681
pse_exactobject vrtreeb 10283 2899.65 2294.89 26.06 1.26 1.26 1.13 0 0 14375
pse_exactobject vrtreec 10284 2912.82 2282.60 24.10 0.50 0.50 0.47 0 0 4552
pse_exactobject vrrockb 10285 2904.38 2268.15 23.52 0.60 0.60 0.72 -676 24 12477
pse_exactobject vrtreea 10286 2853.82 2184.60 26.13 0.50 0.50 0.45 0 0 6335
pse_exactobject vrtreea 10287 2852.63 2196.10 27.11 0.59 0.59 0.53 0 0 5756
pse_exactobject vrtreec 10288 2875.38 2174.80 17.65 0.50 0.50 0.42 0 0 6762
pse_exactobject vrtreeb 10289 2875.94 2161.48 19.53 0.89 0.89 0.59 0 0 14025
pse_exactobject vrtreea 10290 2841.42 2187.00 27.20 0.50 0.50 0.34 0 0 2458
pse_exactobject vrtreea 10291 2853.10 2159.33 20.30 1.50 1.50 1.72 0 0 2255
pse_exactobject vrrockc 10292 2866.95 2198.67 24.14 0.63 0.63 0.50 -238 -341 24831
pse_exactobject vrrocka 10293 2866.07 2177.92 19.69 0.60 0.60 0.85 636 491 16913
pse_exactobject vrtreeb 10294 2866.14 2090.33 24.70 1.50 1.50 1.32 0 0 15442
pse_exactobject vrtreec 10295 2860.34 2108.36 25.89 0.50 0.50 0.46 0 0 3240
pse_exactobject vrtreea 10296 2841.23 2076.44 31.66 1.50 1.50 1.85 0 0 3830
pse_exactobject vrtreec 10297 2836.56 2094.91 28.82 0.50 0.50 0.55 0 0 9172
pse_exactobject vrtreeb 10298 2837.90 2111.13 29.21 0.69 0.69 0.78 0 0 11020
pse_exactobject vrtreeb 10299 2844.61 2100.37 27.78 0.50 0.50 0.47 0 0 12653
pse_exactobject vrrocka 10300 2854.82 2116.40 26.39 0.60 0.60 0.67 -279 -313 11785
pse_exactobject vrrockb 10301 2877.32 2107.91 25.39 0.72 0.72 0.50 -155 54 20896
pse_exactobject vrrockb 10302 2892.91 2040.45 27.96 0.61 0.61 0.43 -685 363 29349
pse_exactobject vrrocka 10303 2889.66 2055.08 28.39 1.07 1.07 0.99 -476 317 14697
pse_exactobject vrrockc 10304 2854.79 2064.90 31.34 1.26 1.26 1.16 -136 -463 12667
pse_exactobject vrrocka 10305 2846.86 2082.89 29.33 0.99 0.99 1.03 -203 529 17652
pse_exactobject vrrocka 10306 2921.66 1993.85 18.05 0.60 0.60 0.42 133 -394 22707
pse_exactobject vrrockc 10307 2909.48 1980.05 19.16 1.20 1.20 0.96 300 417 17302
pse_exactobject vrrockc 10308 2909.61 1995.72 20.24 0.67 0.67 0.53 690 -37 20027
pse_exactobject vrtreeb 10309 2966.49 1986.62 16.39 0.96 0.96 0.69 0 0 4453
pse_exactobject vrtreea 10310 2968.18 2006.30 17.11 0.94 0.94 0.85 0 0 12191
pse_exactobject vrtreec 10311 2876.11 1913.82 26.44 0.50 0.50 0.44 0 0 4447
pse_exactobject vrtreea 10312 2897.28 1888.73 20.56 1.50 1.50 1.57 0 0 5246
pse_exactobject vrtreec 10313 2867.45 1877.02 30.38 0.50 0.50 0.32 0 0 2941
pse_exactobject vrtreea 10314 2878.32 1899.87 27.58 0.50 0.50 0.57 0 0 1786
pse_exactobject vrtreeb 10315 2895.70 1915.30 20.34 1.40 1.40 1.79 0 0 15796
pse_exactobject vrtreec 10316 2870.19 1889.60 29.98 0.81 0.81 0.79 0 0 9886
pse_exactobject vrtreea 10317 2853.20 1726.84 13.27 1.26 1.26 1.63 0 0 11018
pse_exactobject vrtreea 10318 2842.86 1713.72 14.73 0.50 0.50 0.53 0 0 3264
pse_exactobject vrtreec 10319 2825.63 1722.69 16.90 0.50 0.50 0.59 0 0 12668
pse_exactobject vrtreea 10320 2830.20 1708.49 16.70 0.90 0.90 0.92 0 0 15016
pse_exactobject vrtreec 10321 2832.12 1729.19 16.48 0.50 0.50 0.32 0 0 4805
pse_exactobject vrrocka 10322 2847.43 1742.93 15.38 0.60 0.60 0.56 288 176 17474
pse_exactobject vrtreea 10323 2812.69 1694.87 18.53 0.97 0.97 0.69 0 0 12296
pse_exactobject vrtreea 10324 2818.77 1675.67 18.79 1.14 1.14 1.42 0 0 12189
pse_exactobject vrtreeb 10325 2794.74 1672.62 19.35 0.50 0.50 0.56 0 0 13479
pse_exactobject vrtreeb 10326 2800.39 1686.15 18.93 0.50 0.50 0.53 0 0 12193
pse_exactobject vrrocka 10327 2813.27 1709.31 18.11 0.66 0.66 0.73 4 -68 12208
pse_exactobject vrtreea 10328 2754.21 1719.64 23.31 0.80 0.80 0.91 0 0 9775
pse_exactobject vrtreeb 10329 2742.37 1706.56 25.00 0.98 0.98 0.97 0 0 9442
pse_exactobject vrtreea 10330 2762.15 1733.72 22.80 0.50 0.50 0.47 0 0 1531
pse_exactobject vrtreeb 10331 2771.17 1726.22 20.45 0.53 0.53 0.68 0 0 10707
pse_exactobject vrtreea 10332 2760.51 1709.21 20.88 0.50 0.50 0.57 0 0 4227
pse_exactobject vrrockb 10333 2749.32 1734.17 25.30 0.93 0.93 1.41 -111 -472 24611
pse_exactobject vrtreea 10334 2755.70 1551.63 18.95 1.24 1.24 1.13 0 0 6354
pse_exactobject vrtreeb 10335 2769.42 1581.46 15.92 1.50 1.50 1.60 0 0 9998
pse_exactobject vrtreea 10336 2791.27 1545.80 15.46 0.84 0.84 1.21 0 0 15618
pse_exactobject vrtreeb 10337 2788.22 1558.38 15.51 0.54 0.54 0.58 0 0 6643
pse_exactobject vrtreec 10338 2774.98 1556.15 15.85 0.80 0.80 0.91 0 0 5936
pse_exactobject vrrockb 10339 2788.74 1573.08 13.94 0.60 0.60 0.72 358 -36 5997
pse_exactobject vrrockb 10340 2749.58 1580.81 19.10 0.62 0.62 0.67 75 28 10841
pse_exactobject vrtreec 10341 2821.99 1563.26 13.39 0.55 0.55 0.42 0 0 3332
pse_exactobject vrtreec 10342 2812.35 1581.85 13.33 1.50 1.50 1.01 0 0 14254
pse_exactobject vrtreec 10343 2815.24 1602.58 14.43 0.50 0.50 0.49 0 0 10752
pse_exactobject vrtreea 10344 2788.87 1603.13 15.33 0.50 0.50 0.42 0 0 12949
pse_exactobject vrtreeb 10345 2803.93 1603.49 15.24 0.74 0.74 0.45 0 0 5027
pse_exactobject vrrockc 10346 2793.45 1584.53 13.40 0.60 0.60 0.49 87 251 13813
pse_exactobject vrrockc 10347 2809.18 1563.25 13.42 0.60 0.60 0.55 -37 110 25730
pse_exactobject vrtreec 10348 2613.82 1526.76 21.63 1.50 1.50 1.05 0 0 13874
pse_exactobject vrtreea 10349 2619.95 1502.22 19.63 1.03 1.03 0.89 0 0 9608
pse_exactobject vrtreea 10350 2606.14 1492.67 18.12 0.80 0.80 0.91 0 0 14682
pse_exactobject vrtreec 10351 2595.40 1507.11 20.54 1.15 1.15 1.50 0 0 3712
pse_exactobject vrtreea 10352 2539.05 1476.64 28.27 0.74 0.74 0.69 0 0 11072
pse_exactobject vrtreea 10353 2558.01 1446.52 23.81 1.40 1.40 1.71 0 0 805
pse_exactobject vrtreec 10354 2553.71 1470.93 26.29 0.50 0.50 0.43 0 0 2324
pse_exactobject vrtreea 10355 2531.44 1439.57 25.89 1.19 1.19 1.40 0 0 12026
pse_exactobject vrtreea 10356 2541.41 1456.09 25.25 0.60 0.60 0.36 0 0 5821
pse_exactobject vrtreec 10357 2528.21 1464.38 26.45 0.50 0.50 0.46 0 0 14146
pse_exactobject vrtreea 10358 2534.13 1323.27 16.71 0.50 0.50 0.38 0 0 4542
pse_exactobject vrtreec 10359 2517.47 1304.08 16.31 1.50 1.50 1.44 0 0 5105
pse_exactobject vrtreea 10360 2555.23 1315.73 17.37 1.50 1.50 1.77 0 0 2300
pse_exactobject vrtreea 10361 2522.95 1322.37 16.73 0.62 0.62 0.51 0 0 6175
pse_exactobject vrrocka 10362 2552.35 1334.58 16.59 0.60 0.60 0.51 35 52 6822
pse_exactobject vrrockb 10363 2535.09 1310.51 16.67 0.60 0.60 0.82 1 57 3145
pse_exactobject vrtreec 10364 2545.90 1272.53 17.66 0.50 0.50 0.53 0 0 9683
pse_exactobject vrtreea 10365 2526.12 1259.11 15.56 0.89 0.89 1.08 0 0 13894
pse_exactobject vrtreec 10366 2559.96 1263.00 16.33 1.33 1.33 1.39 0 0 15425
pse_exactobject vrtreea 10367 2550.67 1286.72 17.40 1.10 1.10 0.67 0 0 6697
pse_exactobject vrtreec 10368 2533.33 1276.85 17.33 0.58 0.58 0.63 0 0 10894
pse_exactobject vrtreec 10369 2532.13 1289.75 16.65 0.63 0.63 0.54 0 0 2456
pse_exactobject vrtreea 10370 2486.30 1306.15 16.68 0.75 0.75 1.11 0 0 5200
pse_exactobject vrtreec 10371 2457.45 1346.50 17.11 0.80 0.80 0.86 0 0 16008
pse_exactobject vrtreeb 10372 2395.70 1359.24 20.18 1.08 1.08 1.46 0 0 9402
pse_exactobject vrtreec 10373 2414.10 1381.18 23.74 1.09 1.09 1.17 0 0 5828
pse_exactobject vrtreec 10374 2411.46 1363.85 20.51 0.50 0.50 0.57 0 0 9719
pse_exactobject vrtreeb 10375 2403.42 1341.96 17.65 0.50 0.50 0.71 0 0 2299
pse_exactobject vrtreec 10376 2377.03 1340.56 18.62 1.28 1.28 1.54 0 0 2759
pse_exactobject vrtreeb 10377 2415.08 1345.02 18.01 0.50 0.50 0.68 0 0 1308
pse_exactobject vrrockc 10378 2378.42 1371.38 22.56 0.82 0.82 0.57 -193 358 28673
pse_exactobject vrrockc 10379 2395.84 1374.98 22.46 0.61 0.61 0.56 189 307 14017
pse_exactobject vrtreec 10380 2338.39 1390.98 26.15 1.50 1.50 1.62 0 0 1307
pse_exactobject vrtreeb 10381 2362.12 1372.16 23.40 0.75 0.75 0.93 0 0 5956
pse_exactobject vrtreec 10382 2323.96 1364.25 23.16 1.32 1.32 1.34 0 0 5444
pse_exactobject vrtreea 10383 2348.04 1355.32 21.05 0.50 0.50 0.41 0 0 260
pse_exactobject vrtreec 10384 2357.59 1360.17 21.28 0.50 0.50 0.42 0 0 14575
pse_exactobject vrtreeb 10385 2344.90 1370.35 23.80 0.54 0.54 0.64 0 0 9775
pse_exactobject vrrockb 10386 2364.31 1387.45 25.29 0.67 0.67 0.71 -112 -83 11707
pse_exactobject vrtreec 10387 2289.84 1457.66 18.12 0.78 0.78 0.79 0 0 818
pse_exactobject vrtreec 10388 2305.48 1456.96 14.50 0.50 0.50 0.54 0 0 2192
pse_exactobject vrtreec 10389 2270.54 1445.07 23.44 0.50 0.50 0.47 0 0 4843
pse_exactobject vrtreec 10390 2269.92 1465.51 21.34 0.94 0.94 1.13 0 0 1319
pse_exactobject vrtreec 10391 2300.14 1479.72 14.32 1.50 1.50 1.00 0 0 1238
pse_exactobject vrtreec 10392 2266.65 1480.09 20.81 0.50 0.50 0.59 0 0 3325
pse_exactobject vrtreec 10393 2251.49 1416.72 20.61 0.72 0.72 0.55 0 0 4153
pse_exactobject vrtreea 10394 2263.84 1427.74 23.08 0.50 0.50 0.36 0 0 3249
pse_exactobject vrtreec 10395 2259.12 1438.90 22.71 0.73 0.73 0.70 0 0 7536
pse_exactobject vrtreeb 10396 2270.45 1410.88 22.48 1.12 1.12 0.79 0 0 3986
pse_exactobject vrtreea 10397 2203.52 1397.81 21.95 0.51 0.51 0.56 0 0 9246
pse_exactobject vrtreea 10398 2224.03 1360.86 25.13 0.50 0.50 0.63 0 0 10079
pse_exactobject vrtreea 10399 2214.16 1386.73 22.45 0.64 0.64 0.80 0 0 1106
pse_exactobject vrtreeb 10400 2259.59 1312.66 23.37 0.50 0.50 0.43 0 0 6582
pse_exactobject vrtreec 10401 2271.96 1299.10 23.29 1.00 1.00 1.07 0 0 2845
pse_exactobject vrtreeb 10402 2289.45 1292.33 21.52 0.59 0.59 0.71 0 0 5750
pse_exactobject vrtreeb 10403 2258.48 1324.83 21.84 0.85 0.85 0.59 0 0 6049
pse_exactobject vrtreea 10404 2258.29 1294.38 26.25 0.50 0.50 0.50 0 0 8190
pse_exactobject vrrockb 10405 2272.54 1319.40 21.60 0.60 0.60 0.66 -230 -72 13985
pse_exactobject vrtreeb 10406 2297.25 1275.68 21.37 0.91 0.91 0.99 0 0 408
pse_exactobject vrtreeb 10407 2307.26 1256.38 21.18 0.51 0.51 0.51 0 0 7472
pse_exactobject vrtreeb 10408 2297.54 1242.44 23.23 1.13 1.13 1.04 0 0 14349
pse_exactobject vrtreec 10409 2278.24 1241.13 29.40 0.75 0.75 0.59 0 0 2753
pse_exactobject vrtreec 10410 2274.85 1268.94 25.95 1.29 1.29 1.51 0 0 6686
pse_exactobject vrtreec 10411 2308.02 1268.15 20.88 0.51 0.51 0.36 0 0 13905
pse_exactobject vrtreeb 10412 2281.35 1147.65 20.36 1.50 1.50 1.63 0 0 10478
pse_exactobject vrtreea 10413 2282.73 1175.15 19.66 0.88 0.88 0.97 0 0 10943
pse_exactobject vrtreec 10414 2246.32 1175.36 31.69 1.50 1.50 1.38 0 0 10263
pse_exactobject vrtreea 10415 2271.14 1165.04 21.17 0.50 0.50 0.43 0 0 1015
pse_exactobject vrrocka 10416 2245.01 1138.36 32.49 0.91 0.91 0.65 -195 -740 9000
pse_exactobject vrtreec 10417 2248.74 1087.30 20.41 1.11 1.11 0.92 0 0 5058
pse_exactobject vrtreeb 10418 2230.75 1071.13 25.80 1.46 1.46 1.63 0 0 591
pse_exactobject vrtreea 10419 2226.53 1094.23 27.70 0.50 0.50 0.48 0 0 1892
pse_exactobject vrtreea 10420 2255.72 1070.69 18.26 0.76 0.76 0.83 0 0 9872
pse_exactobject vrrockb 10421 2258.46 1105.42 21.78 1.25 1.25 1.12 -528 158 28320
pse_exactobject vrtreea 10422 2166.40 1038.68 41.42 1.50 1.50 1.80 0 0 4347
pse_exactobject vrtreea 10423 2184.67 1056.16 39.86 0.96 0.96 0.83 0 0 13464
pse_exactobject vrtreeb 10424 2151.66 1053.88 47.94 0.74 0.74 0.90 0 0 13639
pse_exactobject vrtreea 10425 2184.64 1023.90 28.60 0.79 0.79 0.96 0 0 7060
pse_exactobject vrtreea 10426 2232.79 920.85 15.65 1.20 1.20 0.79 0 0 14470
pse_exactobject vrtreea 10427 2195.42 958.69 16.66 0.66 0.66 1.00 0 0 15245
pse_exactobject vrtreec 10428 2102.22 898.81 17.43 0.79 0.79 0.55 0 0 9316
pse_exactobject vrtreeb 10429 2133.30 860.26 15.03 0.73 0.73 0.79 0 0 8321
pse_exactobject vrtreec 10430 2099.95 836.93 15.62 0.67 0.67 0.86 0 0 5835
pse_exactobject vrtreea 10431 2084.23 835.23 16.59 0.50 0.50 0.34 0 0 2589
pse_exactobject vrtreeb 10432 1966.51 869.77 23.48 1.35 1.35 1.69 0 0 4963
pse_exactobject vrtreec 10433 1989.49 858.32 18.70 0.63 0.63 0.64 0 0 5857
pse_exactobject vrtreea 10434 1987.64 871.67 22.04 0.86 0.86 0.82 0 0 15622
pse_exactobject vrtreeb 10435 1952.23 861.15 21.56 0.50 0.50 0.52 0 0 15167
pse_exactobject vrrocka 10436 1954.00 848.00 19.25 0.73 0.73 0.58 403 -210 18411
pse_exactobject vrrockb 10437 1981.85 849.58 17.59 0.60 0.60 0.42 -225 409 28650
pse_exactobject vrtreec 10438 1997.84 911.55 30.13 0.81 0.81 0.80 0 0 9164
pse_exactobject vrtreec 10439 1983.87 907.96 33.35 0.50 0.50 0.66 0 0 13598
pse_exactobject vrtreeb 10440 2010.95 904.23 28.49 0.73 0.73 0.71 0 0 14748
pse_exactobject vrtreeb 10441 1985.61 929.95 39.17 0.61 0.61 0.57 0 0 9711
pse_exactobject vrtreec 10442 1994.45 937.37 40.82 0.61 0.61 0.33 0 0 8861
pse_exactobject vrrocka 10443 1983.31 940.64 40.25 0.60 0.60 0.42 278 176 16120
pse_exactobject vrtreec 10444 1867.58 911.60 29.16 0.80 0.80 0.67 0 0 3119
pse_exactobject vrtreec 10445 1885.78 910.58 25.71 0.83 0.83 0.96 0 0 10930
pse_exactobject vrtreeb 10446 1888.77 889.66 23.47 0.50 0.50 0.49 0 0 15296
pse_exactobject vrtreeb 10447 1874.41 897.41 25.11 0.77 0.77 0.46 0 0 1479
pse_exactobject vrtreec 10448 1868.82 924.80 31.32 0.58 0.58 0.63 0 0 1903
pse_exactobject vrtreeb 10449 1825.87 867.05 12.86 0.50 0.50 0.44 0 0 1092
pse_exactobject vrtreec 10450 1804.76 874.95 12.66 0.50 0.50 0.45 0 0 3635
pse_exactobject vrtreea 10451 1837.44 868.28 13.50 0.58 0.58 0.55 0 0 7994
pse_exactobject vrtreea 10452 1835.03 899.57 20.32 1.27 1.27 1.12 0 0 941
pse_exactobject vrtreec 10453 1811.95 890.24 14.95 1.18 1.18 1.03 0 0 15109
pse_exactobject vrtreea 10454 1838.70 880.48 15.21 0.59 0.59 0.68 0 0 13592
pse_exactobject vrrockb 10455 1816.82 873.39 12.82 0.79 0.79 0.65 -153 26 23103
pse_exactobject vrtreec 10456 1807.00 872.25 12.64 0.68 0.68 0.83 0 0 13419
pse_exactobject vrtreec 10457 1833.69 877.42 14.16 0.76 0.76 1.06 0 0 11728
pse_exactobject vrtreea 10458 1813.98 882.37 13.45 0.50 0.50 0.47 0 0 13922
pse_exactobject vrtreec 10459 1837.03 865.88 13.43 0.50 0.50 0.41 0 0 4675
pse_exactobject vrtreec 10460 1820.68 873.11 12.96 0.75 0.75 0.79 0 0 4155
pse_exactobject vrrockc 10461 1825.84 889.90 16.21 0.60 0.60 0.60 141 -694 19478
pse_exactobject vrrocka 10462 1845.58 870.42 14.16 0.60 0.60 0.49 186 99 11701
pse_exactobject vrtreeb 10463 1770.33 887.87 12.92 0.50 0.50 0.53 0 0 1803
pse_exactobject vrtreeb 10464 1734.90 873.62 14.94 1.09 1.09 0.86 0 0 15638
pse_exactobject vrtreec 10465 1738.83 908.58 21.48 0.84 0.84 0.78 0 0 2225
pse_exactobject vrtreec 10466 1769.78 903.63 14.78 1.05 1.05 1.20 0 0 2742
pse_exactobject vrtreeb 10467 1759.65 873.24 12.86 0.52 0.52 0.74 0 0 8550
pse_exactobject vrtreec 10468 1753.86 887.05 14.71 1.05 1.05 1.17 0 0 10466
pse_exactobject vrrocka 10469 1735.73 891.38 18.46 0.60 0.60 0.43 -646 298 26621
pse_exactobject vrtreeb 10470 1710.96 800.99 13.79 1.06 1.06 1.20 0 0 12462
pse_exactobject vrtreeb 10471 1682.33 785.95 11.08 1.49 1.49 1.76 0 0 270
pse_exactobject vrtreeb 10472 1712.63 774.52 9.36 1.26 1.26 1.45 0 0 12462
pse_exactobject vrtreeb 10473 1686.75 807.64 14.34 0.92 0.92 1.12 0 0 3562
pse_exactobject vrtreea 10474 1693.95 766.32 7.70 0.50 0.50 0.48 0 0 4310
pse_exactobject vrtreec 10475 1646.94 822.84 15.50 0.68 0.68 0.77 0 0 4748
pse_exactobject vrtreea 10476 1660.37 821.71 15.25 0.59 0.59 0.47 0 0 11895
pse_exactobject vrtreec 10477 1622.39 825.52 15.95 0.81 0.81 0.66 0 0 3755
pse_exactobject vrtreec 10478 1629.80 880.86 18.38 0.50 0.50 0.42 0 0 15521
pse_exactobject vrtreeb 10479 1623.62 913.16 21.34 1.50 1.50 1.55 0 0 14894
pse_exactobject vrtreeb 10480 1609.44 889.19 17.78 1.00 1.00 0.94 0 0 13678
pse_exactobject vrtreeb 10481 1599.72 916.16 21.02 0.50 0.50 0.35 0 0 7324
pse_exactobject vrrocka 10482 1633.09 893.09 19.65 0.60 0.60 0.50 143 -189 18786
pse_exactobject vrtreeb 10483 1573.64 911.41 16.49 0.66 0.66 0.50 0 0 9943
pse_exactobject vrtreec 10484 1563.96 905.64 15.14 0.50 0.50 0.54 0 0 15758
pse_exactobject vrtreea 10485 1557.06 918.74 16.57 0.50 0.50 0.37 0 0 6940
pse_exactobject vrtreeb 10486 1578.28 897.74 15.94 0.50 0.50 0.55 0 0 5501
pse_exactobject vrtreeb 10487 1525.51 955.94 20.23 0.50 0.50 0.76 0 0 8731
pse_exactobject vrrockb 10488 1536.51 949.12 19.75 0.82 0.82 0.76 -25 188 31195
pse_exactobject vrtreec 10489 1481.77 948.32 20.63 0.63 0.63 0.85 0 0 5893
pse_exactobject vrtreec 10490 1478.32 937.72 20.33 0.50 0.50 0.55 0 0 2989
pse_exactobject vrtreec 10491 1478.58 927.64 20.07 0.50 0.50 0.59 0 0 2847
pse_exactobject vrrockc 10492 1476.00 914.70 19.99 0.60 0.60 0.69 7 22 11058
pse_exactobject vrtreec 10493 1466.49 934.38 20.64 1.02 1.02 0.67 0 0 10710
pse_exactobject vrtreeb 10494 1462.05 951.80 21.44 0.50 0.50 0.61 0 0 6473
pse_exactobject vrtreeb 10495 1483.23 955.44 20.74 0.50 0.50 0.22 0 0 13673
pse_exactobject vrtreec 10496 1476.88 947.47 20.59 0.50 0.50 0.49 0 0 4875
pse_exactobject vrtreec 10497 1449.89 940.89 22.39 0.50 0.50 0.44 0 0 7325
pse_exactobject vrtreea 10498 1469.20 961.91 21.06 0.50 0.50 0.62 0 0 5932
pse_exactobject vrrockb 10499 1456.96 921.92 20.67 0.60 0.60 0.58 157 -145 20577
pse_exactobject vrrocka 10500 1452.62 958.48 22.39 0.69 0.69 0.53 107 218 1487
pse_exactobject vrtreeb 10501 1434.37 1027.20 22.23 0.66 0.66 0.67 0 0 2386
pse_exactobject vrtreea 10502 1418.57 998.56 17.22 1.18 1.18 0.99 0 0 9207
pse_exactobject vrtreec 10503 1430.97 1016.06 21.94 0.50 0.50 0.43 0 0 13672
pse_exactobject vrtreeb 10504 1421.45 1022.96 22.91 0.74 0.74 0.82 0 0 6106
pse_exactobject vrtreec 10505 1443.46 1003.32 20.65 0.50 0.50 0.41 0 0 2481
pse_exactobject vrtreeb 10506 1446.85 1015.71 21.46 0.50 0.50 0.45 0 0 778
pse_exactobject vrtreec 10507 1485.74 1119.92 25.78 1.28 1.28 1.39 0 0 3781
pse_exactobject vrtreeb 10508 1458.84 1123.77 23.65 0.70 0.70 0.82 0 0 11413
pse_exactobject vrtreea 10509 1474.22 1134.12 27.38 0.50 0.50 0.57 0 0 4565
pse_exactobject vrtreeb 10510 1457.81 1110.87 22.09 0.50 0.50 0.46 0 0 11258
pse_exactobject vrtreea 10511 1495.08 1138.78 23.34 0.76 0.76 1.08 0 0 14277
pse_exactobject vrrockb 10512 1478.75 1147.27 32.03 0.77 0.77 0.54 655 368 14569
pse_exactobject vrtreec 10513 1516.95 1243.90 57.47 0.50 0.50 0.65 0 0 14790
pse_exactobject vrtreeb 10514 1582.58 1400.70 22.98 0.50 0.50 0.44 0 0 4969
pse_exactobject vrtreec 10515 1585.74 1375.74 26.13 1.34 1.34 0.61 0 0 1555
pse_exactobject vrtreeb 10516 1581.48 1408.98 22.60 1.25 1.25 1.44 0 0 15782
pse_exactobject vrtreeb 10517 1583.61 1431.44 19.65 1.10 1.10 1.09 0 0 1603
pse_exactobject vrtreec 10518 1589.87 1393.73 23.57 0.57 0.57 0.66 0 0 8522
pse_exactobject vrrockc 10519 1613.05 1432.04 24.55 0.98 0.98 0.68 685 -431 11326
pse_exactobject vrtreec 10520 1601.00 1458.46 16.10 0.98 0.98 1.25 0 0 14139
pse_exactobject vrtreeb 10521 1582.49 1455.40 16.70 0.99 0.99 0.76 0 0 16246
pse_exactobject vrtreea 10522 1568.58 1468.39 14.48 0.52 0.52 0.65 0 0 1201
pse_exactobject vrtreea 10523 1588.53 1442.16 18.10 0.50 0.50 0.55 0 0 6023
pse_exactobject vrtreeb 10524 1566.09 1453.13 16.39 0.60 0.60 0.59 0 0 1327
pse_exactobject vrtreec 10525 1569.73 1441.74 18.96 0.50 0.50 0.49 0 0 1433
pse_exactobject vrtreec 10526 1557.94 1472.65 13.88 0.50 0.50 0.38 0 0 14745
pse_exactobject vrtreec 10527 1474.01 1551.50 17.27 0.86 0.86 0.86 0 0 9207
pse_exactobject vrtreec 10528 1497.90 1547.96 14.43 1.36 1.36 1.33 0 0 7811
pse_exactobject vrtreec 10529 1457.15 1540.33 17.91 0.50 0.50 0.59 0 0 8351
pse_exactobject vrtreec 10530 1488.77 1527.79 17.57 0.50 0.50 0.61 0 0 13038
pse_exactobject vrtreec 10531 1477.00 1536.96 17.86 0.50 0.50 0.69 0 0 6146
pse_exactobject vrrockb 10532 1458.27 1556.94 17.43 0.60 0.60 0.44 47 -296 8968
pse_exactobject vrrocka 10533 1465.87 1536.68 17.97 0.60 0.60 0.58 9 -17 15585
pse_exactobject vrtreea 10534 1409.76 1562.39 18.40 0.50 0.50 0.47 0 0 12674
pse_exactobject vrtreec 10535 1395.66 1555.59 18.11 0.81 0.81 0.60 0 0 708
pse_exactobject vrtreeb 10536 1386.85 1569.13 18.16 0.91 0.91 1.16 0 0 15257
pse_exactobject vrtreec 10537 1381.61 1554.78 17.54 0.50 0.50 0.41 0 0 13160
pse_exactobject vrrockb 10538 1408.93 1547.02 18.37 0.60 0.60 0.65 123 -170 18182
pse_exactobject vrtreeb 10539 1350.40 1501.42 16.54 1.50 1.50 2.30 0 0 16209
pse_exactobject vrtreeb 10540 1385.71 1502.47 17.75 1.05 1.05 1.23 0 0 15371
pse_exactobject vrtreea 10541 1371.44 1508.04 16.92 0.54 0.54 0.59 0 0 3535
pse_exactobject vrtreea 10542 1346.69 1524.86 15.91 0.50 0.50 0.29 0 0 4402
pse_exactobject vrtreea 10543 1303.74 1512.77 20.80 0.92 0.92 1.05 0 0 13218
pse_exactobject vrtreea 10544 1285.39 1492.70 28.91 0.83 0.83 0.81 0 0 663
pse_exactobject vrtreea 10545 1305.17 1493.86 27.97 0.96 0.96 0.99 0 0 226
pse_exactobject vrtreea 10546 1318.19 1516.74 19.29 0.50 0.50 0.35 0 0 14640
pse_exactobject vrrockc 10547 1282.12 1521.78 18.27 0.78 0.78 0.75 701 -47 8052
pse_exactobject vrtreeb 10548 1245.57 1526.84 16.33 1.24 1.24 0.98 0 0 11845
pse_exactobject vrtreeb 10549 1262.67 1512.17 21.25 0.90 0.90 1.03 0 0 6904
pse_exactobject vrtreec 10550 1272.45 1541.32 15.09 1.50 1.50 1.39 0 0 9570
pse_exactobject vrtreea 10551 1244.12 1543.07 14.83 0.50 0.50 0.52 0 0 9829
pse_exactobject vrrockc 10552 1244.28 1508.26 18.02 0.79 0.79 0.92 721 42 11175
pse_exactobject vrtreea 10553 1222.06 1516.48 15.48 1.03 1.03 0.84 0 0 8359
pse_exactobject vrtreec 10554 1223.78 1550.46 14.64 1.42 1.42 1.40 0 0 12175
pse_exactobject vrtreea 10555 1248.62 1552.05 14.45 0.50 0.50 0.21 0 0 12738
pse_exactobject vrtreea 10556 1150.50 1542.82 10.53 1.01 1.01 0.79 0 0 2391
pse_exactobject vrtreec 10557 1180.27 1559.80 18.64 1.07 1.07 0.91 0 0 7602
pse_exactobject vrtreea 10558 1180.24 1537.58 23.87 0.50 0.50 0.54 0 0 9459
pse_exactobject vrtreec 10559 1164.18 1559.57 18.91 0.64 0.64 0.72 0 0 7542
pse_exactobject vrtreeb 10560 1241.76 1581.07 13.91 0.70 0.70 0.75 0 0 3589
pse_exactobject vrtreec 10561 1235.14 1590.31 14.12 0.54 0.54 0.29 0 0 15516
pse_exactobject vrtreeb 10562 1237.12 1570.69 13.80 0.55 0.55 0.56 0 0 11372
pse_exactobject vrtreeb 10563 1253.94 1651.06 19.17 0.68 0.68 0.56 0 0 5150
pse_exactobject vrtreeb 10564 1246.59 1661.92 19.35 0.69 0.69 0.82 0 0 7580
pse_exactobject vrtreec 10565 1264.04 1632.06 15.62 1.24 1.24 0.97 0 0 2311
pse_exactobject vrtreea 10566 1240.81 1652.45 16.97 0.50 0.50 0.52 0 0 12330
pse_exactobject vrtreec 10567 1261.60 1658.57 20.98 0.50 0.50 0.52 0 0 8780
pse_exactobject vrtreea 10568 1247.52 1634.64 15.68 0.50 0.50 0.60 0 0 10553
pse_exactobject vrtreeb 10569 1274.65 1756.54 14.74 0.50 0.50 0.77 0 0 8277
pse_exactobject vrtreeb 10570 1271.36 1739.72 18.16 0.63 0.63 0.78 0 0 10112
pse_exactobject vrtreec 10571 1290.50 1732.91 12.35 0.50 0.50 0.47 0 0 10949
pse_exactobject vrtreeb 10572 1289.79 1742.51 14.52 0.50 0.50 0.48 0 0 9045
pse_exactobject vrtreea 10573 1257.94 1770.45 14.65 0.50 0.50 0.45 0 0 11107
pse_exactobject vrtreeb 10574 1257.00 1750.00 19.60 1.16 1.16 0.93 0 0 8492
pse_exactobject vrtreeb 10575 1196.92 1927.48 34.89 1.40 1.40 1.30 0 0 9399
pse_exactobject vrtreec 10576 1224.99 1926.56 34.67 1.50 1.50 1.69 0 0 1239
pse_exactobject vrtreec 10577 1223.30 1897.20 28.74 1.50 1.50 1.32 0 0 5799
pse_exactobject vrtreec 10578 1202.68 1899.90 34.94 0.54 0.54 0.42 0 0 10234
pse_exactobject vrtreeb 10579 1185.82 1903.36 40.09 1.31 1.31 1.80 0 0 2886
pse_exactobject vrtreeb 10580 1205.02 1910.20 34.18 0.54 0.54 0.54 0 0 3595
pse_exactobject vrtreeb 10581 1248.95 2056.76 33.72 1.50 1.50 1.36 0 0 11583
pse_exactobject vrtreea 10582 1233.18 2066.41 38.36 0.50 0.50 0.50 0 0 12799
pse_exactobject vrtreea 10583 1278.46 2054.55 26.85 0.50 0.50 0.58 0 0 3488
pse_exactobject vrtreec 10584 1276.08 2036.56 30.75 1.28 1.28 1.73 0 0 4513
pse_exactobject vrtreec 10585 1267.52 2051.32 29.79 0.50 0.50 0.59 0 0 11688
pse_exactobject vrtreea 10586 1268.80 2063.01 28.22 0.50 0.50 0.58 0 0 12440
pse_exactobject vrtreeb 10587 1281.09 2066.20 25.53 0.50 0.50 0.52 0 0 9919
pse_exactobject vrtreec 10588 1299.30 2064.15 19.99 1.26 1.26 1.29 0 0 2563
pse_exactobject vrtreec 10589 1273.47 2080.06 29.07 0.96 0.96 1.09 0 0 8757
pse_exactobject vrtreeb 10590 1304.58 2040.16 19.77 1.06 1.06 0.99 0 0 19
pse_exactobject vrtreeb 10591 1318.34 2078.94 17.94 0.79 0.79 0.73 0 0 4580
pse_exactobject vrtreeb 10592 1319.28 2094.46 18.61 0.50 0.50 0.47 0 0 5308
pse_exactobject vrtreec 10593 1319.16 2116.62 18.54 0.63 0.63 0.82 0 0 6066
pse_exactobject vrtreec 10594 1368.62 2157.41 17.05 1.33 1.33 1.98 0 0 13871
pse_exactobject vrtreec 10595 1367.25 2179.52 15.95 1.05 1.05 0.92 0 0 9781
pse_exactobject vrtreec 10596 1371.17 2223.04 14.98 0.94 0.94 1.29 0 0 1200
pse_exactobject vrtreeb 10597 1357.90 2225.87 14.58 0.50 0.50 0.61 0 0 371
pse_exactobject vrtreec 10598 1375.55 2207.65 15.25 0.50 0.50 0.55 0 0 3620
pse_exactobject vrtreeb 10599 1366.47 2201.80 15.46 0.58 0.58 0.65 0 0 835
pse_exactobject vrtreea 10600 1377.53 2196.67 15.50 0.50 0.50 0.61 0 0 6648
pse_exactobject vrrockb 10601 1356.11 2213.67 15.08 0.60 0.60 0.42 -70 -79 13944
pse_exactobject vrtreeb 10602 1397.51 2235.01 17.65 1.29 1.29 1.25 0 0 7515
pse_exactobject vrtreeb 10603 1400.73 2200.87 17.12 0.50 0.50 0.52 0 0 10001
pse_exactobject vrtreeb 10604 1396.91 2215.79 18.31 0.68 0.68 0.48 0 0 10525
pse_exactobject vrtreeb 10605 1364.60 2239.13 14.66 0.50 0.50 0.41 0 0 9706
pse_exactobject vrtreec 10606 1380.99 2232.29 15.73 0.50 0.50 0.52 0 0 1234
pse_exactobject vrrockc 10607 1385.40 2212.38 16.37 0.60 0.60 0.52 143 255 9938
pse_exactobject vrtreeb 10608 1470.15 2219.53 29.73 1.08 1.08 0.75 0 0 11117
pse_exactobject vrtreea 10609 1469.77 2242.59 30.63 1.20 1.20 1.13 0 0 336
pse_exactobject vrtreeb 10610 1446.76 2240.69 25.83 1.29 1.29 1.28 0 0 7001
pse_exactobject vrtreec 10611 1446.93 2210.43 25.65 0.50 0.50 0.50 0 0 6532
pse_exactobject vrtreea 10612 1453.14 2202.44 25.71 0.59 0.59 0.45 0 0 1586
pse_exactobject vrtreec 10613 1450.53 2221.56 26.56 0.50 0.50 0.55 0 0 7543
pse_exactobject vrrockb 10614 1480.15 2204.26 31.03 0.70 0.70 0.62 536 76 12244
pse_exactobject vrtreec 10615 1467.75 2279.79 24.02 0.93 0.93 1.03 0 0 5496
pse_exactobject vrtreeb 10616 1430.65 2285.14 19.36 0.83 0.83 1.11 0 0 1766
pse_exactobject vrtreec 10617 1455.29 2290.93 19.75 0.65 0.65 0.78 0 0 13922
pse_exactobject vrtreea 10618 1440.06 2304.00 16.46 0.81 0.81 0.90 0 0 8144
pse_exactobject vrtreea 10619 1449.58 2268.33 25.09 0.89 0.89 1.19 0 0 11698
pse_exactobject vrtreec 10620 1434.37 2270.09 21.38 0.79 0.79 0.83 0 0 2620
pse_exactobject vrrocka 10621 1465.19 2297.56 20.08 0.72 0.72 0.60 -177 412 23043
pse_exactobject vrrocka 10622 1445.40 2282.72 20.72 0.77 0.77 1.18 -122 -580 13780
pse_exactobject vrtreea 10623 1462.13 2338.06 26.74 0.91 0.91 0.95 0 0 16033
pse_exactobject vrtreeb 10624 1455.19 2315.03 18.57 0.93 0.93 0.99 0 0 10712
pse_exactobject vrtreeb 10625 1428.82 2327.11 14.68 1.34 1.34 1.22 0 0 10812
pse_exactobject vrtreeb 10626 1507.81 2309.32 31.13 1.18 1.18 0.92 0 0 14568
pse_exactobject vrtreea 10627 1519.31 2330.95 30.79 1.50 1.50 1.41 0 0 7914
pse_exactobject vrtreeb 10628 1539.05 2304.17 38.64 0.82 0.82 0.77 0 0 1800
pse_exactobject vrtreea 10629 1537.25 2344.67 29.20 0.51 0.51 0.45 0 0 301
pse_exactobject vrtreec 10630 1546.32 2342.80 29.07 0.50 0.50 0.51 0 0 2276
pse_exactobject vrtreec 10631 1541.51 2334.15 31.66 0.59 0.59 0.63 0 0 9318
pse_exactobject vrrockc 10632 1545.80 2319.52 34.55 1.15 1.15 1.24 34 612 3404
pse_exactobject vrtreec 10633 1509.64 2355.24 25.45 0.50 0.50 0.45 0 0 3501
pse_exactobject vrtreeb 10634 1496.31 2339.66 27.90 0.94 0.94 0.89 0 0 9242
pse_exactobject vrtreea 10635 1498.19 2371.24 22.26 0.84 0.84 0.61 0 0 5721
pse_exactobject vrtreec 10636 1494.59 2358.17 23.99 0.50 0.50 0.64 0 0 5272
pse_exactobject vrtreec 10637 1509.87 2374.54 23.94 0.50 0.50 0.62 0 0 4561
pse_exactobject vrtreec 10638 1477.70 2338.83 27.85 0.50 0.50 0.44 0 0 1053
pse_exactobject vrrocka 10639 1478.54 2363.74 24.20 0.60 0.60 0.63 -544 -117 14580
pse_exactobject vrrocka 10640 1480.34 2348.27 26.94 0.60 0.60 0.42 260 -404 9093
pse_exactobject vrrocka 10641 1474.29 2375.62 22.06 0.82 0.82 0.63 -469 444 17026
pse_exactobject vrtreeb 10642 1542.82 2397.95 22.27 0.90 0.90 0.94 0 0 11602
pse_exactobject vrtreec 10643 1544.21 2370.74 26.53 1.50 1.50 1.73 0 0 3088
pse_exactobject vrtreeb 10644 1518.30 2391.80 23.00 0.94 0.94 1.10 0 0 14156
pse_exactobject vrtreeb 10645 1515.05 2408.81 19.46 0.63 0.63 0.75 0 0 15847
pse_exactobject vrtreec 10646 1543.62 2410.62 20.45 0.50 0.50 0.53 0 0 12620
pse_exactobject vrrockb 10647 1524.39 2403.79 20.62 0.60 0.60 0.56 -203 -504 13818
pse_exactobject vrrocka 10648 1523.01 2376.81 25.82 0.76 0.76 0.54 -70 -333 14396
pse_exactobject vrtreec 10649 1601.72 2428.24 19.57 1.41 1.41 1.38 0 0 688
pse_exactobject vrtreeb 10650 1572.06 2443.00 15.23 1.09 1.09 0.91 0 0 5224
pse_exactobject vrtreec 10651 1591.66 2451.32 15.53 1.01 1.01 0.75 0 0 1331
pse_exactobject vrtreec 10652 1575.81 2423.35 18.49 0.50 0.50 0.53 0 0 8894
pse_exactobject vrtreeb 10653 1608.27 2447.55 17.01 0.50 0.50 0.53 0 0 9405
pse_exactobject vrrockc 10654 1586.95 2417.69 20.64 0.60 0.60 0.68 -671 -118 16990
pse_exactobject vrrockc 10655 1583.93 2432.87 17.19 0.71 0.71 0.56 183 306 7029
pse_exactobject vrtreeb 10656 1577.51 2460.20 13.95 0.50 0.50 0.20 0 0 10051
pse_exactobject vrtreea 10657 1626.54 2490.96 16.21 0.50 0.50 0.64 0 0 1385
pse_exactobject vrtreeb 10658 1627.86 2451.17 16.82 0.53 0.53 0.66 0 0 15528
pse_exactobject vrtreea 10659 1602.79 2514.24 13.71 1.29 1.29 1.16 0 0 8369
pse_exactobject vrtreec 10660 1590.04 2501.17 13.75 0.50 0.50 0.47 0 0 7130
pse_exactobject vrtreea 10661 1628.78 2515.04 16.72 0.96 0.96 1.05 0 0 15369
pse_exactobject vrtreeb 10662 1621.45 2500.07 16.32 0.50 0.50 0.51 0 0 2521
pse_exactobject vrrockc 10663 1607.85 2495.19 15.08 0.60 0.60 0.58 56 335 10791
pse_exactobject vrtreec 10664 1749.09 2476.89 16.11 0.83 0.83 0.91 0 0 8325
pse_exactobject vrtreea 10665 1755.83 2465.80 16.93 0.50 0.50 0.48 0 0 14415
pse_exactobject vrtreea 10666 1728.41 2487.33 15.88 1.44 1.44 1.34 0 0 1816
pse_exactobject vrtreea 10667 1745.66 2464.76 17.51 0.50 0.50 0.41 0 0 13514
pse_exactobject vrrockb 10668 1731.09 2466.99 17.85 0.60 0.60 0.76 -150 16 15437
pse_exactobject vrtreec 10669 1738.04 2423.29 19.00 0.50 0.50 0.52 0 0 13085
pse_exactobject vrtreea 10670 1747.85 2420.78 18.89 0.50 0.50 0.40 0 0 12179
pse_exactobject vrtreec 10671 1764.88 2413.01 17.89 0.64 0.64 0.67 0 0 4829
pse_exactobject vrtreeb 10672 1779.41 2476.34 14.60 1.40 1.40 1.36 0 0 10944
pse_exactobject vrtreeb 10673 1778.06 2453.09 15.21 0.50 0.50 0.52 0 0 6394
pse_exactobject vrrockc 10674 1787.79 2453.07 14.56 0.60 0.60 0.64 41 172 847
pse_exactobject vrtreea 10675 1798.64 2402.83 14.78 1.09 1.09 0.84 0 0 7998
pse_exactobject vrtreeb 10676 1815.97 2402.87 14.29 0.50 0.50 0.46 0 0 2878
pse_exactobject vrtreeb 10677 1848.85 2361.54 17.35 0.50 0.50 0.27 0 0 12326
pse_exactobject vrtreeb 10678 1817.97 2380.44 15.74 0.58 0.58 0.63 0 0 9028
pse_exactobject vrtreec 10679 1845.65 2376.44 14.77 0.76 0.76 0.57 0 0 11090
pse_exactobject vrtreec 10680 1844.70 2391.29 14.06 0.50 0.50 0.50 0 0 627
pse_exactobject vrrocka 10682 1815.18 2363.96 20.19 1.16 1.16 0.81 676 -418 7893
pse_exactobject vrtreea 10683 1860.13 2368.06 15.67 0.71 0.71 0.62 0 0 13639
pse_exactobject vrtreea 10684 1881.48 2355.40 15.87 0.50 0.50 0.47 0 0 9714
pse_exactobject vrtreec 10685 1863.32 2379.45 13.90 0.50 0.50 0.47 0 0 11
pse_exactobject vrtreeb 10686 1855.73 2352.28 19.79 0.57 0.57 0.48 0 0 575
pse_exactobject vrtreec 10687 1874.91 2367.20 14.39 0.50 0.50 0.61 0 0 3723
pse_exactobject vrrockc 10688 1870.39 2356.26 17.77 0.73 0.73 0.51 457 516 5113
pse_exactobject vrtreec 10689 1952.04 2382.01 11.12 1.00 1.00 0.74 0 0 6628
pse_exactobject vrtreec 10690 1933.63 2377.83 12.71 0.53 0.53 0.51 0 0 11090
pse_exactobject vrtreec 10691 1969.60 2370.20 10.02 0.50 0.50 0.49 0 0 12443
pse_exactobject vrtreea 10692 1965.76 2356.37 11.11 0.76 0.76 0.79 0 0 2753
pse_exactobject vrtreeb 10693 1952.99 2360.56 12.26 0.50 0.50 0.74 0 0 10105
pse_exactobject vrtreeb 10694 1934.80 2357.91 13.96 0.50 0.50 0.53 0 0 11547
pse_exactobject vrrocka 10695 1947.51 2344.20 13.97 1.02 1.02 1.03 -280 -34 14010
pse_exactobject vrrockc 10696 1972.43 2385.04 10.28 1.23 1.23 1.72 -79 160 27157
pse_exactobject vrtreec 10697 1998.41 2303.22 10.31 1.50 1.50 1.39 0 0 12150
pse_exactobject vrtreea 10698 2000.72 2324.15 9.02 0.54 0.54 0.56 0 0 9796
pse_exactobject vrtreec 10699 1989.91 2339.92 9.31 1.13 1.13 1.19 0 0 6047
pse_exactobject vrtreea 10700 1967.01 2324.46 13.39 0.58 0.58 0.69 0 0 8019
pse_exactobject vrtreec 10701 1975.76 2313.92 12.86 0.92 0.92 1.07 0 0 9862
pse_exactobject vrtreeb 10702 1990.64 2320.47 10.52 0.50 0.50 0.52 0 0 9917
pse_exactobject vrrockb 10703 1965.53 2338.25 12.46 0.91 0.91 0.64 13 365 1502
pse_exactobject vrtreec 10704 2007.07 2236.16 11.53 0.82 0.82 0.75 0 0 4502
pse_exactobject vrtreea 10705 2011.61 2220.68 11.59 0.50 0.50 0.69 0 0 3198
pse_exactobject vrtreeb 10706 1992.22 2241.72 12.23 0.50 0.50 0.48 0 0 12003
pse_exactobject vrtreec 10707 1996.78 2221.19 12.20 0.64 0.64 0.60 0 0 14610
pse_exactobject vrtreeb 10708 2012.59 2209.69 11.68 0.72 0.72 1.01 0 0 9531
pse_exactobject vrrocka 10709 1999.74 2206.59 12.40 0.60 0.60 0.71 144 123 4474
pse_exactobject vrtreeb 10710 2038.54 2207.68 9.64 1.50 1.50 1.66 0 0 2079
pse_exactobject vrtreea 10711 2033.00 2181.84 12.21 1.10 1.10 1.07 0 0 11616
pse_exactobject vrtreea 10712 2052.10 2176.28 12.58 1.09 1.09 0.74 0 0 377
pse_exactobject vrtreea 10713 2066.34 2174.04 11.67 0.50 0.50 0.58 0 0 1081
pse_exactobject vrtreec 10714 2064.65 2196.34 11.89 0.86 0.86 0.82 0 0 4164
pse_exactobject vrtreeb 10715 2045.81 2125.85 16.62 1.12 1.12 1.34 0 0 13022
pse_exactobject vrtreeb 10716 2042.85 2156.39 13.27 1.17 1.17 1.10 0 0 10311
pse_exactobject vrtreec 10717 2023.94 2150.84 14.34 0.61 0.61 0.46 0 0 5370
pse_exactobject vrtreec 10718 2032.92 2135.60 15.85 0.50 0.50 0.53 0 0 8613
pse_exactobject vrrockc 10719 2041.26 2140.63 15.23 0.60 0.60 0.75 327 -239 9136
pse_exactobject vrtreea 10720 2091.89 2144.12 9.48 1.50 1.50 1.75 0 0 11788
pse_exactobject vrtreec 10721 2121.98 2146.47 6.97 0.72 0.72 0.82 0 0 4118
pse_exactobject vrtreea 10722 2116.14 2128.11 8.08 1.23 1.23 1.42 0 0 11008
pse_exactobject vrtreea 10723 2098.37 2126.86 10.74 0.54 0.54 0.65 0 0 12454
pse_exactobject vrtreeb 10724 2083.22 2122.24 13.58 0.97 0.97 1.29 0 0 11468
pse_exactobject vrrockb 10725 2108.08 2158.17 8.73 0.86 0.86 0.67 210 -49 19583
pse_exactobject vrrockb 10726 2122.37 2158.91 7.95 0.60 0.60 0.65 -262 -83 24963
pse_exactobject vrtreec 10727 2063.63 2104.56 17.28 0.50 0.50 0.46 0 0 10495
pse_exactobject vrtreeb 10728 2066.43 2120.23 16.64 0.90 0.90 1.09 0 0 11818
pse_exactobject vrtreeb 10729 2090.17 2104.22 14.38 0.95 0.95 0.94 0 0 9545
pse_exactobject vrtreeb 10730 2077.75 2099.76 16.13 0.50 0.50 0.60 0 0 10629
pse_exactobject vrtreeb 10731 2074.45 2109.13 16.05 0.50 0.50 0.47 0 0 16199
pse_exactobject vrtreea 10732 2132.80 2083.87 13.91 0.68 0.68 0.64 0 0 10403
pse_exactobject vrtreea 10733 2103.21 2045.68 14.43 0.54 0.54 0.65 0 0 10600
pse_exactobject vrtreeb 10734 2147.70 2004.26 12.73 0.55 0.55 0.55 0 0 9946
pse_exactobject vrtreec 10735 2148.84 2026.32 14.94 0.83 0.83 0.90 0 0 1808
pse_exactobject vrtreea 10736 2159.10 2011.02 13.15 0.50 0.50 0.71 0 0 10565
pse_exactobject vrtreea 10737 2161.84 2022.48 14.43 0.50 0.50 0.52 0 0 5727
pse_exactobject vrtreeb 10738 2104.97 2031.01 14.19 0.69 0.69 0.53 0 0 3426
pse_exactobject vrtreeb 10739 2140.96 2018.83 14.88 0.51 0.51 0.55 0 0 2562
pse_exactobject vrrockb 10741 2112.86 2042.10 14.94 0.63 0.63 0.44 24 -31 15969
pse_exactobject vrtreea 10742 2031.21 1985.63 10.95 0.63 0.63 0.91 0 0 9060
pse_exactobject vrtreea 10743 2028.45 2014.01 14.32 0.70 0.70 0.85 0 0 435
pse_exactobject vrtreea 10744 2000.23 1996.34 14.08 0.95 0.95 0.90 0 0 16252
pse_exactobject vrtreec 10745 2013.95 2004.25 13.17 0.50 0.50 0.44 0 0 11080
pse_exactobject vrtreeb 10746 1995.66 2018.81 16.87 1.30 1.30 1.32 0 0 12681
pse_exactobject vrtreea 10747 2016.05 2014.99 14.33 0.50 0.50 0.50 0 0 14596
pse_exactobject vrrocka 10748 2014.82 1985.00 11.16 0.83 0.83 1.08 361 -261 19317
pse_exactobject vrrockc 10749 2030.69 2000.98 14.03 0.60 0.60 0.46 193 352 13666
pse_exactobject vrtreec 10750 1939.45 2058.11 15.55 0.50 0.50 0.43 0 0 6463
pse_exactobject vrtreeb 10751 1940.94 2082.29 19.29 0.91 0.91 0.79 0 0 15913
pse_exactobject vrtreeb 10752 1954.19 2082.83 18.59 0.53 0.53 0.34 0 0 8841
pse_exactobject vrtreec 10753 1965.10 2084.21 17.81 0.50 0.50 0.61 0 0 5584
pse_exactobject vrtreeb 10754 1950.23 2071.10 17.03 0.50 0.50 0.58 0 0 5327
pse_exactobject vrtreeb 10755 1909.76 2017.97 13.18 0.68 0.68 0.55 0 0 2028
pse_exactobject vrtreea 10756 1913.21 2038.00 14.00 1.20 1.20 1.68 0 0 8121
pse_exactobject vrtreea 10757 1902.36 2005.92 13.12 0.59 0.59 0.43 0 0 16277
pse_exactobject vrtreeb 10758 1910.32 2088.51 23.73 0.56 0.56 0.44 0 0 13198
pse_exactobject vrtreec 10759 1905.16 2099.90 24.71 0.60 0.60 0.63 0 0 14567
pse_exactobject vrtreea 10760 1900.52 2075.78 21.50 0.93 0.93 0.89 0 0 11742
pse_exactobject vrtreea 10761 1922.88 2094.39 22.10 0.52 0.52 0.28 0 0 12456
pse_exactobject vrtreeb 10762 1931.75 2069.71 17.77 0.77 0.77 0.83 0 0 12107
pse_exactobject vrtreec 10763 1917.76 2072.73 19.14 0.71 0.71 0.78 0 0 14138
pse_exactobject vrrockb 10764 1921.30 2083.45 20.93 0.60 0.60 0.75 314 -205 19154
pse_exactobject vrtreec 10765 1853.98 2083.98 24.41 0.70 0.70 0.71 0 0 4898
pse_exactobject vrtreeb 10766 1876.56 2075.31 23.20 0.81 0.81 0.82 0 0 13909
pse_exactobject vrtreec 10767 1862.72 2062.09 19.74 1.09 1.09 1.36 0 0 8234
pse_exactobject vrtreeb 10768 1859.48 2047.31 17.46 0.56 0.56 0.53 0 0 7367
pse_exactobject vrtreea 10769 1838.15 2075.41 21.26 0.50 0.50 0.53 0 0 1451
pse_exactobject vrtreec 10770 1837.74 2089.00 24.47 0.53 0.53 0.55 0 0 11979
pse_exactobject vrrockc 10771 1878.05 2054.27 18.90 0.83 0.83 0.58 9 -528 19759
pse_exactobject vrrocka 10772 1844.98 2067.03 19.87 0.60 0.60 0.86 -6 560 27619
pse_exactobject vrtreea 10773 1831.20 2065.91 21.54 0.50 0.50 0.55 0 0 9310
pse_exactobject vrtreea 10774 1810.62 2040.30 30.39 0.69 0.69 0.84 0 0 9633
pse_exactobject vrtreea 10775 1800.77 2074.15 22.14 0.50 0.50 0.40 0 0 13463
pse_exactobject vrtreeb 10776 1836.10 2073.76 20.98 0.50 0.50 0.51 0 0 12833
pse_exactobject vrtreec 10777 1817.35 2081.82 21.57 0.50 0.50 0.41 0 0 5309
pse_exactobject vrrocka 10778 1818.64 2068.33 22.00 0.76 0.76 1.17 383 -541 10564
pse_exactobject vrrockb 10779 1831.42 2040.27 27.50 0.60 0.60 0.42 -616 486 15566
pse_exactobject vrrockc 10780 1820.86 2046.44 28.86 0.68 0.68 0.76 -591 69 14621
pse_exactobject vrtreea 10781 1761.38 2076.29 28.95 1.11 1.11 1.73 0 0 16373
pse_exactobject vrtreeb 10782 1796.16 2059.18 24.47 0.68 0.68 0.68 0 0 6306
pse_exactobject vrtreec 10783 1781.62 2085.89 24.61 0.50 0.50 0.47 0 0 5352
pse_exactobject vrtreea 10784 1773.96 2056.00 25.88 1.50 1.50 0.86 0 0 429
pse_exactobject vrtreea 10785 1788.83 2074.79 24.82 0.50 0.50 0.40 0 0 1981
pse_exactobject vrtreec 10786 1757.28 2095.86 27.74 0.91 0.91 1.22 0 0 4405
pse_exactobject vrrockb 10787 1796.05 2082.44 22.98 0.60 0.60 0.88 216 761 2878
pse_exactobject vrrockb 10788 1756.28 2061.98 29.46 0.60 0.60 0.57 -474 114 27864
pse_exactobject vrrocka 10789 1786.82 2095.67 21.34 0.60 0.60 0.61 -786 1 15505
pse_exactobject vrtreea 10790 1725.24 2144.87 28.14 0.50 0.50 0.48 0 0 1715
pse_exactobject vrtreec 10791 1732.47 2128.57 27.65 1.17 1.17 1.41 0 0 3506
pse_exactobject vrtreea 10792 1755.27 2134.51 25.92 0.63 0.63 0.60 0 0 8928
pse_exactobject vrtreec 10793 1718.56 2115.47 34.19 0.67 0.67 0.46 0 0 4127
pse_exactobject vrtreeb 10794 1742.45 2109.49 29.87 0.93 0.93 0.69 0 0 9553
pse_exactobject vrrockc 10795 1744.73 2144.35 27.95 0.60 0.60 0.45 415 -258 16523
pse_exactobject vrtreea 10796 1649.68 2130.97 45.74 0.95 0.95 0.42 0 0 7837
pse_exactobject vrtreea 10797 1676.82 2109.79 40.89 0.98 0.98 0.59 0 0 1461
pse_exactobject vrtreea 10798 1654.54 2107.57 47.22 1.34 1.34 1.72 0 0 5061
pse_exactobject vrtreeb 10799 1672.65 2132.28 39.17 1.11 1.11 1.17 0 0 9383
pse_exactobject vrtreeb 10800 1686.98 2125.29 36.82 0.50 0.50 0.55 0 0 10213
pse_exactobject vrtreec 10801 1620.10 2158.73 50.83 1.50 1.50 1.87 0 0 8435
pse_exactobject vrtreec 10802 1609.78 2189.65 41.29 0.50 0.50 0.60 0 0 8392
pse_exactobject vrtreeb 10803 1596.08 2195.95 43.58 1.12 1.12 1.48 0 0 6855
pse_exactobject vrtreea 10804 1625.20 2185.93 39.52 0.68 0.68 0.68 0 0 5865
pse_exactobject vrtreeb 10805 1593.91 2174.25 44.76 1.10 1.10 0.89 0 0 9741
pse_exactobject vrtreeb 10806 1583.76 2238.54 46.29 0.67 0.67 0.55 0 0 1828
pse_exactobject vrtreea 10807 1570.51 2253.87 49.28 0.84 0.84 0.98 0 0 1860
pse_exactobject vrtreea 10808 1603.88 2233.14 43.98 0.50 0.50 0.46 0 0 9469
pse_exactobject vrtreec 10809 1589.97 2265.84 51.39 0.57 0.57 0.78 0 0 9338
pse_exactobject vrtreea 10810 1565.53 2269.57 50.41 0.82 0.82 0.63 0 0 14872
pse_exactobject vrtreec 10811 1571.37 2236.20 45.12 0.50 0.50 0.65 0 0 8996
pse_exactobject vrrockc 10812 1602.29 2260.79 48.79 0.86 0.86 1.16 579 316 15765
pse_exactobject vrrockc 10813 1583.97 2253.28 49.75 0.60 0.60 0.60 -562 -261 23766
pse_exactobject vrtreec 10814 1574.78 2229.73 44.36 0.98 0.98 0.96 0 0 10408
pse_exactobject vrtreea 10815 1551.23 2195.27 38.56 0.59 0.59 0.60 0 0 9262
pse_exactobject vrtreec 10816 1573.42 2200.58 44.77 1.50 1.50 1.72 0 0 6302
pse_exactobject vrtreea 10817 1542.48 2208.52 37.95 0.64 0.64 0.86 0 0 5522
pse_exactobject vrtreec 10818 1565.25 2216.85 42.07 0.50 0.50 0.48 0 0 15838
pse_exactobject vrtreec 10819 1560.90 2226.96 43.27 0.50 0.50 0.37 0 0 13431
pse_exactobject vrtreec 10820 1502.06 2176.25 33.04 1.50 1.50 1.25 0 0 13141
pse_exactobject vrtreec 10821 1507.91 2144.11 34.99 1.11 1.11 1.33 0 0 10420
pse_exactobject vrtreea 10822 1485.38 2150.72 32.08 1.50 1.50 1.34 0 0 3416
pse_exactobject vrtreec 10823 1472.21 2137.88 31.68 0.50 0.50 0.42 0 0 81
pse_exactobject vrtreec 10824 1478.36 2174.27 27.06 0.91 0.91 0.63 0 0 5286
pse_exactobject vrtreea 10825 1490.26 2079.76 40.02 0.63 0.63 0.73 0 0 12936
pse_exactobject vrtreea 10826 1488.46 2095.72 37.02 0.50 0.50 0.52 0 0 7284
pse_exactobject vrtreec 10827 1504.17 2102.31 37.56 0.54 0.54 0.51 0 0 1884
pse_exactobject vrtreea 10828 1521.27 2083.11 46.01 1.19 1.19 1.26 0 0 13929
pse_exactobject vrtreeb 10829 1493.75 2063.67 36.84 0.77 0.77 0.82 0 0 5196
pse_exactobject vrrockc 10830 1502.52 2080.72 40.89 0.71 0.71 0.53 -313 -142 16808
pse_exactobject vrtreec 10831 1460.65 2050.84 27.40 0.50 0.50 0.30 0 0 7298
pse_exactobject vrtreeb 10832 1490.65 2037.17 31.83 1.50 1.50 1.34 0 0 6052
pse_exactobject vrtreeb 10833 1460.53 2035.34 25.14 0.55 0.55 0.31 0 0 12799
pse_exactobject vrtreec 10834 1471.50 2042.72 28.17 0.50 0.50 0.44 0 0 4380
pse_exactobject vrtreea 10835 1450.35 2031.95 22.76 0.50 0.50 0.51 0 0 14586
pse_exactobject vrtreec 10836 1470.51 2027.53 28.29 0.50 0.50 0.51 0 0 12487
pse_exactobject vrrockc 10837 1458.16 2021.20 25.73 0.72 0.72 0.89 -401 637 22108
pse_exactobject vrrockc 10838 1480.15 2020.79 29.31 0.70 0.70 0.80 -438 40 24883
pse_exactobject vrtreeb 10839 1424.41 1960.98 14.30 0.50 0.50 0.35 0 0 2553
pse_exactobject vrtreec 10840 1447.30 1959.34 14.67 1.03 1.03 1.32 0 0 13210
pse_exactobject vrtreea 10841 1458.31 1949.80 13.91 0.57 0.57 0.45 0 0 5653
pse_exactobject vrtreec 10842 1428.60 1951.80 13.45 0.50 0.50 0.40 0 0 3438
pse_exactobject vrtreea 10843 1463.81 1962.78 16.67 0.79 0.79 0.87 0 0 13135
pse_exactobject vrtreec 10844 1424.87 1978.46 16.82 0.71 0.71 0.82 0 0 6217
pse_exactobject vrrocka 10845 1433.48 1965.82 15.09 0.61 0.61 0.64 -157 327 26678
pse_exactobject vrrockc 10846 1444.94 1976.00 17.93 0.76 0.76 0.62 -622 -42 23336
pse_exactobject vrtreeb 10847 1408.53 1914.33 13.38 0.50 0.50 0.61 0 0 1558
pse_exactobject vrtreec 10848 1396.79 1897.81 13.46 0.53 0.53 0.53 0 0 4102
pse_exactobject vrtreec 10849 1400.88 1907.17 13.57 0.50 0.50 0.33 0 0 5540
pse_exactobject vrtreeb 10850 1420.20 1900.04 12.70 0.50 0.50 0.41 0 0 13405
pse_exactobject vrtreea 10851 1418.71 1910.90 13.14 0.50 0.50 0.60 0 0 10432
pse_exactobject vrtreeb 10852 1333.94 1842.56 17.47 0.88 0.88 0.92 0 0 11826
pse_exactobject vrtreec 10853 1351.35 1853.73 14.71 1.24 1.24 1.62 0 0 7061
pse_exactobject vrtreea 10854 1367.00 1836.76 11.64 0.50 0.50 0.53 0 0 15163
pse_exactobject vrtreea 10855 1370.20 1851.60 11.91 0.54 0.54 0.54 0 0 11069
pse_exactobject vrtreec 10856 1371.03 1870.24 13.80 0.50 0.50 0.49 0 0 11874
pse_exactobject vrtreea 10857 1349.98 1830.91 14.10 0.93 0.93 1.08 0 0 4255
pse_exactobject vrrockb 10858 1330.12 1864.82 15.44 0.60 0.60 0.70 -3 -137 10425
pse_exactobject vrtreeb 10859 1629.81 3135.24 15.04 1.04 1.04 1.06 0 0 4389
pse_exactobject vrtreeb 10860 1629.94 3156.31 17.55 0.57 0.57 0.68 0 0 10193
pse_exactobject vrtreea 10861 1609.58 3161.70 20.66 0.50 0.50 0.39 0 0 4376
pse_exactobject vrtreec 10862 1606.97 3148.55 19.91 0.96 0.96 1.20 0 0 8732
pse_exactobject vrtreeb 10863 1599.09 3129.47 14.74 1.29 1.29 1.23 0 0 4004
pse_exactobject vrrockc 10864 1620.46 3166.45 18.30 0.60 0.60 0.70 -375 238 16178
pse_exactobject vrtreea 10865 1861.69 2619.11 10.66 1.22 1.22 1.12 0 0 3497
pse_exactobject vrtreea 10866 1855.14 2582.75 13.33 0.50 0.50 0.51 0 0 6546
pse_exactobject vrtreec 10867 1843.34 2616.14 12.24 0.50 0.50 0.66 0 0 4182
pse_exactobject vrtreeb 10868 1856.76 2596.72 12.67 0.52 0.52 0.52 0 0 10233
pse_exactobject vrtreec 10869 1845.91 2602.25 13.10 0.50 0.50 0.37 0 0 5134
pse_exactobject vrtreea 10870 2049.10 2395.55 27.61 1.38 1.38 1.61 0 0 13081
pse_exactobject vrtreeb 10871 2067.66 2385.97 28.13 0.50 0.50 0.58 0 0 12136
pse_exactobject vrtreea 10872 2034.36 2419.52 24.60 1.33 1.33 1.69 0 0 2182
pse_exactobject vrrockc 10873 2028.84 2396.63 26.09 0.80 0.80 0.78 640 -60 13897
pse_exactobject vrtreea 10874 2158.26 2255.46 22.18 1.14 1.14 0.87 0 0 8244
pse_exactobject vrtreeb 10875 2183.21 2287.87 14.25 0.78 0.78 0.59 0 0 11085
pse_exactobject vrtreea 10876 2183.90 2272.40 14.28 0.54 0.54 0.43 0 0 3636
pse_exactobject vrtreea 10877 2155.96 2295.13 21.33 0.81 0.81 0.98 0 0 9720
pse_exactobject vrtreec 10878 2173.84 2276.02 16.54 0.55 0.55 0.55 0 0 8487
pse_exactobject vrtreec 10879 2144.47 2277.54 24.70 1.44 1.44 0.77 0 0 13276
pse_exactobject vrrockb 10880 2180.99 2256.12 14.95 0.60 0.60 0.50 -615 -195 11632
pse_exactobject vrrockb 10881 2162.80 2281.83 19.76 0.60 0.60 0.48 231 692 865
pse_exactobject vrtreec 10882 1849.68 2150.20 33.44 1.14 1.14 1.23 0 0 2257
pse_exactobject vrtreec 10883 1819.20 2158.88 39.24 0.66 0.66 0.62 0 0 7462
pse_exactobject vrtreeb 10884 1816.64 2182.31 40.02 0.50 0.50 0.47 0 0 3225
pse_exactobject vrtreea 10885 1836.64 2172.99 40.47 1.27 1.27 1.22 0 0 4688
pse_exactobject vrtreec 10886 1840.18 2191.53 44.92 0.62 0.62 0.58 0 0 2162
pse_exactobject vrrockb 10887 1816.88 2172.55 38.99 0.60 0.60 0.42 270 -60 11821
pse_exactobject vrtreea 10888 1647.54 2305.25 53.19 1.18 1.18 0.88 0 0 2828
pse_exactobject vrtreea 10889 1669.10 2283.82 59.74 1.50 1.50 1.20 0 0 12788
pse_exactobject vrtreeb 10890 1678.16 2299.66 55.65 0.50 0.50 0.53 0 0 2525
pse_exactobject vrtreea 10891 1649.76 2287.31 61.54 0.50 0.50 0.46 0 0 9040
pse_exactobject vrrockc 10892 1637.95 2284.04 59.84 0.81 0.81 0.78 573 -56 11075
pse_exactobject vrrocka 10893 1665.11 2313.08 51.04 0.60 0.60 0.63 89 -590 12248
pse_exactobject vrtreea 10894 1017.15 2070.33 37.54 0.79 0.79 0.99 0 0 9879
pse_exactobject vrtreec 10895 1007.15 2091.54 32.63 0.50 0.50 0.70 0 0 12134
pse_exactobject vrtreec 10896 1038.00 2080.92 39.94 1.50 1.50 1.50 0 0 13302
pse_exactobject vrtreea 10897 1014.00 2105.31 30.69 0.73 0.73 0.88 0 0 12076
pse_exactobject vrtreea 10898 1127.39 1738.60 34.56 1.50 1.50 1.43 0 0 4475
pse_exactobject vrtreea 10899 1139.89 1754.79 33.34 0.50 0.50 0.62 0 0 6968
pse_exactobject vrtreeb 10900 1149.94 1758.95 31.26 0.50 0.50 0.58 0 0 15566
pse_exactobject vrtreeb 10901 1149.56 1720.14 29.36 1.13 1.13 1.12 0 0 9925
pse_exactobject vrtreeb 10902 1149.74 1738.22 29.89 0.50 0.50 0.42 0 0 12381
pse_exactobject vrtreec 10903 1125.65 1719.76 29.65 0.50 0.50 0.40 0 0 82
pse_exactobject vrrocka 10904 1112.67 1760.04 24.98 0.60 0.60 0.66 -663 309 21687
pse_exactobject vrtreeb 10905 1398.20 1408.99 29.22 0.60 0.60 0.48 0 0 2993
pse_exactobject vrtreea 10906 1359.08 1376.68 46.76 0.66 0.66 0.61 0 0 15291
pse_exactobject vrtreea 10907 1369.47 1391.36 43.64 0.50 0.50 0.44 0 0 12643
pse_exactobject vrtreeb 10908 1358.34 1407.25 36.25 1.45 1.45 1.26 0 0 14181
pse_exactobject vrtreeb 10909 1374.29 1376.57 43.59 0.85 0.85 0.88 0 0 7151
pse_exactobject vrtreea 10910 1666.65 971.67 24.58 1.49 1.49 1.50 0 0 1534
pse_exactobject vrtreea 10911 1651.14 996.08 36.08 1.36 1.36 1.04 0 0 12621
pse_exactobject vrtreea 10912 1635.11 958.10 23.84 1.50 1.50 1.13 0 0 14264
pse_exactobject vrtreeb 10913 1630.39 987.48 33.72 0.50 0.50 0.32 0 0 12698
pse_exactobject vrrocka 10914 1614.29 1184.45 43.59 0.60 0.60 0.55 69 -676 18429
pse_exactobject vrrockb 10915 1602.47 1169.32 39.87 1.34 1.34 1.60 48 -758 15415
pse_exactobject vrrockc 10916 1722.03 1291.79 78.12 1.26 1.26 1.35 -344 -113 13513
pse_exactobject vrrockc 10917 1710.65 1274.50 81.14 1.25 1.25 1.32 -354 386 22815
pse_exactobject vrrocka 10918 2053.17 1534.99 14.25 0.60 0.60 0.42 2 128 6012
pse_exactobject vrrockb 10919 2369.20 1603.56 16.66 0.83 0.83 1.27 -540 431 17669
pse_exactobject vrrockc 10920 2381.63 1597.35 16.75 0.70 0.70 0.77 -498 -317 13540
pse_exactobject vrrocka 10921 2386.94 1606.69 14.03 0.60 0.60 0.60 186 -671 9757
pse_exactobject vrrocka 10922 2583.79 1734.71 35.29 0.60 0.60 0.42 397 89 11812
pse_exactobject vrrockc 10923 2585.67 1744.84 34.51 0.65 0.65 0.52 -445 171 14276
pse_exactobject vrrocka 10924 2699.44 1902.38 55.51 0.77 0.77 1.00 193 100 13302
pse_exactobject vrrocka 10925 2717.28 1906.56 54.24 1.18 1.18 1.36 -399 335 17055
pse_exactobject vrrockc 10926 2707.03 1921.65 50.09 0.60 0.60 0.94 -370 534 17941
pse_exactobject vrtreeb 10927 2701.67 1933.77 48.29 0.78 0.78 0.82 0 0 813
pse_exactobject vrtreeb 10928 2691.44 1919.71 52.16 0.78 0.78 0.73 0 0 1552
pse_exactobject vrtreea 10929 2703.38 1895.69 55.16 0.50 0.50 0.56 0 0 11116
pse_exactobject vrtreeb 10930 2669.90 1909.76 56.05 1.08 1.08 1.24 0 0 11425
pse_exactobject vrtreea 10931 2688.15 1901.24 54.66 0.82 0.82 1.05 0 0 3753
pse_exactobject vrrocka 10932 2707.82 1911.23 54.04 1.02 1.02 0.98 506 -319 9214
pse_exactobject vrrockc 10933 2670.14 1934.21 63.48 1.28 1.28 1.47 449 -597 18447
pse_exactobject vrtreeb 10934 2667.42 2093.75 23.99 1.23 1.23 1.69 0 0 14317
pse_exactobject vrtreeb 10935 2705.60 2107.17 34.92 0.98 0.98 0.88 0 0 4921
pse_exactobject vrtreea 10936 2666.42 2122.25 20.05 0.92 0.92 1.04 0 0 6430
pse_exactobject vrtreea 10937 2705.34 2128.39 27.90 1.20 1.20 1.48 0 0 14009
pse_exactobject vrtreea 10938 2733.37 2116.81 31.17 0.62 0.62 0.56 0 0 1535
pse_exactobject vrtreea 10939 2721.15 2112.77 32.15 0.50 0.50 0.56 0 0 14971
pse_exactobject vrtreeb 10940 2722.00 2092.81 41.16 0.70 0.70 0.64 0 0 178
pse_exactobject vrtreea 10941 2737.94 2104.26 34.26 0.72 0.72 0.73 0 0 12184
pse_exactobject vrtreec 10942 2530.67 2348.50 16.42 0.50 0.50 0.49 0 0 7355
pse_exactobject vrtreec 10943 2537.32 2335.16 16.32 0.50 0.50 0.50 0 0 4842
pse_exactobject vrtreea 10944 2538.73 2321.44 15.44 0.67 0.67 0.69 0 0 5097
pse_exactobject vrtreeb 10945 2543.70 2348.66 17.80 0.85 0.85 0.59 0 0 867
pse_exactobject vrtreea 10946 2501.45 2280.79 13.15 0.50 0.50 0.64 0 0 8127
pse_exactobject vrrockb 10947 2503.59 2295.29 14.28 0.60 0.60 1.08 -156 214 25369
pse_exactobject vrtreec 10948 2562.40 2442.60 21.44 0.66 0.66 0.66 0 0 1171
pse_exactobject vrtreea 10949 2562.55 2420.60 21.29 0.57 0.57 0.37 0 0 14070
pse_exactobject vrtreeb 10950 2581.25 2447.78 23.62 1.34 1.34 1.19 0 0 10476
pse_exactobject vrtreea 10951 2589.03 2425.60 22.38 1.00 1.00 0.92 0 0 14692
pse_exactobject vrtreeb 10952 2575.38 2422.25 22.02 0.50 0.50 0.62 0 0 1427
pse_exactobject vrtreec 10953 2550.68 2434.32 20.46 0.68 0.68 0.81 0 0 12578
pse_exactobject vrrockc 10954 2549.35 2457.47 21.45 0.95 0.95 0.66 -599 -103 24881
pse_exactobject vrrockc 10955 2565.15 2456.90 21.70 0.62 0.62 0.55 275 -557 18235
pse_exactobject vrtreea 10956 2637.36 2414.16 28.85 0.50 0.50 0.64 0 0 12682
pse_exactobject vrtreec 10957 2613.16 2421.69 24.92 1.34 1.34 1.73 0 0 8658
pse_exactobject vrtreeb 10958 2611.08 2441.81 26.24 0.78 0.78 0.66 0 0 5281
pse_exactobject vrtreeb 10959 2636.66 2432.43 26.94 1.37 1.37 1.01 0 0 13036
pse_exactobject vrtreec 10960 2625.89 2407.04 27.36 0.79 0.79 0.67 0 0 10034
pse_exactobject vrtreea 10961 2497.02 2514.96 42.81 0.73 0.73 0.81 0 0 4860
pse_exactobject vrtreec 10962 2530.16 2548.19 51.74 0.50 0.50 0.38 0 0 703
pse_exactobject vrtreeb 10963 2505.71 2554.79 52.75 0.50 0.50 0.53 0 0 11641
pse_exactobject vrtreea 10964 2495.65 2542.49 50.00 1.22 1.22 1.57 0 0 3102
pse_exactobject vrtreeb 10965 2517.90 2547.71 51.79 0.50 0.50 0.34 0 0 15733
pse_exactobject vrrockc 10966 2522.16 2556.37 52.55 0.60 0.60 0.46 -71 54 17837
pse_exactobject vrtreeb 10967 2495.27 2568.28 51.75 1.29 1.29 1.46 0 0 12355
pse_exactobject vrtreea 10968 2517.24 2577.33 46.76 0.64 0.64 0.54 0 0 3601
pse_exactobject vrtreea 10969 2517.89 2565.63 50.73 0.54 0.54 0.43 0 0 13047
pse_exactobject vrtreeb 10970 2530.64 2564.22 51.99 0.69 0.69 0.72 0 0 918
pse_exactobject vrtreeb 10971 2233.99 2733.85 20.69 1.44 1.44 0.99 0 0 742
pse_exactobject vrtreec 10972 2255.19 2739.74 21.69 0.96 0.96 1.36 0 0 12039
pse_exactobject vrtreeb 10973 2219.37 2710.55 16.96 0.65 0.65 0.68 0 0 12894
pse_exactobject vrtreea 10974 2227.25 2717.36 17.78 0.50 0.50 0.44 0 0 14984
pse_exactobject vrtreec 10975 2253.62 2719.66 18.89 0.87 0.87 0.85 0 0 5483
pse_exactobject vrtreea 10976 2241.36 2713.45 16.60 0.60 0.60 0.55 0 0 11944
pse_exactobject vrrocka 10977 2220.34 2745.46 20.68 0.60 0.60 0.45 -168 -57 20872
pse_exactobject vrtreec 10978 2272.83 2703.57 16.18 0.67 0.67 0.55 0 0 15679
pse_exactobject vrtreec 10979 2275.99 2734.72 19.11 1.33 1.33 1.54 0 0 12265
pse_exactobject vrtreeb 10980 2251.06 2700.30 14.98 0.50 0.50 0.57 0 0 12287
pse_exactobject vrtreea 10981 2363.18 2777.42 22.90 0.82 0.82 0.83 0 0 223
pse_exactobject vrtreea 10982 2397.18 2769.40 21.76 0.94 0.94 0.97 0 0 12502
pse_exactobject vrtreec 10983 2380.21 2808.70 26.92 1.25 1.25 0.78 0 0 4237
pse_exactobject vrtreeb 10984 2365.05 2804.04 25.58 0.50 0.50 0.58 0 0 11513
pse_exactobject vrtreea 10985 2390.09 2784.65 23.24 0.69 0.69 0.64 0 0 9701
pse_exactobject vrtreea 10986 2395.42 2800.18 24.76 0.54 0.54 0.43 0 0 16096
pse_exactobject vrrockc 10987 2381.33 2774.76 22.29 0.67 0.67 0.47 239 -178 18551
pse_exactobject vrrockc 10988 2361.11 2792.39 24.46 0.97 0.97 1.07 -33 332 27795
pse_exactobject vrtreec 10989 2565.51 2765.90 21.48 1.17 1.17 1.05 0 0 12684
pse_exactobject vrtreea 10990 2550.84 2798.09 21.46 0.69 0.69 0.31 0 0 15516
pse_exactobject vrtreea 10991 2542.89 2778.09 22.81 0.50 0.50 0.43 0 0 5025
pse_exactobject vrtreeb 10992 2573.76 2802.10 19.67 1.50 1.50 2.09 0 0 12452
pse_exactobject vrtreeb 10993 2577.04 2782.96 19.48 0.50 0.50 0.57 0 0 9392
pse_exactobject vrtreeb 10994 2553.75 2787.25 21.84 0.50 0.50 0.58 0 0 9736
pse_exactobject vrrocka 10995 2538.61 2788.02 22.15 0.60 0.60 0.75 -216 -40 16664
pse_exactobject vrrocka 10996 2550.04 2766.77 22.37 0.60 0.60 0.48 174 219 2487
pse_exactobject vrrockb 10997 2538.98 2805.53 20.12 0.94 0.94 1.36 32 411 6061
pse_exactobject vrtreec 10998 2514.46 2794.57 21.10 0.80 0.80 1.08 0 0 11371
pse_exactobject vrtreea 10999 2529.31 2771.72 23.86 0.50 0.50 0.37 0 0 12465
pse_exactobject vrtreec 11000 2516.99 2770.89 24.11 0.72 0.72 0.67 0 0 9160
pse_exactobject vrtreea 11001 2528.44 2781.33 22.58 0.52 0.52 0.68 0 0 6050
pse_exactobject vrtreea 11002 2527.90 2790.96 21.24 0.50 0.50 0.48 0 0 15698
pse_exactobject vrrockb 11003 2538.53 2767.49 23.47 0.60 0.60 0.80 -236 116 14871
pse_exactobject vrtreeb 11004 2236.86 2876.23 21.42 1.09 1.09 1.27 0 0 1746
pse_exactobject vrtreec 11005 2236.50 2895.15 22.34 0.50 0.50 0.37 0 0 8584
pse_exactobject vrtreec 11006 2268.05 2869.66 20.06 1.21 1.21 0.62 0 0 13462
pse_exactobject vrtreea 11007 2250.79 2889.08 21.76 0.93 0.93 0.81 0 0 12962
pse_exactobject vrrockc 11008 2272.45 2892.31 22.00 0.93 0.93 0.80 -16 62 30381
pse_exactobject vrrocka 11009 2248.19 2862.24 18.12 0.84 0.84 0.89 555 182 16391
pse_exactobject vrtreea 11010 2083.29 2810.09 17.03 0.62 0.62 0.76 0 0 7377
pse_exactobject vrtreeb 11011 2071.62 2812.13 17.11 0.55 0.55 0.39 0 0 13021
pse_exactobject vrtreeb 11012 2074.55 2835.79 19.42 1.39 1.39 1.32 0 0 5485
pse_exactobject vrtreec 11013 2105.40 2806.12 16.37 0.67 0.67 0.90 0 0 6214
pse_exactobject vrtreeb 11014 2103.42 2833.32 19.50 0.95 0.95 1.12 0 0 7848
pse_exactobject vrrockb 11015 2086.85 2822.12 17.95 0.60 0.60 0.46 239 -23 16672
pse_exactobject vrrockb 11016 2097.68 2814.15 17.18 0.62 0.62 0.44 -139 159 29503
pse_exactobject vrtreec 11017 2091.11 3162.12 23.25 1.50 1.50 1.25 0 0 15492
pse_exactobject vrtreec 11018 2073.15 3132.77 24.36 0.94 0.94 0.64 0 0 15788
pse_exactobject vrtreea 11019 2088.65 3136.40 22.66 0.69 0.69 0.61 0 0 9476
pse_exactobject vrtreec 11020 2106.69 3135.87 20.42 1.21 1.21 1.50 0 0 15841
pse_exactobject vrtreec 11021 2067.99 3156.38 25.06 0.50 0.50 0.55 0 0 4402
pse_exactobject vrtreeb 11022 2076.90 3146.30 24.33 0.62 0.62 0.64 0 0 2392
pse_exactobject vrtreea 11023 2219.63 2976.62 27.73 0.78 0.78 1.09 0 0 8292
pse_exactobject vrtreec 11024 2246.69 2953.77 25.23 0.50 0.50 0.51 0 0 10761
pse_exactobject vrtreea 11025 2232.44 2971.64 26.86 0.50 0.50 0.52 0 0 5622
pse_exactobject vrtreea 11026 2236.17 2955.00 24.92 0.50 0.50 0.76 0 0 13218
pse_exactobject vrtreec 11027 2249.83 2979.63 27.87 0.51 0.51 0.62 0 0 7309
pse_exactobject vrtreea 11028 2247.81 2963.67 26.34 0.50 0.50 0.47 0 0 5625
pse_exactobject vrrockb 11029 2227.38 2986.62 28.17 0.60 0.60 0.42 11 -103 19885
pse_exactobject vrrockc 11030 2221.28 2957.00 25.20 0.93 0.93 1.29 1 145 12735
pse_exactobject vrtreeb 11031 713.48 1180.74 22.02 1.38 1.38 1.27 0 0 4651
pse_exactobject vrtreeb 11032 754.04 1210.64 8.04 1.36 1.36 1.29 0 0 12339
pse_exactobject vrtreeb 11033 752.09 1187.74 12.25 1.12 1.12 1.34 0 0 15775
pse_exactobject vrtreeb 11034 721.59 1198.22 21.29 0.54 0.54 0.57 0 0 2362
pse_exactobject vrrocka 11035 736.18 1218.39 10.76 0.75 0.75 0.53 166 801 2389
pse_exactobject vrtreec 11036 932.40 1461.29 29.02 1.02 1.02 0.75 0 0 15868
pse_exactobject vrtreeb 11037 948.80 1452.03 29.39 1.06 1.06 0.87 0 0 2755
pse_exactobject vrtreea 11038 927.87 1431.72 31.39 0.88 0.88 1.03 0 0 12019
pse_exactobject vrtreec 11039 919.17 1449.32 28.37 0.50 0.50 0.71 0 0 3601
pse_exactobject vrtreec 11040 952.51 1430.36 27.86 0.67 0.67 0.55 0 0 7570
pse_exactobject vrrockc 11041 930.85 1444.51 28.91 0.60 0.60 0.44 -73 251 16992
pse_exactobject vrrockc 11042 943.29 1436.65 28.33 0.60 0.60 0.45 411 315 3088
pse_exactobject vrtreec 11043 935.94 1416.76 33.53 0.74 0.74 0.70 0 0 5662
pse_exactobject vrtreea 11044 913.04 1441.60 30.08 0.50 0.50 0.57 0 0 10286
pse_exactobject vrrockb 11045 906.70 1452.39 27.57 0.71 0.71 0.96 674 301 8690
pse_exactobject vrtreea 11046 876.26 1571.59 16.73 1.08 1.08 1.31 0 0 1000
pse_exactobject vrtreec 11047 852.71 1572.97 16.86 0.50 0.50 0.28 0 0 7821
pse_exactobject vrtreea 11048 890.38 1549.64 15.53 0.87 0.87 0.83 0 0 11441
pse_exactobject vrtreea 11049 853.86 1555.29 21.95 0.89 0.89 0.91 0 0 9063
pse_exactobject vrrockc 11050 868.29 1559.08 18.39 0.60 0.60 0.55 581 -560 7460
pse_exactobject vrrockb 11051 891.99 1562.51 12.69 0.60 0.60 0.94 148 547 4163
pse_exactobject vrtreea 11052 680.99 1542.31 17.16 0.50 0.50 0.48 0 0 7368
pse_exactobject vrtreea 11053 664.28 1529.04 17.10 0.83 0.83 0.94 0 0 3327
pse_exactobject vrtreea 11054 670.56 1513.35 18.18 1.02 1.02 1.06 0 0 9544
pse_exactobject vrtreec 11055 654.44 1548.38 12.38 0.50 0.50 0.28 0 0 6996
pse_exactobject vrtreea 11056 684.22 1519.65 19.70 0.54 0.54 0.44 0 0 4050
pse_exactobject vrrockb 11057 668.19 1545.66 14.66 0.97 0.97 1.10 194 -618 12632
pse_exactobject vrrocka 11058 681.33 1530.49 18.89 0.65 0.65 0.71 -448 21 20681
pse_exactobject vrtreeb 11059 774.67 1530.60 21.25 0.50 0.50 0.41 0 0 3918
pse_exactobject vrtreec 11060 771.93 1540.13 19.35 0.50 0.50 0.50 0 0 10664
pse_exactobject vrtreea 11061 755.25 1537.40 22.58 1.26 1.26 0.84 0 0 4774
pse_exactobject vrtreec 11062 789.28 1518.87 22.36 0.50 0.50 0.53 0 0 4226
pse_exactobject vrrocka 11063 785.68 1529.42 20.39 0.60 0.60 0.42 -575 -213 14409
pse_exactobject vrtreec 11064 968.82 2073.41 35.19 1.50 1.50 1.65 0 0 1155
pse_exactobject vrtreec 11065 949.39 2056.30 39.58 1.20 1.20 1.28 0 0 6498
pse_exactobject vrtreea 11066 972.65 2046.66 44.40 0.52 0.52 0.21 0 0 15886
pse_exactobject vrrockc 11067 942.27 2071.89 38.68 0.60 0.60 0.61 502 -131 6631
pse_exactobject vrtreec 11068 952.44 2116.06 23.54 0.77 0.77 1.11 0 0 5103
pse_exactobject vrtreea 11069 934.42 2123.23 21.85 0.83 0.83 0.88 0 0 8768
pse_exactobject vrtreea 11070 966.55 2121.94 20.90 0.87 0.87 0.39 0 0 4333
pse_exactobject vrtreea 11071 964.84 2092.90 29.17 0.50 0.50 0.44 0 0 6176
pse_exactobject vrtreea 11072 955.19 2100.41 28.08 0.68 0.68 0.82 0 0 3912
pse_exactobject vrtreea 11073 797.73 2227.59 20.06 0.67 0.67 0.84 0 0 4940
pse_exactobject vrtreea 11074 818.92 2224.95 24.90 0.55 0.55 0.64 0 0 11549
pse_exactobject vrtreec 11075 789.34 2191.57 26.74 1.34 1.34 1.42 0 0 15547
pse_exactobject vrtreea 11076 786.18 2219.07 19.98 0.50 0.50 0.46 0 0 5365
pse_exactobject vrrockc 11077 822.67 2209.16 31.24 0.96 0.96 0.92 31 813 5842
pse_exactobject vrtreeb 11078 848.59 2419.88 11.01 0.50 0.50 0.54 0 0 6965
pse_exactobject vrtreec 11079 865.78 2401.17 14.02 1.26 1.26 1.51 0 0 14002
pse_exactobject vrtreeb 11080 842.01 2436.48 7.66 0.94 0.94 1.12 0 0 10234
pse_exactobject vrtreec 11081 825.22 2411.48 13.99 1.39 1.39 0.99 0 0 4797
pse_exactobject vrtreeb 11082 825.59 2429.78 11.41 0.50 0.50 0.45 0 0 5944
pse_exactobject vrtreec 11083 862.16 2432.82 10.65 1.32 1.32 1.39 0 0 3765
pse_exactobject vrrocka 11084 844.89 2405.00 13.78 0.87 0.87 0.86 -284 -483 11563
pse_exactobject vrtreec 11085 979.22 2315.40 22.29 0.77 0.77 0.85 0 0 14212
pse_exactobject vrtreea 11086 964.72 2314.72 23.69 0.50 0.50 0.39 0 0 2514
pse_exactobject vrtreec 11087 960.29 2289.80 19.46 1.21 1.21 1.11 0 0 16011
pse_exactobject vrtreea 11088 988.80 2331.14 17.81 0.60 0.60 0.58 0 0 11124
pse_exactobject vrtreea 11089 953.93 2326.78 22.75 0.96 0.96 1.14 0 0 15328
pse_exactobject vrtreea 11090 991.97 2308.60 22.13 0.50 0.50 0.61 0 0 14401
pse_exactobject vrtreec 11091 971.16 2370.24 13.48 0.50 0.50 0.48 0 0 4225
pse_exactobject vrtreeb 11092 945.27 2343.41 21.52 0.83 0.83 0.80 0 0 4299
pse_exactobject vrtreec 11093 986.02 2354.55 16.45 0.83 0.83 1.10 0 0 2443
pse_exactobject vrtreec 11094 962.79 2359.72 14.42 0.55 0.55 0.71 0 0 7746
pse_exactobject vrtreec 11095 972.81 2343.99 15.98 1.03 1.03 1.13 0 0 169
pse_exactobject vrtreec 11096 950.77 2369.91 14.97 0.93 0.93 0.91 0 0 5308
pse_exactobject vt_spawn 11108 1441.54 1487.18 17.76 1.00 1.00 1.00 0 0 0
pse_exactobject vt_spawn 11111 1447.23 1900.92 12.31 1.00 1.00 1.00 0 0 -983
pse_exactobject vt_spawn 11115 2456.26 1983.63 13.75 1.00 1.00 1.00 0 0 1966
pse_exactobject vt_spawn 11119 2456.92 2849.11 20.43 1.00 1.00 1.00 0 0 0
pse_exactobject vt_spawn 11123 2492.26 2303.02 12.81 1.00 1.00 1.00 0 0 983
pse_exactobject vrtreea 10093 2170.25 3062.34 24.43 1.50 1.50 1.40 0 0 3186
pse_exactobject vrtreec 10095 2141.66 3066.09 20.61 0.50 0.50 0.53 0 0 11201
pse_exactobject vrtreec 10094 2134.33 3060.25 20.62 0.50 0.50 0.55 0 0 9920
pse_exactobject vrtreeb 10092 2152.64 3047.11 25.70 1.03 1.03 1.19 0 0 11830
pse_exactobject vt_spawn 11121 1898.58 3223.86 14.37 1.00 1.00 1.00 0 0 0
pse_exactobject vt_spawn 11120 2038.42 3039.22 24.41 1.00 1.00 1.00 0 0 0
pse_exactobject vt_spawn 11118 2916.48 2589.26 14.75 1.00 1.00 1.00 0 0 0
pse_exactobject vt_spawn 11110 2963.03 1881.18 17.40 1.00 1.00 1.00 0 0 -327
pse_exactobject vt_spawn 11117 2643.76 1396.84 15.43 1.00 1.00 1.00 0 0 0
pse_exactobject vt_spawn 11114 2237.12 1436.94 20.63 1.00 1.00 1.00 0 0 -2129
pse_exactobject vt_spawn 11107 1792.60 1748.62 12.65 1.00 1.00 1.00 0 0 0
pse_exactobject vt_spawn 11109 2126.87 2026.58 14.55 1.00 1.00 1.00 0 0 0
pse_exactobject vrtreeb 10740 2098.54 1998.82 11.72 0.50 0.50 0.51 0 0 4458
pse_exactobject vt_spawn 11106 1828.01 2390.93 14.77 1.00 1.00 1.00 0 0 -1638
pse_exactobject vrtreea 10681 1832.57 2373.86 15.22 0.50 0.50 0.63 0 0 7359
pse_exactobject vt_spawn 11112 1481.31 2427.31 16.62 1.00 1.00 1.00 0 0 0
pse_exactobject vt_spawn 11116 1309.08 2221.91 15.18 1.00 1.00 1.00 0 0 0
pse_exactobject vt_spawn 11122 1526.13 981.66 20.92 1.00 1.00 1.00 0 0 0
pse_exactobject vt_spawn 11113 1846.59 807.64 13.76 1.00 1.00 1.00 0 0 -655
