pse_relativeobject mbtr_p2 -129.1890 0.0000 7.1603 1 1 1 0 0 0
pse_relativeobject mbtr_r3 -32.0276 222.6180 8.6283 1 1 1 0 0 0
pse_relativeobject mbtr_r2 -31.9724 -222.6180 8.6283 1 1 1 0 0 0
pse_relativeobject mbtr_r1 40.0276 -222.6180 8.6283 1 1 1 0 0 0
pse_relativeobject mbtr_q4 64.8854 59.4035 22.6408 1 1 1 0 0 0
pse_relativeobject mbtr_q3 -56.8854 59.4035 22.6408 1 1 1 0 0 0
pse_relativeobject mbtr_q1 64.8854 -59.4035 22.6408 1 1 1 0 0 0
pse_relativeobject mbtr_r4 39.9724 222.6180 8.6283 1 1 1 0 0 0
pse_relativeobject mbtr_p1 137.1890 0.0000 7.1603 1 1 1 0 0 0
pse_relativeobject mbtr_d4 159.4140 67.0362 3.8015 1 1 1 0 0 0
pse_relativeobject mbtr_d3 -151.5300 67.0362 3.8015 1 1 1 0 0 0
pse_relativeobject mbtr_d2 -151.4150 -67.0306 3.8015 1 1 1 0 0 0
pse_relativeobject mbtr_d1 159.5300 -67.0306 3.8015 1 1 1 0 0 0
pse_relativeobject mbtr_e1 4.0000 -93.1441 22.5559 1 1 1 0 0 0
pse_relativeobject mbtr_e2 4.0000 93.1041 22.5559 1 1 1 0 0 0
pse_relativeobject MB_rmp_area4d 40.0000 256.1050 14.7033 1 1 1 -568 0 -8192
pse_relativeobject MB_rmp_area3c -32.0000 256.1050 14.7033 1 1 1 -568 0 -8192
pse_relativeobject MB_rmp_area1a 40.0000 -256.1050 14.7033 1 1 1 -568 0 0
pse_relativeobject MB_rmp_area2b -32.0000 -256.1050 14.7033 1 1 1 -568 0 0
pse_relativeobject mb_dish 4.0000 74.9331 39.9695 1 1 1 0 0 0
pse_relativeobject mbped_stairs 0.0000 0.0000 0.0000 1 1 1 0 0 0
