warpgate
warpgate_crp
tech_plant
tech_plant_crp
em_frame_t1t_l
em_frame_t1s_b
em_frame_t1h
em_frame_t1c_l
em_frame_t1c_r
gr_door_garage_ext
lock_small
em_frame_t14w
gr_door_ext
spawn_terminal
frame_tunnels
gr_door_int
commpod13_a
sign_barracks
barrier_flight_room
pod_wall_1d_l
barrier_tech_heatercore
sign_stairsup
em_pod
pod_ceiling
pod_open
pod_post
ascr_lite
frame_internal
pod_comm_015
biopod7_a
pod_wall_2d
commpod7b_b
sign_generator
dscpod21_a
pod7tech_barrles
banner
dscpod1_a
commpod12_a
fire_extinguisher
em_gen
light_gr
gen_stairs
gen_power_output
generator
light_gr45
gen_control
gen_cooler
gen_window
gen_battery
gen_rigging
biopod6_a
em_tsec
light_t1c
light_siren
light_tube
stair_sign_one
em_cfs2
stairs_standard
em_cfs
light_cfs
em_st_door
stair_sign_two
sign_control
sign_flight
stair_sign_three
sign_exit
commpod3_a
commpod14_b
commpod14_a
dscpod3_b
pod6amp_crates
sign_stairsdn
pod4btech_crates
commpod9_b
sandbags3
commpod2_a
sign_garage
pod1amp_barrels3
pod3tech_pallet
pod6tech_pallet
dscpod5_a
sign_spawn
dscpod17_b
podroom10crate
pod_wall_1d_r
tpsrglass
tpsrterminal2
tpsrterminal1
frame_garage
em_tpmr
tpmrwall_server_small
tpmrstairs
tpmrsm_monitor_wall
tpmrmonitor_wall
tpmrmain_terminal_pipes
tpmrglass
tpmrcorner_radiator
tpmrcorner_radiator2t
main_terminal
tpmr_ceiling
order_terminal
medical_terminal
em_garage
gr_door_garage_int
tech_garage_structure
tech_garage_grate
vehicle_terminal
tech_nano_controller
garage_terminal
tech_banner_flag
mb_pad_creation
g_barricades
em_tpfr
tpfr_win_in
tpfr_stairs
air_vehicle_terminal
tpfr_glass
tpfr_panel
tpfr_corner
tpfr_vent
tpfr_comp
em_tper
gr_door_main
tperglass
frame_maindoor
tperrails
tperlights
tech_banner_flag_small
em_t1d
stairs_t1d
em_st_wall
stairs_wall
em_spawn
spawn_h_right
spawn_h_middle
spawn_h_left
spawn_tube_pipes
spawn_grates
spawn_pipes2
respawn_tube
spawn_piece_end_right
spawn_piece_end_left
spawn_piece
spawn_pipes
locker_cryo
spawn_tube_door
em_cap
capture_core_fx
terminal_control_core
server_cr
console_security
capture_terminal
cap_light_glass
em_barracks
br_stairs
br_sink
bed
br_fridge
br_coffee_table
br_end_table
br_dining_table
br_couch_a
game_table_effect
br_game_table
br_entertain
pad_landing_repair
pad_landing_frame
pad_landing
resource_silo
tech_stairs
lock_garage
lock_external
stairs_gate
wall_support
wall_parapet
turretbase
turretbase90
tp_details
tech_plant_antenna
frame_external
manned_turret
repair_silo
amp_station
amp_station_crp
em_frame_t1t
barrier_amp_parts
commpod5_b
commpod5_a
dscpod14_b
dscpod14_a
barrels2
commpod4_a
pod_comm_20
podroom8crate
dscpod2_a
commpod1_b
ascri_door_frame
ascri_energy_monitor
ascri_grates
amp_terminal_control_core
ascr_win_frame
comm_light
em_asmr
amp_monitor_mainterm
amp_power_term
amp_power_monitor
amp_main_stairs
asmr_nrg_dist
amp_main_pipes
asmr_power_distributor
amp_main_dome
em_ascr
ascr_power_catch
ampstat_caproom_floor
amp_cap_door
buggypad_sign
amp_stairs
amp_pipe
amp_cap
amp_4pipes
cryo_facility
cryo_facility_crp
gr_door_med
em_cfir
cert_terminal
imp_monitor
imp_sensor_poles
implant_terminal_mech
implant_terminal
cryo_tubes_pipes
cryo_tube_female
cryo_tube_male
cryo_grate3
cryo_grate1
cryo_corner_term
cryo_stairs
cryo_pipes1
cryo_vault_door
cryo_stair_term
cryo_pump
cryo_pipes4
cryo_pipes3
cryo_pipes2
cryo_grate2
cryo_conduit
cryo_tubes
crates3
barrels3
em_generic
dscpod8_a
pallet
barrier_cryo_tube
biopod11_a
commpod10_a
biopod6_a
sign_implant
commpod6_a
commpod6_b
dscpod17_a
med_flu_term2
med_flu_term1
med_monitor
med_waste
locker_med
med_cabinet
med_bed
adv_med_terminal
med_cab_items4
med_cab_items3
med_cab_items2
med_cab_items1
em_cfmr
cfmr_floor_term1
cfmr_floor_term2
cfmr_floorpipes
monitor_mainterm
cfmr_regulator
cfmr_glass
cfmr_steps
cfmr_grates
cfmr_term2
cfmr_term1
cfmr_cannister
turretbase135
cryo_vent
cryo_clamp
cryo_casing
comm_station
comm_station_crp
commpod7b_a
barrier_comm_atennae
em_css
commpod15_a
commpod12_b
commpod11_a
commpod9_a
commpod8_a
commpod7_a
commpod1_a
em_radar
em_csmr
comm_main_radio_wall
comm_main_bottom_wall
comm_main_rails
comm_main_wall_server
comm_radio_parts
decoder_boxes
comm_main_debug_wall
comm_tower
comm_main_term_right
comm_main_term
dish_platform
comm_stairs
comm_radio_tower
cs_comm_dish
comm_station_dsp
comm_station_dsp_crp
em_frame_t1t_r
em_dsp
dropship_vehicle_terminal
dspfrglass
dscpod23_a
dscpod22_a
dscpod19_a
dscpod18_a
dscpod13_a
dscpod12_a
dscpod11_a
dscpod9_a
dscpod7_a
dscpod6_a
dscpod3_a
dropship_pad_doors
door_dsp
tower_a
tower_a_crp
stair_sign_four
spawn_without_matrix
secondary_control_core
secondary_capture
rails_towera
banner_mount
tower_corner_pier
tower_middle_pier
tower_b
tower_b_crp
stair_sign_five
rails_towerb
tower_cornertall_pier
tower_middletall_pier
tower_c
tower_c_crp
tower_middlesmall_pier
tower_cornersmall_pier
tower_c_stairs
rails_towerc
pad_landing_tower_frame
banner_mount_small
bunker_sm
bunker_sm_crp
bunker_lg
bunker_lg_crp
bunker_gauntlet
bunker_guantlet_crp
bridge_start
bridge_start_crp
bridge_mid
bridge_mid_crp
bridge_end
bridge_end_crp
bridge_extend
bridge_extend_crp
bridge_support_foot
bridge_support_foot_crp
domea
wg_arm_piece7
wg_arm_piece6
wg_arm_piece1
wg_arm_piece4
wg_arm_piece5
wg_arm_piece2
wg_arm_piece3
ext_sandbags_b
ext_sandbags_b_crp
ext_sandbags_a
ext_sandbags_a_crp
ext_barrier_heavy
ext_barrier_heavy_crp
ext_barrier_medium
ext_barrier_medium_crp
earthtreea
earthtreea_crp
earthtreeb
earthtreeb_crp
deserttreee
deserttreee_crp
deserttreed
deserttreed_crp
desertrockb
desertrockb_crp
desertrocke
desertrocke_crp
deserttreef
deserttreef_crp
desertrockc
desertrockc_crp
desertrocka
desertrocka_crp
desertrockd
desertrockd_crp
earthrockj
earthrockj_crp
earthrockd
earthrockd_crp
rockformationi
rockformationi_crp
rockformationh
rockformationh_crp
rock_formationb
rockformationl
rockformationl_crp
desertshrubb
desertshruba
desertrockq
rock_formatione
desertrockn
desertrockk
desertrockm
earthtreef
earthtreef_crp
desertrockl
deserttreei
deserttreei_crp
deserttreeg
deserttreeg_crp
deserttreeh
deserttreeh_crp
rock_formationf
rock_formationc
rock_formationa
ext_barrier_blind
ext_barrier_blind_crp
ext_barrier_double_heavy
ext_barrier_double_heavy_crp
ext_barrier_double_2prong
ext_barrier_double_2prong_crp
ext_barrier_2prong
ext_barrier_2prong_crp
hst
