warpgate
warpgate_crp
orbital_building_vs
orbital_building_crp
ob_redlight
ob_greenlight
gr_door_mb_ext
cert_terminal
gr_door_mb_orb
mb_prop_monitor4
mb_prop_monitor3
mb_meet_monitor
implant_terminal_mech
implant_terminal
order_terminal
ob_countdown
ob_stairs_lrg
medical_terminal
frame_mb_inside
sign_lockerarrow_rev
gr_door_mb_obsd
sign_lockerarrow
sign_locker
gr_door_mb_int
ob_plant
ob_stairs_sml
mb_locker
ob_observ_glass
ods_sign
mbob_stairs
obbasemesh
vt_dropship
flightpadpad_sign
dropship_vehicle_terminal
dropship_pad_doors
Vt_building_vs
vt_building_vs_crp
frame_mb_side
door_spawn_mb
mb_spawn_casing
mb_respawn_tube
vrtb_sign
gr_door_mb_lrg
vt_stairs
vt_stairs2
vt_holodome
vt_vehicle
buggypad_sign
vehicle_terminal
mb_pad_creation
vt_spawn
vt_holo
spawn_zone
tower_a
tower_a_crp
stair_sign_two
stair_sign_three
stair_sign_four
respawn_tube
spawn_without_matrix
locker_cryo
banner
light_cfs
stairs_standard
spawn_tube_door
gr_door_ext
frame_internal
secondary_control_core
secondary_capture
rails_towera
banner_mount
tech_banner_flag
tower_corner_pier
tower_middle_pier
tech_plant_antenna
frame_external
lock_small
manned_turret
tower_c
tower_c_crp
tower_middlesmall_pier
tower_cornersmall_pier
tower_c_stairs
rails_towerc
pad_landing_tower_frame
pad_landing
banner_mount_small
tower_b
tower_b_crp
stair_sign_five
rails_towerb
comm_radio_tower
tower_cornertall_pier
tower_middletall_pier
domea
wg_arm_piece7
wg_arm_piece6
wg_arm_piece1
wg_arm_piece4
wg_arm_piece5
wg_arm_piece2
wg_arm_piece3
earthtreec
earthtreec_crp
earthtreed
earthtreed_crp
earthtreee
earthtreee_crp
earthrocki
earthrocki_crp
earthrockd
earthrockd_crp
earthrockl
earthrockl_crp
earthrockj
earthrockj_crp
earthtreef
earthtreef_crp
earthtreeb
earthtreeb_crp
earthtreea
earthtreea_crp
