pse_link Aja amp_station_1
pse_link Bomazi comm_station_1
pse_link WG_Cyssor_to_NCSanc warpgate_1
pse_link Chuku cryo_facility_1
pse_link Ekera amp_station_2
pse_link Faro tech_plant_1
pse_link Wele tech_plant_3
pse_link Itan cryo_facility_3
pse_link WG_Cyssor_to_Searhus warpgate_1
pse_link Leza tech_plant_4
pse_link Tore comm_station_4
pse_link Nzame amp_station_4
pse_link WG_Cyssor_to_TRSanc warpgate_1
pse_link Orisha tech_plant_6
pse_link Pamba amp_station_5
pse_link Shango cryo_facility_5
pse_link WG_Cyssor_to_Solsar warpgate_1
pse_link Gunuku comm_station_dsp_5
pse_link Honsi cryo_facility_2
pse_link Kaang amp_station_1
pse_link Mukuru cryo_facility_1
pse_link S_Wele_Tower tower_a_1
pse_link N_Aja_Tower tower_b_1
pse_link NE_Aja_Tower tower_c_1
pse_link SE_Bomazi_Tower tower_c_1
pse_link NE_Nzame_Tower tower_a_1
pse_link NE_Searhus_Warpgate_Tower tower_a_1
pse_link S_Leza_Tower tower_b_1
pse_link SE_Tore_Tower tower_c_1
pse_link NE_Tore_Tower tower_b_1
pse_link NW_TRSanc_Warpgate_Tower tower_a_1
pse_link SE_Gunuku_Tower tower_b_1
pse_link N_Gunuku_Tower tower_a_1
pse_link S_Faro_Tower tower_b_1
pse_link SW_Honsi_Tower tower_a_1
pse_link SE_NCSanc_Warpgate_Tower tower_a_1
pse_link W_Chuku_Tower tower_c_1
pse_link W_Ekera_Tower tower_a_1
pse_link E_Faro_Tower tower_c_1
pse_link SW_Solsar_Warpgate_Tower tower_b_1
pse_link NW_Pamba_Tower tower_a_1
pse_link W_Orisha_Tower tower_b_1
pse_link S_Kaang_Tower tower_a_1
pse_link N_Kanng_Tower tower_c_1
pse_link SW_Itan_Tower tower_b_1
pse_link bunker1 bunker_sm_1
pse_link bunker2 bunker_sm_1
pse_link bunker3 bunker_lg_1
pse_link bunker4 bunker_sm_1
pse_link bunker5 bunker_sm_1
pse_link bunker7 bunker_sm_1
pse_link bunker8 bunker_lg_1
pse_link bunker10 bunker_sm_1
pse_link bunker11 bunker_lg_1
pse_link bunker12 bunker_lg_1
pse_link bunker6 bunker_lg_1
pse_link bunker9 bunker_sm_1
pse_link bunkerg1 bunker_gauntlet_1
pse_link bunkerg2 bunker_gauntlet_1
pse_link bunkerg3 bunker_gauntlet_1
pse_link bunkerg4 bunker_gauntlet_1
