pse_link WG_Hossin_to_Ceryshen warpgate_1
pse_link WG_Hossin_to_Solsar warpgate_1
pse_link WG_Hossin_to_VSSanc warpgate_1
pse_link WG_Hossin_to_Oshur warpgate_1
pse_link Voltan comm_station_1
pse_link Naum comm_station_dsp_1
pse_link Zotz cryo_facility_1
pse_link Acan cryo_facility_2
pse_link Bitol cryo_facility_3
pse_link Chac tech_plant_1
pse_link Ghanon tech_plant_2
pse_link Ixtab amp_station_1
pse_link Kisin comm_station_2
pse_link Mulac tech_plant_3
pse_link S_Ceryshen_Warpgate_Tower tower_a_1
pse_link NW_Acan_Tower tower_b_1
pse_link NE_Ceryshen_Warpgate_Tower tower_a_1
pse_link SE_Naum_Tower tower_c_1
pse_link N_Naum_Tower tower_b_1
pse_link E_Chac_Tower tower_c_1
pse_link NW_Solsar_Warpgate_Tower tower_c_1
pse_link SW_Solsar_Warpgate_Tower tower_b_1
pse_link N_Kisin_Tower tower_a_1
pse_link NE_Mulac_Tower tower_b_1
pse_link NW_Mulac_Tower tower_c_1
pse_link E_Bitol_Tower tower_c_1
pse_link SE_Oshur_Warpgate_Tower tower_c_1
pse_link W_Oshur_Warpgate_Tower tower_a_1
pse_link NE_Oshur_Warpgate_Tower tower_c_1
pse_link SW_Ixtab_Tower tower_b_1
pse_link SW_Ghanon_Tower tower_b_1
pse_link S_Acan_Tower tower_a_1
pse_link SE_Ghanon_Tower tower_c_1
pse_link bunker_lg_34 bunker_lg_1
pse_link bunker_lg_35 bunker_lg_1
pse_link bunker_lg_36 bunker_lg_1
pse_link bunker_sm_37 bunker_sm_1
pse_link bunker_lg_38 bunker_lg_1
pse_link bunker_sm_39 bunker_sm_1
pse_link bunker_sm_40 bunker_sm_1
pse_link bunker_lg_41 bunker_lg_1
pse_link Voltan_Tower tower_b_1
pse_link bunker_lg_43 bunker_lg_1
pse_link bunker_gauntlet_44 bunker_gauntlet_1
pse_link bunker_gauntlet_45 bunker_gauntlet_1
pse_link bunker_gauntlet_46 bunker_gauntlet_1
pse_link bunker_gauntlet_47 bunker_gauntlet_1
pse_link Hurakan comm_station_3
pse_link Ixtab_tower tower_a_1
pse_link WG_Hossin_to_VSSanc_Tower tower_a_1
pse_link Zotz_Tower tower_c_1
pse_link E_Naum_Tower tower_a_1
