pse_link Akna amp_station_3
pse_link Anguta comm_station_dsp_3
pse_link Igaluk tech_plant_3
pse_link Keelut comm_station_4
pse_link Nerrivik tech_plant_5
pse_link Pinga tech_plant_1
pse_link Sedna cryo_facility_3
pse_link Tarqaq cryo_facility_4
pse_link Tootega cryo_facility_5
pse_link WG_Ceryshen_to_Ishundar warpgate_1
pse_link WG_Ceryshen_to_Amerish warpgate_1
pse_link WG_Ceryshen_to_Forseral warpgate_1
pse_link WG_Ceryshen_to_Hossin warpgate_1
pse_link W_Amerish_Warpgate_Tower tower_a_1
pse_link SW_Amerish_Warpgate_Tower tower_b_1
pse_link SW_Tarqaq_Tower tower_c_1
pse_link E_Keelut_Tower tower_c_1
pse_link N_Ishundar_Warpgate_Tower tower_b_1
pse_link NE_Ishundar_Warpgate_Tower tower_c_1
pse_link N_Tootega_Tower tower_b_1
pse_link NE_Pinga_Tower tower_c_1
pse_link N_Hossin_Warpgate_Tower tower_a_1
pse_link NW_Anguta_Tower tower_a_1
pse_link NW_Nerrivik_Tower tower_c_1
pse_link N_Amerish_Warpgate_Tower tower_a_1
pse_link SW_Nerrivik_Tower tower_b_1
pse_link S_Akna_Tower tower_a_1
pse_link N_Keelut_Tower tower_a_1
pse_link E_Forseral_Warpgate_Tower tower_c_1
pse_link S_Igaluk_Tower tower_c_1
pse_link N_Sedna_Tower tower_b_1
pse_link S_Tarqaq_Tower tower_a_1
pse_link bunker_lg_33 bunker_lg_1
pse_link bunker_sm_34 bunker_sm_1
pse_link bunker_lg_35 bunker_lg_1
pse_link bunker_lg_36 bunker_lg_1
pse_link bunker_sm_37 bunker_sm_1
pse_link bunker_lg_38 bunker_lg_1
pse_link bunker_sm_39 bunker_sm_1
pse_link bunker_lg_40 bunker_lg_1
pse_link bunker_gauntlet_41 bunker_gauntlet_1
pse_link bunker_gauntlet_42 bunker_gauntlet_1
pse_link bunker_gauntlet_43 bunker_gauntlet_1
pse_link bunker_gauntlet_44 bunker_gauntlet_1
pse_link bunker_sm_45 bunker_sm_1
pse_link Igaluk_Tower tower_a_1
pse_link Sedna_Tower tower_a_1
pse_link Anguta_Tower tower_b_1
pse_link Akna_Tower tower_c_1
pse_link Nerrivik_Tower tower_a_1
pse_link Hossin_Warpgate_Tower tower_c_1
pse_link Tootega_Tower tower_a_1
pse_link Keelut_Tower tower_a_1
pse_link Amerish_Warpgate_Tower tower_c_1
pse_link Pinga_Tower tower_c_1
