pse_link orbital_building_tr_1 orbital_building_tr_1
pse_link orbital_building_tr_2 orbital_building_tr_2
pse_link vt_dropship_3 vt_dropship_1
pse_link vt_dropship_4 vt_dropship_1
pse_link vt_dropship_5 vt_dropship_1
pse_link vt_dropship_6 vt_dropship_1
pse_link vt_vehicle_7 vt_vehicle_1
pse_link vt_vehicle_8 vt_vehicle_1
pse_link vt_vehicle_9 vt_vehicle_1
pse_link vt_vehicle_10 vt_vehicle_1
pse_link vt_vehicle_11 vt_vehicle_1
pse_link vt_vehicle_12 vt_vehicle_1
pse_link vt_vehicle_13 vt_vehicle_1
pse_link vt_vehicle_14 vt_vehicle_1
pse_link VT_building_tr_15 VT_building_tr_1
pse_link VT_building_tr_16 VT_building_tr_2
pse_link meeting_center_tr_17 meeting_center_tr_1
pse_link VT_building_tr_18 VT_building_tr_3
pse_link VT_building_tr_19 VT_building_tr_4
pse_link WG_TRSanc_to_Ishundar warpgate_1
pse_link WG_TRSanc_to_Forseral warpgate_1
pse_link WG_TRSanc_to_Cyssor warpgate_1
