pse_link WG_Amerish_to_Solsar warpgate_1
pse_link WG_Amerish_to_NCSanc warpgate_1
pse_link WG_Amerish_to_Oshur warpgate_1
pse_link WG_Amerish_to_Ceryshen warpgate_1
pse_link Azeban comm_station_dsp_5
pse_link Cetan comm_station_1
pse_link Heyoka tech_plant_5
pse_link Ikanam cryo_facility_4
pse_link Kyoi cryo_facility_5
pse_link Mekala tech_plant_1
pse_link Onatha cryo_facility_1
pse_link Qumu comm_station_2
pse_link Sungrey amp_station_5
pse_link Tumas tech_plant_2
pse_link Xelas cryo_facility_2
pse_link NE_Solsar_Warpgate_Tower tower_b_1
pse_link NW_Ikanam_Tower tower_b_1
pse_link NW_Cetan_Tower tower_c_1
pse_link E_Ikanam_Tower tower_a_1
pse_link NE_Cetan_Tower tower_a_1
pse_link SE_Heyoka_Tower tower_b_1
pse_link NW_Kyoi_Tower tower_c_1
pse_link E_Kyoi_Tower tower_a_1
pse_link NE_Heyoka_Tower tower_b_1
pse_link S_Oshur_Warpgate_Tower tower_b_1
pse_link NE_NCSanc_Warpgate_Tower tower_b_1
pse_link NW_Xelas_Tower tower_c_1
pse_link W_Azeban_Tower tower_a_1
pse_link W_Ceryshen_Warpgate_Tower tower_c_1
pse_link S_Ceryshen_Warpgate_Tower tower_a_1
pse_link SE_Tumas_Tower tower_b_1
pse_link NW_Sungrey_Tower tower_a_1
pse_link NW_Oshur_Warpgate_Tower tower_c_1
pse_link W_Qumu_Tower tower_a_1
pse_link N_Onatha_Tower tower_c_1
pse_link bunker_sm_36 bunker_sm_1
pse_link bunker_lg_37 bunker_lg_1
pse_link bunker_sm_38 bunker_sm_1
pse_link bunker_sm_39 bunker_sm_1
pse_link bunker_lg_40 bunker_lg_1
pse_link bunker_lg_41 bunker_lg_1
pse_link bunker_lg_42 bunker_lg_1
pse_link bunker_lg_43 bunker_lg_1
pse_link bunker_gauntlet_44 bunker_gauntlet_1
pse_link bunker_gauntlet_45 bunker_gauntlet_1
