pse_link WG_Forseral_to_TRSanc warpgate_1
pse_link WG_Forseral_to_Ceryshen warpgate_1
pse_link WG_Forseral_to_Solsar warpgate_1
pse_link WG_Forseral_to_Oshur warpgate_1
pse_link Ogma cryo_facility_1
pse_link Neit cryo_facility_2
pse_link Lugh cryo_facility_3
pse_link Gwydion tech_plant_4
pse_link Dagda comm_station_5
pse_link Pwyll amp_station_1
pse_link Anu tech_plant_3
pse_link Bel comm_station_dsp_2
pse_link Eadon amp_station_2
pse_link S_Solsar_Warpgate_Tower tower_a_1
pse_link NW_Eadon_Tower tower_b_1
pse_link NE_Anu_Tower tower_c_1
pse_link NE_TRSanc_Warpgate_Tower tower_a_1
pse_link E_TRSanc_Warpgate_Tower tower_b_1
pse_link S_Gwydion_Tower tower_c_1
pse_link NW_Gwydion_Tower tower_a_1
pse_link N_Dagda_Tower tower_b_1
pse_link NW_Lugh_Tower tower_a_1
pse_link W_Oshur_Warpgate_Tower tower_c_1
pse_link N_Pwyll_Tower tower_c_1
pse_link SE_Ceryshen_Warpgate_Tower tower_a_1
pse_link N_Bel_Tower tower_b_1
pse_link S_Bel_Tower tower_a_1
pse_link bunker1 bunker_sm_1
pse_link bunker2 bunker_lg_1
pse_link bunker3 bunker_lg_1
pse_link bunker4 bunker_sm_1
pse_link bunker5 bunker_sm_1
pse_link bunkerg1 bunker_gauntlet_1
pse_link bunkerg2 bunker_gauntlet_1
pse_link bunkerg3 bunker_gauntlet_1
pse_link Caer comm_station_4
pse_link N_Ogma_Tower tower_a_1
pse_link S_Neit_Tower tower_b_1
pse_link W_Pwyll_Tower tower_a_1
pse_link bunker_sm_40 bunker_sm_1
pse_link bunker_sm_41 bunker_sm_1
