pse_link WG_Oshur_to_Hossin warpgate_1
pse_link WG_Oshur_to_Forseral warpgate_1
pse_link WG_Oshur_to_Amerish warpgate_1
pse_link WG_Oshur_to_Esamir warpgate_1
pse_link Atar comm_station_dsp_4
pse_link Dahaka tech_plant_2
pse_link Hvar comm_station_5
pse_link Izha tech_plant_3
pse_link Jamshid tech_plant_4
pse_link Mithra amp_station_4
pse_link Rashnu cryo_facility_1
pse_link Yazata cryo_facility_2
pse_link Zal cryo_facility_3
pse_link S_Forseral_Warpgate_Tower tower_a_1
pse_link W_Hvar_Tower tower_b_1
pse_link N_Jamshid_Tower tower_a_1
pse_link S_Rashnu_Tower tower_c_1
pse_link NE_Amerish_Warpgate_Tower tower_b_1
pse_link NE_Dahaka_Tower tower_c_1
pse_link S_Dahaka_Tower tower_b_1
pse_link W_Yazata_Tower tower_a_1
pse_link S_Hossin_Warpgate_Tower tower_a_1
pse_link NE_Zal_Tower tower_b_1
pse_link SE_Izha_Tower tower_c_1
pse_link S_Izha_Tower tower_c_1
pse_link E_Esamir_Warpgate_Tower tower_b_1
pse_link SW_Esamir_Warpgate_Tower tower_a_1
pse_link bunker_sm_28 bunker_sm_1
pse_link bunker_sm_29 bunker_sm_1
pse_link bunker_lg_30 bunker_lg_1
pse_link bunker_lg_31 bunker_lg_1
pse_link bunker_lg_32 bunker_lg_1
pse_link bunker_sm_33 bunker_sm_1
pse_link bunker_sm_34 bunker_sm_1
pse_link bunker_gauntlet_35 bunker_gauntlet_1
pse_link bunker_gauntlet_36 bunker_gauntlet_1
pse_link bunker_gauntlet_37 bunker_gauntlet_1
pse_link bunker_gauntlet_38 bunker_gauntlet_1
pse_link Mithra_Tower tower_c_1
pse_link Rashnu_Tower tower_a_1
pse_link Atar_Tower tower_c_1
pse_link Zal_Tower tower_a_1
pse_link Yazata_Tower tower_c_1
pse_link Izha_Tower tower_a_1
pse_link Hossin_Warpgate_Tower tower_b_1
pse_link Hvar_Tower bunker_sm_1
