pse_link WG_Solsar_to_Forseral warpgate_1
pse_link WG_Solsar_to_Cyssor warpgate_1
pse_link WG_Solsar_to_Amerish warpgate_1
pse_link WG_Solsar_to_Hossin warpgate_1
pse_link Seth tech_plant_1
pse_link Bastet amp_station_2
pse_link Aton cryo_facility_3
pse_link Hapi comm_station_4
pse_link Thoth cryo_facility_5
pse_link Mont amp_station_5
pse_link Amun tech_plant_4
pse_link Horus cryo_facility_3
pse_link Sobek comm_station_dsp_2
pse_link NE_Amerish_Warpgate_Tower tower_a_1
pse_link S_Amun_Tower tower_b_1
pse_link E_Amun_Tower tower_c_1
pse_link W_Thoth_Tower tower_a_1
pse_link N_Hapi_Tower tower_b_1
pse_link NW_Seth_Tower tower_c_1
pse_link W_Sobek_Tower tower_a_1
pse_link S_Mont_Tower tower_a_1
pse_link S_Sobek_Tower tower_b_1
pse_link NW_Mont_Tower tower_c_1
pse_link E_Bastet_Tower tower_a_1
pse_link NW_Cyssor_Warpgate_Tower tower_a_1
pse_link bunker1 bunker_sm_1
pse_link bunker2 bunker_lg_1
pse_link bunker3 bunker_sm_1
pse_link bunker4 bunker_sm_1
pse_link bunker5 bunker_lg_1
pse_link bunker6 bunker_sm_1
pse_link SW__Aton_Tower tower_a_1
pse_link bunkerg1 bunker_gauntlet_1
pse_link bunkerg2 bunker_gauntlet_1
pse_link bunkerg3 bunker_gauntlet_1
pse_link E_Tower_Seth tower_a_1
pse_link N_Aton_Tower tower_b_1
pse_link NE_Horus_Tower tower_a_1
pse_link E_Forseral_Warpgate_Tower tower_c_1
pse_link N_Bastet_Tower tower_c_1
pse_link E_Hossin_Warpgate_Tower tower_b_1
pse_link E_Amerish_Warpgate_Tower tower_c_1
