pse_link WG_Searhus_to_Esamir warpgate_1
pse_link WG_Searhus_to_Ishundar warpgate_1
pse_link WG_Searhus_to_Cyssor warpgate_1
pse_link Akua cryo_facility_2
pse_link Drakulu cryo_facility_3
pse_link Hiro cryo_facility_4
pse_link Iva cryo_facility_5
pse_link Karihi tech_plant_2
pse_link Laka comm_station_3
pse_link Matagi amp_station_4
pse_link Ngaru tech_plant_5
pse_link Oro comm_station_1
pse_link Pele amp_station_1
pse_link Rehua amp_station_5
pse_link Sina comm_station_dsp_5
pse_link Tara tech_plant_1
pse_link Wakea comm_station_1
pse_link E_Esamir_Warpgate_Tower tower_a_1
pse_link NE_Iva_Tower tower_a_1
pse_link SE_Wakea_Tower tower_a_1
pse_link NE_Pele_Tower tower_c_1
pse_link W_Sina_Tower tower_b_1
pse_link SE_Tara_Tower tower_c_1
pse_link E_Ishundar_Warpgate_Tower tower_b_1
pse_link SE_Laka_Tower tower_c_1
pse_link W_Ngaru_Tower tower_a_1
pse_link S_Iva_Tower tower_c_1
pse_link NE_Esamir_Warpgate_Tower tower_b_1
pse_link NE_Matagi_Tower tower_c_1
pse_link bunker1 bunker_lg_1
pse_link bunker2 bunker_sm_1
pse_link bunker4 bunker_sm_1
pse_link bunker5 bunker_sm_1
pse_link bunker6 bunker_lg_1
pse_link bunker7 bunker_lg_1
pse_link bunker8 bunker_sm_1
pse_link NE_Sina_Tower tower_c_1
pse_link bunkerg1 bunker_gauntlet_1
pse_link bungerg2 bunker_gauntlet_1
pse_link bunkerg3 bunker_gauntlet_1
pse_link bunkerg4 bunker_lg_1
pse_link bunkerg5 bunker_gauntlet_1
pse_link bunkerg6 bunker_gauntlet_1
pse_link bunkerg7 bunker_gauntlet_1
