pse_link WG_NCSanc_to_Cyssor warpgate_1
pse_link WG_NCSanc_to_Amerish warpgate_1
pse_link WG_NCSanc_to_Esamir warpgate_1
pse_link orbital_building_nc_4 orbital_building_nc_1
pse_link meeting_center_nc_5 meeting_center_nc_1
pse_link VT_building_nc_6 VT_building_nc_1
pse_link VT_building_nc_7 VT_building_nc_1
pse_link VT_building_nc_8 VT_building_nc_1
pse_link VT_building_nc_9 VT_building_nc_1
pse_link vt_vehicle_10 vt_vehicle_1
pse_link vt_vehicle_11 vt_vehicle_1
pse_link vt_dropship_12 vt_dropship_1
pse_link vt_vehicle_13 vt_vehicle_1
pse_link vt_vehicle_14 vt_vehicle_1
pse_link vt_dropship_15 vt_dropship_1
pse_link orbital_building_nc_16 orbital_building_nc_1
pse_link vt_dropship_17 vt_dropship_1
pse_link vt_vehicle_18 vt_vehicle_1
pse_link vt_vehicle_19 vt_vehicle_1
pse_link vt_vehicle_20 vt_vehicle_1
pse_link vt_vehicle_21 vt_vehicle_1
pse_link vt_dropship_22 vt_dropship_1
