pse_link orbital_building_vs_1 orbital_building_vs_1
pse_link orbital_building_vs_2 orbital_building_vs_2
pse_link vt_dropship_3 vt_dropship_1
pse_link vt_dropship_4 vt_dropship_1
pse_link vt_dropship_5 vt_dropship_1
pse_link vt_dropship_6 vt_dropship_1
pse_link vt_vehicle_7 vt_vehicle_1
pse_link vt_vehicle_8 vt_vehicle_1
pse_link vt_vehicle_9 vt_vehicle_1
pse_link vt_vehicle_10 vt_vehicle_1
pse_link vt_vehicle_11 vt_vehicle_1
pse_link vt_vehicle_12 vt_vehicle_1
pse_link vt_vehicle_13 vt_vehicle_1
pse_link vt_vehicle_14 vt_vehicle_1
pse_link VT_building_vs_15 VT_building_vs_1
pse_link VT_building_vs_16 VT_building_vs_2
pse_link meeting_center_vs_17 meeting_center_vs_1
pse_link VT_building_vs_18 VT_building_vs_3
pse_link VT_building_vs_19 VT_building_vs_4
pse_link WG_VSSanc_to_Ishundar warpgate_1
pse_link WG_VSSanc_to_Hossin warpgate_1
pse_link WG_VSSanc_to_Esamir warpgate_1
