scriptobject GameObject spawn_cz_standard_solo_01 813.32 1164.56 21.57 123.73
scriptobject GameObject spawn_cz_standard_solo_01 769.20 1224.64 39.15 202.37
scriptobject GameObject spawn_cz_standard_solo_01 673.62 1248.16 39.57 277.10
scriptobject GameObject spawn_cz_standard_solo_01 702.24 1288.17 38.26 55.20
scriptobject GameObject spawn_cz_standard_solo_01 833.73 1408.23 41.45 356.02
scriptobject GameObject spawn_cz_standard_solo_01 791.07 1469.11 42.61 88.99
scriptobject GameObject spawn_cz_standard_solo_01 760.46 1545.89 43.37 82.18
scriptobject GameObject spawn_cz_standard_solo_01 707.65 1437.83 43.51 -1.23
scriptobject GameObject spawn_cz_standard_solo_01 577.04 1449.15 41.16 234.07
scriptobject GameObject spawn_cz_standard_solo_01 498.14 1365.24 38.35 255.39
scriptobject GameObject spawn_cz_standard_solo_01 517.57 1235.54 40.26 208.10
scriptobject GameObject spawn_cz_standard_group_01 727.25 1209.54 19.36 322.19
scriptobject GameObject spawn_cz_standard_group_01 598.97 1315.56 19.85 290.10
scriptobject GameObject spawn_cz_standard_group_01 492.94 1203.32 19.93 342.73
scriptobject GameObject spawn_cz_standard_group_01 483.58 1454.96 17.92 1.03
scriptobject GameObject spawn_cz_standard_group_01 618.36 1560.14 21.41 255.52
scriptobject GameObject spawn_cz_standard_solo_01 697.99 1483.28 23.95 19.05
scriptobject GameObject spawn_cz_standard_solo_01 740.84 1501.10 24.95 199.23
scriptobject GameObject spawn_cz_standard_solo_01 712.92 1378.39 23.59 -0.62
scriptobject GameObject spawn_cz_standard_solo_01 774.21 1357.72 21.70 141.53
scriptobject GameObject spawn_cz_standard_solo_01 745.22 1283.06 18.58 48.96
scriptobject GameObject spawn_cz_standard_solo_01 600.56 1228.57 21.21 43.15
scriptobject GameObject spawn_cz_standard_solo_01 559.62 1210.30 19.72 255.41
scriptobject GameObject spawn_cz_standard_solo_01 681.91 1162.91 19.31 202.02
scriptobject GameObject spawn_cz_agile_solo_01 1079.50 1229.38 24.24 21.60
scriptobject GameObject spawn_cz_agile_solo_01 1147.06 1187.01 27.07 133.40
scriptobject GameObject spawn_cz_agile_solo_01 1139.31 1249.55 35.77 231.64
scriptobject GameObject spawn_cz_agile_solo_01 1126.01 1471.53 47.84 54.12
scriptobject GameObject spawn_cz_agile_group_01 1102.66 1350.06 27.39 229.13
scriptobject GameObject spawn_cz_agile_group_01 1198.18 1368.42 25.20 58.18
scriptobject GameObject spawn_cz_agile_group_01 1365.07 1366.54 25.49 252.77
scriptobject GameObject spawn_cz_agile_group_01 1353.38 1260.96 22.84 174.75
scriptobject GameObject spawn_cz_agile_group_01 1233.78 1132.12 19.72 174.77
scriptobject GameObject spawn_cz_agile_group_01 1447.46 1219.46 22.23 165.87
scriptobject GameObject spawn_cz_agile_group_01 1483.09 1416.28 23.11 155.57
scriptobject GameObject spawn_cz_agile_solo_01 1269.73 1504.48 29.52 31.95
scriptobject GameObject spawn_cz_agile_solo_01 1304.62 1425.27 24.83 132.01
scriptobject GameObject spawn_cz_agile_solo_01 1240.40 1322.02 22.41 31.33
scriptobject GameObject spawn_cz_agile_solo_01 1204.49 1278.85 24.14 325.70
scriptobject GameObject spawn_cz_agile_solo_01 1193.66 1194.79 26.37 130.34
scriptobject GameObject spawn_cz_agile_solo_01 1347.07 1446.53 45.03 63.70
scriptobject GameObject spawn_cz_agile_solo_01 1308.34 1526.12 36.88 254.27
scriptobject GameObject spawn_cz_agile_solo_01 1354.31 1173.68 34.76 198.48
scriptobject GameObject spawn_cz_agile_solo_01 1228.09 1218.10 43.26 94.66
scriptobject GameObject spawn_cz_agile_solo_01 1057.17 1298.81 46.09 184.77
scriptobject GameObject spawn_cz_agile_solo_01 1054.46 1393.15 29.70 147.55
scriptobject GameObject spawn_cz_agile_solo_01 1195.40 1432.96 25.52 339.61
scriptobject GameObject spawn_cz_agile_solo_01 1196.24 1473.62 46.90 38.69
scriptobject GameObject spawn_cz_agile_solo_01 1264.84 1525.35 29.43 43.95
scriptobject GameObject spawn_cz_agile_solo_01 1384.13 1402.42 55.51 286.50
scriptobject GameObject spawn_cz_agile_solo_01 1261.30 1199.08 21.72 9.21
scriptobject GameObject spawn_cz_reinforced_solo_01 1228.11 915.92 36.06 147.17
scriptobject GameObject spawn_cz_reinforced_solo_01 1217.98 869.47 34.93 272.48
scriptobject GameObject spawn_cz_reinforced_solo_01 1200.29 869.80 38.10 177.21
scriptobject GameObject spawn_cz_reinforced_solo_01 1144.21 797.36 40.17 152.29
scriptobject GameObject spawn_cz_reinforced_group_01 1199.75 743.50 28.32 83.65
scriptobject GameObject spawn_cz_reinforced_group_01 1161.81 617.79 26.13 119.29
scriptobject GameObject spawn_cz_reinforced_group_01 1274.85 576.19 33.93 31.88
scriptobject GameObject spawn_cz_reinforced_group_01 1545.73 548.64 29.98 133.92
scriptobject GameObject spawn_cz_reinforced_group_01 1529.16 632.59 29.59 186.70
scriptobject GameObject spawn_cz_reinforced_group_01 1549.08 879.75 27.81 176.09
scriptobject GameObject spawn_cz_reinforced_solo_01 1395.63 901.27 42.28 88.44
scriptobject GameObject spawn_cz_reinforced_solo_01 1487.53 936.10 28.65 69.81
scriptobject GameObject spawn_cz_reinforced_solo_01 1358.84 924.05 25.40 63.72
scriptobject GameObject spawn_cz_reinforced_solo_01 1458.55 888.55 39.46 146.78
scriptobject GameObject spawn_cz_reinforced_solo_01 1467.51 799.03 31.90 243.85
scriptobject GameObject spawn_cz_reinforced_solo_01 1444.11 753.88 49.53 54.71
scriptobject GameObject spawn_cz_reinforced_solo_01 1419.05 728.68 49.75 197.84
scriptobject GameObject spawn_cz_reinforced_solo_01 1503.24 742.18 32.98 18.00
scriptobject GameObject spawn_cz_reinforced_solo_01 1504.41 667.86 54.46 301.20
scriptobject GameObject spawn_cz_reinforced_solo_01 1441.16 680.83 53.65 201.20
scriptobject GameObject spawn_cz_reinforced_solo_01 1409.09 619.22 28.07 44.65
scriptobject GameObject spawn_cz_reinforced_solo_01 1417.57 562.91 38.97 229.57
scriptobject GameObject spawn_cz_reinforced_solo_01 1436.18 585.69 39.67 23.44
scriptobject GameObject spawn_cz_reinforced_solo_01 1395.42 569.96 27.43 246.82
scriptobject GameObject spawn_cz_reinforced_solo_01 1369.66 584.04 28.29 283.95
scriptobject GameObject spawn_cz_reinforced_solo_01 1385.69 578.61 38.96 263.69
scriptobject GameObject spawn_cz_reinforced_solo_01 1323.32 590.59 44.37 151.83
scriptobject GameObject spawn_cz_reinforced_solo_01 1346.70 545.64 44.50 304.76
scriptobject GameObject spawn_cz_reinforced_solo_01 1363.35 483.46 34.89 132.96
scriptobject GameObject spawn_cz_reinforced_solo_01 1339.87 807.98 35.28 181.82
scriptobject GameObject spawn_cz_reinforced_solo_01 1226.79 682.21 32.92 0.77
scriptobject GameObject spawn_cz_reinforced_solo_01 1272.55 738.76 31.28 201.05
scriptobject GameObject spawn_cz_reinforced_solo_01 1294.69 665.76 38.67 184.66
scriptobject GameObject spawn_cz_reinforced_solo_01 1410.98 782.73 36.49 190.72
scriptobject GameObject spawn_cz_reinforced_solo_01 1347.56 737.14 29.88 21.16
scriptobject GameObject spawn_cz_reinforced_solo_01 1242.70 831.91 41.53 241.94
scriptobject GameObject spawn_cz_reinforced_solo_01 1361.47 878.22 27.35 191.98
scriptobject GameObject spawn_cz_reinforced_solo_01 1240.62 633.24 64.87 276.53
scriptobject GameObject spawn_cz_reinforced_solo_01 1238.63 646.97 64.98 59.61
scriptobject GameObject spawn_players_cz 906.67 1095.89 21.22 136.21
scriptobject GameObject spawn_players_cz 899.93 1089.01 21.61 126.52
scriptobject GameObject spawn_players_cz 908.44 1085.92 21.81 131.40
scriptobject GameObject spawn_players_cz 902.61 1081.28 22.48 121.64
scriptobject GameObject spawn_players_cz 915.78 1086.58 21.65 135.88
scriptobject GameObject spawn_players_cz 912.23 1078.10 22.77 127.77
