scriptobject GameObject spawn_players_sr 491.91 531.82 15.33 146.47
scriptobject GameObject spawn_sr_standard_group_01 443.47 508.53 13.83 21.34
scriptobject GameObject spawn_sr_mix_group_01 554.27 497.28 13.60 144.34
scriptobject GameObject spawn_sr_agile_group_01 560.32 554.51 13.69 201.69
scriptobject GameObject spawn_sr_mix_group_01 496.72 594.59 13.80 270.99
scriptobject GameObject spawn_sr_reinforced_group_01 442.57 559.65 13.01 330.05
scriptobject GameObject spawn_sr_mix_group_01 483.09 466.57 13.20 72.14
scriptobject GameObject spawn_sr_mix_solo_01 493.89 501.33 13.83 85.03
scriptobject GameObject spawn_sr_mix_solo_01 511.18 500.84 13.82 105.05
scriptobject GameObject spawn_sr_mix_solo_01 529.52 512.37 13.04 147.39
scriptobject GameObject spawn_sr_mix_solo_01 528.32 538.02 13.39 184.02
scriptobject GameObject spawn_sr_mix_solo_01 526.55 545.24 13.77 201.67
scriptobject GameObject spawn_sr_mix_solo_01 498.77 558.43 13.37 272.09
scriptobject GameObject spawn_sr_mix_solo_01 504.87 558.69 13.38 262.97
scriptobject GameObject spawn_sr_mix_solo_01 512.45 558.06 14.64 251.15
scriptobject GameObject spawn_sr_mix_solo_01 486.99 557.09 13.47 294.08
scriptobject GameObject spawn_sr_mix_solo_01 476.32 548.13 12.43 324.12
scriptobject GameObject spawn_sr_mix_solo_01 474.01 541.86 12.76 344.47
scriptobject GameObject spawn_sr_mix_solo_01 472.97 535.69 13.10 355.98
scriptobject GameObject spawn_sr_mix_solo_01 477.21 513.63 14.13 35.97
scriptobject GameObject spawn_sr_mix_solo_01 474.24 518.70 14.27 21.80
scriptobject GameObject spawn_sr_mix_solo_01 504.47 503.38 14.29 93.96
scriptobject GameObject spawn_sr_mix_solo_01 498.67 550.13 14.74 250.80
scriptobject GameObject spawn_sr_mix_solo_01 505.83 547.39 14.91 246.86
scriptobject GameObject spawn_sr_mix_solo_01 519.64 535.10 14.80 175.10
scriptobject GameObject spawn_sr_mix_solo_01 506.60 511.15 14.62 94.37
scriptobject GameObject spawn_sr_mix_solo_01 497.26 510.28 14.64 76.97
scriptobject GameObject spawn_sr_mix_solo_01 482.02 518.77 14.80 23.69
scriptobject GameObject spawn_sr_mix_solo_01 480.64 523.93 14.79 8.04
scriptobject GameObject spawn_sr_mix_solo_01 482.08 538.70 14.42 317.46
scriptobject GameObject spawn_sr_mix_solo_01 498.52 546.93 14.90 259.50
scriptobject GameObject spawn_sr_mix_solo_01 506.00 545.22 14.94 253.59
scriptobject GameObject spawn_players_sr 508.36 531.56 15.32 28.94
scriptobject GameObject spawn_players_sr 508.56 525.34 15.32 328.95
scriptobject GameObject spawn_players_sr 500.88 521.95 15.31 267.63
scriptobject GameObject spawn_players_sr 492.85 526.03 15.33 209.05
scriptobject GameObject spawn_players_sr 500.48 534.74 15.33 89.93
scriptobject GameObject spawn_sr_ground_vehicles_01 460.90 508.04 14.12 31.40
scriptobject GameObject spawn_sr_ground_vehicles_01 474.42 555.86 13.84 344.88
scriptobject GameObject spawn_sr_ground_vehicles_01 505.67 575.77 13.50 155.37
scriptobject GameObject spawn_sr_ground_vehicles_01 543.98 553.58 13.36 135.99
scriptobject GameObject spawn_sr_ground_vehicles_01 542.28 514.11 13.13 263.28
scriptobject GameObject spawn_sr_ground_vehicles_01 507.25 481.73 14.50 99.80
scriptobject GameObject spawn_sr_air_vehicles_01 415.13 494.83 25.58 72.44
scriptobject GameObject spawn_sr_air_vehicles_01 416.99 567.20 22.30 -45.68
scriptobject GameObject spawn_sr_air_vehicles_01 495.74 608.25 28.04 12.77
scriptobject GameObject spawn_sr_air_vehicles_01 574.62 572.58 26.33 -138.85
scriptobject GameObject spawn_sr_air_vehicles_01 572.87 486.36 28.72 -259.96
scriptobject GameObject spawn_sr_air_vehicles_01 509.63 459.45 31.34 -242.64
scriptobject GameObject spawn_sr_air_vehicles_01 466.77 510.12 22.43 -258.02
scriptobject GameObject spawn_sr_air_vehicles_01 462.30 552.05 21.91 -415.00
scriptobject GameObject spawn_sr_air_vehicles_01 503.01 566.53 20.33 -450.15
scriptobject GameObject spawn_sr_air_vehicles_01 532.37 543.40 20.97 -545.87
scriptobject GameObject spawn_sr_air_vehicles_01 531.25 514.96 18.65 -563.01
scriptobject GameObject spawn_sr_air_vehicles_01 496.10 496.89 22.01 -694.23
