pse_relativeobject ext_sandbags_b -7.3729 80.0976 -0.2300 1 1 1 0 0 -3140
pse_relativeobject ext_sandbags_a 18.3897 31.3269 -0.2300 1 1 1 0 0 -4960
pse_relativeobject ext_sandbags_b -66.5353 -72.5219 -0.2300 1 1 1 0 0 2366
pse_relativeobject ext_sandbags_b -48.2399 96.9107 13.1283 1 1 1 0 0 6075
pse_relativeobject ext_sandbags_b -13.1080 86.5718 -0.2300 1 1 1 0 0 -5188
pse_relativeobject ext_sandbags_b -38.8855 -16.0272 10.1820 1 1 1 154 134 -5957
pse_relativeobject ext_sandbags_b 89.8750 -62.8105 13.0992 1 1 1 0 0 1820
pse_relativeobject ext_barrier_heavy 95.3157 -56.4427 -0.2300 1 1 1 0 0 -4096
pse_relativeobject ext_barrier_heavy 95.3157 -68.8078 -0.2300 1 1 1 0 0 -4096
pse_relativeobject ext_sandbags_a 15.9992 -59.2998 15.3372 1 1 1 0 0 -1024
pse_relativeobject ext_sandbags_a 6.0746 -101.8420 8.1006 1 1 1 0 0 3049
pse_relativeobject ext_barrier_heavy -59.7454 -48.1408 -0.2300 1 1 1 0 0 0
pse_relativeobject ext_barrier_heavy -45.8787 -48.1207 -0.2300 1 1 1 0 0 0
pse_relativeobject ext_sandbags_a 72.0630 -91.5097 -0.2300 1 1 1 0 0 -7941
pse_relativeobject ext_sandbags_b 73.0784 25.6499 -0.2300 1 1 1 0 0 -4004
pse_relativeobject ext_sandbags_b -80.3389 49.5984 7.9872 1 1 1 0 0 6098
pse_relativeobject ext_sandbags_a -77.3315 -33.3818 7.9875 1 1 1 0 0 -1160
pse_relativeobject ext_sandbags_a -37.6706 -109.1620 -0.2300 1 1 1 0 0 819
pse_relativeobject ext_sandbags_b -49.4965 -108.7290 -0.2300 1 1 1 0 0 -3367
pse_relativeobject ext_sandbags_a 34.8697 -61.7269 -0.2300 1 1 1 0 0 2116
pse_relativeobject ext_sandbags_a 87.6136 7.4164 7.9935 1 1 1 0 0 7259
pse_relativeobject ext_sandbags_a 65.2309 -34.3575 9.1335 1 1 1 411 195 2950
pse_relativeobject ext_sandbags_a -72.2443 86.3566 -0.2300 1 1 1 0 0 1137
pse_relativeobject ext_sandbags_a -71.8517 25.3501 -0.2300 1 1 1 0 0 5211
pse_relativeobject ext_sandbags_b 25.8114 -90.8268 -0.2300 1 1 1 0 0 2093
