pse_relativeobject ext_sandbags_b -7.5609 80.5366 -0.2300 1 1 1 0 0 -3140
pse_relativeobject ext_sandbags_a 18.3897 31.3269 -0.2300 1 1 1 0 0 -4960
pse_relativeobject ext_sandbags_b -65.8320 -73.5191 -0.2300 1 1 1 0 0 2980
pse_relativeobject ext_sandbags_b -12.3270 85.5646 -0.2300 1 1 1 0 0 -5188
pse_relativeobject ext_sandbags_b -38.8855 -16.0272 10.1820 1 1 1 154 134 -5957
pse_relativeobject ext_sandbags_b 89.8750 -62.8105 13.0992 1 1 1 0 0 1820
pse_relativeobject ext_barrier_heavy 86.5875 -62.5762 -0.2300 1 1 1 0 0 -4096
pse_relativeobject ext_sandbags_a 15.9992 -59.2998 15.3372 1 1 1 0 0 -1024
pse_relativeobject ext_sandbags_a 6.0746 -101.4420 8.1006 1 1 1 0 0 3049
pse_relativeobject ext_sandbags_a 72.0630 -91.5097 -0.2300 1 1 1 0 0 8032
pse_relativeobject ext_sandbags_b -80.3389 49.5984 7.9872 1 1 1 0 0 6098
pse_relativeobject ext_sandbags_a -77.3315 -33.3818 7.9875 1 1 1 0 0 -1160
pse_relativeobject ext_sandbags_a 23.7811 25.7846 -0.2300 1 1 1 0 0 -1024
pse_relativeobject ext_sandbags_a 87.6136 7.4164 7.9935 1 1 1 0 0 7259
pse_relativeobject ext_sandbags_a 65.2309 -34.3575 9.1335 1 1 1 411 195 2950
pse_relativeobject ext_sandbags_b 48.0197 -56.6648 -0.2300 1 1 1 0 0 1206
pse_relativeobject ext_sandbags_b 39.9607 -59.2234 -0.2300 1 1 1 0 0 -3618
pse_relativeobject ext_barrier_medium -43.7900 -111.3400 -0.2450 1 1 1 0 0 0
pse_relativeobject ext_sandbags_b 76.3861 24.4576 -0.2250 1 1 1 0 0 2139
pse_relativeobject ext_sandbags_b 72.1811 28.5750 -0.2250 1 1 1 0 0 6235
pse_relativeobject ext_sandbags_b 68.1161 24.2026 -0.2250 1 1 1 0 0 -6075
pse_relativeobject ext_sandbags_b 72.5783 20.1059 -0.2250 1 1 1 0 0 -1865
pse_relativeobject ext_sandbags_b -16.8376 -74.8776 -0.2250 1 1 1 0 0 2980
pse_relativeobject ext_sandbags_b -22.2740 -72.4100 -0.2250 1 1 1 0 0 7054
pse_relativeobject ext_sandbags_b -24.7430 -77.9415 -0.2250 1 1 1 0 0 -5120
pse_relativeobject ext_sandbags_b -19.4079 -80.1717 -0.2250 1 1 1 0 0 -1115
pse_relativeobject ext_sandbags_a 8.8568 32.7669 7.9836 1 1 1 0 0 7190
pse_relativeobject ext_sandbags_a -72.4562 25.8532 -0.2300 1 1 1 0 0 5028
pse_relativeobject ext_sandbags_a -56.3778 98.0288 13.0970 1 1 1 0 0 7668
pse_relativeobject ext_sandbags_a -38.5494 98.0740 13.0970 1 1 1 0 0 6621
pse_relativeobject ext_sandbags_a -56.5357 90.0505 13.0970 1 1 1 0 0 -1570
pse_relativeobject ext_sandbags_a -38.7074 90.0110 13.0970 1 1 1 0 0 -523
pse_relativeobject ext_sandbags_b 26.3672 -91.1597 -0.2300 1 1 1 0 0 1979
pse_relativeobject ext_sandbags_a 79.6652 -23.5572 -0.2300 1 1 1 0 0 -2730
pse_relativeobject ext_sandbags_a -81.0322 -78.0846 7.9958 1 1 1 0 0 -1092
pse_relativeobject ext_sandbags_a -30.6000 -96.9375 8.1034 1 1 1 0 0 3276
pse_relativeobject ext_sandbags_b -71.1069 85.5507 -0.2300 1 1 1 0 0 0
