pse_relativeobject pad_landing 9.3790 -64.5255 15.4468 1 1 1 0 0 0
pse_relativeobject pad_landing 25.5339 -81.3724 8.2076 1 1 1 0 0 8192
pse_relativeobject pad_landing -61.2961 -24.3387 8.1948 1 1 1 0 0 4096
pse_relativeobject pad_landing -41.0199 -8.1673 10.5501 1 1 1 0 0 -4096
pse_relativeobject pad_landing 68.2796 -25.8975 8.2076 1 1 1 0 0 -4096
pse_relativeobject pad_landing 61.9867 -42.1455 10.6515 1 1 1 0 0 4096
#pse_relativeobject ext_sandbags_b -7.5609 80.5366 -0.2300 1 1 1 0 0 -3140
pse_relativeobject ext_sandbags_a 18.3897 31.3269 -0.2300 1 1 1 0 0 -4960
pse_relativeobject ext_sandbags_b -65.0391 -75.1111 -0.2300 1 1 1 0 0 1479
#pse_relativeobject ext_sandbags_b -12.3270 85.5646 -0.2300 1 1 1 0 0 -5188
pse_relativeobject ext_sandbags_b -38.8855 -15.0555 10.1820 1 1 1 154 134 -5957
pse_relativeobject ext_sandbags_b 90.0825 -62.8062 13.0992 1 1 1 0 0 1820
pse_relativeobject ext_sandbags_a 15.9992 -59.2998 15.3372 1 1 1 0 0 -1024
pse_relativeobject ext_sandbags_a -5.8401 -101.4420 8.1006 1 1 1 0 0 -5165
pse_relativeobject ext_sandbags_b -78.3287 40.5402 7.9872 1 1 1 0 0 -1934
pse_relativeobject ext_sandbags_a -80.8162 79.0201 7.9875 1 1 1 0 0 7236
pse_relativeobject ext_sandbags_a 88.3371 8.5153 7.9935 1 1 1 0 0 -978
pse_relativeobject ext_sandbags_a 65.2309 -35.5122 9.1335 1 1 1 411 195 2950
pse_relativeobject ext_sandbags_b 44.7812 -55.4275 -0.2300 1 1 1 0 0 932
pse_relativeobject ext_barrier_medium -43.7900 -111.3400 -0.2450 1 1 1 0 0 0
pse_relativeobject ext_sandbags_b 62.9821 19.0445 -0.2300 1 1 1 0 0 5529
pse_relativeobject ext_sandbags_b 57.8908 16.0928 -0.2300 1 1 1 0 0 -6758
pse_relativeobject ext_sandbags_b 61.0179 11.0071 -0.2300 1 1 1 0 0 -2685
pse_relativeobject ext_sandbags_b 66.1580 14.2122 -0.2300 1 1 1 0 0 1524
pse_relativeobject ext_sandbags_b -37.1604 -65.8498 -0.2300 1 1 1 0 0 2457
pse_relativeobject ext_sandbags_b -41.9958 -62.3479 -0.2300 1 1 1 0 0 6530
pse_relativeobject ext_sandbags_b -45.5180 -67.2761 -0.2300 1 1 1 0 0 -5643
pse_relativeobject ext_sandbags_b -40.7347 -70.5252 -0.2300 1 1 1 0 0 -1638
pse_relativeobject ext_sandbags_a 8.8568 32.7669 7.9836 1 1 1 0 0 7190
pse_relativeobject ext_sandbags_a -72.8764 25.8532 -0.2300 1 1 1 0 0 5028
pse_relativeobject ext_sandbags_a -56.3778 98.0288 13.0970 1 1 1 0 0 7668
pse_relativeobject ext_sandbags_a -38.5494 98.0740 13.0970 1 1 1 0 0 6621
pse_relativeobject ext_sandbags_b 25.0740 -92.1476 -0.2300 1 1 1 0 0 1979
pse_relativeobject ext_sandbags_a 80.9103 -18.3653 -0.2300 1 1 1 0 0 -2730
pse_relativeobject ext_sandbags_a -77.8399 -70.0590 7.9958 1 1 1 0 0 -1092
pse_relativeobject ext_sandbags_a -50.5787 -96.9375 8.1034 1 1 1 0 0 3276
pse_relativeobject ext_sandbags_b -71.1069 85.5507 -0.2300 1 1 1 0 0 0
pse_relativeobject ext_sandbags_b -80.1186 -23.4608 7.9872 1 1 1 0 0 6098
pse_relativeobject ext_sandbags_b -19.6639 23.4005 -0.2300 1 1 1 0 0 -5529
pse_relativeobject ext_sandbags_b -14.3473 24.7321 -0.2300 1 1 1 0 0 2776
pse_relativeobject ext_sandbags_a -16.2156 21.1267 -0.2300 1 1 1 0 0 -386
pse_relativeobject ext_sandbags_a -17.7979 27.3151 -0.2300 1 1 1 0 0 7918
pse_relativeobject ext_sandbags_a 41.1478 -96.9469 8.1006 1 1 1 0 0 3322
pse_relativeobject ext_sandbags_a 15.4396 -93.2452 8.1006 1 1 1 0 0 7076
pse_relativeobject ext_sandbags_a 68.5896 37.6731 7.9935 1 1 1 0 0 3026
pse_relativeobject ext_sandbags_a 27.2671 40.4651 7.9935 1 1 1 0 0 -5028
pse_relativeobject ext_sandbags_b 1.3225 66.4562 7.9872 1 1 1 0 0 -2093
pse_relativeobject ext_barrier_heavy -47.4391 94.2178 0.0000 1 1 1 0 0 0
pse_relativeobject ext_sandbags_b 83.4542 -62.6336 13.0990 1 1 1 0 0 -5825
pse_relativeobject ext_sandbags_a 44.6833 -21.5880 10.3086 1 1 1 0 0 5097
pse_relativeobject ext_sandbags_a 44.6833 -43.0427 10.3086 1 1 1 0 0 1183
pse_relativeobject BFR_building -12.0112 81.3742 0.0000 1 1 1 0 0 -2047
