#pse_relativeobject ext_sandbags_b -7.3729 80.0976 -0.2300 1 1 1 0 0 -3140
pse_relativeobject ext_sandbags_a 18.3897 31.3269 -0.2300 1 1 1 0 0 -4960
pse_relativeobject ext_sandbags_b -65.8320 -73.5191 -0.2300 1 1 1 0 0 2980
pse_relativeobject ext_sandbags_b -48.2399 96.9107 13.1283 1 1 1 0 0 6075
#pse_relativeobject ext_sandbags_b -13.1080 86.5710 -0.2300 1 1 1 0 0 -5188
pse_relativeobject ext_sandbags_b -38.8855 -16.0272 10.1820 1 1 1 154 134 -5957
pse_relativeobject ext_sandbags_b 89.8750 -62.8105 13.0992 1 1 1 0 0 1820
pse_relativeobject ext_barrier_heavy 86.9239 -63.1309 -0.2300 1 1 1 0 0 -4096
pse_relativeobject ext_sandbags_a 15.9992 -59.2998 15.3372 1 1 1 0 0 -1024
pse_relativeobject ext_sandbags_a 6.0746 -101.4420 8.1006 1 1 1 0 0 3049
pse_relativeobject ext_sandbags_a 72.0630 -91.5097 -0.2300 1 1 1 0 0 8032
pse_relativeobject ext_sandbags_b 73.0784 25.6499 -0.2300 1 1 1 0 0 -4004
pse_relativeobject ext_sandbags_b -80.3389 49.5984 7.9872 1 1 1 0 0 6098
pse_relativeobject ext_sandbags_a -77.3315 -33.3818 7.9875 1 1 1 0 0 -1160
pse_relativeobject ext_sandbags_a 23.7811 25.7846 -0.2300 1 1 1 0 0 -1024
pse_relativeobject ext_sandbags_a 87.6136 7.4164 7.9935 1 1 1 0 0 7259
pse_relativeobject ext_sandbags_a 65.2309 -34.3575 9.1335 1 1 1 411 195 2950
pse_relativeobject ext_sandbags_b 48.0197 -56.6648 -0.2300 1 1 1 0 0 1206
pse_relativeobject ext_sandbags_b 39.9607 -59.2234 -0.2300 1 1 1 0 0 -3618
pse_relativeobject ext_sandbags_b -17.1329 26.3390 -0.2300 1 1 1 0 0 -955
pse_relativeobject ext_sandbags_b -14.8906 31.7801 -0.2300 1 1 1 0 0 3140
pse_relativeobject ext_sandbags_b -20.4675 33.9112 -0.2300 1 1 1 0 0 7213
pse_relativeobject ext_sandbags_b -22.5942 28.2393 -0.2300 1 1 1 0 0 -4960
pse_relativeobject ext_sandbags_b -42.8951 -69.1690 -0.2300 1 1 1 0 0 4596
pse_relativeobject ext_sandbags_b -48.7539 -70.3171 -0.2300 1 1 1 0 0 -7714
pse_relativeobject ext_sandbags_b -47.5518 -76.2541 -0.2300 1 1 1 0 0 -3504
pse_relativeobject ext_sandbags_b -41.9134 -74.9717 -0.2300 1 1 1 0 0 500
pse_relativeobject ext_sandbags_b 11.0744 56.5888 -0.2300 1 1 1 0 0 6599
pse_relativeobject ext_sandbags_b 19.3487 47.3772 -0.2300 1 1 1 0 0 1706
pse_relativeobject ext_sandbags_a 16.9767 54.0218 -0.2300 1 1 1 0 0 4619
pse_relativeobject ext_sandbags_a 8.8568 32.7669 7.9836 1 1 1 0 0 7190
pse_relativeobject BFR_building -12.0112 81.3742 0.0000 1 1 1 0 0 -2047
