#pse_relativeobject ext_sandbags_b -7.5609 80.5366 -0.2300 1 1 1 0 0 -3140
pse_relativeobject ext_sandbags_a 18.3897 31.3269 -0.2300 1 1 1 0 0 -4960
pse_relativeobject ext_sandbags_b -66.5333 -72.6095 -0.2300 1 1 1 0 0 2343
#pse_relativeobject ext_sandbags_b -12.3270 85.5646 -0.2300 1 1 1 0 0 -5188
pse_relativeobject ext_sandbags_b -38.8855 -16.0272 10.1820 1 1 1 154 134 -5957
pse_relativeobject ext_sandbags_b 89.8750 -62.8105 13.0992 1 1 1 0 0 1820
pse_relativeobject ext_barrier_heavy 86.5875 -62.5762 -0.2300 1 1 1 0 0 -4096
pse_relativeobject ext_sandbags_a 15.9992 -59.2998 15.3372 1 1 1 0 0 -1024
pse_relativeobject ext_sandbags_a 6.0746 -101.4420 8.1006 1 1 1 0 0 3049
pse_relativeobject ext_sandbags_a 72.0630 -91.5097 -0.2300 1 1 1 0 0 8032
pse_relativeobject ext_sandbags_b -80.4221 74.2162 7.9872 1 1 1 0 0 6098
pse_relativeobject ext_sandbags_a -77.3315 36.8716 7.9875 1 1 1 0 0 -1160
pse_relativeobject ext_sandbags_a 88.4234 1.1261 7.9935 1 1 1 0 0 7259
pse_relativeobject ext_sandbags_a 65.2309 -34.3575 9.1335 1 1 1 411 195 2950
pse_relativeobject ext_sandbags_b 48.0197 -56.6648 -0.2300 1 1 1 0 0 1206
pse_relativeobject ext_sandbags_b 39.9607 -59.2234 -0.2300 1 1 1 0 0 -3618
pse_relativeobject ext_barrier_medium -43.7900 -111.3400 -0.2450 1 1 1 0 0 0
pse_relativeobject ext_sandbags_b 61.9519 15.9235 -0.2300 1 1 1 0 0 3777
pse_relativeobject ext_sandbags_b 56.1299 16.7829 -0.2300 1 1 1 0 0 7873
pse_relativeobject ext_sandbags_b 55.4113 10.8561 -0.2300 1 1 1 0 0 -4437
pse_relativeobject ext_sandbags_b 61.4292 10.1647 -0.2300 1 1 1 0 0 -227
pse_relativeobject ext_sandbags_b -39.9842 -73.7203 -0.2300 1 1 1 0 0 3800
pse_relativeobject ext_sandbags_b -45.9170 -73.0535 -0.2300 1 1 1 0 0 7873
pse_relativeobject ext_sandbags_b -46.5559 -79.0772 -0.2300 1 1 1 0 0 -4300
pse_relativeobject ext_sandbags_b -40.7928 -79.5496 -0.2300 1 1 1 0 0 -295
pse_relativeobject ext_sandbags_a 8.8568 32.7669 7.9836 1 1 1 0 0 7190
pse_relativeobject ext_sandbags_a -72.4562 25.8532 -0.2300 1 1 1 0 0 5028
pse_relativeobject ext_sandbags_a -56.3778 98.0288 13.0970 1 1 1 0 0 7668
pse_relativeobject ext_sandbags_a -38.5494 98.0740 13.0970 1 1 1 0 0 6621
pse_relativeobject ext_sandbags_a -56.5357 90.0505 13.0970 1 1 1 0 0 -1570
pse_relativeobject ext_sandbags_a -38.7074 90.0110 13.0970 1 1 1 0 0 -523
pse_relativeobject ext_sandbags_b 25.0740 -91.5302 -0.2300 1 1 1 0 0 1979
pse_relativeobject ext_sandbags_a 79.6652 -23.5572 -0.2300 1 1 1 0 0 -2730
pse_relativeobject ext_sandbags_a -81.0322 -78.0846 7.9958 1 1 1 0 0 -1092
pse_relativeobject ext_sandbags_a -30.6000 -96.9375 8.1034 1 1 1 0 0 3276
pse_relativeobject ext_sandbags_b -71.1069 85.5507 -0.2300 1 1 1 0 0 0
pse_relativeobject ext_barrier_heavy -38.0825 51.8254 -0.2300 1 1 1 0 0 -2048
pse_relativeobject ext_barrier_heavy -57.5249 51.8254 -0.2300 1 1 1 0 0 2048
pse_relativeobject ext_sandbags_b -80.1186 -31.8365 7.9872 1 1 1 0 0 6098
pse_relativeobject ext_sandbags_b -22.1724 35.3861 -0.2300 1 1 1 0 0 -5438
pse_relativeobject ext_sandbags_b -16.1996 36.9587 -0.2300 1 1 1 0 0 2776
pse_relativeobject ext_sandbags_a -17.7977 33.6060 -0.2300 1 1 1 0 0 -386
pse_relativeobject ext_sandbags_a -19.2906 39.2059 -0.2300 1 1 1 0 0 7918
pse_relativeobject ext_sandbags_a 36.8894 -96.9469 8.1006 1 1 1 0 0 -4869
pse_relativeobject ext_sandbags_a 15.4396 -93.2452 8.1006 1 1 1 0 0 7076
pse_relativeobject ext_sandbags_a 68.5896 40.5715 7.9935 1 1 1 0 0 -5165
pse_relativeobject ext_sandbags_a 31.8212 37.1636 7.9935 1 1 1 0 0 3185
pse_relativeobject ext_sandbags_b -0.3539 62.9424 7.9872 1 1 1 0 0 6098
pse_relativeobject BFR_building -12.0112 81.3742 0.0000 1 1 1 0 0 -2047
