pse_relativeobject wg_arm_piece7 -199.7140 -115.3050 31.5310 1 1 1 0 0 5461
pse_relativeobject wg_arm_piece6 0.0000 210.9250 30.3693 1 1 1 0 0 0
pse_relativeobject wg_arm_piece1 -0.0035 82.9670 3.7203 1 1 1 0 0 0
pse_relativeobject wg_arm_piece4 0.0000 142.8820 3.5799 1 1 1 0 0 0
pse_relativeobject wg_arm_piece5 0.0000 195.5470 3.1210 1 1 1 0 0 0
pse_relativeobject wg_arm_piece7 0.0000 230.6100 31.5310 1 1 1 0 0 0
pse_relativeobject wg_arm_piece2 -0.0017 99.8562 3.7221 1 1 1 0 0 0
pse_relativeobject wg_arm_piece3 0.0000 121.0610 2.8733 1 1 1 0 0 0
pse_relativeobject wg_arm_piece6 -182.6670 -105.4630 30.3693 1 1 1 0 0 5461
pse_relativeobject wg_arm_piece1 -71.8497 -41.4865 3.7203 1 1 1 0 0 5461
pse_relativeobject wg_arm_piece4 -123.7400 -71.4413 3.5799 1 1 1 0 0 5461
pse_relativeobject wg_arm_piece5 -169.3480 -97.7734 3.1210 1 1 1 0 0 5461
pse_relativeobject wg_arm_piece4 123.7400 -71.4412 3.5799 1 1 1 0 0 -5461
pse_relativeobject wg_arm_piece2 -86.4771 -49.9296 3.7221 1 1 1 0 0 5461
pse_relativeobject wg_arm_piece3 -104.8420 -60.5305 2.8733 1 1 1 0 0 5461
pse_relativeobject wg_arm_piece6 182.6670 -105.4630 30.3693 1 1 1 0 0 -5461
pse_relativeobject wg_arm_piece1 71.8533 -41.4804 3.7203 1 1 1 0 0 -5461
pse_relativeobject wg_arm_piece5 169.3480 -97.7733 3.1210 1 1 1 0 0 -5461
pse_relativeobject wg_arm_piece7 199.7140 -115.3050 31.5310 1 1 1 0 0 -5461
pse_relativeobject wg_arm_piece2 86.4789 -49.9266 3.7221 1 1 1 0 0 -5461
pse_relativeobject wg_arm_piece3 104.8420 -60.5305 2.8733 1 1 1 0 0 -5461
